Ago 17, 2015 12:38:42 PM org.iadb.seppir.monitor.OlapCurrentService getRows
INFORMAÇÕES: select nome,cod_mes_atual,ano_atual from tbl_config_cubos where nome='PBQ Dados Integrados';
Ago 17, 2015 12:38:42 PM org.iadb.seppir.monitor.OlapCurrentService getRows
INFORMAÇÕES: select nome,cod_mes_atual,ano_atual from tbl_config_cubos where nome='PBQ Dados Integrados';
Ago 17, 2015 12:38:42 PM org.iadb.seppir.monitor.OlapCurrentService getRows
INFORMAÇÕES: select nome,cod_mes_atual,ano_atual from tbl_config_cubos where nome='PBQ Dados Integrados';
Ago 17, 2015 12:38:42 PM org.iadb.seppir.monitor.OlapCurrentService getRows
INFORMAÇÕES: select nome,cod_mes_atual,ano_atual from tbl_config_cubos where nome='PBQ Dados Integrados';
Ago 17, 2015 12:38:42 PM org.iadb.seppir.monitor.OlapCurrentService getRows
INFORMAÇÕES: select nome,cod_mes_atual,ano_atual from tbl_config_cubos where nome='PBQ Dados Integrados';
Ago 17, 2015 12:38:43 PM org.iadb.seppir.monitor.OlapCurrentService getRows
INFORMAÇÕES: select id_comunidade,nome_comunidade,nome_territorio,(case status_incra_territorio when 1 then '3 - Decreto' when 2 then '2 - Portaria' when 3 then '2 - Portaria' when 4 then '1 - RTID' when 5 then '4 - Titulada' else '0 - Certificada' end) as nome_status,(select sigla_uf from tbl_ibge_municipios as m left join tbl_ibge_ufs as u on m.cod_uf = u.cod_uf where cod_7 = cod_7_ibge_municipio) as uf from tbl_seppir_quilombola_comunidade as c left join tbl_seppir_quilombola_territorio as t on c.id_territorio=t.id_territorio;
Ago 17, 2015 12:38:48 PM org.iadb.seppir.monitor.OlapCurrentService getRows
INFORMAÇÕES: select nome,cod_mes_atual,ano_atual from tbl_config_cubos where nome='PBQ CadUnico (Familias Quilombolas)';
Ago 17, 2015 12:38:48 PM org.iadb.seppir.monitor.OlapCurrentService getRows
INFORMAÇÕES: select nome,cod_mes_atual,ano_atual from tbl_config_cubos where nome='PBQ CadUnico (Familias Quilombolas)';
Ago 17, 2015 12:38:48 PM org.iadb.seppir.monitor.OlapCurrentService getRows
INFORMAÇÕES: select nome,cod_mes_atual,ano_atual from tbl_config_cubos where nome='PBQ CadUnico (Familias Quilombolas)';
Ago 17, 2015 12:38:48 PM org.iadb.seppir.monitor.OlapCurrentService getRows
INFORMAÇÕES: select nome,cod_mes_atual,ano_atual from tbl_config_cubos where nome='PBQ CadUnico (Familias Quilombolas)';
Ago 17, 2015 12:38:48 PM org.iadb.seppir.monitor.OlapCurrentService getRows
INFORMAÇÕES: select nome,cod_mes_atual,ano_atual from tbl_config_cubos where nome='PBQ CadUnico (Familias Quilombolas)';
Ago 17, 2015 12:38:48 PM org.iadb.seppir.monitor.OlapCurrentService getRows
INFORMAÇÕES: select nome,cod_mes_atual,ano_atual from tbl_config_cubos where nome='PBQ CadUnico (Familias Quilombolas)';
Ago 17, 2015 12:38:48 PM org.iadb.seppir.monitor.OlapCurrentService getRows
INFORMAÇÕES: select nome,cod_mes_atual,ano_atual from tbl_config_cubos where nome='PBQ Servicos (Paineis)';
Ago 17, 2015 12:38:48 PM org.iadb.seppir.monitor.OlapCurrentService getRows
INFORMAÇÕES: select nome,cod_mes_atual,ano_atual from tbl_config_cubos where nome='PBQ Servicos (Paineis)';
Ago 17, 2015 12:38:48 PM org.iadb.seppir.monitor.OlapCurrentService getRows
INFORMAÇÕES: select nome,cod_mes_atual,ano_atual from tbl_config_cubos where nome='PBQ Servicos (Paineis)';
Ago 17, 2015 12:40:07 PM org.iadb.seppir.monitor.OlapCurrentService getRows
INFORMAÇÕES: select nome,cod_mes_atual,ano_atual from tbl_config_cubos where nome='PBQ CadUnico (Familias Quilombolas)';
Ago 17, 2015 12:40:07 PM org.iadb.seppir.monitor.OlapCurrentService getRows
INFORMAÇÕES: select nome,cod_mes_atual,ano_atual from tbl_config_cubos where nome='PBQ CadUnico (Familias Quilombolas)';
Ago 17, 2015 12:40:07 PM org.iadb.seppir.monitor.OlapCurrentService getRows
INFORMAÇÕES: select nome,cod_mes_atual,ano_atual from tbl_config_cubos where nome='PBQ CadUnico (Familias Quilombolas)';
Ago 17, 2015 12:40:07 PM org.iadb.seppir.monitor.OlapCurrentService getRows
INFORMAÇÕES: select nome,cod_mes_atual,ano_atual from tbl_config_cubos where nome='PBQ CadUnico (Pessoas Quilombolas)';
Ago 17, 2015 12:40:07 PM org.iadb.seppir.monitor.OlapCurrentService getRows
INFORMAÇÕES: select nome,cod_mes_atual,ano_atual from tbl_config_cubos where nome='PBQ Servicos (Paineis)';
Ago 17, 2015 12:40:07 PM org.iadb.seppir.monitor.OlapCurrentService getRows
INFORMAÇÕES: select nome,cod_mes_atual,ano_atual from tbl_config_cubos where nome='PBQ Servicos (Paineis)';
Ago 17, 2015 12:40:07 PM org.iadb.seppir.monitor.OlapCurrentService getRows
INFORMAÇÕES: select nome,cod_mes_atual,ano_atual from tbl_config_cubos where nome='PBQ Servicos (Paineis)';
Ago 17, 2015 12:40:07 PM org.iadb.seppir.monitor.OlapCurrentService getRows
INFORMAÇÕES: select nome,cod_mes_atual,ano_atual from tbl_config_cubos where nome='PBQ Servicos (Paineis)';
Ago 17, 2015 12:40:07 PM org.iadb.seppir.monitor.OlapCurrentService getRows
INFORMAÇÕES: select nome,cod_mes_atual,ano_atual from tbl_config_cubos where nome='PBQ Servicos (Paineis)';
Ago 17, 2015 12:40:07 PM org.iadb.seppir.monitor.OlapCurrentService getRows
INFORMAÇÕES: select nome,cod_mes_atual,ano_atual from tbl_config_cubos where nome='PBQ Servicos (Paineis)';
Ago 17, 2015 12:40:12 PM org.iadb.seppir.monitor.OlapCurrentService getRows
INFORMAÇÕES: select nome,cod_mes_atual,ano_atual from tbl_config_cubos where nome='PBQ CadUnico (Pessoas Quilombolas)';
Ago 17, 2015 12:40:12 PM org.iadb.seppir.monitor.OlapCurrentService getRows
INFORMAÇÕES: select nome,cod_mes_atual,ano_atual from tbl_config_cubos where nome='PBQ Censo Escolar (Escolas Quilombolas)';
Ago 17, 2015 12:40:12 PM org.iadb.seppir.monitor.OlapCurrentService getRows
INFORMAÇÕES: select nome,cod_mes_atual,ano_atual from tbl_config_cubos where nome='PBQ Censo Escolar (Escolas Quilombolas)';
Ago 17, 2015 12:40:12 PM org.iadb.seppir.monitor.OlapCurrentService getRows
INFORMAÇÕES: select nome,cod_mes_atual,ano_atual from tbl_config_cubos where nome='PBQ Censo Escolar (Escolas Quilombolas)';
Ago 17, 2015 12:40:12 PM org.iadb.seppir.monitor.OlapCurrentService getRows
INFORMAÇÕES: select nome,cod_mes_atual,ano_atual from tbl_config_cubos where nome='PBQ Censo Escolar (Escolas Quilombolas)';
Ago 17, 2015 12:40:12 PM org.iadb.seppir.monitor.OlapCurrentService getRows
INFORMAÇÕES: select nome,cod_mes_atual,ano_atual from tbl_config_cubos where nome='PBQ Censo Escolar (Escolas Quilombolas)';
Ago 17, 2015 12:40:12 PM org.iadb.seppir.monitor.OlapCurrentService getRows
INFORMAÇÕES: select nome,cod_mes_atual,ano_atual from tbl_config_cubos where nome='PBQ Servicos (Paineis)';
Ago 17, 2015 12:40:12 PM org.iadb.seppir.monitor.OlapCurrentService getRows
INFORMAÇÕES: select nome,cod_mes_atual,ano_atual from tbl_config_cubos where nome='PBQ Servicos (Paineis)';
Ago 17, 2015 12:40:12 PM org.iadb.seppir.monitor.OlapCurrentService getRows
INFORMAÇÕES: select nome,cod_mes_atual,ano_atual from tbl_config_cubos where nome='PBQ Censo Escolar (Escolas Quilombolas)';
Ago 17, 2015 12:40:12 PM org.iadb.seppir.monitor.OlapCurrentService getRows
INFORMAÇÕES: select nome,cod_mes_atual,ano_atual from tbl_config_cubos where nome='PBQ Servicos (Paineis)';
Ago 17, 2015 12:40:12 PM org.iadb.seppir.monitor.OlapCurrentService getRows
INFORMAÇÕES: select nome,cod_mes_atual,ano_atual from tbl_config_cubos where nome='PBQ Servicos (Paineis)';
Ago 17, 2015 12:40:12 PM org.iadb.seppir.monitor.OlapCurrentService getRows
INFORMAÇÕES: select nome,cod_mes_atual,ano_atual from tbl_config_cubos where nome='PBQ Servicos (Paineis)';
Ago 17, 2015 12:40:12 PM org.iadb.seppir.monitor.OlapCurrentService getRows
INFORMAÇÕES: select nome,cod_mes_atual,ano_atual from tbl_config_cubos where nome='PBQ Servicos (Paineis)';
Ago 17, 2015 12:40:17 PM org.iadb.seppir.monitor.OlapCurrentService getRows
INFORMAÇÕES: select nome,cod_mes_atual,ano_atual from tbl_config_cubos where nome='PBQ CadUnico (Familias Quilombolas)';
Ago 17, 2015 12:40:17 PM org.iadb.seppir.monitor.OlapCurrentService getRows
INFORMAÇÕES: select nome,cod_mes_atual,ano_atual from tbl_config_cubos where nome='PBQ CadUnico (Familias Quilombolas)';
Ago 17, 2015 12:40:17 PM org.iadb.seppir.monitor.OlapCurrentService getRows
INFORMAÇÕES: select nome,cod_mes_atual,ano_atual from tbl_config_cubos where nome='PBQ CadUnico (Familias Quilombolas)';
Ago 17, 2015 12:40:17 PM org.iadb.seppir.monitor.OlapCurrentService getRows
INFORMAÇÕES: select nome,cod_mes_atual,ano_atual from tbl_config_cubos where nome='PBQ CadUnico (Familias Quilombolas)';
Ago 17, 2015 12:40:17 PM org.iadb.seppir.monitor.OlapCurrentService getRows
INFORMAÇÕES: select nome,cod_mes_atual,ano_atual from tbl_config_cubos where nome='PBQ CadUnico (Familias Quilombolas)';
Ago 17, 2015 12:40:17 PM org.iadb.seppir.monitor.OlapCurrentService getRows
INFORMAÇÕES: select nome,cod_mes_atual,ano_atual from tbl_config_cubos where nome='PBQ CadUnico (Familias Quilombolas)';
Ago 17, 2015 12:40:17 PM org.iadb.seppir.monitor.OlapCurrentService getRows
INFORMAÇÕES: select nome,cod_mes_atual,ano_atual from tbl_config_cubos where nome='PBQ Servicos (Paineis)';
Ago 17, 2015 12:40:17 PM org.iadb.seppir.monitor.OlapCurrentService getRows
INFORMAÇÕES: select nome,cod_mes_atual,ano_atual from tbl_config_cubos where nome='PBQ Servicos (Paineis)';
Ago 17, 2015 12:40:17 PM org.iadb.seppir.monitor.OlapCurrentService getRows
INFORMAÇÕES: select nome,cod_mes_atual,ano_atual from tbl_config_cubos where nome='PBQ Servicos (Paineis)';
Ago 17, 2015 12:40:19 PM org.iadb.seppir.monitor.OlapCurrentService getRows
INFORMAÇÕES: select nome,cod_mes_atual,ano_atual from tbl_config_cubos where nome='PBQ Dados Integrados';
Ago 17, 2015 12:40:19 PM org.iadb.seppir.monitor.OlapCurrentService getRows
INFORMAÇÕES: select nome,cod_mes_atual,ano_atual from tbl_config_cubos where nome='PBQ Dados Integrados';
Ago 17, 2015 12:40:19 PM org.iadb.seppir.monitor.OlapCurrentService getRows
INFORMAÇÕES: select nome,cod_mes_atual,ano_atual from tbl_config_cubos where nome='PBQ Dados Integrados';
Ago 17, 2015 12:40:19 PM org.iadb.seppir.monitor.OlapCurrentService getRows
INFORMAÇÕES: select nome,cod_mes_atual,ano_atual from tbl_config_cubos where nome='PBQ Dados Integrados';
Ago 17, 2015 12:40:19 PM org.iadb.seppir.monitor.OlapCurrentService getRows
INFORMAÇÕES: select nome,cod_mes_atual,ano_atual from tbl_config_cubos where nome='PBQ Dados Integrados';
Ago 17, 2015 12:40:20 PM org.iadb.seppir.monitor.OlapCurrentService getRows
INFORMAÇÕES: select id_comunidade,nome_comunidade,nome_territorio,(case status_incra_territorio when 1 then '3 - Decreto' when 2 then '2 - Portaria' when 3 then '2 - Portaria' when 4 then '1 - RTID' when 5 then '4 - Titulada' else '0 - Certificada' end) as nome_status,(select sigla_uf from tbl_ibge_municipios as m left join tbl_ibge_ufs as u on m.cod_uf = u.cod_uf where cod_7 = cod_7_ibge_municipio) as uf from tbl_seppir_quilombola_comunidade as c left join tbl_seppir_quilombola_territorio as t on c.id_territorio=t.id_territorio;
Ago 17, 2015 1:13:41 PM org.iadb.seppir.monitor.OlapCurrentService getRows
INFORMAÇÕES: select nome,cod_mes_atual,ano_atual from tbl_config_cubos where nome='IBGE Censo Demografico';
Ago 17, 2015 1:13:41 PM org.iadb.seppir.monitor.OlapCurrentService getRows
INFORMAÇÕES: select nome,cod_mes_atual,ano_atual from tbl_config_cubos where nome='MS SIM';
Ago 17, 2015 1:13:41 PM org.iadb.seppir.monitor.OlapCurrentService getRows
INFORMAÇÕES: select nome,cod_mes_atual,ano_atual from tbl_config_cubos where nome='MS SIM';
Ago 17, 2015 1:13:41 PM org.iadb.seppir.monitor.OlapCurrentService getRows
INFORMAÇÕES: select nome,cod_mes_atual,ano_atual from tbl_config_cubos where nome='IBGE Censo Demografico';
Ago 17, 2015 1:13:41 PM org.iadb.seppir.monitor.OlapCurrentService getRows
INFORMAÇÕES: select nome,cod_mes_atual,ano_atual from tbl_config_cubos where nome='IBGE Censo Demografico';
Ago 17, 2015 1:13:41 PM org.iadb.seppir.monitor.OlapCurrentService getRows
INFORMAÇÕES: select nome,cod_mes_atual,ano_atual from tbl_config_cubos where nome='IBGE Censo Demografico';
Ago 17, 2015 1:13:41 PM org.iadb.seppir.monitor.OlapCurrentService getRows
INFORMAÇÕES: select nome,cod_mes_atual,ano_atual from tbl_config_cubos where nome='IBGE Censo Demografico';
Ago 17, 2015 1:13:41 PM org.iadb.seppir.monitor.OlapCurrentService getRows
INFORMAÇÕES: select nome,cod_mes_atual,ano_atual from tbl_config_cubos where nome='IBGE Censo Demografico';
Ago 17, 2015 1:13:41 PM org.iadb.seppir.monitor.OlapCurrentService getRows
INFORMAÇÕES: select nome,cod_mes_atual,ano_atual from tbl_config_cubos where nome='IBGE Censo Demografico';
Ago 17, 2015 1:13:41 PM org.iadb.seppir.monitor.OlapCurrentService getRows
INFORMAÇÕES: select nome_municipio,sigla_uf,round((select sum(homicidios_jovens_2010)*100000.0/sum(jovens) from agg_seppir_pjv as agg where agg.cod_munic = pjv.cod_7_ibge_municipio group by agg.cod_munic),1) as taxa_todos,round((select sum(homicidios_jovens_2010)*100000.0/sum(jovens) from agg_seppir_pjv as agg where agg.cod_munic = pjv.cod_7_ibge_municipio and (raca_cor=2 or raca_cor=4)	 group by agg.cod_munic),1) as taxa_negros,round((select sum(homicidios_jovens_2010)*100000.0/sum(jovens) from agg_seppir_pjv as agg where agg.cod_munic = pjv.cod_7_ibge_municipio and raca_cor=1	 group by agg.cod_munic),1) as taxa_brancos from tbl_seppir_municipios_pjv as pjv;
Ago 17, 2015 4:17:04 PM org.iadb.seppir.monitor.OlapCurrentService getRows
INFORMAÇÕES: select nome,cod_mes_atual,ano_atual from tbl_config_cubos where nome='PBQ Dados Integrados';
Ago 17, 2015 4:17:04 PM org.iadb.seppir.monitor.OlapCurrentService getRows
INFORMAÇÕES: select nome,cod_mes_atual,ano_atual from tbl_config_cubos where nome='PBQ Dados Integrados';
Ago 17, 2015 4:17:04 PM org.iadb.seppir.monitor.OlapCurrentService getRows
INFORMAÇÕES: select nome,cod_mes_atual,ano_atual from tbl_config_cubos where nome='PBQ Dados Integrados';
Ago 17, 2015 4:17:04 PM org.iadb.seppir.monitor.OlapCurrentService getRows
INFORMAÇÕES: select nome,cod_mes_atual,ano_atual from tbl_config_cubos where nome='PBQ Dados Integrados';
Ago 17, 2015 4:17:04 PM org.iadb.seppir.monitor.OlapCurrentService getRows
INFORMAÇÕES: select nome,cod_mes_atual,ano_atual from tbl_config_cubos where nome='PBQ Dados Integrados';
Ago 17, 2015 4:17:04 PM org.iadb.seppir.monitor.OlapCurrentService getRows
INFORMAÇÕES: select id_comunidade,nome_comunidade,nome_territorio,(case status_incra_territorio when 1 then '3 - Decreto' when 2 then '2 - Portaria' when 3 then '2 - Portaria' when 4 then '1 - RTID' when 5 then '4 - Titulada' else '0 - Certificada' end) as nome_status,(select sigla_uf from tbl_ibge_municipios as m left join tbl_ibge_ufs as u on m.cod_uf = u.cod_uf where cod_7 = cod_7_ibge_municipio) as uf from tbl_seppir_quilombola_comunidade as c left join tbl_seppir_quilombola_territorio as t on c.id_territorio=t.id_territorio;
Ago 17, 2015 4:17:07 PM org.iadb.seppir.monitor.OlapCurrentService getRows
INFORMAÇÕES: select nome,cod_mes_atual,ano_atual from tbl_config_cubos where nome='PBQ CadUnico (Familias Quilombolas)';
Ago 17, 2015 4:17:07 PM org.iadb.seppir.monitor.OlapCurrentService getRows
INFORMAÇÕES: select nome,cod_mes_atual,ano_atual from tbl_config_cubos where nome='PBQ CadUnico (Familias Quilombolas)';
Ago 17, 2015 4:17:07 PM org.iadb.seppir.monitor.OlapCurrentService getRows
INFORMAÇÕES: select nome,cod_mes_atual,ano_atual from tbl_config_cubos where nome='PBQ CadUnico (Familias Quilombolas)';
Ago 17, 2015 4:17:07 PM org.iadb.seppir.monitor.OlapCurrentService getRows
INFORMAÇÕES: select nome,cod_mes_atual,ano_atual from tbl_config_cubos where nome='PBQ CadUnico (Pessoas Quilombolas)';
Ago 17, 2015 4:17:07 PM org.iadb.seppir.monitor.OlapCurrentService getRows
INFORMAÇÕES: select nome,cod_mes_atual,ano_atual from tbl_config_cubos where nome='PBQ Servicos (Paineis)';
Ago 17, 2015 4:17:07 PM org.iadb.seppir.monitor.OlapCurrentService getRows
INFORMAÇÕES: select nome,cod_mes_atual,ano_atual from tbl_config_cubos where nome='PBQ Servicos (Paineis)';
Ago 17, 2015 4:17:07 PM org.iadb.seppir.monitor.OlapCurrentService getRows
INFORMAÇÕES: select nome,cod_mes_atual,ano_atual from tbl_config_cubos where nome='PBQ Servicos (Paineis)';
Ago 17, 2015 4:17:07 PM org.iadb.seppir.monitor.OlapCurrentService getRows
INFORMAÇÕES: select nome,cod_mes_atual,ano_atual from tbl_config_cubos where nome='PBQ Servicos (Paineis)';
Ago 17, 2015 4:17:07 PM org.iadb.seppir.monitor.OlapCurrentService getRows
INFORMAÇÕES: select nome,cod_mes_atual,ano_atual from tbl_config_cubos where nome='PBQ Servicos (Paineis)';
Ago 17, 2015 4:17:07 PM org.iadb.seppir.monitor.OlapCurrentService getRows
INFORMAÇÕES: select nome,cod_mes_atual,ano_atual from tbl_config_cubos where nome='PBQ Servicos (Paineis)';
Ago 17, 2015 4:17:09 PM org.iadb.seppir.monitor.OlapCurrentService getRows
INFORMAÇÕES: select nome,cod_mes_atual,ano_atual from tbl_config_cubos where nome='PBQ CadUnico (Pessoas Quilombolas)';
Ago 17, 2015 4:17:09 PM org.iadb.seppir.monitor.OlapCurrentService getRows
INFORMAÇÕES: select nome,cod_mes_atual,ano_atual from tbl_config_cubos where nome='PBQ Censo Escolar (Escolas Quilombolas)';
Ago 17, 2015 4:17:09 PM org.iadb.seppir.monitor.OlapCurrentService getRows
INFORMAÇÕES: select nome,cod_mes_atual,ano_atual from tbl_config_cubos where nome='PBQ Censo Escolar (Escolas Quilombolas)';
Ago 17, 2015 4:17:09 PM org.iadb.seppir.monitor.OlapCurrentService getRows
INFORMAÇÕES: select nome,cod_mes_atual,ano_atual from tbl_config_cubos where nome='PBQ Censo Escolar (Escolas Quilombolas)';
Ago 17, 2015 4:17:09 PM org.iadb.seppir.monitor.OlapCurrentService getRows
INFORMAÇÕES: select nome,cod_mes_atual,ano_atual from tbl_config_cubos where nome='PBQ Censo Escolar (Escolas Quilombolas)';
Ago 17, 2015 4:17:09 PM org.iadb.seppir.monitor.OlapCurrentService getRows
INFORMAÇÕES: select nome,cod_mes_atual,ano_atual from tbl_config_cubos where nome='PBQ Censo Escolar (Escolas Quilombolas)';
Ago 17, 2015 4:17:09 PM org.iadb.seppir.monitor.OlapCurrentService getRows
INFORMAÇÕES: select nome,cod_mes_atual,ano_atual from tbl_config_cubos where nome='PBQ Servicos (Paineis)';
Ago 17, 2015 4:17:09 PM org.iadb.seppir.monitor.OlapCurrentService getRows
INFORMAÇÕES: select nome,cod_mes_atual,ano_atual from tbl_config_cubos where nome='PBQ Servicos (Paineis)';
Ago 17, 2015 4:17:09 PM org.iadb.seppir.monitor.OlapCurrentService getRows
INFORMAÇÕES: select nome,cod_mes_atual,ano_atual from tbl_config_cubos where nome='PBQ Censo Escolar (Escolas Quilombolas)';
Ago 17, 2015 4:17:09 PM org.iadb.seppir.monitor.OlapCurrentService getRows
INFORMAÇÕES: select nome,cod_mes_atual,ano_atual from tbl_config_cubos where nome='PBQ Servicos (Paineis)';
Ago 17, 2015 4:17:09 PM org.iadb.seppir.monitor.OlapCurrentService getRows
INFORMAÇÕES: select nome,cod_mes_atual,ano_atual from tbl_config_cubos where nome='PBQ Servicos (Paineis)';
Ago 17, 2015 4:17:09 PM org.iadb.seppir.monitor.OlapCurrentService getRows
INFORMAÇÕES: select nome,cod_mes_atual,ano_atual from tbl_config_cubos where nome='PBQ Servicos (Paineis)';
Ago 17, 2015 4:17:09 PM org.iadb.seppir.monitor.OlapCurrentService getRows
INFORMAÇÕES: select nome,cod_mes_atual,ano_atual from tbl_config_cubos where nome='PBQ Servicos (Paineis)';
Ago 17, 2015 4:17:11 PM org.iadb.seppir.monitor.OlapCurrentService getRows
INFORMAÇÕES: select nome,cod_mes_atual,ano_atual from tbl_config_cubos where nome='PBQ CadUnico (Familias Quilombolas)';
Ago 17, 2015 4:17:11 PM org.iadb.seppir.monitor.OlapCurrentService getRows
INFORMAÇÕES: select nome,cod_mes_atual,ano_atual from tbl_config_cubos where nome='PBQ CadUnico (Familias Quilombolas)';
Ago 17, 2015 4:17:11 PM org.iadb.seppir.monitor.OlapCurrentService getRows
INFORMAÇÕES: select nome,cod_mes_atual,ano_atual from tbl_config_cubos where nome='PBQ CadUnico (Familias Quilombolas)';
Ago 17, 2015 4:17:11 PM org.iadb.seppir.monitor.OlapCurrentService getRows
INFORMAÇÕES: select nome,cod_mes_atual,ano_atual from tbl_config_cubos where nome='PBQ CadUnico (Pessoas Quilombolas)';
Ago 17, 2015 4:17:11 PM org.iadb.seppir.monitor.OlapCurrentService getRows
INFORMAÇÕES: select nome,cod_mes_atual,ano_atual from tbl_config_cubos where nome='PBQ Servicos (Paineis)';
Ago 17, 2015 4:17:11 PM org.iadb.seppir.monitor.OlapCurrentService getRows
INFORMAÇÕES: select nome,cod_mes_atual,ano_atual from tbl_config_cubos where nome='PBQ Servicos (Paineis)';
Ago 17, 2015 4:17:11 PM org.iadb.seppir.monitor.OlapCurrentService getRows
INFORMAÇÕES: select nome,cod_mes_atual,ano_atual from tbl_config_cubos where nome='PBQ Servicos (Paineis)';
Ago 17, 2015 4:17:11 PM org.iadb.seppir.monitor.OlapCurrentService getRows
INFORMAÇÕES: select nome,cod_mes_atual,ano_atual from tbl_config_cubos where nome='PBQ Servicos (Paineis)';
Ago 17, 2015 4:17:11 PM org.iadb.seppir.monitor.OlapCurrentService getRows
INFORMAÇÕES: select nome,cod_mes_atual,ano_atual from tbl_config_cubos where nome='PBQ Servicos (Paineis)';
Ago 17, 2015 4:17:11 PM org.iadb.seppir.monitor.OlapCurrentService getRows
INFORMAÇÕES: select nome,cod_mes_atual,ano_atual from tbl_config_cubos where nome='PBQ Servicos (Paineis)';
