Dez 05, 2014 1:15:28 PM org.iadb.seppir.monitor.OlapCurrentService getRows
INFORMAÇÕES: select nome,cod_mes_atual,ano_atual from tbl_config_cubos where nome='PBQ Dados Integrados';
Dez 05, 2014 1:15:30 PM org.iadb.seppir.monitor.OlapCurrentService getRows
INFORMAÇÕES: select nome,cod_mes_atual,ano_atual from tbl_config_cubos where nome='PBQ Dados Integrados';
Dez 05, 2014 1:15:30 PM org.iadb.seppir.monitor.OlapCurrentService getRows
INFORMAÇÕES: select nome,cod_mes_atual,ano_atual from tbl_config_cubos where nome='PBQ Dados Integrados';
Dez 05, 2014 1:15:30 PM org.iadb.seppir.monitor.OlapCurrentService getRows
INFORMAÇÕES: select nome,cod_mes_atual,ano_atual from tbl_config_cubos where nome='PBQ Dados Integrados';
Dez 05, 2014 1:15:30 PM org.iadb.seppir.monitor.OlapCurrentService getRows
INFORMAÇÕES: select nome,cod_mes_atual,ano_atual from tbl_config_cubos where nome='PBQ Dados Integrados';
Dez 05, 2014 1:15:33 PM org.iadb.seppir.monitor.OlapCurrentService getRows
INFORMAÇÕES: select id_comunidade,nome_comunidade,nome_territorio,(case status_incra_territorio when 1 then '3 - Decreto' when 2 then '2 - Portaria' when 3 then '2 - Portaria' when 4 then '1 - RTID' when 5 then '4 - Titulada' else '0 - Certificada' end) as nome_status,(select sigla_uf from tbl_ibge_municipios as m left join tbl_ibge_ufs as u on m.cod_uf = u.cod_uf where cod_7 = cod_7_ibge_municipio) as uf from tbl_seppir_quilombola_comunidade as c left join tbl_seppir_quilombola_territorio as t on c.id_territorio=t.id_territorio;
Dez 05, 2014 1:15:54 PM org.iadb.seppir.monitor.OlapCurrentService getRows
INFORMAÇÕES: select nome,cod_mes_atual,ano_atual from tbl_config_cubos where nome='PBQ CadUnico (Pessoas Quilombolas)';
Dez 05, 2014 1:15:54 PM org.iadb.seppir.monitor.OlapCurrentService getRows
INFORMAÇÕES: select nome,cod_mes_atual,ano_atual from tbl_config_cubos where nome='PBQ Censo Escolar (Escolas)';
Dez 05, 2014 1:15:54 PM org.iadb.seppir.monitor.OlapCurrentService getRows
INFORMAÇÕES: select nome,cod_mes_atual,ano_atual from tbl_config_cubos where nome='PBQ Censo Escolar (Escolas)';
Dez 05, 2014 1:15:54 PM org.iadb.seppir.monitor.OlapCurrentService getRows
INFORMAÇÕES: select nome,cod_mes_atual,ano_atual from tbl_config_cubos where nome='PBQ Censo Escolar (Escolas)';
Dez 05, 2014 1:15:54 PM org.iadb.seppir.monitor.OlapCurrentService getRows
INFORMAÇÕES: select nome,cod_mes_atual,ano_atual from tbl_config_cubos where nome='PBQ Censo Escolar (Escolas)';
Dez 05, 2014 1:15:54 PM org.iadb.seppir.monitor.OlapCurrentService getRows
INFORMAÇÕES: select nome,cod_mes_atual,ano_atual from tbl_config_cubos where nome='PBQ Censo Escolar (Escolas)';
Dez 05, 2014 1:15:54 PM org.iadb.seppir.monitor.OlapCurrentService getRows
INFORMAÇÕES: select nome,cod_mes_atual,ano_atual from tbl_config_cubos where nome='PBQ Servicos (Paineis)';
Dez 05, 2014 1:15:54 PM org.iadb.seppir.monitor.OlapCurrentService getRows
INFORMAÇÕES: select nome,cod_mes_atual,ano_atual from tbl_config_cubos where nome='PBQ Servicos (Paineis)';
Dez 05, 2014 1:15:54 PM org.iadb.seppir.monitor.OlapCurrentService getRows
INFORMAÇÕES: select nome,cod_mes_atual,ano_atual from tbl_config_cubos where nome='PBQ Censo Escolar (Escolas)';
Dez 05, 2014 1:15:54 PM org.iadb.seppir.monitor.OlapCurrentService getRows
INFORMAÇÕES: select nome,cod_mes_atual,ano_atual from tbl_config_cubos where nome='PBQ Servicos (Paineis)';
Dez 05, 2014 1:15:54 PM org.iadb.seppir.monitor.OlapCurrentService getRows
INFORMAÇÕES: select nome,cod_mes_atual,ano_atual from tbl_config_cubos where nome='PBQ Servicos (Paineis)';
Dez 05, 2014 1:15:54 PM org.iadb.seppir.monitor.OlapCurrentService getRows
INFORMAÇÕES: select nome,cod_mes_atual,ano_atual from tbl_config_cubos where nome='PBQ Servicos (Paineis)';
Dez 05, 2014 1:15:54 PM org.iadb.seppir.monitor.OlapCurrentService getRows
INFORMAÇÕES: select nome,cod_mes_atual,ano_atual from tbl_config_cubos where nome='PBQ Servicos (Paineis)';
Dez 05, 2014 1:42:09 PM org.iadb.seppir.monitor.OlapCurrentService getRows
INFORMAÇÕES: select nome,cod_mes_atual,ano_atual from tbl_config_cubos where nome='PBQ CadUnico (Pessoas Quilombolas)';
Dez 05, 2014 1:42:09 PM org.iadb.seppir.monitor.OlapCurrentService getRows
INFORMAÇÕES: select nome,cod_mes_atual,ano_atual from tbl_config_cubos where nome='PBQ Censo Escolar (Escolas)';
Dez 05, 2014 1:42:09 PM org.iadb.seppir.monitor.OlapCurrentService getRows
INFORMAÇÕES: select nome,cod_mes_atual,ano_atual from tbl_config_cubos where nome='PBQ Censo Escolar (Escolas)';
Dez 05, 2014 1:42:09 PM org.iadb.seppir.monitor.OlapCurrentService getRows
INFORMAÇÕES: select nome,cod_mes_atual,ano_atual from tbl_config_cubos where nome='PBQ Censo Escolar (Escolas)';
Dez 05, 2014 1:42:09 PM org.iadb.seppir.monitor.OlapCurrentService getRows
INFORMAÇÕES: select nome,cod_mes_atual,ano_atual from tbl_config_cubos where nome='PBQ Censo Escolar (Escolas)';
Dez 05, 2014 1:42:09 PM org.iadb.seppir.monitor.OlapCurrentService getRows
INFORMAÇÕES: select nome,cod_mes_atual,ano_atual from tbl_config_cubos where nome='PBQ Censo Escolar (Escolas)';
Dez 05, 2014 1:42:09 PM org.iadb.seppir.monitor.OlapCurrentService getRows
INFORMAÇÕES: select nome,cod_mes_atual,ano_atual from tbl_config_cubos where nome='PBQ Servicos (Paineis)';
Dez 05, 2014 1:42:09 PM org.iadb.seppir.monitor.OlapCurrentService getRows
INFORMAÇÕES: select nome,cod_mes_atual,ano_atual from tbl_config_cubos where nome='PBQ Servicos (Paineis)';
Dez 05, 2014 1:42:09 PM org.iadb.seppir.monitor.OlapCurrentService getRows
INFORMAÇÕES: select nome,cod_mes_atual,ano_atual from tbl_config_cubos where nome='PBQ Censo Escolar (Escolas)';
Dez 05, 2014 1:42:09 PM org.iadb.seppir.monitor.OlapCurrentService getRows
INFORMAÇÕES: select nome,cod_mes_atual,ano_atual from tbl_config_cubos where nome='PBQ Servicos (Paineis)';
Dez 05, 2014 1:42:09 PM org.iadb.seppir.monitor.OlapCurrentService getRows
INFORMAÇÕES: select nome,cod_mes_atual,ano_atual from tbl_config_cubos where nome='PBQ Servicos (Paineis)';
Dez 05, 2014 1:42:09 PM org.iadb.seppir.monitor.OlapCurrentService getRows
INFORMAÇÕES: select nome,cod_mes_atual,ano_atual from tbl_config_cubos where nome='PBQ Servicos (Paineis)';
Dez 05, 2014 1:42:09 PM org.iadb.seppir.monitor.OlapCurrentService getRows
INFORMAÇÕES: select nome,cod_mes_atual,ano_atual from tbl_config_cubos where nome='PBQ Servicos (Paineis)';
Dez 05, 2014 1:42:51 PM org.apache.catalina.core.StandardContext reload
INFORMAÇÕES: Reloading Context with name [/paineis] has started
Dez 05, 2014 1:42:51 PM org.iadb.seppir.monitor.DataProviderServlet destroy
INFORMAÇÕES: OLAP Disconnected.
Dez 05, 2014 1:42:51 PM org.iadb.seppir.monitor.CubeNavigatorServlet destroy
INFORMAÇÕES: OLAP Disconnected.
Dez 05, 2014 1:43:19 PM org.apache.catalina.loader.WebappClassLoader clearReferencesJdbc
GRAVE: The web application [/paineis] registered the JDBC driver [mondrian.olap4j.MondrianOlap4jDriver] but failed to unregister it when the web application was stopped. To prevent a memory leak, the JDBC Driver has been forcibly unregistered.
Dez 05, 2014 1:43:20 PM org.apache.catalina.loader.WebappClassLoader clearReferencesThreads
GRAVE: The web application [/paineis] appears to have started a thread named [Mondrian Monitor] but has failed to stop it. This is very likely to create a memory leak.
Dez 05, 2014 1:43:20 PM org.apache.catalina.loader.WebappClassLoader clearReferencesThreads
GRAVE: The web application [/paineis] appears to have started a thread named [mondrian.rolap.agg.SegmentCacheManager$ACTOR] but has failed to stop it. This is very likely to create a memory leak.
Dez 05, 2014 1:43:20 PM org.apache.catalina.loader.WebappClassLoader clearReferencesThreads
GRAVE: The web application [/paineis] appears to have started a thread named [mondrian.rolap.RolapResultShepherd#timer] but has failed to stop it. This is very likely to create a memory leak.
Dez 05, 2014 1:43:20 PM org.apache.catalina.loader.WebappClassLoader clearReferencesThreads
GRAVE: The web application [/paineis] appears to have started a thread named [Thread-8] but has failed to stop it. This is very likely to create a memory leak.
Dez 05, 2014 1:43:20 PM org.apache.catalina.loader.WebappClassLoader clearReferencesThreads
GRAVE: The web application [/paineis] appears to have started a thread named [mondrian.util.ExpiringReference$timer] but has failed to stop it. This is very likely to create a memory leak.
Dez 05, 2014 1:43:21 PM org.apache.catalina.loader.WebappClassLoader checkThreadLocalMapForLeaks
GRAVE: The web application [/paineis] created a ThreadLocal with key of type [mondrian.rolap.RolapStar$1] (value [mondrian.rolap.RolapStar$1@c149649]) and a value of type [mondrian.rolap.RolapStar.Bar] (value [mondrian.rolap.RolapStar$Bar@42b9c8ec]) but failed to remove it when the web application was stopped. Threads are going to be renewed over time to try and avoid a probable memory leak.
Dez 05, 2014 1:43:21 PM org.apache.catalina.loader.WebappClassLoader checkThreadLocalMapForLeaks
GRAVE: The web application [/paineis] created a ThreadLocal with key of type [mondrian.rolap.RolapStar$1] (value [mondrian.rolap.RolapStar$1@3336202d]) and a value of type [mondrian.rolap.RolapStar.Bar] (value [mondrian.rolap.RolapStar$Bar@267a849f]) but failed to remove it when the web application was stopped. Threads are going to be renewed over time to try and avoid a probable memory leak.
Dez 05, 2014 1:43:21 PM org.apache.catalina.loader.WebappClassLoader checkThreadLocalMapForLeaks
GRAVE: The web application [/paineis] created a ThreadLocal with key of type [mondrian.rolap.RolapStar$1] (value [mondrian.rolap.RolapStar$1@3598f675]) and a value of type [mondrian.rolap.RolapStar.Bar] (value [mondrian.rolap.RolapStar$Bar@4d5c96d0]) but failed to remove it when the web application was stopped. Threads are going to be renewed over time to try and avoid a probable memory leak.
Dez 05, 2014 1:43:21 PM org.apache.catalina.loader.WebappClassLoader checkThreadLocalMapForLeaks
GRAVE: The web application [/paineis] created a ThreadLocal with key of type [mondrian.rolap.RolapStar$1] (value [mondrian.rolap.RolapStar$1@79b1595d]) and a value of type [mondrian.rolap.RolapStar.Bar] (value [mondrian.rolap.RolapStar$Bar@6a622715]) but failed to remove it when the web application was stopped. Threads are going to be renewed over time to try and avoid a probable memory leak.
Dez 05, 2014 1:43:21 PM org.apache.catalina.loader.WebappClassLoader checkThreadLocalMapForLeaks
GRAVE: The web application [/paineis] created a ThreadLocal with key of type [mondrian.rolap.RolapStar$1] (value [mondrian.rolap.RolapStar$1@51f40a43]) and a value of type [mondrian.rolap.RolapStar.Bar] (value [mondrian.rolap.RolapStar$Bar@6ccddebd]) but failed to remove it when the web application was stopped. Threads are going to be renewed over time to try and avoid a probable memory leak.
Dez 05, 2014 1:43:21 PM org.apache.catalina.loader.WebappClassLoader checkThreadLocalMapForLeaks
GRAVE: The web application [/paineis] created a ThreadLocal with key of type [mondrian.server.Locus$1] (value [mondrian.server.Locus$1@3fda8219]) and a value of type [java.util.Stack] (value [[]]) but failed to remove it when the web application was stopped. Threads are going to be renewed over time to try and avoid a probable memory leak.
Dez 05, 2014 1:43:21 PM org.apache.catalina.loader.WebappClassLoader checkThreadLocalMapForLeaks
GRAVE: The web application [/paineis] created a ThreadLocal with key of type [mondrian.rolap.RolapStar$1] (value [mondrian.rolap.RolapStar$1@2293580f]) and a value of type [mondrian.rolap.RolapStar.Bar] (value [mondrian.rolap.RolapStar$Bar@777a5284]) but failed to remove it when the web application was stopped. Threads are going to be renewed over time to try and avoid a probable memory leak.
Dez 05, 2014 1:43:21 PM org.apache.catalina.loader.WebappClassLoader checkThreadLocalMapForLeaks
GRAVE: The web application [/paineis] created a ThreadLocal with key of type [mondrian.server.Locus$1] (value [mondrian.server.Locus$1@3fda8219]) and a value of type [java.util.Stack] (value [[]]) but failed to remove it when the web application was stopped. Threads are going to be renewed over time to try and avoid a probable memory leak.
Dez 05, 2014 1:43:21 PM org.apache.catalina.loader.WebappClassLoader checkThreadLocalMapForLeaks
GRAVE: The web application [/paineis] created a ThreadLocal with key of type [mondrian.server.Locus$1] (value [mondrian.server.Locus$1@3fda8219]) and a value of type [java.util.Stack] (value [[]]) but failed to remove it when the web application was stopped. Threads are going to be renewed over time to try and avoid a probable memory leak.
Dez 05, 2014 1:43:21 PM org.apache.catalina.loader.WebappClassLoader checkThreadLocalMapForLeaks
GRAVE: The web application [/paineis] created a ThreadLocal with key of type [mondrian.server.Locus$1] (value [mondrian.server.Locus$1@3fda8219]) and a value of type [java.util.Stack] (value [[]]) but failed to remove it when the web application was stopped. Threads are going to be renewed over time to try and avoid a probable memory leak.
Dez 05, 2014 1:43:21 PM org.apache.catalina.loader.WebappClassLoader checkThreadLocalMapForLeaks
GRAVE: The web application [/paineis] created a ThreadLocal with key of type [mondrian.server.Locus$1] (value [mondrian.server.Locus$1@3fda8219]) and a value of type [java.util.Stack] (value [[]]) but failed to remove it when the web application was stopped. Threads are going to be renewed over time to try and avoid a probable memory leak.
Dez 05, 2014 1:43:21 PM org.apache.catalina.loader.WebappClassLoader checkThreadLocalMapForLeaks
GRAVE: The web application [/paineis] created a ThreadLocal with key of type [mondrian.server.Locus$1] (value [mondrian.server.Locus$1@3fda8219]) and a value of type [java.util.Stack] (value [[]]) but failed to remove it when the web application was stopped. Threads are going to be renewed over time to try and avoid a probable memory leak.
Dez 05, 2014 1:43:21 PM org.apache.catalina.loader.WebappClassLoader checkThreadLocalMapForLeaks
GRAVE: The web application [/paineis] created a ThreadLocal with key of type [mondrian.server.Locus$1] (value [mondrian.server.Locus$1@3fda8219]) and a value of type [java.util.Stack] (value [[]]) but failed to remove it when the web application was stopped. Threads are going to be renewed over time to try and avoid a probable memory leak.
Dez 05, 2014 1:43:21 PM org.apache.catalina.loader.WebappClassLoader checkThreadLocalMapForLeaks
GRAVE: The web application [/paineis] created a ThreadLocal with key of type [mondrian.server.Locus$1] (value [mondrian.server.Locus$1@3fda8219]) and a value of type [java.util.Stack] (value [[]]) but failed to remove it when the web application was stopped. Threads are going to be renewed over time to try and avoid a probable memory leak.
Dez 05, 2014 1:43:21 PM org.apache.catalina.loader.WebappClassLoader checkThreadLocalMapForLeaks
GRAVE: The web application [/paineis] created a ThreadLocal with key of type [mondrian.server.Locus$1] (value [mondrian.server.Locus$1@3fda8219]) and a value of type [java.util.Stack] (value [[]]) but failed to remove it when the web application was stopped. Threads are going to be renewed over time to try and avoid a probable memory leak.
Dez 05, 2014 1:44:24 PM org.apache.catalina.startup.TaglibUriRule body
INFORMAÇÕES: TLD skipped. URI: http://velocity.apache.org/velocity-view is already defined
Dez 05, 2014 1:44:24 PM org.apache.catalina.startup.TaglibUriRule body
INFORMAÇÕES: TLD skipped. URI: http://velocity.apache.org/velocity-view is already defined
Dez 05, 2014 1:44:25 PM org.apache.catalina.core.StandardContext reload
INFORMAÇÕES: Reloading Context with name [/paineis] is completed
Dez 05, 2014 1:45:17 PM org.iadb.seppir.monitor.OlapCurrentService init
INFORMAÇÕES: Carregando configurações de /opt/tomcat7/conf/olap.properties
Dez 05, 2014 1:45:17 PM org.iadb.seppir.monitor.OlapCurrentService init
INFORMAÇÕES: - Driver: org.postgresql.Driver
Dez 05, 2014 1:45:17 PM org.iadb.seppir.monitor.OlapCurrentService init
INFORMAÇÕES: - URL: jdbc:postgresql://localhost:5432/seppir
Dez 05, 2014 1:45:26 PM org.iadb.seppir.monitor.OlapCurrentService init
INFORMAÇÕES: Conexão OLAP estabelecida com sucesso.
Dez 05, 2014 1:45:26 PM org.iadb.seppir.monitor.OlapCurrentService init
INFORMAÇÕES: Conexão SQL estabelecida com sucesso.
Dez 05, 2014 1:45:26 PM org.iadb.seppir.monitor.OlapCurrentService getRows
INFORMAÇÕES: select nome,cod_mes_atual,ano_atual from tbl_config_cubos where nome='PBQ CadUnico (Pessoas Quilombolas)';
Dez 05, 2014 1:45:29 PM org.iadb.seppir.monitor.OlapCurrentService getRows
INFORMAÇÕES: select nome,cod_mes_atual,ano_atual from tbl_config_cubos where nome='PBQ Censo Escolar (Escolas)';
Dez 05, 2014 1:45:29 PM org.iadb.seppir.monitor.OlapCurrentService getRows
INFORMAÇÕES: select nome,cod_mes_atual,ano_atual from tbl_config_cubos where nome='PBQ Censo Escolar (Escolas)';
Dez 05, 2014 1:45:29 PM org.iadb.seppir.monitor.OlapCurrentService getRows
INFORMAÇÕES: select nome,cod_mes_atual,ano_atual from tbl_config_cubos where nome='PBQ Censo Escolar (Escolas)';
Dez 05, 2014 1:45:29 PM org.iadb.seppir.monitor.OlapCurrentService getRows
INFORMAÇÕES: select nome,cod_mes_atual,ano_atual from tbl_config_cubos where nome='PBQ Censo Escolar (Escolas)';
Dez 05, 2014 1:45:29 PM org.iadb.seppir.monitor.OlapCurrentService getRows
INFORMAÇÕES: select nome,cod_mes_atual,ano_atual from tbl_config_cubos where nome='PBQ Censo Escolar (Escolas)';
Dez 05, 2014 1:45:30 PM org.iadb.seppir.monitor.OlapCurrentService getRows
INFORMAÇÕES: select nome,cod_mes_atual,ano_atual from tbl_config_cubos where nome='PBQ Servicos (Paineis)';
Dez 05, 2014 1:45:30 PM org.iadb.seppir.monitor.OlapCurrentService getRows
INFORMAÇÕES: select nome,cod_mes_atual,ano_atual from tbl_config_cubos where nome='PBQ Servicos (Paineis)';
Dez 05, 2014 1:45:30 PM org.iadb.seppir.monitor.OlapCurrentService getRows
INFORMAÇÕES: select nome,cod_mes_atual,ano_atual from tbl_config_cubos where nome='PBQ Censo Escolar (Escolas)';
Dez 05, 2014 1:45:30 PM org.iadb.seppir.monitor.OlapCurrentService getRows
INFORMAÇÕES: select nome,cod_mes_atual,ano_atual from tbl_config_cubos where nome='PBQ Servicos (Paineis)';
Dez 05, 2014 1:45:30 PM org.iadb.seppir.monitor.OlapCurrentService getRows
INFORMAÇÕES: select nome,cod_mes_atual,ano_atual from tbl_config_cubos where nome='PBQ Servicos (Paineis)';
Dez 05, 2014 1:45:30 PM org.iadb.seppir.monitor.OlapCurrentService getRows
INFORMAÇÕES: select nome,cod_mes_atual,ano_atual from tbl_config_cubos where nome='PBQ Servicos (Paineis)';
Dez 05, 2014 1:45:30 PM org.iadb.seppir.monitor.OlapCurrentService getRows
INFORMAÇÕES: select nome,cod_mes_atual,ano_atual from tbl_config_cubos where nome='PBQ Servicos (Paineis)';
Dez 05, 2014 1:45:31 PM org.iadb.seppir.monitor.CubeNavigatorServlet init
INFORMAÇÕES: Servlet inicializado com sucesso: CubeProviderServlet. Este servlet provê informações sobre os Cubos existentes
Dez 05, 2014 1:45:31 PM org.iadb.seppir.monitor.DataProviderServlet init
INFORMAÇÕES: Servlet inicializado com sucesso: DataProviderServlet. Este servlet intermedia a comunicação entre Painéis e Cubos
Dez 05, 2014 1:49:19 PM org.apache.catalina.core.StandardContext reload
INFORMAÇÕES: Reloading Context with name [/paineis] has started
Dez 05, 2014 1:49:19 PM org.iadb.seppir.monitor.DataProviderServlet destroy
INFORMAÇÕES: OLAP Disconnected.
Dez 05, 2014 1:49:19 PM org.iadb.seppir.monitor.CubeNavigatorServlet destroy
INFORMAÇÕES: OLAP Disconnected.
Dez 05, 2014 1:49:19 PM org.apache.catalina.loader.WebappClassLoader clearReferencesJdbc
GRAVE: The web application [/paineis] registered the JDBC driver [mondrian.olap4j.MondrianOlap4jDriver] but failed to unregister it when the web application was stopped. To prevent a memory leak, the JDBC Driver has been forcibly unregistered.
Dez 05, 2014 1:49:19 PM org.apache.catalina.loader.WebappClassLoader clearReferencesThreads
GRAVE: The web application [/paineis] appears to have started a thread named [Mondrian Monitor] but has failed to stop it. This is very likely to create a memory leak.
Dez 05, 2014 1:49:19 PM org.apache.catalina.loader.WebappClassLoader clearReferencesThreads
GRAVE: The web application [/paineis] appears to have started a thread named [mondrian.rolap.agg.SegmentCacheManager$ACTOR] but has failed to stop it. This is very likely to create a memory leak.
Dez 05, 2014 1:49:19 PM org.apache.catalina.loader.WebappClassLoader clearReferencesThreads
GRAVE: The web application [/paineis] appears to have started a thread named [mondrian.rolap.RolapResultShepherd#timer] but has failed to stop it. This is very likely to create a memory leak.
Dez 05, 2014 1:49:19 PM org.apache.catalina.loader.WebappClassLoader clearReferencesThreads
GRAVE: The web application [/paineis] appears to have started a thread named [Thread-20] but has failed to stop it. This is very likely to create a memory leak.
Dez 05, 2014 1:49:19 PM org.apache.catalina.loader.WebappClassLoader clearReferencesThreads
GRAVE: The web application [/paineis] appears to have started a thread named [org.apache.commons.vfs.cache.SoftRefFilesCache$SoftRefReleaseThread] but has failed to stop it. This is very likely to create a memory leak.
Dez 05, 2014 1:49:19 PM org.apache.catalina.loader.WebappClassLoader clearReferencesThreads
GRAVE: The web application [/paineis] appears to have started a thread named [mondrian.util.ExpiringReference$timer] but has failed to stop it. This is very likely to create a memory leak.
Dez 05, 2014 1:49:19 PM org.apache.catalina.loader.WebappClassLoader checkThreadLocalMapForLeaks
GRAVE: The web application [/paineis] created a ThreadLocal with key of type [mondrian.server.Locus$1] (value [mondrian.server.Locus$1@36e91558]) and a value of type [java.util.Stack] (value [[]]) but failed to remove it when the web application was stopped. Threads are going to be renewed over time to try and avoid a probable memory leak.
Dez 05, 2014 1:49:19 PM org.apache.catalina.loader.WebappClassLoader checkThreadLocalMapForLeaks
GRAVE: The web application [/paineis] created a ThreadLocal with key of type [mondrian.server.Locus$1] (value [mondrian.server.Locus$1@36e91558]) and a value of type [java.util.Stack] (value [[]]) but failed to remove it when the web application was stopped. Threads are going to be renewed over time to try and avoid a probable memory leak.
Dez 05, 2014 1:49:19 PM org.apache.catalina.loader.WebappClassLoader checkThreadLocalMapForLeaks
GRAVE: The web application [/paineis] created a ThreadLocal with key of type [mondrian.server.Locus$1] (value [mondrian.server.Locus$1@36e91558]) and a value of type [java.util.Stack] (value [[]]) but failed to remove it when the web application was stopped. Threads are going to be renewed over time to try and avoid a probable memory leak.
Dez 05, 2014 1:49:19 PM org.apache.catalina.loader.WebappClassLoader checkThreadLocalMapForLeaks
GRAVE: The web application [/paineis] created a ThreadLocal with key of type [mondrian.server.Locus$1] (value [mondrian.server.Locus$1@36e91558]) and a value of type [java.util.Stack] (value [[]]) but failed to remove it when the web application was stopped. Threads are going to be renewed over time to try and avoid a probable memory leak.
Dez 05, 2014 1:49:19 PM org.apache.catalina.loader.WebappClassLoader checkThreadLocalMapForLeaks
GRAVE: The web application [/paineis] created a ThreadLocal with key of type [mondrian.rolap.RolapStar$1] (value [mondrian.rolap.RolapStar$1@fa4e8ec]) and a value of type [mondrian.rolap.RolapStar.Bar] (value [mondrian.rolap.RolapStar$Bar@41afd7f1]) but failed to remove it when the web application was stopped. Threads are going to be renewed over time to try and avoid a probable memory leak.
Dez 05, 2014 1:49:19 PM org.apache.catalina.loader.WebappClassLoader checkThreadLocalMapForLeaks
GRAVE: The web application [/paineis] created a ThreadLocal with key of type [mondrian.rolap.RolapStar$1] (value [mondrian.rolap.RolapStar$1@7f8a30e7]) and a value of type [mondrian.rolap.RolapStar.Bar] (value [mondrian.rolap.RolapStar$Bar@4990cf1b]) but failed to remove it when the web application was stopped. Threads are going to be renewed over time to try and avoid a probable memory leak.
Dez 05, 2014 1:49:19 PM org.apache.catalina.loader.WebappClassLoader checkThreadLocalMapForLeaks
GRAVE: The web application [/paineis] created a ThreadLocal with key of type [mondrian.rolap.RolapStar$1] (value [mondrian.rolap.RolapStar$1@420d1b58]) and a value of type [mondrian.rolap.RolapStar.Bar] (value [mondrian.rolap.RolapStar$Bar@6a7e5048]) but failed to remove it when the web application was stopped. Threads are going to be renewed over time to try and avoid a probable memory leak.
Dez 05, 2014 1:49:19 PM org.apache.catalina.loader.WebappClassLoader checkThreadLocalMapForLeaks
GRAVE: The web application [/paineis] created a ThreadLocal with key of type [mondrian.rolap.RolapStar$1] (value [mondrian.rolap.RolapStar$1@ac8dd97]) and a value of type [mondrian.rolap.RolapStar.Bar] (value [mondrian.rolap.RolapStar$Bar@94bea09]) but failed to remove it when the web application was stopped. Threads are going to be renewed over time to try and avoid a probable memory leak.
Dez 05, 2014 1:49:19 PM org.apache.catalina.loader.WebappClassLoader checkThreadLocalMapForLeaks
GRAVE: The web application [/paineis] created a ThreadLocal with key of type [mondrian.server.Locus$1] (value [mondrian.server.Locus$1@36e91558]) and a value of type [java.util.Stack] (value [[]]) but failed to remove it when the web application was stopped. Threads are going to be renewed over time to try and avoid a probable memory leak.
Dez 05, 2014 1:49:19 PM org.apache.catalina.loader.WebappClassLoader checkThreadLocalMapForLeaks
GRAVE: The web application [/paineis] created a ThreadLocal with key of type [mondrian.server.Locus$1] (value [mondrian.server.Locus$1@36e91558]) and a value of type [java.util.Stack] (value [[]]) but failed to remove it when the web application was stopped. Threads are going to be renewed over time to try and avoid a probable memory leak.
Dez 05, 2014 1:49:19 PM org.apache.catalina.loader.WebappClassLoader checkThreadLocalMapForLeaks
GRAVE: The web application [/paineis] created a ThreadLocal with key of type [mondrian.server.Locus$1] (value [mondrian.server.Locus$1@36e91558]) and a value of type [java.util.Stack] (value [[]]) but failed to remove it when the web application was stopped. Threads are going to be renewed over time to try and avoid a probable memory leak.
Dez 05, 2014 1:49:21 PM org.apache.catalina.startup.TaglibUriRule body
INFORMAÇÕES: TLD skipped. URI: http://velocity.apache.org/velocity-view is already defined
Dez 05, 2014 1:49:21 PM org.apache.catalina.startup.TaglibUriRule body
INFORMAÇÕES: TLD skipped. URI: http://velocity.apache.org/velocity-view is already defined
Dez 05, 2014 1:49:21 PM org.apache.catalina.core.StandardContext reload
INFORMAÇÕES: Reloading Context with name [/paineis] is completed
Dez 05, 2014 1:49:38 PM org.iadb.seppir.monitor.OlapCurrentService init
INFORMAÇÕES: Carregando configurações de /opt/tomcat7/conf/olap.properties
Dez 05, 2014 1:49:38 PM org.iadb.seppir.monitor.OlapCurrentService init
INFORMAÇÕES: - Driver: org.postgresql.Driver
Dez 05, 2014 1:49:38 PM org.iadb.seppir.monitor.OlapCurrentService init
INFORMAÇÕES: - URL: jdbc:postgresql://localhost:5432/seppir
Dez 05, 2014 1:49:39 PM org.iadb.seppir.monitor.OlapCurrentService init
INFORMAÇÕES: Conexão OLAP estabelecida com sucesso.
Dez 05, 2014 1:49:39 PM org.iadb.seppir.monitor.OlapCurrentService init
INFORMAÇÕES: Conexão SQL estabelecida com sucesso.
Dez 05, 2014 1:49:39 PM org.iadb.seppir.monitor.OlapCurrentService getRows
INFORMAÇÕES: select nome,cod_mes_atual,ano_atual from tbl_config_cubos where nome='PBQ CadUnico (Pessoas Quilombolas)';
Dez 05, 2014 1:49:39 PM org.iadb.seppir.monitor.OlapCurrentService getRows
INFORMAÇÕES: select nome,cod_mes_atual,ano_atual from tbl_config_cubos where nome='PBQ Censo Escolar (Escolas)';
Dez 05, 2014 1:49:39 PM org.iadb.seppir.monitor.OlapCurrentService getRows
INFORMAÇÕES: select nome,cod_mes_atual,ano_atual from tbl_config_cubos where nome='PBQ Censo Escolar (Escolas)';
Dez 05, 2014 1:49:39 PM org.iadb.seppir.monitor.OlapCurrentService getRows
INFORMAÇÕES: select nome,cod_mes_atual,ano_atual from tbl_config_cubos where nome='PBQ Censo Escolar (Escolas)';
Dez 05, 2014 1:49:39 PM org.iadb.seppir.monitor.OlapCurrentService getRows
INFORMAÇÕES: select nome,cod_mes_atual,ano_atual from tbl_config_cubos where nome='PBQ Censo Escolar (Escolas)';
Dez 05, 2014 1:49:39 PM org.iadb.seppir.monitor.OlapCurrentService getRows
INFORMAÇÕES: select nome,cod_mes_atual,ano_atual from tbl_config_cubos where nome='PBQ Censo Escolar (Escolas)';
Dez 05, 2014 1:49:39 PM org.iadb.seppir.monitor.OlapCurrentService getRows
INFORMAÇÕES: select nome,cod_mes_atual,ano_atual from tbl_config_cubos where nome='PBQ Servicos (Paineis)';
Dez 05, 2014 1:49:39 PM org.iadb.seppir.monitor.OlapCurrentService getRows
INFORMAÇÕES: select nome,cod_mes_atual,ano_atual from tbl_config_cubos where nome='PBQ Servicos (Paineis)';
Dez 05, 2014 1:49:39 PM org.iadb.seppir.monitor.OlapCurrentService getRows
INFORMAÇÕES: select nome,cod_mes_atual,ano_atual from tbl_config_cubos where nome='PBQ Censo Escolar (Escolas)';
Dez 05, 2014 1:49:39 PM org.iadb.seppir.monitor.OlapCurrentService getRows
INFORMAÇÕES: select nome,cod_mes_atual,ano_atual from tbl_config_cubos where nome='PBQ Servicos (Paineis)';
Dez 05, 2014 1:49:39 PM org.iadb.seppir.monitor.OlapCurrentService getRows
INFORMAÇÕES: select nome,cod_mes_atual,ano_atual from tbl_config_cubos where nome='PBQ Servicos (Paineis)';
Dez 05, 2014 1:49:39 PM org.iadb.seppir.monitor.OlapCurrentService getRows
INFORMAÇÕES: select nome,cod_mes_atual,ano_atual from tbl_config_cubos where nome='PBQ Servicos (Paineis)';
Dez 05, 2014 1:49:39 PM org.iadb.seppir.monitor.OlapCurrentService getRows
INFORMAÇÕES: select nome,cod_mes_atual,ano_atual from tbl_config_cubos where nome='PBQ Servicos (Paineis)';
Dez 05, 2014 1:49:39 PM org.iadb.seppir.monitor.CubeNavigatorServlet init
INFORMAÇÕES: Servlet inicializado com sucesso: CubeProviderServlet. Este servlet provê informações sobre os Cubos existentes
Dez 05, 2014 1:49:40 PM org.iadb.seppir.monitor.DataProviderServlet init
INFORMAÇÕES: Servlet inicializado com sucesso: DataProviderServlet. Este servlet intermedia a comunicação entre Painéis e Cubos
