Dez 22, 2014 9:03:40 AM org.iadb.seppir.monitor.OlapCurrentService getRows
INFORMAÇÕES: select nome,cod_mes_atual,ano_atual from tbl_config_cubos where nome='IBGE Censo Demografico';
Dez 22, 2014 9:03:40 AM org.iadb.seppir.monitor.OlapCurrentService getRows
INFORMAÇÕES: select nome,cod_mes_atual,ano_atual from tbl_config_cubos where nome='MS SIM';
Dez 22, 2014 9:03:40 AM org.iadb.seppir.monitor.OlapCurrentService getRows
INFORMAÇÕES: select nome,cod_mes_atual,ano_atual from tbl_config_cubos where nome='MS SIM';
Dez 22, 2014 9:03:40 AM org.iadb.seppir.monitor.OlapCurrentService getRows
INFORMAÇÕES: select nome,cod_mes_atual,ano_atual from tbl_config_cubos where nome='IBGE Censo Demografico';
Dez 22, 2014 9:03:40 AM org.iadb.seppir.monitor.OlapCurrentService getRows
INFORMAÇÕES: select nome,cod_mes_atual,ano_atual from tbl_config_cubos where nome='IBGE Censo Demografico';
Dez 22, 2014 9:03:40 AM org.iadb.seppir.monitor.OlapCurrentService getRows
INFORMAÇÕES: select nome,cod_mes_atual,ano_atual from tbl_config_cubos where nome='IBGE Censo Demografico';
Dez 22, 2014 9:03:40 AM org.iadb.seppir.monitor.OlapCurrentService getRows
INFORMAÇÕES: select nome,cod_mes_atual,ano_atual from tbl_config_cubos where nome='IBGE Censo Demografico';
Dez 22, 2014 9:03:40 AM org.iadb.seppir.monitor.OlapCurrentService getRows
INFORMAÇÕES: select nome,cod_mes_atual,ano_atual from tbl_config_cubos where nome='IBGE Censo Demografico';
Dez 22, 2014 9:03:40 AM org.iadb.seppir.monitor.OlapCurrentService getRows
INFORMAÇÕES: select nome,cod_mes_atual,ano_atual from tbl_config_cubos where nome='IBGE Censo Demografico';
Dez 22, 2014 9:03:41 AM org.iadb.seppir.monitor.OlapCurrentService getRows
INFORMAÇÕES: select nome_municipio,sigla_uf,round((select sum(homicidios_jovens_2010)*100000.0/sum(jovens) from agg_seppir_pjv as agg where agg.cod_munic = pjv.cod_7_ibge_municipio group by agg.cod_munic),1) as taxa_todos,round((select sum(homicidios_jovens_2010)*100000.0/sum(jovens) from agg_seppir_pjv as agg where agg.cod_munic = pjv.cod_7_ibge_municipio and (raca_cor=2 or raca_cor=4)	 group by agg.cod_munic),1) as taxa_negros,round((select sum(homicidios_jovens_2010)*100000.0/sum(jovens) from agg_seppir_pjv as agg where agg.cod_munic = pjv.cod_7_ibge_municipio and raca_cor=1	 group by agg.cod_munic),1) as taxa_brancos from tbl_seppir_municipios_pjv as pjv;
Dez 22, 2014 9:03:58 AM org.iadb.seppir.monitor.OlapCurrentService getRows
INFORMAÇÕES: select nome,cod_mes_atual,ano_atual from tbl_config_cubos where nome='MEC Censo Escolar (Alunos)';
Dez 22, 2014 9:03:58 AM org.iadb.seppir.monitor.OlapCurrentService getRows
INFORMAÇÕES: select nome,cod_mes_atual,ano_atual from tbl_config_cubos where nome='IBGE Censo Demografico';
Dez 22, 2014 9:03:58 AM org.iadb.seppir.monitor.OlapCurrentService getRows
INFORMAÇÕES: select nome,cod_mes_atual,ano_atual from tbl_config_cubos where nome='IBGE Censo Demografico';
Dez 22, 2014 9:03:58 AM org.iadb.seppir.monitor.OlapCurrentService getRows
INFORMAÇÕES: select nome,cod_mes_atual,ano_atual from tbl_config_cubos where nome='IBGE Censo Demografico';
Dez 22, 2014 9:03:58 AM org.iadb.seppir.monitor.OlapCurrentService getRows
INFORMAÇÕES: select nome,cod_mes_atual,ano_atual from tbl_config_cubos where nome='IBGE Censo Demografico';
Dez 22, 2014 9:03:58 AM org.iadb.seppir.monitor.OlapCurrentService getRows
INFORMAÇÕES: select nome,cod_mes_atual,ano_atual from tbl_config_cubos where nome='MEC Censo Escolar (Alunos)';
Dez 22, 2014 9:03:58 AM org.iadb.seppir.monitor.OlapCurrentService getRows
INFORMAÇÕES: select nome,cod_mes_atual,ano_atual from tbl_config_cubos where nome='MEC Censo Escolar (Alunos)';
Dez 22, 2014 9:03:58 AM org.iadb.seppir.monitor.OlapCurrentService getRows
INFORMAÇÕES: select nome,cod_mes_atual,ano_atual from tbl_config_cubos where nome='MEC Censo Escolar (Alunos)';
Dez 22, 2014 9:09:44 AM org.iadb.seppir.monitor.OlapCurrentService getRows
INFORMAÇÕES: select nome,cod_mes_atual,ano_atual from tbl_config_cubos where nome='PBQ Dados Integrados';
Dez 22, 2014 9:09:44 AM org.iadb.seppir.monitor.OlapCurrentService getRows
INFORMAÇÕES: select nome,cod_mes_atual,ano_atual from tbl_config_cubos where nome='PBQ Dados Integrados';
Dez 22, 2014 9:09:44 AM org.iadb.seppir.monitor.OlapCurrentService getRows
INFORMAÇÕES: select nome,cod_mes_atual,ano_atual from tbl_config_cubos where nome='PBQ Dados Integrados';
Dez 22, 2014 9:09:44 AM org.iadb.seppir.monitor.OlapCurrentService getRows
INFORMAÇÕES: select nome,cod_mes_atual,ano_atual from tbl_config_cubos where nome='PBQ Dados Integrados';
Dez 22, 2014 9:09:44 AM org.iadb.seppir.monitor.OlapCurrentService getRows
INFORMAÇÕES: select nome,cod_mes_atual,ano_atual from tbl_config_cubos where nome='PBQ Dados Integrados';
Dez 22, 2014 9:09:44 AM org.iadb.seppir.monitor.OlapCurrentService getRows
INFORMAÇÕES: select id_comunidade,nome_comunidade,nome_territorio,(case status_incra_territorio when 1 then '3 - Decreto' when 2 then '2 - Portaria' when 3 then '2 - Portaria' when 4 then '1 - RTID' when 5 then '4 - Titulada' else '0 - Certificada' end) as nome_status,(select sigla_uf from tbl_ibge_municipios as m left join tbl_ibge_ufs as u on m.cod_uf = u.cod_uf where cod_7 = cod_7_ibge_municipio) as uf from tbl_seppir_quilombola_comunidade as c left join tbl_seppir_quilombola_territorio as t on c.id_territorio=t.id_territorio;
Dez 22, 2014 9:09:45 AM org.iadb.seppir.monitor.OlapCurrentService getRows
INFORMAÇÕES: select nome,cod_mes_atual,ano_atual from tbl_config_cubos where nome='PBQ CadUnico (Pessoas Quilombolas)';
Dez 22, 2014 9:09:45 AM org.iadb.seppir.monitor.OlapCurrentService getRows
INFORMAÇÕES: select nome,cod_mes_atual,ano_atual from tbl_config_cubos where nome='PBQ Censo Escolar (Escolas)';
Dez 22, 2014 9:09:45 AM org.iadb.seppir.monitor.OlapCurrentService getRows
INFORMAÇÕES: select nome,cod_mes_atual,ano_atual from tbl_config_cubos where nome='PBQ Censo Escolar (Escolas)';
Dez 22, 2014 9:09:45 AM org.iadb.seppir.monitor.OlapCurrentService getRows
INFORMAÇÕES: select nome,cod_mes_atual,ano_atual from tbl_config_cubos where nome='PBQ Censo Escolar (Escolas)';
Dez 22, 2014 9:09:45 AM org.iadb.seppir.monitor.OlapCurrentService getRows
INFORMAÇÕES: select nome,cod_mes_atual,ano_atual from tbl_config_cubos where nome='PBQ Censo Escolar (Escolas)';
Dez 22, 2014 9:09:45 AM org.iadb.seppir.monitor.OlapCurrentService getRows
INFORMAÇÕES: select nome,cod_mes_atual,ano_atual from tbl_config_cubos where nome='PBQ Censo Escolar (Escolas)';
Dez 22, 2014 9:09:45 AM org.iadb.seppir.monitor.OlapCurrentService getRows
INFORMAÇÕES: select nome,cod_mes_atual,ano_atual from tbl_config_cubos where nome='PBQ Servicos (Paineis)';
Dez 22, 2014 9:09:45 AM org.iadb.seppir.monitor.OlapCurrentService getRows
INFORMAÇÕES: select nome,cod_mes_atual,ano_atual from tbl_config_cubos where nome='PBQ Servicos (Paineis)';
Dez 22, 2014 9:09:45 AM org.iadb.seppir.monitor.OlapCurrentService getRows
INFORMAÇÕES: select nome,cod_mes_atual,ano_atual from tbl_config_cubos where nome='PBQ Censo Escolar (Escolas)';
Dez 22, 2014 9:09:46 AM org.iadb.seppir.monitor.OlapCurrentService getRows
INFORMAÇÕES: select nome,cod_mes_atual,ano_atual from tbl_config_cubos where nome='PBQ Servicos (Paineis)';
Dez 22, 2014 9:09:46 AM org.iadb.seppir.monitor.OlapCurrentService getRows
INFORMAÇÕES: select nome,cod_mes_atual,ano_atual from tbl_config_cubos where nome='PBQ Servicos (Paineis)';
Dez 22, 2014 9:09:46 AM org.iadb.seppir.monitor.OlapCurrentService getRows
INFORMAÇÕES: select nome,cod_mes_atual,ano_atual from tbl_config_cubos where nome='PBQ Servicos (Paineis)';
Dez 22, 2014 9:09:46 AM org.iadb.seppir.monitor.OlapCurrentService getRows
INFORMAÇÕES: select nome,cod_mes_atual,ano_atual from tbl_config_cubos where nome='PBQ Servicos (Paineis)';
Dez 22, 2014 9:09:48 AM org.iadb.seppir.monitor.OlapCurrentService getRows
INFORMAÇÕES: select nome,cod_mes_atual,ano_atual from tbl_config_cubos where nome='PBQ CadUnico (Familias Quilombolas)';
Dez 22, 2014 9:09:48 AM org.iadb.seppir.monitor.OlapCurrentService getRows
INFORMAÇÕES: select nome,cod_mes_atual,ano_atual from tbl_config_cubos where nome='PBQ CadUnico (Familias Quilombolas)';
Dez 22, 2014 9:09:48 AM org.iadb.seppir.monitor.OlapCurrentService getRows
INFORMAÇÕES: select nome,cod_mes_atual,ano_atual from tbl_config_cubos where nome='PBQ CadUnico (Familias Quilombolas)';
Dez 22, 2014 9:09:48 AM org.iadb.seppir.monitor.OlapCurrentService getRows
INFORMAÇÕES: select nome,cod_mes_atual,ano_atual from tbl_config_cubos where nome='PBQ CadUnico (Pessoas Quilombolas)';
Dez 22, 2014 9:09:48 AM org.iadb.seppir.monitor.OlapCurrentService getRows
INFORMAÇÕES: select nome,cod_mes_atual,ano_atual from tbl_config_cubos where nome='PBQ Servicos (Paineis)';
Dez 22, 2014 9:09:48 AM org.iadb.seppir.monitor.OlapCurrentService getRows
INFORMAÇÕES: select nome,cod_mes_atual,ano_atual from tbl_config_cubos where nome='PBQ Servicos (Paineis)';
Dez 22, 2014 9:09:48 AM org.iadb.seppir.monitor.OlapCurrentService getRows
INFORMAÇÕES: select nome,cod_mes_atual,ano_atual from tbl_config_cubos where nome='PBQ Servicos (Paineis)';
Dez 22, 2014 9:09:48 AM org.iadb.seppir.monitor.OlapCurrentService getRows
INFORMAÇÕES: select nome,cod_mes_atual,ano_atual from tbl_config_cubos where nome='PBQ Servicos (Paineis)';
Dez 22, 2014 9:09:48 AM org.iadb.seppir.monitor.OlapCurrentService getRows
INFORMAÇÕES: select nome,cod_mes_atual,ano_atual from tbl_config_cubos where nome='PBQ Servicos (Paineis)';
Dez 22, 2014 9:09:48 AM org.iadb.seppir.monitor.OlapCurrentService getRows
INFORMAÇÕES: select nome,cod_mes_atual,ano_atual from tbl_config_cubos where nome='PBQ Servicos (Paineis)';
Dez 22, 2014 9:37:41 AM org.iadb.seppir.monitor.OlapCurrentService getRows
INFORMAÇÕES: select nome,cod_mes_atual,ano_atual from tbl_config_cubos where nome='PBQ CadUnico (Pessoas Quilombolas)';
Dez 22, 2014 9:37:41 AM org.iadb.seppir.monitor.OlapCurrentService getRows
INFORMAÇÕES: select nome,cod_mes_atual,ano_atual from tbl_config_cubos where nome='PBQ Censo Escolar (Escolas)';
Dez 22, 2014 9:37:41 AM org.iadb.seppir.monitor.OlapCurrentService getRows
INFORMAÇÕES: select nome,cod_mes_atual,ano_atual from tbl_config_cubos where nome='PBQ Censo Escolar (Escolas)';
Dez 22, 2014 9:37:41 AM org.iadb.seppir.monitor.OlapCurrentService getRows
INFORMAÇÕES: select nome,cod_mes_atual,ano_atual from tbl_config_cubos where nome='PBQ Censo Escolar (Escolas)';
Dez 22, 2014 9:37:41 AM org.iadb.seppir.monitor.OlapCurrentService getRows
INFORMAÇÕES: select nome,cod_mes_atual,ano_atual from tbl_config_cubos where nome='PBQ Censo Escolar (Escolas)';
Dez 22, 2014 9:37:41 AM org.iadb.seppir.monitor.OlapCurrentService getRows
INFORMAÇÕES: select nome,cod_mes_atual,ano_atual from tbl_config_cubos where nome='PBQ Censo Escolar (Escolas)';
Dez 22, 2014 9:37:41 AM org.iadb.seppir.monitor.OlapCurrentService getRows
INFORMAÇÕES: select nome,cod_mes_atual,ano_atual from tbl_config_cubos where nome='PBQ Servicos (Paineis)';
Dez 22, 2014 9:37:41 AM org.iadb.seppir.monitor.OlapCurrentService getRows
INFORMAÇÕES: select nome,cod_mes_atual,ano_atual from tbl_config_cubos where nome='PBQ Servicos (Paineis)';
Dez 22, 2014 9:37:41 AM org.iadb.seppir.monitor.OlapCurrentService getRows
INFORMAÇÕES: select nome,cod_mes_atual,ano_atual from tbl_config_cubos where nome='PBQ Censo Escolar (Escolas)';
Dez 22, 2014 9:37:41 AM org.iadb.seppir.monitor.OlapCurrentService getRows
INFORMAÇÕES: select nome,cod_mes_atual,ano_atual from tbl_config_cubos where nome='PBQ Servicos (Paineis)';
Dez 22, 2014 9:37:41 AM org.iadb.seppir.monitor.OlapCurrentService getRows
INFORMAÇÕES: select nome,cod_mes_atual,ano_atual from tbl_config_cubos where nome='PBQ Servicos (Paineis)';
Dez 22, 2014 9:37:41 AM org.iadb.seppir.monitor.OlapCurrentService getRows
INFORMAÇÕES: select nome,cod_mes_atual,ano_atual from tbl_config_cubos where nome='PBQ Servicos (Paineis)';
Dez 22, 2014 9:37:41 AM org.iadb.seppir.monitor.OlapCurrentService getRows
INFORMAÇÕES: select nome,cod_mes_atual,ano_atual from tbl_config_cubos where nome='PBQ Servicos (Paineis)';
Dez 22, 2014 9:59:03 AM org.iadb.seppir.monitor.OlapCurrentService getRows
INFORMAÇÕES: select nome,cod_mes_atual,ano_atual from tbl_config_cubos where nome='PBQ Dados Integrados';
Dez 22, 2014 9:59:03 AM org.iadb.seppir.monitor.OlapCurrentService getRows
INFORMAÇÕES: select nome,cod_mes_atual,ano_atual from tbl_config_cubos where nome='PBQ Dados Integrados';
Dez 22, 2014 9:59:03 AM org.iadb.seppir.monitor.OlapCurrentService getRows
INFORMAÇÕES: select nome,cod_mes_atual,ano_atual from tbl_config_cubos where nome='PBQ Dados Integrados';
Dez 22, 2014 9:59:03 AM org.iadb.seppir.monitor.OlapCurrentService getRows
INFORMAÇÕES: select nome,cod_mes_atual,ano_atual from tbl_config_cubos where nome='PBQ Dados Integrados';
Dez 22, 2014 9:59:03 AM org.iadb.seppir.monitor.OlapCurrentService getRows
INFORMAÇÕES: select nome,cod_mes_atual,ano_atual from tbl_config_cubos where nome='PBQ Dados Integrados';
Dez 22, 2014 9:59:03 AM org.iadb.seppir.monitor.OlapCurrentService getRows
INFORMAÇÕES: select id_comunidade,nome_comunidade,nome_territorio,(case status_incra_territorio when 1 then '3 - Decreto' when 2 then '2 - Portaria' when 3 then '2 - Portaria' when 4 then '1 - RTID' when 5 then '4 - Titulada' else '0 - Certificada' end) as nome_status,(select sigla_uf from tbl_ibge_municipios as m left join tbl_ibge_ufs as u on m.cod_uf = u.cod_uf where cod_7 = cod_7_ibge_municipio) as uf from tbl_seppir_quilombola_comunidade as c left join tbl_seppir_quilombola_territorio as t on c.id_territorio=t.id_territorio;
Dez 22, 2014 9:59:04 AM org.iadb.seppir.monitor.OlapCurrentService getRows
INFORMAÇÕES: select nome,cod_mes_atual,ano_atual from tbl_config_cubos where nome='PBQ CadUnico (Pessoas Quilombolas)';
Dez 22, 2014 9:59:04 AM org.iadb.seppir.monitor.OlapCurrentService getRows
INFORMAÇÕES: select nome,cod_mes_atual,ano_atual from tbl_config_cubos where nome='PBQ Censo Escolar (Escolas)';
Dez 22, 2014 9:59:04 AM org.iadb.seppir.monitor.OlapCurrentService getRows
INFORMAÇÕES: select nome,cod_mes_atual,ano_atual from tbl_config_cubos where nome='PBQ Censo Escolar (Escolas)';
Dez 22, 2014 9:59:04 AM org.iadb.seppir.monitor.OlapCurrentService getRows
INFORMAÇÕES: select nome,cod_mes_atual,ano_atual from tbl_config_cubos where nome='PBQ Censo Escolar (Escolas)';
Dez 22, 2014 9:59:04 AM org.iadb.seppir.monitor.OlapCurrentService getRows
INFORMAÇÕES: select nome,cod_mes_atual,ano_atual from tbl_config_cubos where nome='PBQ Censo Escolar (Escolas)';
Dez 22, 2014 9:59:04 AM org.iadb.seppir.monitor.OlapCurrentService getRows
INFORMAÇÕES: select nome,cod_mes_atual,ano_atual from tbl_config_cubos where nome='PBQ Censo Escolar (Escolas)';
Dez 22, 2014 9:59:04 AM org.iadb.seppir.monitor.OlapCurrentService getRows
INFORMAÇÕES: select nome,cod_mes_atual,ano_atual from tbl_config_cubos where nome='PBQ Servicos (Paineis)';
Dez 22, 2014 9:59:04 AM org.iadb.seppir.monitor.OlapCurrentService getRows
INFORMAÇÕES: select nome,cod_mes_atual,ano_atual from tbl_config_cubos where nome='PBQ Servicos (Paineis)';
Dez 22, 2014 9:59:04 AM org.iadb.seppir.monitor.OlapCurrentService getRows
INFORMAÇÕES: select nome,cod_mes_atual,ano_atual from tbl_config_cubos where nome='PBQ Censo Escolar (Escolas)';
Dez 22, 2014 9:59:04 AM org.iadb.seppir.monitor.OlapCurrentService getRows
INFORMAÇÕES: select nome,cod_mes_atual,ano_atual from tbl_config_cubos where nome='PBQ Servicos (Paineis)';
Dez 22, 2014 9:59:04 AM org.iadb.seppir.monitor.OlapCurrentService getRows
INFORMAÇÕES: select nome,cod_mes_atual,ano_atual from tbl_config_cubos where nome='PBQ Servicos (Paineis)';
Dez 22, 2014 9:59:04 AM org.iadb.seppir.monitor.OlapCurrentService getRows
INFORMAÇÕES: select nome,cod_mes_atual,ano_atual from tbl_config_cubos where nome='PBQ Servicos (Paineis)';
Dez 22, 2014 9:59:04 AM org.iadb.seppir.monitor.OlapCurrentService getRows
INFORMAÇÕES: select nome,cod_mes_atual,ano_atual from tbl_config_cubos where nome='PBQ Servicos (Paineis)';
Dez 22, 2014 9:59:12 AM org.iadb.seppir.monitor.OlapCurrentService getRows
INFORMAÇÕES: select nome,cod_mes_atual,ano_atual from tbl_config_cubos where nome='PBQ CadUnico (Familias Quilombolas)';
Dez 22, 2014 9:59:12 AM org.iadb.seppir.monitor.OlapCurrentService getRows
INFORMAÇÕES: select nome,cod_mes_atual,ano_atual from tbl_config_cubos where nome='PBQ CadUnico (Familias Quilombolas)';
Dez 22, 2014 9:59:12 AM org.iadb.seppir.monitor.OlapCurrentService getRows
INFORMAÇÕES: select nome,cod_mes_atual,ano_atual from tbl_config_cubos where nome='PBQ CadUnico (Familias Quilombolas)';
Dez 22, 2014 9:59:12 AM org.iadb.seppir.monitor.OlapCurrentService getRows
INFORMAÇÕES: select nome,cod_mes_atual,ano_atual from tbl_config_cubos where nome='PBQ CadUnico (Pessoas Quilombolas)';
Dez 22, 2014 9:59:12 AM org.iadb.seppir.monitor.OlapCurrentService getRows
INFORMAÇÕES: select nome,cod_mes_atual,ano_atual from tbl_config_cubos where nome='PBQ Servicos (Paineis)';
Dez 22, 2014 9:59:13 AM org.iadb.seppir.monitor.OlapCurrentService getRows
INFORMAÇÕES: select nome,cod_mes_atual,ano_atual from tbl_config_cubos where nome='PBQ Servicos (Paineis)';
Dez 22, 2014 9:59:13 AM org.iadb.seppir.monitor.OlapCurrentService getRows
INFORMAÇÕES: select nome,cod_mes_atual,ano_atual from tbl_config_cubos where nome='PBQ Servicos (Paineis)';
Dez 22, 2014 9:59:13 AM org.iadb.seppir.monitor.OlapCurrentService getRows
INFORMAÇÕES: select nome,cod_mes_atual,ano_atual from tbl_config_cubos where nome='PBQ Servicos (Paineis)';
Dez 22, 2014 9:59:13 AM org.iadb.seppir.monitor.OlapCurrentService getRows
INFORMAÇÕES: select nome,cod_mes_atual,ano_atual from tbl_config_cubos where nome='PBQ Servicos (Paineis)';
Dez 22, 2014 9:59:13 AM org.iadb.seppir.monitor.OlapCurrentService getRows
INFORMAÇÕES: select nome,cod_mes_atual,ano_atual from tbl_config_cubos where nome='PBQ Servicos (Paineis)';
Dez 22, 2014 9:59:16 AM org.iadb.seppir.monitor.OlapCurrentService getRows
INFORMAÇÕES: select nome,cod_mes_atual,ano_atual from tbl_config_cubos where nome='PBQ CadUnico (Pessoas Quilombolas)';
Dez 22, 2014 9:59:16 AM org.iadb.seppir.monitor.OlapCurrentService getRows
INFORMAÇÕES: select nome,cod_mes_atual,ano_atual from tbl_config_cubos where nome='PBQ Censo Escolar (Escolas)';
Dez 22, 2014 9:59:16 AM org.iadb.seppir.monitor.OlapCurrentService getRows
INFORMAÇÕES: select nome,cod_mes_atual,ano_atual from tbl_config_cubos where nome='PBQ Censo Escolar (Escolas)';
Dez 22, 2014 9:59:16 AM org.iadb.seppir.monitor.OlapCurrentService getRows
INFORMAÇÕES: select nome,cod_mes_atual,ano_atual from tbl_config_cubos where nome='PBQ Censo Escolar (Escolas)';
Dez 22, 2014 9:59:16 AM org.iadb.seppir.monitor.OlapCurrentService getRows
INFORMAÇÕES: select nome,cod_mes_atual,ano_atual from tbl_config_cubos where nome='PBQ Censo Escolar (Escolas)';
Dez 22, 2014 9:59:16 AM org.iadb.seppir.monitor.OlapCurrentService getRows
INFORMAÇÕES: select nome,cod_mes_atual,ano_atual from tbl_config_cubos where nome='PBQ Censo Escolar (Escolas)';
Dez 22, 2014 9:59:16 AM org.iadb.seppir.monitor.OlapCurrentService getRows
INFORMAÇÕES: select nome,cod_mes_atual,ano_atual from tbl_config_cubos where nome='PBQ Servicos (Paineis)';
Dez 22, 2014 9:59:16 AM org.iadb.seppir.monitor.OlapCurrentService getRows
INFORMAÇÕES: select nome,cod_mes_atual,ano_atual from tbl_config_cubos where nome='PBQ Servicos (Paineis)';
Dez 22, 2014 9:59:16 AM org.iadb.seppir.monitor.OlapCurrentService getRows
INFORMAÇÕES: select nome,cod_mes_atual,ano_atual from tbl_config_cubos where nome='PBQ Censo Escolar (Escolas)';
Dez 22, 2014 9:59:16 AM org.iadb.seppir.monitor.OlapCurrentService getRows
INFORMAÇÕES: select nome,cod_mes_atual,ano_atual from tbl_config_cubos where nome='PBQ Servicos (Paineis)';
Dez 22, 2014 9:59:16 AM org.iadb.seppir.monitor.OlapCurrentService getRows
INFORMAÇÕES: select nome,cod_mes_atual,ano_atual from tbl_config_cubos where nome='PBQ Servicos (Paineis)';
Dez 22, 2014 9:59:16 AM org.iadb.seppir.monitor.OlapCurrentService getRows
INFORMAÇÕES: select nome,cod_mes_atual,ano_atual from tbl_config_cubos where nome='PBQ Servicos (Paineis)';
Dez 22, 2014 9:59:16 AM org.iadb.seppir.monitor.OlapCurrentService getRows
INFORMAÇÕES: select nome,cod_mes_atual,ano_atual from tbl_config_cubos where nome='PBQ Servicos (Paineis)';
Dez 22, 2014 10:01:23 AM org.iadb.seppir.monitor.OlapCurrentService getRows
INFORMAÇÕES: select nome,cod_mes_atual,ano_atual from tbl_config_cubos where nome='PBQ Dados Integrados';
Dez 22, 2014 10:01:23 AM org.iadb.seppir.monitor.OlapCurrentService getRows
INFORMAÇÕES: select nome,cod_mes_atual,ano_atual from tbl_config_cubos where nome='PBQ Dados Integrados';
Dez 22, 2014 10:01:23 AM org.iadb.seppir.monitor.OlapCurrentService getRows
INFORMAÇÕES: select nome,cod_mes_atual,ano_atual from tbl_config_cubos where nome='PBQ Dados Integrados';
Dez 22, 2014 10:01:23 AM org.iadb.seppir.monitor.OlapCurrentService getRows
INFORMAÇÕES: select nome,cod_mes_atual,ano_atual from tbl_config_cubos where nome='PBQ Dados Integrados';
Dez 22, 2014 10:01:23 AM org.iadb.seppir.monitor.OlapCurrentService getRows
INFORMAÇÕES: select nome,cod_mes_atual,ano_atual from tbl_config_cubos where nome='PBQ Dados Integrados';
Dez 22, 2014 10:01:23 AM org.iadb.seppir.monitor.OlapCurrentService getRows
INFORMAÇÕES: select id_comunidade,nome_comunidade,nome_territorio,(case status_incra_territorio when 1 then '3 - Decreto' when 2 then '2 - Portaria' when 3 then '2 - Portaria' when 4 then '1 - RTID' when 5 then '4 - Titulada' else '0 - Certificada' end) as nome_status,(select sigla_uf from tbl_ibge_municipios as m left join tbl_ibge_ufs as u on m.cod_uf = u.cod_uf where cod_7 = cod_7_ibge_municipio) as uf from tbl_seppir_quilombola_comunidade as c left join tbl_seppir_quilombola_territorio as t on c.id_territorio=t.id_territorio;
Dez 22, 2014 10:01:24 AM org.iadb.seppir.monitor.OlapCurrentService getRows
INFORMAÇÕES: select nome,cod_mes_atual,ano_atual from tbl_config_cubos where nome='PBQ CadUnico (Pessoas Quilombolas)';
Dez 22, 2014 10:01:24 AM org.iadb.seppir.monitor.OlapCurrentService getRows
INFORMAÇÕES: select nome,cod_mes_atual,ano_atual from tbl_config_cubos where nome='PBQ Censo Escolar (Escolas)';
Dez 22, 2014 10:01:24 AM org.iadb.seppir.monitor.OlapCurrentService getRows
INFORMAÇÕES: select nome,cod_mes_atual,ano_atual from tbl_config_cubos where nome='PBQ Censo Escolar (Escolas)';
Dez 22, 2014 10:01:24 AM org.iadb.seppir.monitor.OlapCurrentService getRows
INFORMAÇÕES: select nome,cod_mes_atual,ano_atual from tbl_config_cubos where nome='PBQ Censo Escolar (Escolas)';
Dez 22, 2014 10:01:24 AM org.iadb.seppir.monitor.OlapCurrentService getRows
INFORMAÇÕES: select nome,cod_mes_atual,ano_atual from tbl_config_cubos where nome='PBQ Censo Escolar (Escolas)';
Dez 22, 2014 10:01:24 AM org.iadb.seppir.monitor.OlapCurrentService getRows
INFORMAÇÕES: select nome,cod_mes_atual,ano_atual from tbl_config_cubos where nome='PBQ Censo Escolar (Escolas)';
Dez 22, 2014 10:01:24 AM org.iadb.seppir.monitor.OlapCurrentService getRows
INFORMAÇÕES: select nome,cod_mes_atual,ano_atual from tbl_config_cubos where nome='PBQ Servicos (Paineis)';
Dez 22, 2014 10:01:24 AM org.iadb.seppir.monitor.OlapCurrentService getRows
INFORMAÇÕES: select nome,cod_mes_atual,ano_atual from tbl_config_cubos where nome='PBQ Servicos (Paineis)';
Dez 22, 2014 10:01:24 AM org.iadb.seppir.monitor.OlapCurrentService getRows
INFORMAÇÕES: select nome,cod_mes_atual,ano_atual from tbl_config_cubos where nome='PBQ Censo Escolar (Escolas)';
Dez 22, 2014 10:01:24 AM org.iadb.seppir.monitor.OlapCurrentService getRows
INFORMAÇÕES: select nome,cod_mes_atual,ano_atual from tbl_config_cubos where nome='PBQ Servicos (Paineis)';
Dez 22, 2014 10:01:24 AM org.iadb.seppir.monitor.OlapCurrentService getRows
INFORMAÇÕES: select nome,cod_mes_atual,ano_atual from tbl_config_cubos where nome='PBQ Servicos (Paineis)';
Dez 22, 2014 10:01:24 AM org.iadb.seppir.monitor.OlapCurrentService getRows
INFORMAÇÕES: select nome,cod_mes_atual,ano_atual from tbl_config_cubos where nome='PBQ Servicos (Paineis)';
Dez 22, 2014 10:01:24 AM org.iadb.seppir.monitor.OlapCurrentService getRows
INFORMAÇÕES: select nome,cod_mes_atual,ano_atual from tbl_config_cubos where nome='PBQ Servicos (Paineis)';
Dez 22, 2014 10:09:09 AM org.iadb.seppir.monitor.OlapCurrentService getRows
INFORMAÇÕES: select nome,cod_mes_atual,ano_atual from tbl_config_cubos where nome='PBQ Dados Integrados';
Dez 22, 2014 10:09:09 AM org.iadb.seppir.monitor.OlapCurrentService getRows
INFORMAÇÕES: select nome,cod_mes_atual,ano_atual from tbl_config_cubos where nome='PBQ Dados Integrados';
Dez 22, 2014 10:09:09 AM org.iadb.seppir.monitor.OlapCurrentService getRows
INFORMAÇÕES: select nome,cod_mes_atual,ano_atual from tbl_config_cubos where nome='PBQ Dados Integrados';
Dez 22, 2014 10:09:09 AM org.iadb.seppir.monitor.OlapCurrentService getRows
INFORMAÇÕES: select nome,cod_mes_atual,ano_atual from tbl_config_cubos where nome='PBQ Dados Integrados';
Dez 22, 2014 10:09:09 AM org.iadb.seppir.monitor.OlapCurrentService getRows
INFORMAÇÕES: select nome,cod_mes_atual,ano_atual from tbl_config_cubos where nome='PBQ Dados Integrados';
Dez 22, 2014 10:09:09 AM org.iadb.seppir.monitor.OlapCurrentService getRows
INFORMAÇÕES: select id_comunidade,nome_comunidade,nome_territorio,(case status_incra_territorio when 1 then '3 - Decreto' when 2 then '2 - Portaria' when 3 then '2 - Portaria' when 4 then '1 - RTID' when 5 then '4 - Titulada' else '0 - Certificada' end) as nome_status,(select sigla_uf from tbl_ibge_municipios as m left join tbl_ibge_ufs as u on m.cod_uf = u.cod_uf where cod_7 = cod_7_ibge_municipio) as uf from tbl_seppir_quilombola_comunidade as c left join tbl_seppir_quilombola_territorio as t on c.id_territorio=t.id_territorio;
Dez 22, 2014 10:09:11 AM org.iadb.seppir.monitor.OlapCurrentService getRows
INFORMAÇÕES: select nome,cod_mes_atual,ano_atual from tbl_config_cubos where nome='PBQ CadUnico (Pessoas Quilombolas)';
Dez 22, 2014 10:09:11 AM org.iadb.seppir.monitor.OlapCurrentService getRows
INFORMAÇÕES: select nome,cod_mes_atual,ano_atual from tbl_config_cubos where nome='PBQ Censo Escolar (Escolas)';
Dez 22, 2014 10:09:11 AM org.iadb.seppir.monitor.OlapCurrentService getRows
INFORMAÇÕES: select nome,cod_mes_atual,ano_atual from tbl_config_cubos where nome='PBQ Censo Escolar (Escolas)';
Dez 22, 2014 10:09:11 AM org.iadb.seppir.monitor.OlapCurrentService getRows
INFORMAÇÕES: select nome,cod_mes_atual,ano_atual from tbl_config_cubos where nome='PBQ Censo Escolar (Escolas)';
Dez 22, 2014 10:09:11 AM org.iadb.seppir.monitor.OlapCurrentService getRows
INFORMAÇÕES: select nome,cod_mes_atual,ano_atual from tbl_config_cubos where nome='PBQ Censo Escolar (Escolas)';
Dez 22, 2014 10:09:11 AM org.iadb.seppir.monitor.OlapCurrentService getRows
INFORMAÇÕES: select nome,cod_mes_atual,ano_atual from tbl_config_cubos where nome='PBQ Censo Escolar (Escolas)';
Dez 22, 2014 10:09:11 AM org.iadb.seppir.monitor.OlapCurrentService getRows
INFORMAÇÕES: select nome,cod_mes_atual,ano_atual from tbl_config_cubos where nome='PBQ Servicos (Paineis)';
Dez 22, 2014 10:09:11 AM org.iadb.seppir.monitor.OlapCurrentService getRows
INFORMAÇÕES: select nome,cod_mes_atual,ano_atual from tbl_config_cubos where nome='PBQ Servicos (Paineis)';
Dez 22, 2014 10:09:11 AM org.iadb.seppir.monitor.OlapCurrentService getRows
INFORMAÇÕES: select nome,cod_mes_atual,ano_atual from tbl_config_cubos where nome='PBQ Censo Escolar (Escolas)';
Dez 22, 2014 10:09:11 AM org.iadb.seppir.monitor.OlapCurrentService getRows
INFORMAÇÕES: select nome,cod_mes_atual,ano_atual from tbl_config_cubos where nome='PBQ Servicos (Paineis)';
Dez 22, 2014 10:09:11 AM org.iadb.seppir.monitor.OlapCurrentService getRows
INFORMAÇÕES: select nome,cod_mes_atual,ano_atual from tbl_config_cubos where nome='PBQ Servicos (Paineis)';
Dez 22, 2014 10:09:11 AM org.iadb.seppir.monitor.OlapCurrentService getRows
INFORMAÇÕES: select nome,cod_mes_atual,ano_atual from tbl_config_cubos where nome='PBQ Servicos (Paineis)';
Dez 22, 2014 10:09:11 AM org.iadb.seppir.monitor.OlapCurrentService getRows
INFORMAÇÕES: select nome,cod_mes_atual,ano_atual from tbl_config_cubos where nome='PBQ Servicos (Paineis)';
