Dez 08, 2014 10:01:10 AM org.iadb.seppir.monitor.OlapCurrentService getRows
INFORMAÇÕES: select nome,cod_mes_atual,ano_atual from tbl_config_cubos where nome='PBQ Dados Integrados';
Dez 08, 2014 10:01:10 AM org.iadb.seppir.monitor.OlapCurrentService getRows
INFORMAÇÕES: select nome,cod_mes_atual,ano_atual from tbl_config_cubos where nome='PBQ Dados Integrados';
Dez 08, 2014 10:01:10 AM org.iadb.seppir.monitor.OlapCurrentService getRows
INFORMAÇÕES: select nome,cod_mes_atual,ano_atual from tbl_config_cubos where nome='PBQ Dados Integrados';
Dez 08, 2014 10:01:10 AM org.iadb.seppir.monitor.OlapCurrentService getRows
INFORMAÇÕES: select nome,cod_mes_atual,ano_atual from tbl_config_cubos where nome='PBQ Dados Integrados';
Dez 08, 2014 10:01:10 AM org.iadb.seppir.monitor.OlapCurrentService getRows
INFORMAÇÕES: select nome,cod_mes_atual,ano_atual from tbl_config_cubos where nome='PBQ Dados Integrados';
Dez 08, 2014 10:01:22 AM org.iadb.seppir.monitor.OlapCurrentService getRows
INFORMAÇÕES: select id_comunidade,nome_comunidade,nome_territorio,(case status_incra_territorio when 1 then '3 - Decreto' when 2 then '2 - Portaria' when 3 then '2 - Portaria' when 4 then '1 - RTID' when 5 then '4 - Titulada' else '0 - Certificada' end) as nome_status,(select sigla_uf from tbl_ibge_municipios as m left join tbl_ibge_ufs as u on m.cod_uf = u.cod_uf where cod_7 = cod_7_ibge_municipio) as uf from tbl_seppir_quilombola_comunidade as c left join tbl_seppir_quilombola_territorio as t on c.id_territorio=t.id_territorio;
Dez 08, 2014 10:01:23 AM org.iadb.seppir.monitor.OlapCurrentService getRows
INFORMAÇÕES: select nome,cod_mes_atual,ano_atual from tbl_config_cubos where nome='PBQ CadUnico (Pessoas Quilombolas)';
Dez 08, 2014 10:01:23 AM org.iadb.seppir.monitor.OlapCurrentService getRows
INFORMAÇÕES: select nome,cod_mes_atual,ano_atual from tbl_config_cubos where nome='PBQ Censo Escolar (Escolas)';
Dez 08, 2014 10:01:23 AM org.iadb.seppir.monitor.OlapCurrentService getRows
INFORMAÇÕES: select nome,cod_mes_atual,ano_atual from tbl_config_cubos where nome='PBQ Censo Escolar (Escolas)';
Dez 08, 2014 10:01:23 AM org.iadb.seppir.monitor.OlapCurrentService getRows
INFORMAÇÕES: select nome,cod_mes_atual,ano_atual from tbl_config_cubos where nome='PBQ Censo Escolar (Escolas)';
Dez 08, 2014 10:01:23 AM org.iadb.seppir.monitor.OlapCurrentService getRows
INFORMAÇÕES: select nome,cod_mes_atual,ano_atual from tbl_config_cubos where nome='PBQ Censo Escolar (Escolas)';
Dez 08, 2014 10:01:23 AM org.iadb.seppir.monitor.OlapCurrentService getRows
INFORMAÇÕES: select nome,cod_mes_atual,ano_atual from tbl_config_cubos where nome='PBQ Censo Escolar (Escolas)';
Dez 08, 2014 10:01:23 AM org.iadb.seppir.monitor.OlapCurrentService getRows
INFORMAÇÕES: select nome,cod_mes_atual,ano_atual from tbl_config_cubos where nome='PBQ Servicos (Paineis)';
Dez 08, 2014 10:01:23 AM org.iadb.seppir.monitor.OlapCurrentService getRows
INFORMAÇÕES: select nome,cod_mes_atual,ano_atual from tbl_config_cubos where nome='PBQ Servicos (Paineis)';
Dez 08, 2014 10:01:23 AM org.iadb.seppir.monitor.OlapCurrentService getRows
INFORMAÇÕES: select nome,cod_mes_atual,ano_atual from tbl_config_cubos where nome='PBQ Censo Escolar (Escolas)';
Dez 08, 2014 10:01:23 AM org.iadb.seppir.monitor.OlapCurrentService getRows
INFORMAÇÕES: select nome,cod_mes_atual,ano_atual from tbl_config_cubos where nome='PBQ Servicos (Paineis)';
Dez 08, 2014 10:01:23 AM org.iadb.seppir.monitor.OlapCurrentService getRows
INFORMAÇÕES: select nome,cod_mes_atual,ano_atual from tbl_config_cubos where nome='PBQ Servicos (Paineis)';
Dez 08, 2014 10:01:23 AM org.iadb.seppir.monitor.OlapCurrentService getRows
INFORMAÇÕES: select nome,cod_mes_atual,ano_atual from tbl_config_cubos where nome='PBQ Servicos (Paineis)';
Dez 08, 2014 10:01:23 AM org.iadb.seppir.monitor.OlapCurrentService getRows
INFORMAÇÕES: select nome,cod_mes_atual,ano_atual from tbl_config_cubos where nome='PBQ Servicos (Paineis)';
Dez 08, 2014 10:01:24 AM org.iadb.seppir.monitor.OlapCurrentService getRows
INFORMAÇÕES: select nome,cod_mes_atual,ano_atual from tbl_config_cubos where nome='PBQ CadUnico (Pessoas Quilombolas)';
Dez 08, 2014 10:01:24 AM org.iadb.seppir.monitor.OlapCurrentService getRows
INFORMAÇÕES: select nome,cod_mes_atual,ano_atual from tbl_config_cubos where nome='PBQ Censo Escolar (Escolas)';
Dez 08, 2014 10:01:24 AM org.iadb.seppir.monitor.OlapCurrentService getRows
INFORMAÇÕES: select nome,cod_mes_atual,ano_atual from tbl_config_cubos where nome='PBQ Censo Escolar (Escolas)';
Dez 08, 2014 10:01:24 AM org.iadb.seppir.monitor.OlapCurrentService getRows
INFORMAÇÕES: select nome,cod_mes_atual,ano_atual from tbl_config_cubos where nome='PBQ Censo Escolar (Escolas)';
Dez 08, 2014 10:01:24 AM org.iadb.seppir.monitor.OlapCurrentService getRows
INFORMAÇÕES: select nome,cod_mes_atual,ano_atual from tbl_config_cubos where nome='PBQ Censo Escolar (Escolas)';
Dez 08, 2014 10:01:24 AM org.iadb.seppir.monitor.OlapCurrentService getRows
INFORMAÇÕES: select nome,cod_mes_atual,ano_atual from tbl_config_cubos where nome='PBQ Censo Escolar (Escolas)';
Dez 08, 2014 10:01:24 AM org.iadb.seppir.monitor.OlapCurrentService getRows
INFORMAÇÕES: select nome,cod_mes_atual,ano_atual from tbl_config_cubos where nome='PBQ Servicos (Paineis)';
Dez 08, 2014 10:01:24 AM org.iadb.seppir.monitor.OlapCurrentService getRows
INFORMAÇÕES: select nome,cod_mes_atual,ano_atual from tbl_config_cubos where nome='PBQ Servicos (Paineis)';
Dez 08, 2014 10:01:24 AM org.iadb.seppir.monitor.OlapCurrentService getRows
INFORMAÇÕES: select nome,cod_mes_atual,ano_atual from tbl_config_cubos where nome='PBQ Censo Escolar (Escolas)';
Dez 08, 2014 10:01:24 AM org.iadb.seppir.monitor.OlapCurrentService getRows
INFORMAÇÕES: select nome,cod_mes_atual,ano_atual from tbl_config_cubos where nome='PBQ Servicos (Paineis)';
Dez 08, 2014 10:01:24 AM org.iadb.seppir.monitor.OlapCurrentService getRows
INFORMAÇÕES: select nome,cod_mes_atual,ano_atual from tbl_config_cubos where nome='PBQ Servicos (Paineis)';
Dez 08, 2014 10:01:24 AM org.iadb.seppir.monitor.OlapCurrentService getRows
INFORMAÇÕES: select nome,cod_mes_atual,ano_atual from tbl_config_cubos where nome='PBQ Servicos (Paineis)';
Dez 08, 2014 10:01:24 AM org.iadb.seppir.monitor.OlapCurrentService getRows
INFORMAÇÕES: select nome,cod_mes_atual,ano_atual from tbl_config_cubos where nome='PBQ Servicos (Paineis)';
Dez 08, 2014 1:18:44 PM org.iadb.seppir.monitor.OlapCurrentService getRows
INFORMAÇÕES: select nome,cod_mes_atual,ano_atual from tbl_config_cubos where nome='PBQ Dados Integrados';
Dez 08, 2014 1:18:44 PM org.iadb.seppir.monitor.OlapCurrentService getRows
INFORMAÇÕES: select nome,cod_mes_atual,ano_atual from tbl_config_cubos where nome='PBQ Dados Integrados';
Dez 08, 2014 1:18:44 PM org.iadb.seppir.monitor.OlapCurrentService getRows
INFORMAÇÕES: select nome,cod_mes_atual,ano_atual from tbl_config_cubos where nome='PBQ Dados Integrados';
Dez 08, 2014 1:18:44 PM org.iadb.seppir.monitor.OlapCurrentService getRows
INFORMAÇÕES: select nome,cod_mes_atual,ano_atual from tbl_config_cubos where nome='PBQ Dados Integrados';
Dez 08, 2014 1:18:44 PM org.iadb.seppir.monitor.OlapCurrentService getRows
INFORMAÇÕES: select nome,cod_mes_atual,ano_atual from tbl_config_cubos where nome='PBQ Dados Integrados';
Dez 08, 2014 1:18:47 PM org.iadb.seppir.monitor.OlapCurrentService getRows
INFORMAÇÕES: select id_comunidade,nome_comunidade,nome_territorio,(case status_incra_territorio when 1 then '3 - Decreto' when 2 then '2 - Portaria' when 3 then '2 - Portaria' when 4 then '1 - RTID' when 5 then '4 - Titulada' else '0 - Certificada' end) as nome_status,(select sigla_uf from tbl_ibge_municipios as m left join tbl_ibge_ufs as u on m.cod_uf = u.cod_uf where cod_7 = cod_7_ibge_municipio) as uf from tbl_seppir_quilombola_comunidade as c left join tbl_seppir_quilombola_territorio as t on c.id_territorio=t.id_territorio;
Dez 08, 2014 1:20:14 PM org.iadb.seppir.monitor.OlapCurrentService getRows
INFORMAÇÕES: select nome,cod_mes_atual,ano_atual from tbl_config_cubos where nome='PBQ CadUnico (Pessoas Quilombolas)';
Dez 08, 2014 1:20:14 PM org.iadb.seppir.monitor.OlapCurrentService getRows
INFORMAÇÕES: select nome,cod_mes_atual,ano_atual from tbl_config_cubos where nome='PBQ Censo Escolar (Escolas)';
Dez 08, 2014 1:20:14 PM org.iadb.seppir.monitor.OlapCurrentService getRows
INFORMAÇÕES: select nome,cod_mes_atual,ano_atual from tbl_config_cubos where nome='PBQ Censo Escolar (Escolas)';
Dez 08, 2014 1:20:14 PM org.iadb.seppir.monitor.OlapCurrentService getRows
INFORMAÇÕES: select nome,cod_mes_atual,ano_atual from tbl_config_cubos where nome='PBQ Censo Escolar (Escolas)';
Dez 08, 2014 1:20:14 PM org.iadb.seppir.monitor.OlapCurrentService getRows
INFORMAÇÕES: select nome,cod_mes_atual,ano_atual from tbl_config_cubos where nome='PBQ Censo Escolar (Escolas)';
Dez 08, 2014 1:20:14 PM org.iadb.seppir.monitor.OlapCurrentService getRows
INFORMAÇÕES: select nome,cod_mes_atual,ano_atual from tbl_config_cubos where nome='PBQ Censo Escolar (Escolas)';
Dez 08, 2014 1:20:14 PM org.iadb.seppir.monitor.OlapCurrentService getRows
INFORMAÇÕES: select nome,cod_mes_atual,ano_atual from tbl_config_cubos where nome='PBQ Servicos (Paineis)';
Dez 08, 2014 1:20:14 PM org.iadb.seppir.monitor.OlapCurrentService getRows
INFORMAÇÕES: select nome,cod_mes_atual,ano_atual from tbl_config_cubos where nome='PBQ Servicos (Paineis)';
Dez 08, 2014 1:20:14 PM org.iadb.seppir.monitor.OlapCurrentService getRows
INFORMAÇÕES: select nome,cod_mes_atual,ano_atual from tbl_config_cubos where nome='PBQ Censo Escolar (Escolas)';
Dez 08, 2014 1:20:14 PM org.iadb.seppir.monitor.OlapCurrentService getRows
INFORMAÇÕES: select nome,cod_mes_atual,ano_atual from tbl_config_cubos where nome='PBQ Servicos (Paineis)';
Dez 08, 2014 1:20:14 PM org.iadb.seppir.monitor.OlapCurrentService getRows
INFORMAÇÕES: select nome,cod_mes_atual,ano_atual from tbl_config_cubos where nome='PBQ Servicos (Paineis)';
Dez 08, 2014 1:20:14 PM org.iadb.seppir.monitor.OlapCurrentService getRows
INFORMAÇÕES: select nome,cod_mes_atual,ano_atual from tbl_config_cubos where nome='PBQ Servicos (Paineis)';
Dez 08, 2014 1:20:14 PM org.iadb.seppir.monitor.OlapCurrentService getRows
INFORMAÇÕES: select nome,cod_mes_atual,ano_atual from tbl_config_cubos where nome='PBQ Servicos (Paineis)';
Dez 08, 2014 1:20:47 PM org.apache.catalina.core.StandardContext reload
INFORMAÇÕES: Reloading Context with name [/paineis] has started
Dez 08, 2014 1:20:49 PM org.iadb.seppir.monitor.DataProviderServlet destroy
INFORMAÇÕES: OLAP Disconnected.
Dez 08, 2014 1:20:49 PM org.iadb.seppir.monitor.CubeNavigatorServlet destroy
INFORMAÇÕES: OLAP Disconnected.
Dez 08, 2014 1:20:55 PM org.apache.catalina.loader.WebappClassLoader clearReferencesJdbc
GRAVE: The web application [/paineis] registered the JDBC driver [mondrian.olap4j.MondrianOlap4jDriver] but failed to unregister it when the web application was stopped. To prevent a memory leak, the JDBC Driver has been forcibly unregistered.
Dez 08, 2014 1:20:55 PM org.apache.catalina.loader.WebappClassLoader clearReferencesThreads
GRAVE: The web application [/paineis] appears to have started a thread named [Mondrian Monitor] but has failed to stop it. This is very likely to create a memory leak.
Dez 08, 2014 1:20:55 PM org.apache.catalina.loader.WebappClassLoader clearReferencesThreads
GRAVE: The web application [/paineis] appears to have started a thread named [mondrian.rolap.agg.SegmentCacheManager$ACTOR] but has failed to stop it. This is very likely to create a memory leak.
Dez 08, 2014 1:20:55 PM org.apache.catalina.loader.WebappClassLoader clearReferencesThreads
GRAVE: The web application [/paineis] appears to have started a thread named [mondrian.rolap.RolapResultShepherd#timer] but has failed to stop it. This is very likely to create a memory leak.
Dez 08, 2014 1:20:55 PM org.apache.catalina.loader.WebappClassLoader clearReferencesThreads
GRAVE: The web application [/paineis] appears to have started a thread named [Thread-24] but has failed to stop it. This is very likely to create a memory leak.
Dez 08, 2014 1:20:55 PM org.apache.catalina.loader.WebappClassLoader clearReferencesThreads
GRAVE: The web application [/paineis] appears to have started a thread named [mondrian.util.ExpiringReference$timer] but has failed to stop it. This is very likely to create a memory leak.
Dez 08, 2014 1:20:55 PM org.apache.catalina.loader.WebappClassLoader checkThreadLocalMapForLeaks
GRAVE: The web application [/paineis] created a ThreadLocal with key of type [mondrian.server.Locus$1] (value [mondrian.server.Locus$1@1769c851]) and a value of type [java.util.Stack] (value [[]]) but failed to remove it when the web application was stopped. Threads are going to be renewed over time to try and avoid a probable memory leak.
Dez 08, 2014 1:20:55 PM org.apache.catalina.loader.WebappClassLoader checkThreadLocalMapForLeaks
GRAVE: The web application [/paineis] created a ThreadLocal with key of type [mondrian.rolap.RolapStar$1] (value [mondrian.rolap.RolapStar$1@21de49d9]) and a value of type [mondrian.rolap.RolapStar.Bar] (value [mondrian.rolap.RolapStar$Bar@69599108]) but failed to remove it when the web application was stopped. Threads are going to be renewed over time to try and avoid a probable memory leak.
Dez 08, 2014 1:20:55 PM org.apache.catalina.loader.WebappClassLoader checkThreadLocalMapForLeaks
GRAVE: The web application [/paineis] created a ThreadLocal with key of type [mondrian.rolap.RolapStar$1] (value [mondrian.rolap.RolapStar$1@7740da40]) and a value of type [mondrian.rolap.RolapStar.Bar] (value [mondrian.rolap.RolapStar$Bar@42b8dcea]) but failed to remove it when the web application was stopped. Threads are going to be renewed over time to try and avoid a probable memory leak.
Dez 08, 2014 1:20:55 PM org.apache.catalina.loader.WebappClassLoader checkThreadLocalMapForLeaks
GRAVE: The web application [/paineis] created a ThreadLocal with key of type [mondrian.rolap.RolapStar$1] (value [mondrian.rolap.RolapStar$1@76afa8de]) and a value of type [mondrian.rolap.RolapStar.Bar] (value [mondrian.rolap.RolapStar$Bar@677c3b2]) but failed to remove it when the web application was stopped. Threads are going to be renewed over time to try and avoid a probable memory leak.
Dez 08, 2014 1:20:55 PM org.apache.catalina.loader.WebappClassLoader checkThreadLocalMapForLeaks
GRAVE: The web application [/paineis] created a ThreadLocal with key of type [mondrian.server.Locus$1] (value [mondrian.server.Locus$1@1769c851]) and a value of type [java.util.Stack] (value [[]]) but failed to remove it when the web application was stopped. Threads are going to be renewed over time to try and avoid a probable memory leak.
Dez 08, 2014 1:20:55 PM org.apache.catalina.loader.WebappClassLoader checkThreadLocalMapForLeaks
GRAVE: The web application [/paineis] created a ThreadLocal with key of type [mondrian.rolap.RolapStar$1] (value [mondrian.rolap.RolapStar$1@70bb5a3d]) and a value of type [mondrian.rolap.RolapStar.Bar] (value [mondrian.rolap.RolapStar$Bar@1c21949d]) but failed to remove it when the web application was stopped. Threads are going to be renewed over time to try and avoid a probable memory leak.
Dez 08, 2014 1:20:55 PM org.apache.catalina.loader.WebappClassLoader checkThreadLocalMapForLeaks
GRAVE: The web application [/paineis] created a ThreadLocal with key of type [mondrian.rolap.RolapStar$1] (value [mondrian.rolap.RolapStar$1@60a3ddd8]) and a value of type [mondrian.rolap.RolapStar.Bar] (value [mondrian.rolap.RolapStar$Bar@2639c179]) but failed to remove it when the web application was stopped. Threads are going to be renewed over time to try and avoid a probable memory leak.
Dez 08, 2014 1:20:55 PM org.apache.catalina.loader.WebappClassLoader checkThreadLocalMapForLeaks
GRAVE: The web application [/paineis] created a ThreadLocal with key of type [mondrian.server.Locus$1] (value [mondrian.server.Locus$1@1769c851]) and a value of type [java.util.Stack] (value [[]]) but failed to remove it when the web application was stopped. Threads are going to be renewed over time to try and avoid a probable memory leak.
Dez 08, 2014 1:20:55 PM org.apache.catalina.loader.WebappClassLoader checkThreadLocalMapForLeaks
GRAVE: The web application [/paineis] created a ThreadLocal with key of type [mondrian.server.Locus$1] (value [mondrian.server.Locus$1@1769c851]) and a value of type [java.util.Stack] (value [[]]) but failed to remove it when the web application was stopped. Threads are going to be renewed over time to try and avoid a probable memory leak.
Dez 08, 2014 1:20:55 PM org.apache.catalina.loader.WebappClassLoader checkThreadLocalMapForLeaks
GRAVE: The web application [/paineis] created a ThreadLocal with key of type [mondrian.server.Locus$1] (value [mondrian.server.Locus$1@1769c851]) and a value of type [java.util.Stack] (value [[]]) but failed to remove it when the web application was stopped. Threads are going to be renewed over time to try and avoid a probable memory leak.
Dez 08, 2014 1:20:55 PM org.apache.catalina.loader.WebappClassLoader checkThreadLocalMapForLeaks
GRAVE: The web application [/paineis] created a ThreadLocal with key of type [mondrian.server.Locus$1] (value [mondrian.server.Locus$1@1769c851]) and a value of type [java.util.Stack] (value [[]]) but failed to remove it when the web application was stopped. Threads are going to be renewed over time to try and avoid a probable memory leak.
Dez 08, 2014 1:20:55 PM org.apache.catalina.loader.WebappClassLoader checkThreadLocalMapForLeaks
GRAVE: The web application [/paineis] created a ThreadLocal with key of type [mondrian.server.Locus$1] (value [mondrian.server.Locus$1@1769c851]) and a value of type [java.util.Stack] (value [[]]) but failed to remove it when the web application was stopped. Threads are going to be renewed over time to try and avoid a probable memory leak.
Dez 08, 2014 1:20:55 PM org.apache.catalina.loader.WebappClassLoader checkThreadLocalMapForLeaks
GRAVE: The web application [/paineis] created a ThreadLocal with key of type [mondrian.server.Locus$1] (value [mondrian.server.Locus$1@1769c851]) and a value of type [java.util.Stack] (value [[]]) but failed to remove it when the web application was stopped. Threads are going to be renewed over time to try and avoid a probable memory leak.
Dez 08, 2014 1:20:55 PM org.apache.catalina.loader.WebappClassLoader checkThreadLocalMapForLeaks
GRAVE: The web application [/paineis] created a ThreadLocal with key of type [mondrian.server.Locus$1] (value [mondrian.server.Locus$1@1769c851]) and a value of type [java.util.Stack] (value [[]]) but failed to remove it when the web application was stopped. Threads are going to be renewed over time to try and avoid a probable memory leak.
Dez 08, 2014 1:20:55 PM org.apache.catalina.loader.WebappClassLoader checkThreadLocalMapForLeaks
GRAVE: The web application [/paineis] created a ThreadLocal with key of type [mondrian.server.Locus$1] (value [mondrian.server.Locus$1@1769c851]) and a value of type [java.util.Stack] (value [[]]) but failed to remove it when the web application was stopped. Threads are going to be renewed over time to try and avoid a probable memory leak.
Dez 08, 2014 1:21:00 PM org.apache.catalina.startup.TaglibUriRule body
INFORMAÇÕES: TLD skipped. URI: http://velocity.apache.org/velocity-view is already defined
Dez 08, 2014 1:21:00 PM org.apache.catalina.startup.TaglibUriRule body
INFORMAÇÕES: TLD skipped. URI: http://velocity.apache.org/velocity-view is already defined
Dez 08, 2014 1:21:13 PM org.apache.catalina.core.StandardContext reload
INFORMAÇÕES: Reloading Context with name [/paineis] is completed
Dez 08, 2014 1:21:24 PM org.iadb.seppir.monitor.OlapCurrentService init
INFORMAÇÕES: Carregando configurações de /opt/tomcat7/conf/olap.properties
Dez 08, 2014 1:21:24 PM org.iadb.seppir.monitor.OlapCurrentService init
INFORMAÇÕES: - Driver: org.postgresql.Driver
Dez 08, 2014 1:21:24 PM org.iadb.seppir.monitor.OlapCurrentService init
INFORMAÇÕES: - URL: jdbc:postgresql://localhost:5432/seppir
Dez 08, 2014 1:21:25 PM org.iadb.seppir.monitor.OlapCurrentService init
INFORMAÇÕES: Conexão OLAP estabelecida com sucesso.
Dez 08, 2014 1:21:25 PM org.iadb.seppir.monitor.OlapCurrentService init
INFORMAÇÕES: Conexão SQL estabelecida com sucesso.
Dez 08, 2014 1:21:25 PM org.iadb.seppir.monitor.OlapCurrentService getRows
INFORMAÇÕES: select nome,cod_mes_atual,ano_atual from tbl_config_cubos where nome='PBQ Dados Integrados';
Dez 08, 2014 1:21:25 PM org.iadb.seppir.monitor.OlapCurrentService getRows
INFORMAÇÕES: select nome,cod_mes_atual,ano_atual from tbl_config_cubos where nome='PBQ Dados Integrados';
Dez 08, 2014 1:21:25 PM org.iadb.seppir.monitor.OlapCurrentService getRows
INFORMAÇÕES: select nome,cod_mes_atual,ano_atual from tbl_config_cubos where nome='PBQ Dados Integrados';
Dez 08, 2014 1:21:25 PM org.iadb.seppir.monitor.OlapCurrentService getRows
INFORMAÇÕES: select nome,cod_mes_atual,ano_atual from tbl_config_cubos where nome='PBQ Dados Integrados';
Dez 08, 2014 1:21:25 PM org.iadb.seppir.monitor.OlapCurrentService getRows
INFORMAÇÕES: select nome,cod_mes_atual,ano_atual from tbl_config_cubos where nome='PBQ Dados Integrados';
Dez 08, 2014 1:21:26 PM org.iadb.seppir.monitor.CubeNavigatorServlet init
INFORMAÇÕES: Servlet inicializado com sucesso: CubeProviderServlet. Este servlet provê informações sobre os Cubos existentes
Dez 08, 2014 1:21:26 PM org.iadb.seppir.monitor.OlapCurrentService getRows
INFORMAÇÕES: select id_comunidade,nome_comunidade,nome_territorio,(case status_incra_territorio when 1 then '3 - Decreto' when 2 then '2 - Portaria' when 3 then '2 - Portaria' when 4 then '1 - RTID' when 5 then '4 - Titulada' else '0 - Certificada' end) as nome_status,(select sigla_uf from tbl_ibge_municipios as m left join tbl_ibge_ufs as u on m.cod_uf = u.cod_uf where cod_7 = cod_7_ibge_municipio) as uf from tbl_seppir_quilombola_comunidade as c left join tbl_seppir_quilombola_territorio as t on c.id_territorio=t.id_territorio;
Dez 08, 2014 1:21:26 PM org.iadb.seppir.monitor.DataProviderServlet init
INFORMAÇÕES: Servlet inicializado com sucesso: DataProviderServlet. Este servlet intermedia a comunicação entre Painéis e Cubos
Dez 08, 2014 1:21:44 PM org.iadb.seppir.monitor.OlapCurrentService getRows
INFORMAÇÕES: select nome,cod_mes_atual,ano_atual from tbl_config_cubos where nome='PBQ CadUnico (Pessoas Quilombolas)';
Dez 08, 2014 1:21:44 PM org.iadb.seppir.monitor.OlapCurrentService getRows
INFORMAÇÕES: select nome,cod_mes_atual,ano_atual from tbl_config_cubos where nome='PBQ Censo Escolar (Escolas)';
Dez 08, 2014 1:21:44 PM org.iadb.seppir.monitor.OlapCurrentService getRows
INFORMAÇÕES: select nome,cod_mes_atual,ano_atual from tbl_config_cubos where nome='PBQ Censo Escolar (Escolas)';
Dez 08, 2014 1:21:44 PM org.iadb.seppir.monitor.OlapCurrentService getRows
INFORMAÇÕES: select nome,cod_mes_atual,ano_atual from tbl_config_cubos where nome='PBQ Censo Escolar (Escolas)';
Dez 08, 2014 1:21:44 PM org.iadb.seppir.monitor.OlapCurrentService getRows
INFORMAÇÕES: select nome,cod_mes_atual,ano_atual from tbl_config_cubos where nome='PBQ Censo Escolar (Escolas)';
Dez 08, 2014 1:21:44 PM org.iadb.seppir.monitor.OlapCurrentService getRows
INFORMAÇÕES: select nome,cod_mes_atual,ano_atual from tbl_config_cubos where nome='PBQ Censo Escolar (Escolas)';
Dez 08, 2014 1:21:44 PM org.iadb.seppir.monitor.OlapCurrentService getRows
INFORMAÇÕES: select nome,cod_mes_atual,ano_atual from tbl_config_cubos where nome='PBQ Servicos (Paineis)';
Dez 08, 2014 1:21:44 PM org.iadb.seppir.monitor.OlapCurrentService getRows
INFORMAÇÕES: select nome,cod_mes_atual,ano_atual from tbl_config_cubos where nome='PBQ Servicos (Paineis)';
Dez 08, 2014 1:21:44 PM org.iadb.seppir.monitor.OlapCurrentService getRows
INFORMAÇÕES: select nome,cod_mes_atual,ano_atual from tbl_config_cubos where nome='PBQ Censo Escolar (Escolas)';
Dez 08, 2014 1:21:44 PM org.iadb.seppir.monitor.OlapCurrentService getRows
INFORMAÇÕES: select nome,cod_mes_atual,ano_atual from tbl_config_cubos where nome='PBQ Servicos (Paineis)';
Dez 08, 2014 1:21:44 PM org.iadb.seppir.monitor.OlapCurrentService getRows
INFORMAÇÕES: select nome,cod_mes_atual,ano_atual from tbl_config_cubos where nome='PBQ Servicos (Paineis)';
Dez 08, 2014 1:21:44 PM org.iadb.seppir.monitor.OlapCurrentService getRows
INFORMAÇÕES: select nome,cod_mes_atual,ano_atual from tbl_config_cubos where nome='PBQ Servicos (Paineis)';
Dez 08, 2014 1:21:44 PM org.iadb.seppir.monitor.OlapCurrentService getRows
INFORMAÇÕES: select nome,cod_mes_atual,ano_atual from tbl_config_cubos where nome='PBQ Servicos (Paineis)';
Dez 08, 2014 2:12:51 PM org.iadb.seppir.monitor.OlapCurrentService getRows
INFORMAÇÕES: select nome,cod_mes_atual,ano_atual from tbl_config_cubos where nome='PBQ Dados Integrados';
Dez 08, 2014 2:12:51 PM org.iadb.seppir.monitor.OlapCurrentService getRows
INFORMAÇÕES: select nome,cod_mes_atual,ano_atual from tbl_config_cubos where nome='PBQ Dados Integrados';
Dez 08, 2014 2:12:51 PM org.iadb.seppir.monitor.OlapCurrentService getRows
INFORMAÇÕES: select nome,cod_mes_atual,ano_atual from tbl_config_cubos where nome='PBQ Dados Integrados';
Dez 08, 2014 2:12:51 PM org.iadb.seppir.monitor.OlapCurrentService getRows
INFORMAÇÕES: select nome,cod_mes_atual,ano_atual from tbl_config_cubos where nome='PBQ Dados Integrados';
Dez 08, 2014 2:12:51 PM org.iadb.seppir.monitor.OlapCurrentService getRows
INFORMAÇÕES: select nome,cod_mes_atual,ano_atual from tbl_config_cubos where nome='PBQ Dados Integrados';
Dez 08, 2014 2:12:51 PM org.iadb.seppir.monitor.OlapCurrentService getRows
INFORMAÇÕES: select id_comunidade,nome_comunidade,nome_territorio,(case status_incra_territorio when 1 then '3 - Decreto' when 2 then '2 - Portaria' when 3 then '2 - Portaria' when 4 then '1 - RTID' when 5 then '4 - Titulada' else '0 - Certificada' end) as nome_status,(select sigla_uf from tbl_ibge_municipios as m left join tbl_ibge_ufs as u on m.cod_uf = u.cod_uf where cod_7 = cod_7_ibge_municipio) as uf from tbl_seppir_quilombola_comunidade as c left join tbl_seppir_quilombola_territorio as t on c.id_territorio=t.id_territorio;
