Nov 24, 2014 2:19:58 PM org.apache.catalina.core.ApplicationContext log
INFORMAÇÕES:  Velocity  [debug] ResourceManager : found /pjv/index.vm with loader org.apache.velocity.tools.view.WebappResourceLoader
Nov 24, 2014 2:19:58 PM org.apache.catalina.core.ApplicationContext log
INFORMAÇÕES:  Velocity  [debug] ResourceManager : found pjv/vulnerabilidades/painel.vars.js with loader org.apache.velocity.tools.view.WebappResourceLoader
Nov 24, 2014 2:19:58 PM org.apache.catalina.core.ApplicationContext log
INFORMAÇÕES:  Velocity  [debug] ResourceManager : found layout/dashboard.vm with loader org.apache.velocity.tools.view.WebappResourceLoader
Nov 24, 2014 2:19:58 PM org.apache.catalina.core.ApplicationContext log
INFORMAÇÕES:  Velocity  [debug] ResourceManager : found pjv/navigator.vm with loader org.apache.velocity.tools.view.WebappResourceLoader
Nov 24, 2014 2:19:58 PM org.apache.catalina.core.ApplicationContext log
INFORMAÇÕES:  Velocity  [debug] ResourceManager : found pjv/vulnerabilidades/containers.vm with loader org.apache.velocity.tools.view.WebappResourceLoader
Nov 24, 2014 2:19:58 PM org.apache.catalina.core.ApplicationContext log
INFORMAÇÕES:  Velocity  [debug] ResourceManager : found svg/brasil_uf_map.svg with loader org.apache.velocity.tools.view.WebappResourceLoader
Nov 24, 2014 2:20:03 PM org.apache.catalina.core.ApplicationContext log
INFORMAÇÕES:  Velocity  [debug] ResourceManager : found /pjv/taxa_municipios.json.vm with loader org.apache.velocity.tools.view.WebappResourceLoader
Nov 24, 2014 2:20:03 PM org.apache.catalina.core.ApplicationContext log
INFORMAÇÕES:  Velocity  [debug] RHS of #set statement is null. Context will not be modified. /pjv/taxa_municipios.json.vm[line 4, column 1]
Nov 24, 2014 2:20:03 PM org.apache.catalina.core.ApplicationContext log
INFORMAÇÕES:  Velocity  [debug] ResourceManager : found layout/blank.vm with loader org.apache.velocity.tools.view.WebappResourceLoader
Nov 24, 2014 2:20:08 PM org.apache.catalina.core.ApplicationContext log
INFORMAÇÕES:  Velocity  [debug] ResourceManager : found /pjv/index.vm with loader org.apache.velocity.tools.view.WebappResourceLoader
Nov 24, 2014 2:20:08 PM org.apache.catalina.core.ApplicationContext log
INFORMAÇÕES:  Velocity  [debug] ResourceManager : found pjv/educacao/painel.vars.js with loader org.apache.velocity.tools.view.WebappResourceLoader
Nov 24, 2014 2:20:09 PM org.apache.catalina.core.ApplicationContext log
INFORMAÇÕES:  Velocity  [debug] ResourceManager : found layout/dashboard.vm with loader org.apache.velocity.tools.view.WebappResourceLoader
Nov 24, 2014 2:20:09 PM org.apache.catalina.core.ApplicationContext log
INFORMAÇÕES:  Velocity  [debug] ResourceManager : found pjv/navigator.vm with loader org.apache.velocity.tools.view.WebappResourceLoader
Nov 24, 2014 2:20:09 PM org.apache.catalina.core.ApplicationContext log
INFORMAÇÕES:  Velocity  [debug] ResourceManager : found pjv/educacao/containers.vm with loader org.apache.velocity.tools.view.WebappResourceLoader
Nov 24, 2014 2:20:09 PM org.apache.catalina.core.ApplicationContext log
INFORMAÇÕES:  Velocity  [debug] ResourceManager : found svg/brasil_uf_map.svg with loader org.apache.velocity.tools.view.WebappResourceLoader
Nov 24, 2014 2:20:14 PM org.apache.catalina.core.ApplicationContext log
INFORMAÇÕES:  Velocity  [debug] ResourceManager : found /pjv/index.vm with loader org.apache.velocity.tools.view.WebappResourceLoader
Nov 24, 2014 2:20:14 PM org.apache.catalina.core.ApplicationContext log
INFORMAÇÕES:  Velocity  [debug] ResourceManager : found pjv/trabalho/painel.vars.js with loader org.apache.velocity.tools.view.WebappResourceLoader
Nov 24, 2014 2:20:14 PM org.apache.catalina.core.ApplicationContext log
INFORMAÇÕES:  Velocity  [debug] ResourceManager : found layout/dashboard.vm with loader org.apache.velocity.tools.view.WebappResourceLoader
Nov 24, 2014 2:20:14 PM org.apache.catalina.core.ApplicationContext log
INFORMAÇÕES:  Velocity  [debug] ResourceManager : found pjv/navigator.vm with loader org.apache.velocity.tools.view.WebappResourceLoader
Nov 24, 2014 2:20:14 PM org.apache.catalina.core.ApplicationContext log
INFORMAÇÕES:  Velocity  [debug] ResourceManager : found pjv/trabalho/containers.vm with loader org.apache.velocity.tools.view.WebappResourceLoader
Nov 24, 2014 2:20:14 PM org.apache.catalina.core.ApplicationContext log
INFORMAÇÕES:  Velocity  [debug] ResourceManager : found svg/brasil_uf_map.svg with loader org.apache.velocity.tools.view.WebappResourceLoader
Nov 24, 2014 2:20:22 PM org.apache.catalina.core.ApplicationContext log
INFORMAÇÕES:  Velocity  [debug] ResourceManager : found /pbq/index.vm with loader org.apache.velocity.tools.view.WebappResourceLoader
Nov 24, 2014 2:20:22 PM org.apache.catalina.core.ApplicationContext log
INFORMAÇÕES:  Velocity  [debug] ResourceManager : found pbq/eixo1/painel.vars.js with loader org.apache.velocity.tools.view.WebappResourceLoader
Nov 24, 2014 2:20:22 PM org.apache.catalina.core.ApplicationContext log
INFORMAÇÕES:  Velocity  [debug] ResourceManager : found layout/dashboard.vm with loader org.apache.velocity.tools.view.WebappResourceLoader
Nov 24, 2014 2:20:22 PM org.apache.catalina.core.ApplicationContext log
INFORMAÇÕES:  Velocity  [debug] ResourceManager : found pbq/navigator.vm with loader org.apache.velocity.tools.view.WebappResourceLoader
Nov 24, 2014 2:20:22 PM org.apache.catalina.core.ApplicationContext log
INFORMAÇÕES:  Velocity  [debug] ResourceManager : found pbq/eixo1/containers.vm with loader org.apache.velocity.tools.view.WebappResourceLoader
Nov 24, 2014 2:20:22 PM org.apache.catalina.core.ApplicationContext log
INFORMAÇÕES:  Velocity  [debug] ResourceManager : found svg/brasil_uf_map.svg with loader org.apache.velocity.tools.view.WebappResourceLoader
Nov 24, 2014 2:20:25 PM org.apache.catalina.core.ApplicationContext log
INFORMAÇÕES:  Velocity  [debug] ResourceManager : found /pbq/comunidades.json.vm with loader org.apache.velocity.tools.view.WebappResourceLoader
Nov 24, 2014 2:20:25 PM org.apache.catalina.core.ApplicationContext log
INFORMAÇÕES:  Velocity  [debug] RHS of #set statement is null. Context will not be modified. /pbq/comunidades.json.vm[line 4, column 1]
Nov 24, 2014 2:20:25 PM org.apache.catalina.core.ApplicationContext log
INFORMAÇÕES:  Velocity  [debug] ResourceManager : found layout/blank.vm with loader org.apache.velocity.tools.view.WebappResourceLoader
Nov 24, 2014 2:20:34 PM org.apache.catalina.core.ApplicationContext log
INFORMAÇÕES:  Velocity  [debug] ResourceManager : found /pbq/mapas.vm with loader org.apache.velocity.tools.view.WebappResourceLoader
Nov 24, 2014 2:20:34 PM org.apache.catalina.core.ApplicationContext log
INFORMAÇÕES:  Velocity  [debug] ResourceManager : found layout/mapas.vm with loader org.apache.velocity.tools.view.WebappResourceLoader
Nov 24, 2014 2:20:34 PM org.apache.catalina.core.ApplicationContext log
INFORMAÇÕES:  Velocity  [debug] ResourceManager : found pbq/mapas_style.vm with loader org.apache.velocity.tools.view.WebappResourceLoader
Nov 24, 2014 2:20:34 PM org.apache.catalina.core.ApplicationContext log
INFORMAÇÕES:  Velocity  [debug] ResourceManager : found pbq/mapas_info.vm with loader org.apache.velocity.tools.view.WebappResourceLoader
Nov 24, 2014 2:20:34 PM org.apache.catalina.core.ApplicationContext log
INFORMAÇÕES:  Velocity  [debug] RHS of #set statement is null. Context will not be modified. pbq/mapas_info.vm[line 70, column 8]
Nov 24, 2014 2:20:34 PM org.apache.catalina.core.ApplicationContext log
INFORMAÇÕES:  Velocity  [debug] RHS of #set statement is null. Context will not be modified. pbq/mapas_info.vm[line 82, column 8]
Nov 24, 2014 2:20:34 PM org.apache.catalina.core.ApplicationContext log
INFORMAÇÕES:  Velocity  [debug] RHS of #set statement is null. Context will not be modified. pbq/mapas_info.vm[line 125, column 8]
Nov 24, 2014 2:20:53 PM org.apache.catalina.core.ApplicationContext log
INFORMAÇÕES:  Velocity  [debug] ResourceManager : found /pbq/selectData.vm with loader org.apache.velocity.tools.view.WebappResourceLoader
Nov 24, 2014 2:20:53 PM org.apache.catalina.core.ApplicationContext log
INFORMAÇÕES:  Velocity  [debug] ResourceManager : found layout/blank.vm with loader org.apache.velocity.tools.view.WebappResourceLoader
Nov 24, 2014 2:20:59 PM org.apache.catalina.core.ApplicationContext log
INFORMAÇÕES:  Velocity  [debug] ResourceManager : found /pbq/selectData.vm with loader org.apache.velocity.tools.view.WebappResourceLoader
Nov 24, 2014 2:20:59 PM org.apache.catalina.core.ApplicationContext log
INFORMAÇÕES:  Velocity  [debug] ResourceManager : found layout/blank.vm with loader org.apache.velocity.tools.view.WebappResourceLoader
