Jul 28, 2015 4:15:33 PM org.apache.catalina.core.ApplicationContext log
INFORMAÇÕES:  Velocity  [debug] ResourceManager : found /pbq/mapas.vm with loader org.apache.velocity.tools.view.WebappResourceLoader
Jul 28, 2015 4:15:33 PM org.apache.catalina.core.ApplicationContext log
INFORMAÇÕES:  Velocity  [debug] ResourceManager : found layout/mapas.vm with loader org.apache.velocity.tools.view.WebappResourceLoader
Jul 28, 2015 4:15:33 PM org.apache.catalina.core.ApplicationContext log
INFORMAÇÕES:  Velocity  [debug] ResourceManager : found pbq/mapas_style.vm with loader org.apache.velocity.tools.view.WebappResourceLoader
Jul 28, 2015 4:15:33 PM org.apache.catalina.core.ApplicationContext log
INFORMAÇÕES:  Velocity  [debug] ResourceManager : found pbq/mapas_info.vm with loader org.apache.velocity.tools.view.WebappResourceLoader
Jul 28, 2015 4:15:33 PM org.apache.catalina.core.ApplicationContext log
INFORMAÇÕES:  Velocity  [debug] RHS of #set statement is null. Context will not be modified. pbq/mapas_info.vm[line 74, column 9]
Jul 28, 2015 4:15:33 PM org.apache.catalina.core.ApplicationContext log
INFORMAÇÕES:  Velocity  [debug] ResourceManager : found /pbq/mapas.vm with loader org.apache.velocity.tools.view.WebappResourceLoader
Jul 28, 2015 4:15:33 PM org.apache.catalina.core.ApplicationContext log
INFORMAÇÕES:  Velocity  [debug] ResourceManager : found layout/mapas.vm with loader org.apache.velocity.tools.view.WebappResourceLoader
Jul 28, 2015 4:15:33 PM org.apache.catalina.core.ApplicationContext log
INFORMAÇÕES:  Velocity  [debug] ResourceManager : found pbq/mapas_style.vm with loader org.apache.velocity.tools.view.WebappResourceLoader
Jul 28, 2015 4:15:33 PM org.apache.catalina.core.ApplicationContext log
INFORMAÇÕES:  Velocity  [debug] ResourceManager : found pbq/mapas_info.vm with loader org.apache.velocity.tools.view.WebappResourceLoader
Jul 28, 2015 4:15:33 PM org.apache.catalina.core.ApplicationContext log
INFORMAÇÕES:  Velocity  [debug] RHS of #set statement is null. Context will not be modified. pbq/mapas_info.vm[line 74, column 9]
Jul 28, 2015 4:15:33 PM org.apache.catalina.core.ApplicationContext log
INFORMAÇÕES:  Velocity  [debug] RHS of #set statement is null. Context will not be modified. pbq/mapas_info.vm[line 129, column 17]
Jul 28, 2015 4:15:34 PM org.apache.catalina.core.ApplicationContext log
INFORMAÇÕES:  Velocity  [debug] RHS of #set statement is null. Context will not be modified. pbq/mapas_info.vm[line 129, column 17]
Jul 28, 2015 4:18:09 PM org.apache.catalina.core.ApplicationContext log
INFORMAÇÕES:  Velocity  [debug] ResourceManager : found /pbq/index.vm with loader org.apache.velocity.tools.view.WebappResourceLoader
Jul 28, 2015 4:18:09 PM org.apache.catalina.core.ApplicationContext log
INFORMAÇÕES:  Velocity  [debug] ResourceManager : found pbq/eixo1/painel.vars.js with loader org.apache.velocity.tools.view.WebappResourceLoader
Jul 28, 2015 4:18:09 PM org.apache.catalina.core.ApplicationContext log
INFORMAÇÕES:  Velocity  [debug] ResourceManager : found layout/dashboard.vm with loader org.apache.velocity.tools.view.WebappResourceLoader
Jul 28, 2015 4:18:09 PM org.apache.catalina.core.ApplicationContext log
INFORMAÇÕES:  Velocity  [debug] ResourceManager : found pbq/navigator.vm with loader org.apache.velocity.tools.view.WebappResourceLoader
Jul 28, 2015 4:18:09 PM org.apache.catalina.core.ApplicationContext log
INFORMAÇÕES:  Velocity  [debug] ResourceManager : found pbq/eixo1/containers.vm with loader org.apache.velocity.tools.view.WebappResourceLoader
Jul 28, 2015 4:18:10 PM org.apache.catalina.core.ApplicationContext log
INFORMAÇÕES:  Velocity  [debug] ResourceManager : found svg/brasil_uf_map.svg with loader org.apache.velocity.tools.view.WebappResourceLoader
Jul 28, 2015 4:18:10 PM org.apache.catalina.core.ApplicationContext log
INFORMAÇÕES:  Velocity  [debug] ResourceManager : found /pbq/comunidades.json.vm with loader org.apache.velocity.tools.view.WebappResourceLoader
Jul 28, 2015 4:18:10 PM org.apache.catalina.core.ApplicationContext log
INFORMAÇÕES:  Velocity  [debug] ResourceManager : found layout/blank.vm with loader org.apache.velocity.tools.view.WebappResourceLoader
Jul 28, 2015 4:18:25 PM org.apache.catalina.core.ApplicationContext log
INFORMAÇÕES:  Velocity  [debug] ResourceManager : found /pjv/index.vm with loader org.apache.velocity.tools.view.WebappResourceLoader
Jul 28, 2015 4:18:25 PM org.apache.catalina.core.ApplicationContext log
INFORMAÇÕES:  Velocity  [debug] ResourceManager : found pjv/vulnerabilidades/painel.vars.js with loader org.apache.velocity.tools.view.WebappResourceLoader
Jul 28, 2015 4:18:25 PM org.apache.catalina.core.ApplicationContext log
INFORMAÇÕES:  Velocity  [debug] ResourceManager : found layout/dashboard.vm with loader org.apache.velocity.tools.view.WebappResourceLoader
Jul 28, 2015 4:18:25 PM org.apache.catalina.core.ApplicationContext log
INFORMAÇÕES:  Velocity  [debug] ResourceManager : found pjv/navigator.vm with loader org.apache.velocity.tools.view.WebappResourceLoader
Jul 28, 2015 4:18:25 PM org.apache.catalina.core.ApplicationContext log
INFORMAÇÕES:  Velocity  [debug] ResourceManager : found pjv/vulnerabilidades/containers.vm with loader org.apache.velocity.tools.view.WebappResourceLoader
Jul 28, 2015 4:18:25 PM org.apache.catalina.core.ApplicationContext log
INFORMAÇÕES:  Velocity  [debug] ResourceManager : found svg/brasil_uf_map.svg with loader org.apache.velocity.tools.view.WebappResourceLoader
Jul 28, 2015 4:18:25 PM org.apache.catalina.core.ApplicationContext log
INFORMAÇÕES:  Velocity  [debug] ResourceManager : found /pjv/taxa_municipios.json.vm with loader org.apache.velocity.tools.view.WebappResourceLoader
Jul 28, 2015 4:18:27 PM org.apache.catalina.core.ApplicationContext log
INFORMAÇÕES:  Velocity  [debug] ResourceManager : found /pbq/index.vm with loader org.apache.velocity.tools.view.WebappResourceLoader
Jul 28, 2015 4:18:27 PM org.apache.catalina.core.ApplicationContext log
INFORMAÇÕES:  Velocity  [debug] ResourceManager : found pbq/eixo1/painel.vars.js with loader org.apache.velocity.tools.view.WebappResourceLoader
Jul 28, 2015 4:18:31 PM org.apache.catalina.core.ApplicationContext log
INFORMAÇÕES:  Velocity  [debug] ResourceManager : found layout/blank.vm with loader org.apache.velocity.tools.view.WebappResourceLoader
Jul 28, 2015 4:18:31 PM org.apache.catalina.core.ApplicationContext log
INFORMAÇÕES:  Velocity  [debug] ResourceManager : found layout/dashboard.vm with loader org.apache.velocity.tools.view.WebappResourceLoader
Jul 28, 2015 4:18:31 PM org.apache.catalina.core.ApplicationContext log
INFORMAÇÕES:  Velocity  [debug] ResourceManager : found pbq/navigator.vm with loader org.apache.velocity.tools.view.WebappResourceLoader
Jul 28, 2015 4:18:31 PM org.apache.catalina.core.ApplicationContext log
INFORMAÇÕES:  Velocity  [debug] ResourceManager : found pbq/eixo1/containers.vm with loader org.apache.velocity.tools.view.WebappResourceLoader
Jul 28, 2015 4:18:31 PM org.apache.catalina.core.ApplicationContext log
INFORMAÇÕES:  Velocity  [debug] ResourceManager : found svg/brasil_uf_map.svg with loader org.apache.velocity.tools.view.WebappResourceLoader
Jul 28, 2015 4:18:31 PM org.apache.catalina.core.ApplicationContext log
INFORMAÇÕES:  Velocity  [debug] ResourceManager : found /pbq/comunidades.json.vm with loader org.apache.velocity.tools.view.WebappResourceLoader
Jul 28, 2015 4:18:31 PM org.apache.catalina.core.ApplicationContext log
INFORMAÇÕES:  Velocity  [debug] ResourceManager : found layout/blank.vm with loader org.apache.velocity.tools.view.WebappResourceLoader
Jul 28, 2015 4:25:37 PM org.apache.catalina.core.ApplicationContext log
INFORMAÇÕES:  Velocity  [debug] ResourceManager : found /pbq/index.vm with loader org.apache.velocity.tools.view.WebappResourceLoader
Jul 28, 2015 4:25:37 PM org.apache.catalina.core.ApplicationContext log
INFORMAÇÕES:  Velocity  [debug] ResourceManager : found pbq/eixo1/painel.vars.js with loader org.apache.velocity.tools.view.WebappResourceLoader
Jul 28, 2015 4:25:37 PM org.apache.catalina.core.ApplicationContext log
INFORMAÇÕES:  Velocity  [debug] ResourceManager : found layout/dashboard.vm with loader org.apache.velocity.tools.view.WebappResourceLoader
Jul 28, 2015 4:25:37 PM org.apache.catalina.core.ApplicationContext log
INFORMAÇÕES:  Velocity  [debug] ResourceManager : found pbq/navigator.vm with loader org.apache.velocity.tools.view.WebappResourceLoader
Jul 28, 2015 4:25:37 PM org.apache.catalina.core.ApplicationContext log
INFORMAÇÕES:  Velocity  [debug] ResourceManager : found pbq/eixo1/containers.vm with loader org.apache.velocity.tools.view.WebappResourceLoader
Jul 28, 2015 4:25:37 PM org.apache.catalina.core.ApplicationContext log
INFORMAÇÕES:  Velocity  [debug] ResourceManager : found svg/brasil_uf_map.svg with loader org.apache.velocity.tools.view.WebappResourceLoader
Jul 28, 2015 4:25:38 PM org.apache.catalina.core.ApplicationContext log
INFORMAÇÕES:  Velocity  [debug] ResourceManager : found /pbq/comunidades.json.vm with loader org.apache.velocity.tools.view.WebappResourceLoader
Jul 28, 2015 4:25:38 PM org.apache.catalina.core.ApplicationContext log
INFORMAÇÕES:  Velocity  [debug] ResourceManager : found layout/blank.vm with loader org.apache.velocity.tools.view.WebappResourceLoader
