Jun 09, 2015 4:42:05 PM org.apache.catalina.core.ApplicationContext log
INFORMAÇÕES:  Velocity  [trace] Searching for properties at: /org/apache/velocity/tools/view/velocity.properties
Jun 09, 2015 4:42:05 PM org.apache.catalina.core.ApplicationContext log
INFORMAÇÕES:  Velocity  [trace] Searching for properties at: /WEB-INF/velocity.properties
Jun 09, 2015 4:42:05 PM org.apache.catalina.core.ApplicationContext log
INFORMAÇÕES:  Velocity  [debug] Configuring Velocity with properties at: /WEB-INF/velocity.properties
Jun 09, 2015 4:42:05 PM org.apache.catalina.core.ApplicationContext log
INFORMAÇÕES:  Velocity  [trace] Searching for properties at: /WEB-INF/velocity.properties
Jun 09, 2015 4:42:05 PM org.apache.catalina.core.ApplicationContext log
INFORMAÇÕES:  Velocity  [debug] Configuring Velocity with properties at: /WEB-INF/velocity.properties
Jun 09, 2015 4:42:05 PM org.apache.catalina.core.ApplicationContext log
INFORMAÇÕES:  Velocity  [debug] Initializing Velocity, Calling init()...
Jun 09, 2015 4:42:05 PM org.apache.catalina.core.ApplicationContext log
INFORMAÇÕES:  Velocity  [trace] *******************************************************************
Jun 09, 2015 4:42:05 PM org.apache.catalina.core.ApplicationContext log
INFORMAÇÕES:  Velocity  [debug] Starting Apache Velocity v1.7 (compiled: 2010-11-19 12:14:37)
Jun 09, 2015 4:42:05 PM org.apache.catalina.core.ApplicationContext log
INFORMAÇÕES:  Velocity  [trace] RuntimeInstance initializing.
Jun 09, 2015 4:42:05 PM org.apache.catalina.core.ApplicationContext log
INFORMAÇÕES:  Velocity  [debug] Default Properties File: org/apache/velocity/runtime/defaults/velocity.properties
Jun 09, 2015 4:42:05 PM org.apache.catalina.core.ApplicationContext log
INFORMAÇÕES:  Velocity  [debug] Trying to use logger class org.apache.velocity.runtime.log.ServletLogChute
Jun 09, 2015 4:42:05 PM org.apache.catalina.core.ApplicationContext log
INFORMAÇÕES:  Velocity  [debug] Using logger class org.apache.velocity.runtime.log.ServletLogChute
Jun 09, 2015 4:42:05 PM org.apache.catalina.core.ApplicationContext log
INFORMAÇÕES:  Velocity  [trace] Default ResourceManager initializing. (class org.apache.velocity.runtime.resource.ResourceManagerImpl)
Jun 09, 2015 4:42:05 PM org.apache.catalina.core.ApplicationContext log
INFORMAÇÕES:  Velocity  [debug] ResourceLoader instantiated: org.apache.velocity.tools.view.WebappResourceLoader
Jun 09, 2015 4:42:05 PM org.apache.catalina.core.ApplicationContext log
INFORMAÇÕES:  Velocity  [trace] WebappResourceLoader: initialization starting.
Jun 09, 2015 4:42:05 PM org.apache.catalina.core.ApplicationContext log
INFORMAÇÕES:  Velocity  [trace] WebappResourceLoader: initialization complete.
Jun 09, 2015 4:42:05 PM org.apache.catalina.core.ApplicationContext log
INFORMAÇÕES:  Velocity  [debug] ResourceLoader instantiated: org.apache.velocity.runtime.resource.loader.StringResourceLoader
Jun 09, 2015 4:42:05 PM org.apache.catalina.core.ApplicationContext log
INFORMAÇÕES:  Velocity  [trace] StringResourceLoader : initialization starting.
Jun 09, 2015 4:42:05 PM org.apache.catalina.core.ApplicationContext log
INFORMAÇÕES:  Velocity  [debug] Creating string repository using class org.apache.velocity.runtime.resource.util.StringResourceRepositoryImpl...
Jun 09, 2015 4:42:05 PM org.apache.catalina.core.ApplicationContext log
INFORMAÇÕES:  Velocity  [debug] Default repository encoding is UTF-8
Jun 09, 2015 4:42:05 PM org.apache.catalina.core.ApplicationContext log
INFORMAÇÕES:  Velocity  [trace] StringResourceLoader : initialization complete.
Jun 09, 2015 4:42:05 PM org.apache.catalina.core.ApplicationContext log
INFORMAÇÕES:  Velocity  [debug] ResourceCache: initialized (class org.apache.velocity.runtime.resource.ResourceCacheImpl) with class java.util.Collections$SynchronizedMap cache map.
Jun 09, 2015 4:42:05 PM org.apache.catalina.core.ApplicationContext log
INFORMAÇÕES:  Velocity  [trace] Default ResourceManager initialization complete.
Jun 09, 2015 4:42:05 PM org.apache.catalina.core.ApplicationContext log
INFORMAÇÕES:  Velocity  [debug] Loaded System Directive: org.apache.velocity.runtime.directive.Stop
Jun 09, 2015 4:42:05 PM org.apache.catalina.core.ApplicationContext log
INFORMAÇÕES:  Velocity  [debug] Loaded System Directive: org.apache.velocity.runtime.directive.Define
Jun 09, 2015 4:42:05 PM org.apache.catalina.core.ApplicationContext log
INFORMAÇÕES:  Velocity  [debug] Loaded System Directive: org.apache.velocity.runtime.directive.Break
Jun 09, 2015 4:42:05 PM org.apache.catalina.core.ApplicationContext log
INFORMAÇÕES:  Velocity  [debug] Loaded System Directive: org.apache.velocity.runtime.directive.Evaluate
Jun 09, 2015 4:42:05 PM org.apache.catalina.core.ApplicationContext log
INFORMAÇÕES:  Velocity  [debug] Loaded System Directive: org.apache.velocity.runtime.directive.Literal
Jun 09, 2015 4:42:05 PM org.apache.catalina.core.ApplicationContext log
INFORMAÇÕES:  Velocity  [debug] Loaded System Directive: org.apache.velocity.runtime.directive.Macro
Jun 09, 2015 4:42:05 PM org.apache.catalina.core.ApplicationContext log
INFORMAÇÕES:  Velocity  [debug] Loaded System Directive: org.apache.velocity.runtime.directive.Parse
Jun 09, 2015 4:42:05 PM org.apache.catalina.core.ApplicationContext log
INFORMAÇÕES:  Velocity  [debug] Loaded System Directive: org.apache.velocity.runtime.directive.Include
Jun 09, 2015 4:42:05 PM org.apache.catalina.core.ApplicationContext log
INFORMAÇÕES:  Velocity  [debug] Loaded System Directive: org.apache.velocity.runtime.directive.Foreach
Jun 09, 2015 4:42:05 PM org.apache.catalina.core.ApplicationContext log
INFORMAÇÕES:  Velocity  [debug] Created '20' parsers.
Jun 09, 2015 4:42:05 PM org.apache.catalina.core.ApplicationContext log
INFORMAÇÕES:  Velocity  [trace] Velocimacro : initialization starting.
Jun 09, 2015 4:42:05 PM org.apache.catalina.core.ApplicationContext log
INFORMAÇÕES:  Velocity  [debug] Velocimacro : "velocimacro.library" is not set.  Trying default library: VM_global_library.vm
Jun 09, 2015 4:42:05 PM org.apache.catalina.core.ApplicationContext log
INFORMAÇÕES:  Velocity  [debug] Could not load resource 'VM_global_library.vm' from ResourceLoader org.apache.velocity.tools.view.WebappResourceLoader: WebappResourceLoader: Resource 'VM_global_library.vm' not found.
Jun 09, 2015 4:42:05 PM org.apache.catalina.core.ApplicationContext log
INFORMAÇÕES:  Velocity  [debug] Velocimacro : Default library not found.
Jun 09, 2015 4:42:05 PM org.apache.catalina.core.ApplicationContext log
INFORMAÇÕES:  Velocity  [debug] Velocimacro : allowInline = true : VMs can be defined inline in templates
Jun 09, 2015 4:42:05 PM org.apache.catalina.core.ApplicationContext log
INFORMAÇÕES:  Velocity  [debug] Velocimacro : allowInlineToOverride = false : VMs defined inline may NOT replace previous VM definitions
Jun 09, 2015 4:42:05 PM org.apache.catalina.core.ApplicationContext log
INFORMAÇÕES:  Velocity  [debug] Velocimacro : allowInlineLocal = false : VMs defined inline will be global in scope if allowed.
Jun 09, 2015 4:42:05 PM org.apache.catalina.core.ApplicationContext log
INFORMAÇÕES:  Velocity  [debug] Velocimacro : autoload off : VM system will not automatically reload global library macros
Jun 09, 2015 4:42:05 PM org.apache.catalina.core.ApplicationContext log
INFORMAÇÕES:  Velocity  [trace] Velocimacro : Velocimacro : initialization complete.
Jun 09, 2015 4:42:05 PM org.apache.catalina.core.ApplicationContext log
INFORMAÇÕES:  Velocity  [trace] RuntimeInstance successfully initialized.
Jun 09, 2015 4:42:05 PM org.apache.catalina.core.ApplicationContext log
INFORMAÇÕES:  Velocity  [trace] Searching for configuration at: /WEB-INF/toolbox.xml
Jun 09, 2015 4:42:05 PM org.apache.catalina.core.ApplicationContext log
INFORMAÇÕES:  Velocity  [debug] Did not find resource at: /WEB-INF/toolbox.xml
Jun 09, 2015 4:42:05 PM org.apache.catalina.core.ApplicationContext log
INFORMAÇÕES:  Velocity  [trace] Loading default tools configuration...
Jun 09, 2015 4:42:06 PM org.apache.catalina.core.ApplicationContext log
INFORMAÇÕES:  Velocity  [trace] Searching for configuration at: /WEB-INF/tools.xml
Jun 09, 2015 4:42:06 PM org.apache.catalina.core.ApplicationContext log
INFORMAÇÕES:  Velocity  [debug] Loaded configuration from: /WEB-INF/tools.xml
Jun 09, 2015 4:42:06 PM org.apache.catalina.core.ApplicationContext log
INFORMAÇÕES:  Velocity  [debug] Configuring factory with: 
FactoryConfiguration from 7 sources including 5 data with 3 toolboxes: 
 Toolbox 'application' with 1 properties [scope -auto-> application; ] and 15 tools: 
  Tool 'alternator' => org.apache.velocity.tools.generic.AlternatorTool 
  Tool 'class' => org.apache.velocity.tools.generic.ClassTool 
  Tool 'convert' => org.apache.velocity.tools.generic.ConversionTool 
  Tool 'date' => org.apache.velocity.tools.generic.ComparisonDateTool 
  Tool 'display' => org.apache.velocity.tools.generic.DisplayTool 
  Tool 'esc' => org.apache.velocity.tools.generic.EscapeTool 
  Tool 'featureProvider' => org.iadb.seppir.monitor.FeatureProvider with 1 properties [key -auto-> featureProvider; ]
  Tool 'field' => org.apache.velocity.tools.generic.FieldTool 
  Tool 'math' => org.apache.velocity.tools.generic.MathTool 
  Tool 'number' => org.apache.velocity.tools.generic.NumberTool 
  Tool 'panelRenderer' => org.iadb.seppir.monitor.PanelRenderer with 1 properties [key -auto-> panelRenderer; ]
  Tool 'sorter' => org.apache.velocity.tools.generic.SortTool 
  Tool 'tableProvider' => org.iadb.seppir.monitor.TableProvider with 1 properties [key -auto-> tableProvider; ]
  Tool 'text' => org.apache.velocity.tools.generic.ResourceTool 
  Tool 'xml' => org.apache.velocity.tools.generic.XmlTool 
  
 Toolbox 'request' with 1 properties [scope -auto-> request; ] and 10 tools: 
  Tool 'context' => org.apache.velocity.tools.view.ViewContextTool 
  Tool 'cookies' => org.apache.velocity.tools.view.CookieTool 
  Tool 'import' => org.apache.velocity.tools.view.ImportTool 
  Tool 'include' => org.apache.velocity.tools.view.IncludeTool 
  Tool 'link' => org.apache.velocity.tools.struts.StrutsLinkTool 
  Tool 'loop' => org.apache.velocity.tools.generic.LoopTool 
  Tool 'pager' => org.apache.velocity.tools.view.PagerTool 
  Tool 'params' => org.apache.velocity.tools.view.ParameterTool 
  Tool 'render' => org.apache.velocity.tools.generic.RenderTool 
  Tool 'validator' => org.apache.velocity.tools.struts.ValidatorTool 
  
 Toolbox 'session' with 2 properties [createSession -auto-> false; scope -auto-> session; ] and 1 tools: 
  Tool 'browser' => org.apache.velocity.tools.view.BrowserTool 
  
 Data 'GENERIC_TOOLS_AVAILABLE' -boolean-> true
 Data 'STRUTS_TOOLS_AVAILABLE' -boolean-> true
 Data 'TOOLS_VERSION' -number-> 2.0
 Data 'VIEW_TOOLS_AVAILABLE' -boolean-> true
 Data 'dashboard-version' -number-> 1.0
 
 Source 0: org.apache.velocity.tools.config.FactoryConfiguration(VelocityView.configure(config,factory))
 Source 1: org.apache.velocity.tools.config.XmlFactoryConfiguration(ConfigurationUtils.getDefaultTools())
 Source 2:     .read(jar:file:/home/opt/tomcat7/lib/velocity-tools-2.0.jar!/org/apache/velocity/tools/generic/tools.xml)
 Source 3:     .read(jar:file:/home/opt/tomcat7/lib/velocity-tools-2.0.jar!/org/apache/velocity/tools/view/tools.xml)
 Source 4:     .read(jar:file:/home/opt/tomcat7/lib/velocity-tools-2.0.jar!/org/apache/velocity/tools/struts/tools.xml)
 Source 5: org.apache.velocity.tools.config.FactoryConfiguration(ConfigurationUtils.getAutoLoaded(false))
 Source 6: org.apache.velocity.tools.config.XmlFactoryConfiguration(ServletUtils.getConfiguration(/WEB-INF/tools.xml,ServletContext[,depMode=true]))

Jun 09, 2015 4:42:07 PM org.apache.catalina.core.ApplicationContext log
INFORMAÇÕES:  Velocity  [debug] Default Content-Type is: text/html; charset=UTF-8
Jun 09, 2015 4:42:07 PM org.apache.catalina.core.ApplicationContext log
INFORMAÇÕES:  Velocity   [info] VelocityLayoutServlet: Error screen is 'layout/error.vm'
Jun 09, 2015 4:42:07 PM org.apache.catalina.core.ApplicationContext log
INFORMAÇÕES:  Velocity   [info] VelocityLayoutServlet: Layout directory is 'layout/'
Jun 09, 2015 4:42:07 PM org.apache.catalina.core.ApplicationContext log
INFORMAÇÕES:  Velocity   [info] VelocityLayoutServlet: Default layout template is 'dashboard.vm'
Jun 09, 2015 4:42:07 PM org.apache.catalina.core.ApplicationContext log
INFORMAÇÕES:  Velocity  [debug] org.apache.velocity.tools.view.servlet.VelocityLayoutServlet has been deprecated. Use org.apache.velocity.tools.view.servlet.VelocityLayoutServlet instead.
Jun 09, 2015 4:42:07 PM org.apache.catalina.core.ApplicationContext log
INFORMAÇÕES:  Velocity  [debug] ResourceManager : found /pbq/index.vm with loader org.apache.velocity.tools.view.WebappResourceLoader
Jun 09, 2015 4:42:07 PM org.apache.catalina.core.ApplicationContext log
INFORMAÇÕES:  Velocity  [debug] ResourceManager : found pbq/eixo1/painel.vars.js with loader org.apache.velocity.tools.view.WebappResourceLoader
Jun 09, 2015 4:42:09 PM org.apache.catalina.core.ApplicationContext log
INFORMAÇÕES:  Velocity  [debug] ResourceManager : found layout/dashboard.vm with loader org.apache.velocity.tools.view.WebappResourceLoader
Jun 09, 2015 4:42:09 PM org.apache.catalina.core.ApplicationContext log
INFORMAÇÕES:  Velocity  [debug] ResourceManager : found pbq/navigator.vm with loader org.apache.velocity.tools.view.WebappResourceLoader
Jun 09, 2015 4:42:09 PM org.apache.catalina.core.ApplicationContext log
INFORMAÇÕES:  Velocity  [debug] ResourceManager : found pbq/eixo1/containers.vm with loader org.apache.velocity.tools.view.WebappResourceLoader
Jun 09, 2015 4:42:09 PM org.apache.catalina.core.ApplicationContext log
INFORMAÇÕES:  Velocity  [debug] ResourceManager : found svg/brasil_uf_map.svg with loader org.apache.velocity.tools.view.WebappResourceLoader
Jun 09, 2015 4:42:10 PM org.apache.catalina.core.ApplicationContext log
INFORMAÇÕES:  Velocity  [debug] ResourceManager : found /pbq/comunidades.json.vm with loader org.apache.velocity.tools.view.WebappResourceLoader
Jun 09, 2015 4:42:11 PM org.apache.catalina.core.ApplicationContext log
INFORMAÇÕES:  Velocity  [debug] ResourceManager : found layout/blank.vm with loader org.apache.velocity.tools.view.WebappResourceLoader
Jun 09, 2015 4:42:18 PM org.apache.catalina.core.ApplicationContext log
INFORMAÇÕES:  Velocity  [debug] ResourceManager : found /pbq/index.vm with loader org.apache.velocity.tools.view.WebappResourceLoader
Jun 09, 2015 4:42:18 PM org.apache.catalina.core.ApplicationContext log
INFORMAÇÕES:  Velocity  [debug] ResourceManager : found pbq/eixo4/painel.vars.js with loader org.apache.velocity.tools.view.WebappResourceLoader
Jun 09, 2015 4:42:18 PM org.apache.catalina.core.ApplicationContext log
INFORMAÇÕES:  Velocity  [debug] ResourceManager : found layout/dashboard.vm with loader org.apache.velocity.tools.view.WebappResourceLoader
Jun 09, 2015 4:42:18 PM org.apache.catalina.core.ApplicationContext log
INFORMAÇÕES:  Velocity  [debug] ResourceManager : found pbq/navigator.vm with loader org.apache.velocity.tools.view.WebappResourceLoader
Jun 09, 2015 4:42:18 PM org.apache.catalina.core.ApplicationContext log
INFORMAÇÕES:  Velocity  [debug] ResourceManager : found pbq/eixo4/containers.vm with loader org.apache.velocity.tools.view.WebappResourceLoader
Jun 09, 2015 4:42:18 PM org.apache.catalina.core.ApplicationContext log
INFORMAÇÕES:  Velocity  [debug] ResourceManager : found svg/brasil_uf_map.svg with loader org.apache.velocity.tools.view.WebappResourceLoader
Jun 09, 2015 4:42:27 PM org.apache.catalina.core.ApplicationContext log
INFORMAÇÕES:  Velocity  [debug] ResourceManager : found /pbq/index.vm with loader org.apache.velocity.tools.view.WebappResourceLoader
Jun 09, 2015 4:42:27 PM org.apache.catalina.core.ApplicationContext log
INFORMAÇÕES:  Velocity  [debug] ResourceManager : found pbq/eixo3/painel.vars.js with loader org.apache.velocity.tools.view.WebappResourceLoader
Jun 09, 2015 4:42:27 PM org.apache.catalina.core.ApplicationContext log
INFORMAÇÕES:  Velocity  [debug] ResourceManager : found layout/dashboard.vm with loader org.apache.velocity.tools.view.WebappResourceLoader
Jun 09, 2015 4:42:27 PM org.apache.catalina.core.ApplicationContext log
INFORMAÇÕES:  Velocity  [debug] ResourceManager : found pbq/navigator.vm with loader org.apache.velocity.tools.view.WebappResourceLoader
Jun 09, 2015 4:42:27 PM org.apache.catalina.core.ApplicationContext log
INFORMAÇÕES:  Velocity  [debug] ResourceManager : found pbq/eixo3/containers.vm with loader org.apache.velocity.tools.view.WebappResourceLoader
Jun 09, 2015 4:42:27 PM org.apache.catalina.core.ApplicationContext log
INFORMAÇÕES:  Velocity  [debug] ResourceManager : found svg/brasil_uf_map.svg with loader org.apache.velocity.tools.view.WebappResourceLoader
Jun 09, 2015 4:45:37 PM org.apache.catalina.core.ApplicationContext log
INFORMAÇÕES:  Velocity  [debug] ResourceManager : found /pbq/index.vm with loader org.apache.velocity.tools.view.WebappResourceLoader
Jun 09, 2015 4:45:37 PM org.apache.catalina.core.ApplicationContext log
INFORMAÇÕES:  Velocity  [debug] ResourceManager : found pbq/eixo1/painel.vars.js with loader org.apache.velocity.tools.view.WebappResourceLoader
Jun 09, 2015 4:45:37 PM org.apache.catalina.core.ApplicationContext log
INFORMAÇÕES:  Velocity  [debug] ResourceManager : found layout/dashboard.vm with loader org.apache.velocity.tools.view.WebappResourceLoader
Jun 09, 2015 4:45:37 PM org.apache.catalina.core.ApplicationContext log
INFORMAÇÕES:  Velocity  [debug] ResourceManager : found pbq/navigator.vm with loader org.apache.velocity.tools.view.WebappResourceLoader
Jun 09, 2015 4:45:37 PM org.apache.catalina.core.ApplicationContext log
INFORMAÇÕES:  Velocity  [debug] ResourceManager : found pbq/eixo1/containers.vm with loader org.apache.velocity.tools.view.WebappResourceLoader
Jun 09, 2015 4:45:38 PM org.apache.catalina.core.ApplicationContext log
INFORMAÇÕES:  Velocity  [debug] ResourceManager : found svg/brasil_uf_map.svg with loader org.apache.velocity.tools.view.WebappResourceLoader
Jun 09, 2015 4:45:38 PM org.apache.catalina.core.ApplicationContext log
INFORMAÇÕES:  Velocity  [debug] ResourceManager : found /pbq/comunidades.json.vm with loader org.apache.velocity.tools.view.WebappResourceLoader
Jun 09, 2015 4:45:38 PM org.apache.catalina.core.ApplicationContext log
INFORMAÇÕES:  Velocity  [debug] ResourceManager : found layout/blank.vm with loader org.apache.velocity.tools.view.WebappResourceLoader
Jun 09, 2015 4:45:43 PM org.apache.catalina.core.ApplicationContext log
INFORMAÇÕES:  Velocity  [debug] ResourceManager : found /pbq/index.vm with loader org.apache.velocity.tools.view.WebappResourceLoader
Jun 09, 2015 4:45:43 PM org.apache.catalina.core.ApplicationContext log
INFORMAÇÕES:  Velocity  [debug] ResourceManager : found pbq/eixo3/painel.vars.js with loader org.apache.velocity.tools.view.WebappResourceLoader
Jun 09, 2015 4:45:43 PM org.apache.catalina.core.ApplicationContext log
INFORMAÇÕES:  Velocity  [debug] ResourceManager : found layout/dashboard.vm with loader org.apache.velocity.tools.view.WebappResourceLoader
Jun 09, 2015 4:45:43 PM org.apache.catalina.core.ApplicationContext log
INFORMAÇÕES:  Velocity  [debug] ResourceManager : found pbq/navigator.vm with loader org.apache.velocity.tools.view.WebappResourceLoader
Jun 09, 2015 4:45:43 PM org.apache.catalina.core.ApplicationContext log
INFORMAÇÕES:  Velocity  [debug] ResourceManager : found pbq/eixo3/containers.vm with loader org.apache.velocity.tools.view.WebappResourceLoader
Jun 09, 2015 4:45:43 PM org.apache.catalina.core.ApplicationContext log
INFORMAÇÕES:  Velocity  [debug] ResourceManager : found svg/brasil_uf_map.svg with loader org.apache.velocity.tools.view.WebappResourceLoader
Jun 09, 2015 4:46:16 PM org.apache.catalina.core.ApplicationContext log
INFORMAÇÕES:  Velocity  [debug] ResourceManager : found /pbq/index.vm with loader org.apache.velocity.tools.view.WebappResourceLoader
Jun 09, 2015 4:46:16 PM org.apache.catalina.core.ApplicationContext log
INFORMAÇÕES:  Velocity  [debug] ResourceManager : found pbq/eixo1/painel.vars.js with loader org.apache.velocity.tools.view.WebappResourceLoader
Jun 09, 2015 4:46:16 PM org.apache.catalina.core.ApplicationContext log
INFORMAÇÕES:  Velocity  [debug] ResourceManager : found layout/dashboard.vm with loader org.apache.velocity.tools.view.WebappResourceLoader
Jun 09, 2015 4:46:16 PM org.apache.catalina.core.ApplicationContext log
INFORMAÇÕES:  Velocity  [debug] ResourceManager : found pbq/navigator.vm with loader org.apache.velocity.tools.view.WebappResourceLoader
Jun 09, 2015 4:46:16 PM org.apache.catalina.core.ApplicationContext log
INFORMAÇÕES:  Velocity  [debug] ResourceManager : found pbq/eixo1/containers.vm with loader org.apache.velocity.tools.view.WebappResourceLoader
Jun 09, 2015 4:46:16 PM org.apache.catalina.core.ApplicationContext log
INFORMAÇÕES:  Velocity  [debug] ResourceManager : found svg/brasil_uf_map.svg with loader org.apache.velocity.tools.view.WebappResourceLoader
Jun 09, 2015 4:46:16 PM org.apache.catalina.core.ApplicationContext log
INFORMAÇÕES:  Velocity  [debug] ResourceManager : found /pbq/comunidades.json.vm with loader org.apache.velocity.tools.view.WebappResourceLoader
Jun 09, 2015 4:46:16 PM org.apache.catalina.core.ApplicationContext log
INFORMAÇÕES:  Velocity  [debug] ResourceManager : found layout/blank.vm with loader org.apache.velocity.tools.view.WebappResourceLoader
Jun 09, 2015 4:47:13 PM org.apache.catalina.core.ApplicationContext log
INFORMAÇÕES:  Velocity  [debug] ResourceManager : found /pbq/index.vm with loader org.apache.velocity.tools.view.WebappResourceLoader
Jun 09, 2015 4:47:13 PM org.apache.catalina.core.ApplicationContext log
INFORMAÇÕES:  Velocity  [debug] ResourceManager : found pbq/eixo3/painel.vars.js with loader org.apache.velocity.tools.view.WebappResourceLoader
Jun 09, 2015 4:47:14 PM org.apache.catalina.core.ApplicationContext log
INFORMAÇÕES:  Velocity  [debug] ResourceManager : found layout/dashboard.vm with loader org.apache.velocity.tools.view.WebappResourceLoader
Jun 09, 2015 4:47:14 PM org.apache.catalina.core.ApplicationContext log
INFORMAÇÕES:  Velocity  [debug] ResourceManager : found pbq/navigator.vm with loader org.apache.velocity.tools.view.WebappResourceLoader
Jun 09, 2015 4:47:14 PM org.apache.catalina.core.ApplicationContext log
INFORMAÇÕES:  Velocity  [debug] ResourceManager : found pbq/eixo3/containers.vm with loader org.apache.velocity.tools.view.WebappResourceLoader
Jun 09, 2015 4:47:14 PM org.apache.catalina.core.ApplicationContext log
INFORMAÇÕES:  Velocity  [debug] ResourceManager : found svg/brasil_uf_map.svg with loader org.apache.velocity.tools.view.WebappResourceLoader
Jun 09, 2015 4:47:30 PM org.apache.catalina.core.ApplicationContext log
INFORMAÇÕES:  Velocity  [debug] ResourceManager : found /pbq/index.vm with loader org.apache.velocity.tools.view.WebappResourceLoader
Jun 09, 2015 4:47:30 PM org.apache.catalina.core.ApplicationContext log
INFORMAÇÕES:  Velocity  [debug] ResourceManager : found pbq/eixo1/painel.vars.js with loader org.apache.velocity.tools.view.WebappResourceLoader
Jun 09, 2015 4:47:30 PM org.apache.catalina.core.ApplicationContext log
INFORMAÇÕES:  Velocity  [debug] ResourceManager : found layout/dashboard.vm with loader org.apache.velocity.tools.view.WebappResourceLoader
Jun 09, 2015 4:47:30 PM org.apache.catalina.core.ApplicationContext log
INFORMAÇÕES:  Velocity  [debug] ResourceManager : found pbq/navigator.vm with loader org.apache.velocity.tools.view.WebappResourceLoader
Jun 09, 2015 4:47:30 PM org.apache.catalina.core.ApplicationContext log
INFORMAÇÕES:  Velocity  [debug] ResourceManager : found pbq/eixo1/containers.vm with loader org.apache.velocity.tools.view.WebappResourceLoader
Jun 09, 2015 4:47:30 PM org.apache.catalina.core.ApplicationContext log
INFORMAÇÕES:  Velocity  [debug] ResourceManager : found svg/brasil_uf_map.svg with loader org.apache.velocity.tools.view.WebappResourceLoader
Jun 09, 2015 4:47:31 PM org.apache.catalina.core.ApplicationContext log
INFORMAÇÕES:  Velocity  [debug] ResourceManager : found /pbq/comunidades.json.vm with loader org.apache.velocity.tools.view.WebappResourceLoader
Jun 09, 2015 4:47:31 PM org.apache.catalina.core.ApplicationContext log
INFORMAÇÕES:  Velocity  [debug] ResourceManager : found layout/blank.vm with loader org.apache.velocity.tools.view.WebappResourceLoader
Jun 09, 2015 4:47:33 PM org.apache.catalina.core.ApplicationContext log
INFORMAÇÕES:  Velocity  [debug] ResourceManager : found /pbq/index.vm with loader org.apache.velocity.tools.view.WebappResourceLoader
Jun 09, 2015 4:47:33 PM org.apache.catalina.core.ApplicationContext log
INFORMAÇÕES:  Velocity  [debug] ResourceManager : found pbq/eixo3/painel.vars.js with loader org.apache.velocity.tools.view.WebappResourceLoader
Jun 09, 2015 4:47:33 PM org.apache.catalina.core.ApplicationContext log
INFORMAÇÕES:  Velocity  [debug] ResourceManager : found layout/dashboard.vm with loader org.apache.velocity.tools.view.WebappResourceLoader
Jun 09, 2015 4:47:33 PM org.apache.catalina.core.ApplicationContext log
INFORMAÇÕES:  Velocity  [debug] ResourceManager : found pbq/navigator.vm with loader org.apache.velocity.tools.view.WebappResourceLoader
Jun 09, 2015 4:47:33 PM org.apache.catalina.core.ApplicationContext log
INFORMAÇÕES:  Velocity  [debug] ResourceManager : found pbq/eixo3/containers.vm with loader org.apache.velocity.tools.view.WebappResourceLoader
Jun 09, 2015 4:47:33 PM org.apache.catalina.core.ApplicationContext log
INFORMAÇÕES:  Velocity  [debug] ResourceManager : found svg/brasil_uf_map.svg with loader org.apache.velocity.tools.view.WebappResourceLoader
Jun 09, 2015 4:48:09 PM org.apache.catalina.core.ApplicationContext log
INFORMAÇÕES:  Velocity  [debug] ResourceManager : found /pbq/index.vm with loader org.apache.velocity.tools.view.WebappResourceLoader
Jun 09, 2015 4:48:09 PM org.apache.catalina.core.ApplicationContext log
INFORMAÇÕES:  Velocity  [debug] ResourceManager : found pbq/eixo2/painel.vars.js with loader org.apache.velocity.tools.view.WebappResourceLoader
Jun 09, 2015 4:48:09 PM org.apache.catalina.core.ApplicationContext log
INFORMAÇÕES:  Velocity  [debug] ResourceManager : found layout/dashboard.vm with loader org.apache.velocity.tools.view.WebappResourceLoader
Jun 09, 2015 4:48:09 PM org.apache.catalina.core.ApplicationContext log
INFORMAÇÕES:  Velocity  [debug] ResourceManager : found pbq/navigator.vm with loader org.apache.velocity.tools.view.WebappResourceLoader
Jun 09, 2015 4:48:09 PM org.apache.catalina.core.ApplicationContext log
INFORMAÇÕES:  Velocity  [debug] ResourceManager : found pbq/eixo2/containers.vm with loader org.apache.velocity.tools.view.WebappResourceLoader
Jun 09, 2015 4:48:09 PM org.apache.catalina.core.ApplicationContext log
INFORMAÇÕES:  Velocity  [debug] ResourceManager : found svg/brasil_uf_map.svg with loader org.apache.velocity.tools.view.WebappResourceLoader
Jun 09, 2015 4:48:19 PM org.apache.catalina.core.ApplicationContext log
INFORMAÇÕES:  Velocity  [debug] ResourceManager : found /pbq/index.vm with loader org.apache.velocity.tools.view.WebappResourceLoader
Jun 09, 2015 4:48:19 PM org.apache.catalina.core.ApplicationContext log
INFORMAÇÕES:  Velocity  [debug] ResourceManager : found pbq/eixo4/painel.vars.js with loader org.apache.velocity.tools.view.WebappResourceLoader
Jun 09, 2015 4:48:19 PM org.apache.catalina.core.ApplicationContext log
INFORMAÇÕES:  Velocity  [debug] ResourceManager : found layout/dashboard.vm with loader org.apache.velocity.tools.view.WebappResourceLoader
Jun 09, 2015 4:48:19 PM org.apache.catalina.core.ApplicationContext log
INFORMAÇÕES:  Velocity  [debug] ResourceManager : found pbq/navigator.vm with loader org.apache.velocity.tools.view.WebappResourceLoader
Jun 09, 2015 4:48:19 PM org.apache.catalina.core.ApplicationContext log
INFORMAÇÕES:  Velocity  [debug] ResourceManager : found pbq/eixo4/containers.vm with loader org.apache.velocity.tools.view.WebappResourceLoader
Jun 09, 2015 4:48:19 PM org.apache.catalina.core.ApplicationContext log
INFORMAÇÕES:  Velocity  [debug] ResourceManager : found svg/brasil_uf_map.svg with loader org.apache.velocity.tools.view.WebappResourceLoader
Jun 09, 2015 4:49:08 PM org.apache.catalina.core.ApplicationContext log
INFORMAÇÕES:  Velocity  [debug] ResourceManager : found /pbq/index.vm with loader org.apache.velocity.tools.view.WebappResourceLoader
Jun 09, 2015 4:49:08 PM org.apache.catalina.core.ApplicationContext log
INFORMAÇÕES:  Velocity  [debug] ResourceManager : found pbq/eixo1/painel.vars.js with loader org.apache.velocity.tools.view.WebappResourceLoader
Jun 09, 2015 4:49:08 PM org.apache.catalina.core.ApplicationContext log
INFORMAÇÕES:  Velocity  [debug] ResourceManager : found layout/dashboard.vm with loader org.apache.velocity.tools.view.WebappResourceLoader
Jun 09, 2015 4:49:08 PM org.apache.catalina.core.ApplicationContext log
INFORMAÇÕES:  Velocity  [debug] ResourceManager : found pbq/navigator.vm with loader org.apache.velocity.tools.view.WebappResourceLoader
Jun 09, 2015 4:49:08 PM org.apache.catalina.core.ApplicationContext log
INFORMAÇÕES:  Velocity  [debug] ResourceManager : found pbq/eixo1/containers.vm with loader org.apache.velocity.tools.view.WebappResourceLoader
Jun 09, 2015 4:49:08 PM org.apache.catalina.core.ApplicationContext log
INFORMAÇÕES:  Velocity  [debug] ResourceManager : found svg/brasil_uf_map.svg with loader org.apache.velocity.tools.view.WebappResourceLoader
Jun 09, 2015 4:49:09 PM org.apache.catalina.core.ApplicationContext log
INFORMAÇÕES:  Velocity  [debug] ResourceManager : found /pbq/comunidades.json.vm with loader org.apache.velocity.tools.view.WebappResourceLoader
Jun 09, 2015 4:49:09 PM org.apache.catalina.core.ApplicationContext log
INFORMAÇÕES:  Velocity  [debug] ResourceManager : found layout/blank.vm with loader org.apache.velocity.tools.view.WebappResourceLoader
Jun 09, 2015 4:49:26 PM org.apache.catalina.core.ApplicationContext log
INFORMAÇÕES:  Velocity  [debug] ResourceManager : found /pbq/index.vm with loader org.apache.velocity.tools.view.WebappResourceLoader
Jun 09, 2015 4:49:26 PM org.apache.catalina.core.ApplicationContext log
INFORMAÇÕES:  Velocity  [debug] ResourceManager : found pbq/eixo2/painel.vars.js with loader org.apache.velocity.tools.view.WebappResourceLoader
Jun 09, 2015 4:49:26 PM org.apache.catalina.core.ApplicationContext log
INFORMAÇÕES:  Velocity  [debug] ResourceManager : found layout/dashboard.vm with loader org.apache.velocity.tools.view.WebappResourceLoader
Jun 09, 2015 4:49:26 PM org.apache.catalina.core.ApplicationContext log
INFORMAÇÕES:  Velocity  [debug] ResourceManager : found pbq/navigator.vm with loader org.apache.velocity.tools.view.WebappResourceLoader
Jun 09, 2015 4:49:26 PM org.apache.catalina.core.ApplicationContext log
INFORMAÇÕES:  Velocity  [debug] ResourceManager : found pbq/eixo2/containers.vm with loader org.apache.velocity.tools.view.WebappResourceLoader
Jun 09, 2015 4:49:26 PM org.apache.catalina.core.ApplicationContext log
INFORMAÇÕES:  Velocity  [debug] ResourceManager : found svg/brasil_uf_map.svg with loader org.apache.velocity.tools.view.WebappResourceLoader
Jun 09, 2015 4:49:37 PM org.apache.catalina.core.ApplicationContext log
INFORMAÇÕES:  Velocity  [debug] ResourceManager : found /pbq/index.vm with loader org.apache.velocity.tools.view.WebappResourceLoader
Jun 09, 2015 4:49:37 PM org.apache.catalina.core.ApplicationContext log
INFORMAÇÕES:  Velocity  [debug] ResourceManager : found pbq/eixo3/painel.vars.js with loader org.apache.velocity.tools.view.WebappResourceLoader
Jun 09, 2015 4:49:37 PM org.apache.catalina.core.ApplicationContext log
INFORMAÇÕES:  Velocity  [debug] ResourceManager : found layout/dashboard.vm with loader org.apache.velocity.tools.view.WebappResourceLoader
Jun 09, 2015 4:49:37 PM org.apache.catalina.core.ApplicationContext log
INFORMAÇÕES:  Velocity  [debug] ResourceManager : found pbq/navigator.vm with loader org.apache.velocity.tools.view.WebappResourceLoader
Jun 09, 2015 4:49:37 PM org.apache.catalina.core.ApplicationContext log
INFORMAÇÕES:  Velocity  [debug] ResourceManager : found pbq/eixo3/containers.vm with loader org.apache.velocity.tools.view.WebappResourceLoader
Jun 09, 2015 4:49:37 PM org.apache.catalina.core.ApplicationContext log
INFORMAÇÕES:  Velocity  [debug] ResourceManager : found svg/brasil_uf_map.svg with loader org.apache.velocity.tools.view.WebappResourceLoader
Jun 09, 2015 5:24:02 PM org.apache.catalina.core.ApplicationContext log
INFORMAÇÕES: Initializing Spring root WebApplicationContext
Jun 09, 2015 5:24:11 PM org.apache.catalina.core.StandardContext listenerStart
GRAVE: Error configuring application listener of class org.apache.shiro.web.env.EnvironmentLoaderListener
java.lang.NoClassDefFoundError: org/slf4j/LoggerFactory
	at org.apache.shiro.web.env.EnvironmentLoader.<clinit>(EnvironmentLoader.java:108)
	at sun.reflect.NativeConstructorAccessorImpl.newInstance0(Native Method)
	at sun.reflect.NativeConstructorAccessorImpl.newInstance(NativeConstructorAccessorImpl.java:57)
	at sun.reflect.DelegatingConstructorAccessorImpl.newInstance(DelegatingConstructorAccessorImpl.java:45)
	at java.lang.reflect.Constructor.newInstance(Constructor.java:526)
	at java.lang.Class.newInstance(Class.java:379)
	at org.apache.catalina.core.DefaultInstanceManager.newInstance(DefaultInstanceManager.java:134)
	at org.apache.catalina.core.StandardContext.listenerStart(StandardContext.java:4727)
	at org.apache.catalina.core.StandardContext.startInternal(StandardContext.java:5285)
	at org.apache.catalina.util.LifecycleBase.start(LifecycleBase.java:150)
	at org.apache.catalina.core.ContainerBase.addChildInternal(ContainerBase.java:901)
	at org.apache.catalina.core.ContainerBase.addChild(ContainerBase.java:877)
	at org.apache.catalina.core.StandardHost.addChild(StandardHost.java:618)
	at org.apache.catalina.startup.HostConfig.deployDirectory(HostConfig.java:1100)
	at org.apache.catalina.startup.HostConfig$DeployDirectory.run(HostConfig.java:1618)
	at java.util.concurrent.Executors$RunnableAdapter.call(Executors.java:471)
	at java.util.concurrent.FutureTask.run(FutureTask.java:262)
	at java.util.concurrent.ThreadPoolExecutor.runWorker(ThreadPoolExecutor.java:1145)
	at java.util.concurrent.ThreadPoolExecutor$Worker.run(ThreadPoolExecutor.java:615)
	at java.lang.Thread.run(Thread.java:745)
Caused by: java.lang.ClassNotFoundException: org.slf4j.LoggerFactory
	at org.apache.catalina.loader.WebappClassLoader.loadClass(WebappClassLoader.java:1711)
	at org.apache.catalina.loader.WebappClassLoader.loadClass(WebappClassLoader.java:1556)
	... 20 more

Jun 09, 2015 5:24:11 PM org.apache.catalina.core.StandardContext listenerStart
GRAVE: Skipped installing application listeners due to previous error(s)
Jun 09, 2015 5:24:13 PM org.apache.catalina.core.ApplicationContext log
INFORMAÇÕES: Closing Spring root WebApplicationContext
Jun 09, 2015 5:25:22 PM org.apache.catalina.core.ApplicationContext log
INFORMAÇÕES:  Velocity  [debug] ResourceManager : found /pbq/index.vm with loader org.apache.velocity.tools.view.WebappResourceLoader
Jun 09, 2015 5:25:22 PM org.apache.catalina.core.ApplicationContext log
INFORMAÇÕES:  Velocity  [debug] ResourceManager : found pbq/eixo1/painel.vars.js with loader org.apache.velocity.tools.view.WebappResourceLoader
Jun 09, 2015 5:25:22 PM org.apache.catalina.core.ApplicationContext log
INFORMAÇÕES:  Velocity  [debug] ResourceManager : found layout/dashboard.vm with loader org.apache.velocity.tools.view.WebappResourceLoader
Jun 09, 2015 5:25:22 PM org.apache.catalina.core.ApplicationContext log
INFORMAÇÕES:  Velocity  [debug] ResourceManager : found pbq/navigator.vm with loader org.apache.velocity.tools.view.WebappResourceLoader
Jun 09, 2015 5:25:22 PM org.apache.catalina.core.ApplicationContext log
INFORMAÇÕES:  Velocity  [debug] ResourceManager : found pbq/eixo1/containers.vm with loader org.apache.velocity.tools.view.WebappResourceLoader
Jun 09, 2015 5:25:22 PM org.apache.catalina.core.ApplicationContext log
INFORMAÇÕES:  Velocity  [debug] ResourceManager : found svg/brasil_uf_map.svg with loader org.apache.velocity.tools.view.WebappResourceLoader
Jun 09, 2015 5:25:22 PM org.apache.catalina.core.ApplicationContext log
INFORMAÇÕES:  Velocity  [debug] ResourceManager : found /pbq/comunidades.json.vm with loader org.apache.velocity.tools.view.WebappResourceLoader
Jun 09, 2015 5:25:22 PM org.apache.catalina.core.ApplicationContext log
INFORMAÇÕES:  Velocity  [debug] ResourceManager : found layout/blank.vm with loader org.apache.velocity.tools.view.WebappResourceLoader
Jun 09, 2015 5:25:29 PM org.apache.catalina.core.ApplicationContext log
INFORMAÇÕES:  Velocity  [debug] ResourceManager : found /pbq/index.vm with loader org.apache.velocity.tools.view.WebappResourceLoader
Jun 09, 2015 5:25:29 PM org.apache.catalina.core.ApplicationContext log
INFORMAÇÕES:  Velocity  [debug] ResourceManager : found pbq/eixo3/painel.vars.js with loader org.apache.velocity.tools.view.WebappResourceLoader
Jun 09, 2015 5:25:29 PM org.apache.catalina.core.ApplicationContext log
INFORMAÇÕES:  Velocity  [debug] ResourceManager : found layout/dashboard.vm with loader org.apache.velocity.tools.view.WebappResourceLoader
Jun 09, 2015 5:25:29 PM org.apache.catalina.core.ApplicationContext log
INFORMAÇÕES:  Velocity  [debug] ResourceManager : found pbq/navigator.vm with loader org.apache.velocity.tools.view.WebappResourceLoader
Jun 09, 2015 5:25:29 PM org.apache.catalina.core.ApplicationContext log
INFORMAÇÕES:  Velocity  [debug] ResourceManager : found pbq/eixo3/containers.vm with loader org.apache.velocity.tools.view.WebappResourceLoader
Jun 09, 2015 5:25:29 PM org.apache.catalina.core.ApplicationContext log
INFORMAÇÕES:  Velocity  [debug] ResourceManager : found svg/brasil_uf_map.svg with loader org.apache.velocity.tools.view.WebappResourceLoader
Jun 09, 2015 5:26:31 PM org.apache.catalina.session.StandardSession writeObject
ADVERTÊNCIA: Cannot serialize session attribute olapDiscoverBean for session 8BEFE2960CCE62CEE10A7BA3A6F9B2F3
java.io.NotSerializableException: org.saiku.datasources.connection.SaikuOlapConnection
	at java.io.ObjectOutputStream.writeObject0(ObjectOutputStream.java:1183)
	at java.io.ObjectOutputStream.writeObject(ObjectOutputStream.java:347)
	at java.util.HashMap.writeObject(HashMap.java:1129)
	at sun.reflect.NativeMethodAccessorImpl.invoke0(Native Method)
	at sun.reflect.NativeMethodAccessorImpl.invoke(NativeMethodAccessorImpl.java:57)
	at sun.reflect.DelegatingMethodAccessorImpl.invoke(DelegatingMethodAccessorImpl.java:43)
	at java.lang.reflect.Method.invoke(Method.java:606)
	at java.io.ObjectStreamClass.invokeWriteObject(ObjectStreamClass.java:988)
	at java.io.ObjectOutputStream.writeSerialData(ObjectOutputStream.java:1495)
	at java.io.ObjectOutputStream.writeOrdinaryObject(ObjectOutputStream.java:1431)
	at java.io.ObjectOutputStream.writeObject0(ObjectOutputStream.java:1177)
	at java.io.ObjectOutputStream.defaultWriteFields(ObjectOutputStream.java:1547)
	at java.io.ObjectOutputStream.writeSerialData(ObjectOutputStream.java:1508)
	at java.io.ObjectOutputStream.writeOrdinaryObject(ObjectOutputStream.java:1431)
	at java.io.ObjectOutputStream.writeObject0(ObjectOutputStream.java:1177)
	at java.io.ObjectOutputStream.defaultWriteFields(ObjectOutputStream.java:1547)
	at java.io.ObjectOutputStream.writeSerialData(ObjectOutputStream.java:1508)
	at java.io.ObjectOutputStream.writeOrdinaryObject(ObjectOutputStream.java:1431)
	at java.io.ObjectOutputStream.writeObject0(ObjectOutputStream.java:1177)
	at java.io.ObjectOutputStream.defaultWriteFields(ObjectOutputStream.java:1547)
	at java.io.ObjectOutputStream.writeSerialData(ObjectOutputStream.java:1508)
	at java.io.ObjectOutputStream.writeOrdinaryObject(ObjectOutputStream.java:1431)
	at java.io.ObjectOutputStream.writeObject0(ObjectOutputStream.java:1177)
	at java.io.ObjectOutputStream.defaultWriteFields(ObjectOutputStream.java:1547)
	at java.io.ObjectOutputStream.writeSerialData(ObjectOutputStream.java:1508)
	at java.io.ObjectOutputStream.writeOrdinaryObject(ObjectOutputStream.java:1431)
	at java.io.ObjectOutputStream.writeObject0(ObjectOutputStream.java:1177)
	at java.io.ObjectOutputStream.writeObject(ObjectOutputStream.java:347)
	at org.apache.catalina.session.StandardSession.writeObject(StandardSession.java:1671)
	at org.apache.catalina.session.StandardSession.writeObjectData(StandardSession.java:1077)
	at org.apache.catalina.session.StandardManager.doUnload(StandardManager.java:432)
	at org.apache.catalina.session.StandardManager.unload(StandardManager.java:353)
	at org.apache.catalina.session.StandardManager.stopInternal(StandardManager.java:518)
	at org.apache.catalina.util.LifecycleBase.stop(LifecycleBase.java:232)
	at org.apache.catalina.core.StandardContext.stopInternal(StandardContext.java:5474)
	at org.apache.catalina.util.LifecycleBase.stop(LifecycleBase.java:232)
	at org.apache.catalina.core.ContainerBase$StopChild.call(ContainerBase.java:1575)
	at org.apache.catalina.core.ContainerBase$StopChild.call(ContainerBase.java:1564)
	at java.util.concurrent.FutureTask.run(FutureTask.java:262)
	at java.util.concurrent.ThreadPoolExecutor.runWorker(ThreadPoolExecutor.java:1145)
	at java.util.concurrent.ThreadPoolExecutor$Worker.run(ThreadPoolExecutor.java:615)
	at java.lang.Thread.run(Thread.java:745)

Jun 09, 2015 5:26:31 PM org.apache.catalina.session.StandardSession writeObject
ADVERTÊNCIA: Cannot serialize session attribute olapQueryBean for session 8BEFE2960CCE62CEE10A7BA3A6F9B2F3
java.io.NotSerializableException: org.saiku.datasources.connection.SaikuOlapConnection
	at java.io.ObjectOutputStream.writeObject0(ObjectOutputStream.java:1183)
	at java.io.ObjectOutputStream.writeObject(ObjectOutputStream.java:347)
	at java.util.HashMap.writeObject(HashMap.java:1129)
	at sun.reflect.NativeMethodAccessorImpl.invoke0(Native Method)
	at sun.reflect.NativeMethodAccessorImpl.invoke(NativeMethodAccessorImpl.java:57)
	at sun.reflect.DelegatingMethodAccessorImpl.invoke(DelegatingMethodAccessorImpl.java:43)
	at java.lang.reflect.Method.invoke(Method.java:606)
	at java.io.ObjectStreamClass.invokeWriteObject(ObjectStreamClass.java:988)
	at java.io.ObjectOutputStream.writeSerialData(ObjectOutputStream.java:1495)
	at java.io.ObjectOutputStream.writeOrdinaryObject(ObjectOutputStream.java:1431)
	at java.io.ObjectOutputStream.writeObject0(ObjectOutputStream.java:1177)
	at java.io.ObjectOutputStream.defaultWriteFields(ObjectOutputStream.java:1547)
	at java.io.ObjectOutputStream.writeSerialData(ObjectOutputStream.java:1508)
	at java.io.ObjectOutputStream.writeOrdinaryObject(ObjectOutputStream.java:1431)
	at java.io.ObjectOutputStream.writeObject0(ObjectOutputStream.java:1177)
	at java.io.ObjectOutputStream.defaultWriteFields(ObjectOutputStream.java:1547)
	at java.io.ObjectOutputStream.writeSerialData(ObjectOutputStream.java:1508)
	at java.io.ObjectOutputStream.writeOrdinaryObject(ObjectOutputStream.java:1431)
	at java.io.ObjectOutputStream.writeObject0(ObjectOutputStream.java:1177)
	at java.io.ObjectOutputStream.defaultWriteFields(ObjectOutputStream.java:1547)
	at java.io.ObjectOutputStream.writeSerialData(ObjectOutputStream.java:1508)
	at java.io.ObjectOutputStream.writeOrdinaryObject(ObjectOutputStream.java:1431)
	at java.io.ObjectOutputStream.writeObject0(ObjectOutputStream.java:1177)
	at java.io.ObjectOutputStream.defaultWriteFields(ObjectOutputStream.java:1547)
	at java.io.ObjectOutputStream.writeSerialData(ObjectOutputStream.java:1508)
	at java.io.ObjectOutputStream.writeOrdinaryObject(ObjectOutputStream.java:1431)
	at java.io.ObjectOutputStream.writeObject0(ObjectOutputStream.java:1177)
	at java.io.ObjectOutputStream.writeObject(ObjectOutputStream.java:347)
	at org.apache.catalina.session.StandardSession.writeObject(StandardSession.java:1671)
	at org.apache.catalina.session.StandardSession.writeObjectData(StandardSession.java:1077)
	at org.apache.catalina.session.StandardManager.doUnload(StandardManager.java:432)
	at org.apache.catalina.session.StandardManager.unload(StandardManager.java:353)
	at org.apache.catalina.session.StandardManager.stopInternal(StandardManager.java:518)
	at org.apache.catalina.util.LifecycleBase.stop(LifecycleBase.java:232)
	at org.apache.catalina.core.StandardContext.stopInternal(StandardContext.java:5474)
	at org.apache.catalina.util.LifecycleBase.stop(LifecycleBase.java:232)
	at org.apache.catalina.core.ContainerBase$StopChild.call(ContainerBase.java:1575)
	at org.apache.catalina.core.ContainerBase$StopChild.call(ContainerBase.java:1564)
	at java.util.concurrent.FutureTask.run(FutureTask.java:262)
	at java.util.concurrent.ThreadPoolExecutor.runWorker(ThreadPoolExecutor.java:1145)
	at java.util.concurrent.ThreadPoolExecutor$Worker.run(ThreadPoolExecutor.java:615)
	at java.lang.Thread.run(Thread.java:745)

Jun 09, 2015 5:26:31 PM org.apache.catalina.session.StandardSession writeObject
ADVERTÊNCIA: Cannot serialize session attribute org.springframework.web.context.request.ServletRequestAttributes.DESTRUCTION_CALLBACK.olapQueryBean for session 8BEFE2960CCE62CEE10A7BA3A6F9B2F3
java.io.NotSerializableException: org.saiku.datasources.connection.SaikuOlapConnection
	at java.io.ObjectOutputStream.writeObject0(ObjectOutputStream.java:1183)
	at java.io.ObjectOutputStream.writeObject(ObjectOutputStream.java:347)
	at java.util.HashMap.writeObject(HashMap.java:1129)
	at sun.reflect.NativeMethodAccessorImpl.invoke0(Native Method)
	at sun.reflect.NativeMethodAccessorImpl.invoke(NativeMethodAccessorImpl.java:57)
	at sun.reflect.DelegatingMethodAccessorImpl.invoke(DelegatingMethodAccessorImpl.java:43)
	at java.lang.reflect.Method.invoke(Method.java:606)
	at java.io.ObjectStreamClass.invokeWriteObject(ObjectStreamClass.java:988)
	at java.io.ObjectOutputStream.writeSerialData(ObjectOutputStream.java:1495)
	at java.io.ObjectOutputStream.writeOrdinaryObject(ObjectOutputStream.java:1431)
	at java.io.ObjectOutputStream.writeObject0(ObjectOutputStream.java:1177)
	at java.io.ObjectOutputStream.defaultWriteFields(ObjectOutputStream.java:1547)
	at java.io.ObjectOutputStream.writeSerialData(ObjectOutputStream.java:1508)
	at java.io.ObjectOutputStream.writeOrdinaryObject(ObjectOutputStream.java:1431)
	at java.io.ObjectOutputStream.writeObject0(ObjectOutputStream.java:1177)
	at java.io.ObjectOutputStream.defaultWriteFields(ObjectOutputStream.java:1547)
	at java.io.ObjectOutputStream.writeSerialData(ObjectOutputStream.java:1508)
	at java.io.ObjectOutputStream.writeOrdinaryObject(ObjectOutputStream.java:1431)
	at java.io.ObjectOutputStream.writeObject0(ObjectOutputStream.java:1177)
	at java.io.ObjectOutputStream.defaultWriteFields(ObjectOutputStream.java:1547)
	at java.io.ObjectOutputStream.writeSerialData(ObjectOutputStream.java:1508)
	at java.io.ObjectOutputStream.writeOrdinaryObject(ObjectOutputStream.java:1431)
	at java.io.ObjectOutputStream.writeObject0(ObjectOutputStream.java:1177)
	at java.io.ObjectOutputStream.defaultWriteFields(ObjectOutputStream.java:1547)
	at java.io.ObjectOutputStream.writeSerialData(ObjectOutputStream.java:1508)
	at java.io.ObjectOutputStream.writeOrdinaryObject(ObjectOutputStream.java:1431)
	at java.io.ObjectOutputStream.writeObject0(ObjectOutputStream.java:1177)
	at java.io.ObjectOutputStream.defaultWriteFields(ObjectOutputStream.java:1547)
	at java.io.ObjectOutputStream.writeSerialData(ObjectOutputStream.java:1508)
	at java.io.ObjectOutputStream.writeOrdinaryObject(ObjectOutputStream.java:1431)
	at java.io.ObjectOutputStream.writeObject0(ObjectOutputStream.java:1177)
	at java.io.ObjectOutputStream.defaultWriteFields(ObjectOutputStream.java:1547)
	at java.io.ObjectOutputStream.writeSerialData(ObjectOutputStream.java:1508)
	at java.io.ObjectOutputStream.writeOrdinaryObject(ObjectOutputStream.java:1431)
	at java.io.ObjectOutputStream.writeObject0(ObjectOutputStream.java:1177)
	at java.io.ObjectOutputStream.writeObject(ObjectOutputStream.java:347)
	at org.apache.catalina.session.StandardSession.writeObject(StandardSession.java:1671)
	at org.apache.catalina.session.StandardSession.writeObjectData(StandardSession.java:1077)
	at org.apache.catalina.session.StandardManager.doUnload(StandardManager.java:432)
	at org.apache.catalina.session.StandardManager.unload(StandardManager.java:353)
	at org.apache.catalina.session.StandardManager.stopInternal(StandardManager.java:518)
	at org.apache.catalina.util.LifecycleBase.stop(LifecycleBase.java:232)
	at org.apache.catalina.core.StandardContext.stopInternal(StandardContext.java:5474)
	at org.apache.catalina.util.LifecycleBase.stop(LifecycleBase.java:232)
	at org.apache.catalina.core.ContainerBase$StopChild.call(ContainerBase.java:1575)
	at org.apache.catalina.core.ContainerBase$StopChild.call(ContainerBase.java:1564)
	at java.util.concurrent.FutureTask.run(FutureTask.java:262)
	at java.util.concurrent.ThreadPoolExecutor.runWorker(ThreadPoolExecutor.java:1145)
	at java.util.concurrent.ThreadPoolExecutor$Worker.run(ThreadPoolExecutor.java:615)
	at java.lang.Thread.run(Thread.java:745)

Jun 09, 2015 5:26:31 PM org.apache.catalina.session.StandardSession writeObject
ADVERTÊNCIA: Cannot serialize session attribute org.springframework.web.context.request.ServletRequestAttributes.DESTRUCTION_CALLBACK.olapDiscoverBean for session 8BEFE2960CCE62CEE10A7BA3A6F9B2F3
java.io.NotSerializableException: org.saiku.datasources.connection.SaikuOlapConnection
	at java.io.ObjectOutputStream.writeObject0(ObjectOutputStream.java:1183)
	at java.io.ObjectOutputStream.writeObject(ObjectOutputStream.java:347)
	at java.util.HashMap.writeObject(HashMap.java:1129)
	at sun.reflect.NativeMethodAccessorImpl.invoke0(Native Method)
	at sun.reflect.NativeMethodAccessorImpl.invoke(NativeMethodAccessorImpl.java:57)
	at sun.reflect.DelegatingMethodAccessorImpl.invoke(DelegatingMethodAccessorImpl.java:43)
	at java.lang.reflect.Method.invoke(Method.java:606)
	at java.io.ObjectStreamClass.invokeWriteObject(ObjectStreamClass.java:988)
	at java.io.ObjectOutputStream.writeSerialData(ObjectOutputStream.java:1495)
	at java.io.ObjectOutputStream.writeOrdinaryObject(ObjectOutputStream.java:1431)
	at java.io.ObjectOutputStream.writeObject0(ObjectOutputStream.java:1177)
	at java.io.ObjectOutputStream.defaultWriteFields(ObjectOutputStream.java:1547)
	at java.io.ObjectOutputStream.writeSerialData(ObjectOutputStream.java:1508)
	at java.io.ObjectOutputStream.writeOrdinaryObject(ObjectOutputStream.java:1431)
	at java.io.ObjectOutputStream.writeObject0(ObjectOutputStream.java:1177)
	at java.io.ObjectOutputStream.defaultWriteFields(ObjectOutputStream.java:1547)
	at java.io.ObjectOutputStream.writeSerialData(ObjectOutputStream.java:1508)
	at java.io.ObjectOutputStream.writeOrdinaryObject(ObjectOutputStream.java:1431)
	at java.io.ObjectOutputStream.writeObject0(ObjectOutputStream.java:1177)
	at java.io.ObjectOutputStream.defaultWriteFields(ObjectOutputStream.java:1547)
	at java.io.ObjectOutputStream.writeSerialData(ObjectOutputStream.java:1508)
	at java.io.ObjectOutputStream.writeOrdinaryObject(ObjectOutputStream.java:1431)
	at java.io.ObjectOutputStream.writeObject0(ObjectOutputStream.java:1177)
	at java.io.ObjectOutputStream.defaultWriteFields(ObjectOutputStream.java:1547)
	at java.io.ObjectOutputStream.writeSerialData(ObjectOutputStream.java:1508)
	at java.io.ObjectOutputStream.writeOrdinaryObject(ObjectOutputStream.java:1431)
	at java.io.ObjectOutputStream.writeObject0(ObjectOutputStream.java:1177)
	at java.io.ObjectOutputStream.defaultWriteFields(ObjectOutputStream.java:1547)
	at java.io.ObjectOutputStream.writeSerialData(ObjectOutputStream.java:1508)
	at java.io.ObjectOutputStream.writeOrdinaryObject(ObjectOutputStream.java:1431)
	at java.io.ObjectOutputStream.writeObject0(ObjectOutputStream.java:1177)
	at java.io.ObjectOutputStream.defaultWriteFields(ObjectOutputStream.java:1547)
	at java.io.ObjectOutputStream.writeSerialData(ObjectOutputStream.java:1508)
	at java.io.ObjectOutputStream.writeOrdinaryObject(ObjectOutputStream.java:1431)
	at java.io.ObjectOutputStream.writeObject0(ObjectOutputStream.java:1177)
	at java.io.ObjectOutputStream.writeObject(ObjectOutputStream.java:347)
	at org.apache.catalina.session.StandardSession.writeObject(StandardSession.java:1671)
	at org.apache.catalina.session.StandardSession.writeObjectData(StandardSession.java:1077)
	at org.apache.catalina.session.StandardManager.doUnload(StandardManager.java:432)
	at org.apache.catalina.session.StandardManager.unload(StandardManager.java:353)
	at org.apache.catalina.session.StandardManager.stopInternal(StandardManager.java:518)
	at org.apache.catalina.util.LifecycleBase.stop(LifecycleBase.java:232)
	at org.apache.catalina.core.StandardContext.stopInternal(StandardContext.java:5474)
	at org.apache.catalina.util.LifecycleBase.stop(LifecycleBase.java:232)
	at org.apache.catalina.core.ContainerBase$StopChild.call(ContainerBase.java:1575)
	at org.apache.catalina.core.ContainerBase$StopChild.call(ContainerBase.java:1564)
	at java.util.concurrent.FutureTask.run(FutureTask.java:262)
	at java.util.concurrent.ThreadPoolExecutor.runWorker(ThreadPoolExecutor.java:1145)
	at java.util.concurrent.ThreadPoolExecutor$Worker.run(ThreadPoolExecutor.java:615)
	at java.lang.Thread.run(Thread.java:745)

Jun 09, 2015 5:26:31 PM org.apache.catalina.session.StandardSession writeObject
ADVERTÊNCIA: Cannot serialize session attribute olapDiscoverBean for session 3AF20078F4365E1187A1E0B0854159E3
java.io.NotSerializableException: org.saiku.datasources.connection.SaikuOlapConnection
	at java.io.ObjectOutputStream.writeObject0(ObjectOutputStream.java:1183)
	at java.io.ObjectOutputStream.writeObject(ObjectOutputStream.java:347)
	at java.util.HashMap.writeObject(HashMap.java:1129)
	at sun.reflect.NativeMethodAccessorImpl.invoke0(Native Method)
	at sun.reflect.NativeMethodAccessorImpl.invoke(NativeMethodAccessorImpl.java:57)
	at sun.reflect.DelegatingMethodAccessorImpl.invoke(DelegatingMethodAccessorImpl.java:43)
	at java.lang.reflect.Method.invoke(Method.java:606)
	at java.io.ObjectStreamClass.invokeWriteObject(ObjectStreamClass.java:988)
	at java.io.ObjectOutputStream.writeSerialData(ObjectOutputStream.java:1495)
	at java.io.ObjectOutputStream.writeOrdinaryObject(ObjectOutputStream.java:1431)
	at java.io.ObjectOutputStream.writeObject0(ObjectOutputStream.java:1177)
	at java.io.ObjectOutputStream.defaultWriteFields(ObjectOutputStream.java:1547)
	at java.io.ObjectOutputStream.writeSerialData(ObjectOutputStream.java:1508)
	at java.io.ObjectOutputStream.writeOrdinaryObject(ObjectOutputStream.java:1431)
	at java.io.ObjectOutputStream.writeObject0(ObjectOutputStream.java:1177)
	at java.io.ObjectOutputStream.defaultWriteFields(ObjectOutputStream.java:1547)
	at java.io.ObjectOutputStream.writeSerialData(ObjectOutputStream.java:1508)
	at java.io.ObjectOutputStream.writeOrdinaryObject(ObjectOutputStream.java:1431)
	at java.io.ObjectOutputStream.writeObject0(ObjectOutputStream.java:1177)
	at java.io.ObjectOutputStream.defaultWriteFields(ObjectOutputStream.java:1547)
	at java.io.ObjectOutputStream.writeSerialData(ObjectOutputStream.java:1508)
	at java.io.ObjectOutputStream.writeOrdinaryObject(ObjectOutputStream.java:1431)
	at java.io.ObjectOutputStream.writeObject0(ObjectOutputStream.java:1177)
	at java.io.ObjectOutputStream.defaultWriteFields(ObjectOutputStream.java:1547)
	at java.io.ObjectOutputStream.writeSerialData(ObjectOutputStream.java:1508)
	at java.io.ObjectOutputStream.writeOrdinaryObject(ObjectOutputStream.java:1431)
	at java.io.ObjectOutputStream.writeObject0(ObjectOutputStream.java:1177)
	at java.io.ObjectOutputStream.writeObject(ObjectOutputStream.java:347)
	at org.apache.catalina.session.StandardSession.writeObject(StandardSession.java:1671)
	at org.apache.catalina.session.StandardSession.writeObjectData(StandardSession.java:1077)
	at org.apache.catalina.session.StandardManager.doUnload(StandardManager.java:432)
	at org.apache.catalina.session.StandardManager.unload(StandardManager.java:353)
	at org.apache.catalina.session.StandardManager.stopInternal(StandardManager.java:518)
	at org.apache.catalina.util.LifecycleBase.stop(LifecycleBase.java:232)
	at org.apache.catalina.core.StandardContext.stopInternal(StandardContext.java:5474)
	at org.apache.catalina.util.LifecycleBase.stop(LifecycleBase.java:232)
	at org.apache.catalina.core.ContainerBase$StopChild.call(ContainerBase.java:1575)
	at org.apache.catalina.core.ContainerBase$StopChild.call(ContainerBase.java:1564)
	at java.util.concurrent.FutureTask.run(FutureTask.java:262)
	at java.util.concurrent.ThreadPoolExecutor.runWorker(ThreadPoolExecutor.java:1145)
	at java.util.concurrent.ThreadPoolExecutor$Worker.run(ThreadPoolExecutor.java:615)
	at java.lang.Thread.run(Thread.java:745)

Jun 09, 2015 5:26:31 PM org.apache.catalina.session.StandardSession writeObject
ADVERTÊNCIA: Cannot serialize session attribute olapQueryBean for session 3AF20078F4365E1187A1E0B0854159E3
java.io.NotSerializableException: org.saiku.datasources.connection.SaikuOlapConnection
	at java.io.ObjectOutputStream.writeObject0(ObjectOutputStream.java:1183)
	at java.io.ObjectOutputStream.writeObject(ObjectOutputStream.java:347)
	at java.util.HashMap.writeObject(HashMap.java:1129)
	at sun.reflect.NativeMethodAccessorImpl.invoke0(Native Method)
	at sun.reflect.NativeMethodAccessorImpl.invoke(NativeMethodAccessorImpl.java:57)
	at sun.reflect.DelegatingMethodAccessorImpl.invoke(DelegatingMethodAccessorImpl.java:43)
	at java.lang.reflect.Method.invoke(Method.java:606)
	at java.io.ObjectStreamClass.invokeWriteObject(ObjectStreamClass.java:988)
	at java.io.ObjectOutputStream.writeSerialData(ObjectOutputStream.java:1495)
	at java.io.ObjectOutputStream.writeOrdinaryObject(ObjectOutputStream.java:1431)
	at java.io.ObjectOutputStream.writeObject0(ObjectOutputStream.java:1177)
	at java.io.ObjectOutputStream.defaultWriteFields(ObjectOutputStream.java:1547)
	at java.io.ObjectOutputStream.writeSerialData(ObjectOutputStream.java:1508)
	at java.io.ObjectOutputStream.writeOrdinaryObject(ObjectOutputStream.java:1431)
	at java.io.ObjectOutputStream.writeObject0(ObjectOutputStream.java:1177)
	at java.io.ObjectOutputStream.defaultWriteFields(ObjectOutputStream.java:1547)
	at java.io.ObjectOutputStream.writeSerialData(ObjectOutputStream.java:1508)
	at java.io.ObjectOutputStream.writeOrdinaryObject(ObjectOutputStream.java:1431)
	at java.io.ObjectOutputStream.writeObject0(ObjectOutputStream.java:1177)
	at java.io.ObjectOutputStream.defaultWriteFields(ObjectOutputStream.java:1547)
	at java.io.ObjectOutputStream.writeSerialData(ObjectOutputStream.java:1508)
	at java.io.ObjectOutputStream.writeOrdinaryObject(ObjectOutputStream.java:1431)
	at java.io.ObjectOutputStream.writeObject0(ObjectOutputStream.java:1177)
	at java.io.ObjectOutputStream.defaultWriteFields(ObjectOutputStream.java:1547)
	at java.io.ObjectOutputStream.writeSerialData(ObjectOutputStream.java:1508)
	at java.io.ObjectOutputStream.writeOrdinaryObject(ObjectOutputStream.java:1431)
	at java.io.ObjectOutputStream.writeObject0(ObjectOutputStream.java:1177)
	at java.io.ObjectOutputStream.writeObject(ObjectOutputStream.java:347)
	at org.apache.catalina.session.StandardSession.writeObject(StandardSession.java:1671)
	at org.apache.catalina.session.StandardSession.writeObjectData(StandardSession.java:1077)
	at org.apache.catalina.session.StandardManager.doUnload(StandardManager.java:432)
	at org.apache.catalina.session.StandardManager.unload(StandardManager.java:353)
	at org.apache.catalina.session.StandardManager.stopInternal(StandardManager.java:518)
	at org.apache.catalina.util.LifecycleBase.stop(LifecycleBase.java:232)
	at org.apache.catalina.core.StandardContext.stopInternal(StandardContext.java:5474)
	at org.apache.catalina.util.LifecycleBase.stop(LifecycleBase.java:232)
	at org.apache.catalina.core.ContainerBase$StopChild.call(ContainerBase.java:1575)
	at org.apache.catalina.core.ContainerBase$StopChild.call(ContainerBase.java:1564)
	at java.util.concurrent.FutureTask.run(FutureTask.java:262)
	at java.util.concurrent.ThreadPoolExecutor.runWorker(ThreadPoolExecutor.java:1145)
	at java.util.concurrent.ThreadPoolExecutor$Worker.run(ThreadPoolExecutor.java:615)
	at java.lang.Thread.run(Thread.java:745)

Jun 09, 2015 5:26:31 PM org.apache.catalina.session.StandardSession writeObject
ADVERTÊNCIA: Cannot serialize session attribute org.springframework.web.context.request.ServletRequestAttributes.DESTRUCTION_CALLBACK.olapQueryBean for session 3AF20078F4365E1187A1E0B0854159E3
java.io.NotSerializableException: org.saiku.datasources.connection.SaikuOlapConnection
	at java.io.ObjectOutputStream.writeObject0(ObjectOutputStream.java:1183)
	at java.io.ObjectOutputStream.writeObject(ObjectOutputStream.java:347)
	at java.util.HashMap.writeObject(HashMap.java:1129)
	at sun.reflect.NativeMethodAccessorImpl.invoke0(Native Method)
	at sun.reflect.NativeMethodAccessorImpl.invoke(NativeMethodAccessorImpl.java:57)
	at sun.reflect.DelegatingMethodAccessorImpl.invoke(DelegatingMethodAccessorImpl.java:43)
	at java.lang.reflect.Method.invoke(Method.java:606)
	at java.io.ObjectStreamClass.invokeWriteObject(ObjectStreamClass.java:988)
	at java.io.ObjectOutputStream.writeSerialData(ObjectOutputStream.java:1495)
	at java.io.ObjectOutputStream.writeOrdinaryObject(ObjectOutputStream.java:1431)
	at java.io.ObjectOutputStream.writeObject0(ObjectOutputStream.java:1177)
	at java.io.ObjectOutputStream.defaultWriteFields(ObjectOutputStream.java:1547)
	at java.io.ObjectOutputStream.writeSerialData(ObjectOutputStream.java:1508)
	at java.io.ObjectOutputStream.writeOrdinaryObject(ObjectOutputStream.java:1431)
	at java.io.ObjectOutputStream.writeObject0(ObjectOutputStream.java:1177)
	at java.io.ObjectOutputStream.defaultWriteFields(ObjectOutputStream.java:1547)
	at java.io.ObjectOutputStream.writeSerialData(ObjectOutputStream.java:1508)
	at java.io.ObjectOutputStream.writeOrdinaryObject(ObjectOutputStream.java:1431)
	at java.io.ObjectOutputStream.writeObject0(ObjectOutputStream.java:1177)
	at java.io.ObjectOutputStream.defaultWriteFields(ObjectOutputStream.java:1547)
	at java.io.ObjectOutputStream.writeSerialData(ObjectOutputStream.java:1508)
	at java.io.ObjectOutputStream.writeOrdinaryObject(ObjectOutputStream.java:1431)
	at java.io.ObjectOutputStream.writeObject0(ObjectOutputStream.java:1177)
	at java.io.ObjectOutputStream.defaultWriteFields(ObjectOutputStream.java:1547)
	at java.io.ObjectOutputStream.writeSerialData(ObjectOutputStream.java:1508)
	at java.io.ObjectOutputStream.writeOrdinaryObject(ObjectOutputStream.java:1431)
	at java.io.ObjectOutputStream.writeObject0(ObjectOutputStream.java:1177)
	at java.io.ObjectOutputStream.defaultWriteFields(ObjectOutputStream.java:1547)
	at java.io.ObjectOutputStream.writeSerialData(ObjectOutputStream.java:1508)
	at java.io.ObjectOutputStream.writeOrdinaryObject(ObjectOutputStream.java:1431)
	at java.io.ObjectOutputStream.writeObject0(ObjectOutputStream.java:1177)
	at java.io.ObjectOutputStream.defaultWriteFields(ObjectOutputStream.java:1547)
	at java.io.ObjectOutputStream.writeSerialData(ObjectOutputStream.java:1508)
	at java.io.ObjectOutputStream.writeOrdinaryObject(ObjectOutputStream.java:1431)
	at java.io.ObjectOutputStream.writeObject0(ObjectOutputStream.java:1177)
	at java.io.ObjectOutputStream.writeObject(ObjectOutputStream.java:347)
	at org.apache.catalina.session.StandardSession.writeObject(StandardSession.java:1671)
	at org.apache.catalina.session.StandardSession.writeObjectData(StandardSession.java:1077)
	at org.apache.catalina.session.StandardManager.doUnload(StandardManager.java:432)
	at org.apache.catalina.session.StandardManager.unload(StandardManager.java:353)
	at org.apache.catalina.session.StandardManager.stopInternal(StandardManager.java:518)
	at org.apache.catalina.util.LifecycleBase.stop(LifecycleBase.java:232)
	at org.apache.catalina.core.StandardContext.stopInternal(StandardContext.java:5474)
	at org.apache.catalina.util.LifecycleBase.stop(LifecycleBase.java:232)
	at org.apache.catalina.core.ContainerBase$StopChild.call(ContainerBase.java:1575)
	at org.apache.catalina.core.ContainerBase$StopChild.call(ContainerBase.java:1564)
	at java.util.concurrent.FutureTask.run(FutureTask.java:262)
	at java.util.concurrent.ThreadPoolExecutor.runWorker(ThreadPoolExecutor.java:1145)
	at java.util.concurrent.ThreadPoolExecutor$Worker.run(ThreadPoolExecutor.java:615)
	at java.lang.Thread.run(Thread.java:745)

Jun 09, 2015 5:26:31 PM org.apache.catalina.session.StandardSession writeObject
ADVERTÊNCIA: Cannot serialize session attribute org.springframework.web.context.request.ServletRequestAttributes.DESTRUCTION_CALLBACK.olapDiscoverBean for session 3AF20078F4365E1187A1E0B0854159E3
java.io.NotSerializableException: org.saiku.datasources.connection.SaikuOlapConnection
	at java.io.ObjectOutputStream.writeObject0(ObjectOutputStream.java:1183)
	at java.io.ObjectOutputStream.writeObject(ObjectOutputStream.java:347)
	at java.util.HashMap.writeObject(HashMap.java:1129)
	at sun.reflect.NativeMethodAccessorImpl.invoke0(Native Method)
	at sun.reflect.NativeMethodAccessorImpl.invoke(NativeMethodAccessorImpl.java:57)
	at sun.reflect.DelegatingMethodAccessorImpl.invoke(DelegatingMethodAccessorImpl.java:43)
	at java.lang.reflect.Method.invoke(Method.java:606)
	at java.io.ObjectStreamClass.invokeWriteObject(ObjectStreamClass.java:988)
	at java.io.ObjectOutputStream.writeSerialData(ObjectOutputStream.java:1495)
	at java.io.ObjectOutputStream.writeOrdinaryObject(ObjectOutputStream.java:1431)
	at java.io.ObjectOutputStream.writeObject0(ObjectOutputStream.java:1177)
	at java.io.ObjectOutputStream.defaultWriteFields(ObjectOutputStream.java:1547)
	at java.io.ObjectOutputStream.writeSerialData(ObjectOutputStream.java:1508)
	at java.io.ObjectOutputStream.writeOrdinaryObject(ObjectOutputStream.java:1431)
	at java.io.ObjectOutputStream.writeObject0(ObjectOutputStream.java:1177)
	at java.io.ObjectOutputStream.defaultWriteFields(ObjectOutputStream.java:1547)
	at java.io.ObjectOutputStream.writeSerialData(ObjectOutputStream.java:1508)
	at java.io.ObjectOutputStream.writeOrdinaryObject(ObjectOutputStream.java:1431)
	at java.io.ObjectOutputStream.writeObject0(ObjectOutputStream.java:1177)
	at java.io.ObjectOutputStream.defaultWriteFields(ObjectOutputStream.java:1547)
	at java.io.ObjectOutputStream.writeSerialData(ObjectOutputStream.java:1508)
	at java.io.ObjectOutputStream.writeOrdinaryObject(ObjectOutputStream.java:1431)
	at java.io.ObjectOutputStream.writeObject0(ObjectOutputStream.java:1177)
	at java.io.ObjectOutputStream.defaultWriteFields(ObjectOutputStream.java:1547)
	at java.io.ObjectOutputStream.writeSerialData(ObjectOutputStream.java:1508)
	at java.io.ObjectOutputStream.writeOrdinaryObject(ObjectOutputStream.java:1431)
	at java.io.ObjectOutputStream.writeObject0(ObjectOutputStream.java:1177)
	at java.io.ObjectOutputStream.defaultWriteFields(ObjectOutputStream.java:1547)
	at java.io.ObjectOutputStream.writeSerialData(ObjectOutputStream.java:1508)
	at java.io.ObjectOutputStream.writeOrdinaryObject(ObjectOutputStream.java:1431)
	at java.io.ObjectOutputStream.writeObject0(ObjectOutputStream.java:1177)
	at java.io.ObjectOutputStream.defaultWriteFields(ObjectOutputStream.java:1547)
	at java.io.ObjectOutputStream.writeSerialData(ObjectOutputStream.java:1508)
	at java.io.ObjectOutputStream.writeOrdinaryObject(ObjectOutputStream.java:1431)
	at java.io.ObjectOutputStream.writeObject0(ObjectOutputStream.java:1177)
	at java.io.ObjectOutputStream.writeObject(ObjectOutputStream.java:347)
	at org.apache.catalina.session.StandardSession.writeObject(StandardSession.java:1671)
	at org.apache.catalina.session.StandardSession.writeObjectData(StandardSession.java:1077)
	at org.apache.catalina.session.StandardManager.doUnload(StandardManager.java:432)
	at org.apache.catalina.session.StandardManager.unload(StandardManager.java:353)
	at org.apache.catalina.session.StandardManager.stopInternal(StandardManager.java:518)
	at org.apache.catalina.util.LifecycleBase.stop(LifecycleBase.java:232)
	at org.apache.catalina.core.StandardContext.stopInternal(StandardContext.java:5474)
	at org.apache.catalina.util.LifecycleBase.stop(LifecycleBase.java:232)
	at org.apache.catalina.core.ContainerBase$StopChild.call(ContainerBase.java:1575)
	at org.apache.catalina.core.ContainerBase$StopChild.call(ContainerBase.java:1564)
	at java.util.concurrent.FutureTask.run(FutureTask.java:262)
	at java.util.concurrent.ThreadPoolExecutor.runWorker(ThreadPoolExecutor.java:1145)
	at java.util.concurrent.ThreadPoolExecutor$Worker.run(ThreadPoolExecutor.java:615)
	at java.lang.Thread.run(Thread.java:745)

Jun 09, 2015 5:26:31 PM org.apache.catalina.core.ApplicationContext log
INFORMAÇÕES: Closing Spring root WebApplicationContext
Jun 09, 2015 5:32:34 PM org.apache.catalina.core.ApplicationContext log
INFORMAÇÕES: Initializing Spring root WebApplicationContext
Jun 09, 2015 5:32:42 PM org.apache.catalina.core.StandardContext listenerStart
GRAVE: Error configuring application listener of class org.apache.shiro.web.env.EnvironmentLoaderListener
java.lang.NoClassDefFoundError: org/slf4j/LoggerFactory
	at org.apache.shiro.web.env.EnvironmentLoader.<clinit>(EnvironmentLoader.java:108)
	at sun.reflect.NativeConstructorAccessorImpl.newInstance0(Native Method)
	at sun.reflect.NativeConstructorAccessorImpl.newInstance(NativeConstructorAccessorImpl.java:57)
	at sun.reflect.DelegatingConstructorAccessorImpl.newInstance(DelegatingConstructorAccessorImpl.java:45)
	at java.lang.reflect.Constructor.newInstance(Constructor.java:526)
	at java.lang.Class.newInstance(Class.java:379)
	at org.apache.catalina.core.DefaultInstanceManager.newInstance(DefaultInstanceManager.java:134)
	at org.apache.catalina.core.StandardContext.listenerStart(StandardContext.java:4727)
	at org.apache.catalina.core.StandardContext.startInternal(StandardContext.java:5285)
	at org.apache.catalina.util.LifecycleBase.start(LifecycleBase.java:150)
	at org.apache.catalina.core.ContainerBase.addChildInternal(ContainerBase.java:901)
	at org.apache.catalina.core.ContainerBase.addChild(ContainerBase.java:877)
	at org.apache.catalina.core.StandardHost.addChild(StandardHost.java:618)
	at org.apache.catalina.startup.HostConfig.deployDirectory(HostConfig.java:1100)
	at org.apache.catalina.startup.HostConfig$DeployDirectory.run(HostConfig.java:1618)
	at java.util.concurrent.Executors$RunnableAdapter.call(Executors.java:471)
	at java.util.concurrent.FutureTask.run(FutureTask.java:262)
	at java.util.concurrent.ThreadPoolExecutor.runWorker(ThreadPoolExecutor.java:1145)
	at java.util.concurrent.ThreadPoolExecutor$Worker.run(ThreadPoolExecutor.java:615)
	at java.lang.Thread.run(Thread.java:745)
Caused by: java.lang.ClassNotFoundException: org.slf4j.LoggerFactory
	at org.apache.catalina.loader.WebappClassLoader.loadClass(WebappClassLoader.java:1711)
	at org.apache.catalina.loader.WebappClassLoader.loadClass(WebappClassLoader.java:1556)
	... 20 more

Jun 09, 2015 5:32:42 PM org.apache.catalina.core.StandardContext listenerStart
GRAVE: Skipped installing application listeners due to previous error(s)
Jun 09, 2015 5:32:44 PM org.apache.catalina.core.ApplicationContext log
INFORMAÇÕES:  Velocity  [trace] Searching for properties at: /org/apache/velocity/tools/view/velocity.properties
Jun 09, 2015 5:32:44 PM org.apache.catalina.core.ApplicationContext log
INFORMAÇÕES:  Velocity  [trace] Searching for properties at: /WEB-INF/velocity.properties
Jun 09, 2015 5:32:44 PM org.apache.catalina.core.ApplicationContext log
INFORMAÇÕES:  Velocity  [debug] Configuring Velocity with properties at: /WEB-INF/velocity.properties
Jun 09, 2015 5:32:44 PM org.apache.catalina.core.ApplicationContext log
INFORMAÇÕES:  Velocity  [trace] Searching for properties at: /WEB-INF/velocity.properties
Jun 09, 2015 5:32:44 PM org.apache.catalina.core.ApplicationContext log
INFORMAÇÕES:  Velocity  [debug] Configuring Velocity with properties at: /WEB-INF/velocity.properties
Jun 09, 2015 5:32:44 PM org.apache.catalina.core.ApplicationContext log
INFORMAÇÕES:  Velocity  [debug] Initializing Velocity, Calling init()...
Jun 09, 2015 5:32:44 PM org.apache.catalina.core.ApplicationContext log
INFORMAÇÕES:  Velocity  [trace] *******************************************************************
Jun 09, 2015 5:32:44 PM org.apache.catalina.core.ApplicationContext log
INFORMAÇÕES:  Velocity  [debug] Starting Apache Velocity v1.7 (compiled: 2010-11-19 12:14:37)
Jun 09, 2015 5:32:44 PM org.apache.catalina.core.ApplicationContext log
INFORMAÇÕES:  Velocity  [trace] RuntimeInstance initializing.
Jun 09, 2015 5:32:44 PM org.apache.catalina.core.ApplicationContext log
INFORMAÇÕES:  Velocity  [debug] Default Properties File: org/apache/velocity/runtime/defaults/velocity.properties
Jun 09, 2015 5:32:44 PM org.apache.catalina.core.ApplicationContext log
INFORMAÇÕES:  Velocity  [debug] Trying to use logger class org.apache.velocity.runtime.log.ServletLogChute
Jun 09, 2015 5:32:44 PM org.apache.catalina.core.ApplicationContext log
INFORMAÇÕES:  Velocity  [debug] Using logger class org.apache.velocity.runtime.log.ServletLogChute
Jun 09, 2015 5:32:44 PM org.apache.catalina.core.ApplicationContext log
INFORMAÇÕES:  Velocity  [trace] Default ResourceManager initializing. (class org.apache.velocity.runtime.resource.ResourceManagerImpl)
Jun 09, 2015 5:32:44 PM org.apache.catalina.core.ApplicationContext log
INFORMAÇÕES:  Velocity  [debug] ResourceLoader instantiated: org.apache.velocity.tools.view.WebappResourceLoader
Jun 09, 2015 5:32:44 PM org.apache.catalina.core.ApplicationContext log
INFORMAÇÕES:  Velocity  [trace] WebappResourceLoader: initialization starting.
Jun 09, 2015 5:32:44 PM org.apache.catalina.core.ApplicationContext log
INFORMAÇÕES:  Velocity  [trace] WebappResourceLoader: initialization complete.
Jun 09, 2015 5:32:44 PM org.apache.catalina.core.ApplicationContext log
INFORMAÇÕES:  Velocity  [debug] ResourceLoader instantiated: org.apache.velocity.runtime.resource.loader.StringResourceLoader
Jun 09, 2015 5:32:44 PM org.apache.catalina.core.ApplicationContext log
INFORMAÇÕES:  Velocity  [trace] StringResourceLoader : initialization starting.
Jun 09, 2015 5:32:44 PM org.apache.catalina.core.ApplicationContext log
INFORMAÇÕES:  Velocity  [debug] Creating string repository using class org.apache.velocity.runtime.resource.util.StringResourceRepositoryImpl...
Jun 09, 2015 5:32:44 PM org.apache.catalina.core.ApplicationContext log
INFORMAÇÕES:  Velocity  [debug] Default repository encoding is UTF-8
Jun 09, 2015 5:32:44 PM org.apache.catalina.core.ApplicationContext log
INFORMAÇÕES:  Velocity  [trace] StringResourceLoader : initialization complete.
Jun 09, 2015 5:32:44 PM org.apache.catalina.core.ApplicationContext log
INFORMAÇÕES:  Velocity  [debug] ResourceCache: initialized (class org.apache.velocity.runtime.resource.ResourceCacheImpl) with class java.util.Collections$SynchronizedMap cache map.
Jun 09, 2015 5:32:44 PM org.apache.catalina.core.ApplicationContext log
INFORMAÇÕES:  Velocity  [trace] Default ResourceManager initialization complete.
Jun 09, 2015 5:32:44 PM org.apache.catalina.core.ApplicationContext log
INFORMAÇÕES:  Velocity  [debug] Loaded System Directive: org.apache.velocity.runtime.directive.Stop
Jun 09, 2015 5:32:44 PM org.apache.catalina.core.ApplicationContext log
INFORMAÇÕES:  Velocity  [debug] Loaded System Directive: org.apache.velocity.runtime.directive.Define
Jun 09, 2015 5:32:44 PM org.apache.catalina.core.ApplicationContext log
INFORMAÇÕES:  Velocity  [debug] Loaded System Directive: org.apache.velocity.runtime.directive.Break
Jun 09, 2015 5:32:44 PM org.apache.catalina.core.ApplicationContext log
INFORMAÇÕES:  Velocity  [debug] Loaded System Directive: org.apache.velocity.runtime.directive.Evaluate
Jun 09, 2015 5:32:44 PM org.apache.catalina.core.ApplicationContext log
INFORMAÇÕES:  Velocity  [debug] Loaded System Directive: org.apache.velocity.runtime.directive.Literal
Jun 09, 2015 5:32:44 PM org.apache.catalina.core.ApplicationContext log
INFORMAÇÕES:  Velocity  [debug] Loaded System Directive: org.apache.velocity.runtime.directive.Macro
Jun 09, 2015 5:32:44 PM org.apache.catalina.core.ApplicationContext log
INFORMAÇÕES:  Velocity  [debug] Loaded System Directive: org.apache.velocity.runtime.directive.Parse
Jun 09, 2015 5:32:44 PM org.apache.catalina.core.ApplicationContext log
INFORMAÇÕES:  Velocity  [debug] Loaded System Directive: org.apache.velocity.runtime.directive.Include
Jun 09, 2015 5:32:44 PM org.apache.catalina.core.ApplicationContext log
INFORMAÇÕES:  Velocity  [debug] Loaded System Directive: org.apache.velocity.runtime.directive.Foreach
Jun 09, 2015 5:32:44 PM org.apache.catalina.core.ApplicationContext log
INFORMAÇÕES:  Velocity  [debug] Created '20' parsers.
Jun 09, 2015 5:32:44 PM org.apache.catalina.core.ApplicationContext log
INFORMAÇÕES:  Velocity  [trace] Velocimacro : initialization starting.
Jun 09, 2015 5:32:44 PM org.apache.catalina.core.ApplicationContext log
INFORMAÇÕES:  Velocity  [debug] Velocimacro : "velocimacro.library" is not set.  Trying default library: VM_global_library.vm
Jun 09, 2015 5:32:44 PM org.apache.catalina.core.ApplicationContext log
INFORMAÇÕES:  Velocity  [debug] Could not load resource 'VM_global_library.vm' from ResourceLoader org.apache.velocity.tools.view.WebappResourceLoader: WebappResourceLoader: Resource 'VM_global_library.vm' not found.
Jun 09, 2015 5:32:44 PM org.apache.catalina.core.ApplicationContext log
INFORMAÇÕES:  Velocity  [debug] Velocimacro : Default library not found.
Jun 09, 2015 5:32:44 PM org.apache.catalina.core.ApplicationContext log
INFORMAÇÕES:  Velocity  [debug] Velocimacro : allowInline = true : VMs can be defined inline in templates
Jun 09, 2015 5:32:44 PM org.apache.catalina.core.ApplicationContext log
INFORMAÇÕES:  Velocity  [debug] Velocimacro : allowInlineToOverride = false : VMs defined inline may NOT replace previous VM definitions
Jun 09, 2015 5:32:44 PM org.apache.catalina.core.ApplicationContext log
INFORMAÇÕES:  Velocity  [debug] Velocimacro : allowInlineLocal = false : VMs defined inline will be global in scope if allowed.
Jun 09, 2015 5:32:44 PM org.apache.catalina.core.ApplicationContext log
INFORMAÇÕES:  Velocity  [debug] Velocimacro : autoload off : VM system will not automatically reload global library macros
Jun 09, 2015 5:32:44 PM org.apache.catalina.core.ApplicationContext log
INFORMAÇÕES:  Velocity  [trace] Velocimacro : Velocimacro : initialization complete.
Jun 09, 2015 5:32:44 PM org.apache.catalina.core.ApplicationContext log
INFORMAÇÕES:  Velocity  [trace] RuntimeInstance successfully initialized.
Jun 09, 2015 5:32:44 PM org.apache.catalina.core.ApplicationContext log
INFORMAÇÕES:  Velocity  [trace] Searching for configuration at: /WEB-INF/toolbox.xml
Jun 09, 2015 5:32:44 PM org.apache.catalina.core.ApplicationContext log
INFORMAÇÕES:  Velocity  [debug] Did not find resource at: /WEB-INF/toolbox.xml
Jun 09, 2015 5:32:44 PM org.apache.catalina.core.ApplicationContext log
INFORMAÇÕES:  Velocity  [trace] Loading default tools configuration...
Jun 09, 2015 5:32:44 PM org.apache.catalina.core.ApplicationContext log
INFORMAÇÕES:  Velocity  [trace] Searching for configuration at: /WEB-INF/tools.xml
Jun 09, 2015 5:32:44 PM org.apache.catalina.core.ApplicationContext log
INFORMAÇÕES:  Velocity  [debug] Loaded configuration from: /WEB-INF/tools.xml
Jun 09, 2015 5:32:44 PM org.apache.catalina.core.ApplicationContext log
INFORMAÇÕES:  Velocity  [debug] Configuring factory with: 
FactoryConfiguration from 7 sources including 5 data with 3 toolboxes: 
 Toolbox 'application' with 1 properties [scope -auto-> application; ] and 15 tools: 
  Tool 'alternator' => org.apache.velocity.tools.generic.AlternatorTool 
  Tool 'class' => org.apache.velocity.tools.generic.ClassTool 
  Tool 'convert' => org.apache.velocity.tools.generic.ConversionTool 
  Tool 'date' => org.apache.velocity.tools.generic.ComparisonDateTool 
  Tool 'display' => org.apache.velocity.tools.generic.DisplayTool 
  Tool 'esc' => org.apache.velocity.tools.generic.EscapeTool 
  Tool 'featureProvider' => org.iadb.seppir.monitor.FeatureProvider with 1 properties [key -auto-> featureProvider; ]
  Tool 'field' => org.apache.velocity.tools.generic.FieldTool 
  Tool 'math' => org.apache.velocity.tools.generic.MathTool 
  Tool 'number' => org.apache.velocity.tools.generic.NumberTool 
  Tool 'panelRenderer' => org.iadb.seppir.monitor.PanelRenderer with 1 properties [key -auto-> panelRenderer; ]
  Tool 'sorter' => org.apache.velocity.tools.generic.SortTool 
  Tool 'tableProvider' => org.iadb.seppir.monitor.TableProvider with 1 properties [key -auto-> tableProvider; ]
  Tool 'text' => org.apache.velocity.tools.generic.ResourceTool 
  Tool 'xml' => org.apache.velocity.tools.generic.XmlTool 
  
 Toolbox 'request' with 1 properties [scope -auto-> request; ] and 10 tools: 
  Tool 'context' => org.apache.velocity.tools.view.ViewContextTool 
  Tool 'cookies' => org.apache.velocity.tools.view.CookieTool 
  Tool 'import' => org.apache.velocity.tools.view.ImportTool 
  Tool 'include' => org.apache.velocity.tools.view.IncludeTool 
  Tool 'link' => org.apache.velocity.tools.struts.StrutsLinkTool 
  Tool 'loop' => org.apache.velocity.tools.generic.LoopTool 
  Tool 'pager' => org.apache.velocity.tools.view.PagerTool 
  Tool 'params' => org.apache.velocity.tools.view.ParameterTool 
  Tool 'render' => org.apache.velocity.tools.generic.RenderTool 
  Tool 'validator' => org.apache.velocity.tools.struts.ValidatorTool 
  
 Toolbox 'session' with 2 properties [createSession -auto-> false; scope -auto-> session; ] and 1 tools: 
  Tool 'browser' => org.apache.velocity.tools.view.BrowserTool 
  
 Data 'GENERIC_TOOLS_AVAILABLE' -boolean-> true
 Data 'STRUTS_TOOLS_AVAILABLE' -boolean-> true
 Data 'TOOLS_VERSION' -number-> 2.0
 Data 'VIEW_TOOLS_AVAILABLE' -boolean-> true
 Data 'dashboard-version' -number-> 1.0
 
 Source 0: org.apache.velocity.tools.config.FactoryConfiguration(VelocityView.configure(config,factory))
 Source 1: org.apache.velocity.tools.config.XmlFactoryConfiguration(ConfigurationUtils.getDefaultTools())
 Source 2:     .read(jar:file:/home/opt/tomcat7/lib/velocity-tools-2.0.jar!/org/apache/velocity/tools/generic/tools.xml)
 Source 3:     .read(jar:file:/home/opt/tomcat7/lib/velocity-tools-2.0.jar!/org/apache/velocity/tools/view/tools.xml)
 Source 4:     .read(jar:file:/home/opt/tomcat7/lib/velocity-tools-2.0.jar!/org/apache/velocity/tools/struts/tools.xml)
 Source 5: org.apache.velocity.tools.config.FactoryConfiguration(ConfigurationUtils.getAutoLoaded(false))
 Source 6: org.apache.velocity.tools.config.XmlFactoryConfiguration(ServletUtils.getConfiguration(/WEB-INF/tools.xml,ServletContext[,depMode=true]))

Jun 09, 2015 5:32:44 PM org.apache.catalina.core.ApplicationContext log
INFORMAÇÕES:  Velocity  [debug] Default Content-Type is: text/html; charset=UTF-8
Jun 09, 2015 5:32:44 PM org.apache.catalina.core.ApplicationContext log
INFORMAÇÕES:  Velocity   [info] VelocityLayoutServlet: Error screen is 'layout/error.vm'
Jun 09, 2015 5:32:44 PM org.apache.catalina.core.ApplicationContext log
INFORMAÇÕES:  Velocity   [info] VelocityLayoutServlet: Layout directory is 'layout/'
Jun 09, 2015 5:32:44 PM org.apache.catalina.core.ApplicationContext log
INFORMAÇÕES:  Velocity   [info] VelocityLayoutServlet: Default layout template is 'dashboard.vm'
Jun 09, 2015 5:32:44 PM org.apache.catalina.core.ApplicationContext log
INFORMAÇÕES:  Velocity  [debug] org.apache.velocity.tools.view.servlet.VelocityLayoutServlet has been deprecated. Use org.apache.velocity.tools.view.servlet.VelocityLayoutServlet instead.
Jun 09, 2015 5:32:44 PM org.apache.catalina.core.ApplicationContext log
INFORMAÇÕES:  Velocity  [debug] ResourceManager : found /pbq/index.vm with loader org.apache.velocity.tools.view.WebappResourceLoader
Jun 09, 2015 5:32:44 PM org.apache.catalina.core.ApplicationContext log
INFORMAÇÕES:  Velocity  [debug] ResourceManager : found /pbq/index.vm with loader org.apache.velocity.tools.view.WebappResourceLoader
Jun 09, 2015 5:32:44 PM org.apache.catalina.core.ApplicationContext log
INFORMAÇÕES:  Velocity  [debug] ResourceManager : found /pbq/index.vm with loader org.apache.velocity.tools.view.WebappResourceLoader
Jun 09, 2015 5:32:44 PM org.apache.catalina.core.ApplicationContext log
INFORMAÇÕES:  Velocity  [debug] ResourceManager : found pbq/eixo1/painel.vars.js with loader org.apache.velocity.tools.view.WebappResourceLoader
Jun 09, 2015 5:32:44 PM org.apache.catalina.core.ApplicationContext log
INFORMAÇÕES:  Velocity  [debug] ResourceManager : found pbq/eixo1/painel.vars.js with loader org.apache.velocity.tools.view.WebappResourceLoader
Jun 09, 2015 5:32:44 PM org.apache.catalina.core.ApplicationContext log
INFORMAÇÕES:  Velocity  [debug] ResourceManager : found pbq/eixo1/painel.vars.js with loader org.apache.velocity.tools.view.WebappResourceLoader
Jun 09, 2015 5:32:46 PM org.apache.catalina.core.ApplicationContext log
INFORMAÇÕES:  Velocity  [debug] ResourceManager : found layout/dashboard.vm with loader org.apache.velocity.tools.view.WebappResourceLoader
Jun 09, 2015 5:32:46 PM org.apache.catalina.core.ApplicationContext log
INFORMAÇÕES:  Velocity  [debug] ResourceManager : found layout/dashboard.vm with loader org.apache.velocity.tools.view.WebappResourceLoader
Jun 09, 2015 5:32:46 PM org.apache.catalina.core.ApplicationContext log
INFORMAÇÕES:  Velocity  [debug] ResourceManager : found layout/dashboard.vm with loader org.apache.velocity.tools.view.WebappResourceLoader
Jun 09, 2015 5:32:46 PM org.apache.catalina.core.ApplicationContext log
INFORMAÇÕES:  Velocity  [debug] ResourceManager : found pbq/navigator.vm with loader org.apache.velocity.tools.view.WebappResourceLoader
Jun 09, 2015 5:32:46 PM org.apache.catalina.core.ApplicationContext log
INFORMAÇÕES:  Velocity  [debug] ResourceManager : found pbq/navigator.vm with loader org.apache.velocity.tools.view.WebappResourceLoader
Jun 09, 2015 5:32:46 PM org.apache.catalina.core.ApplicationContext log
INFORMAÇÕES:  Velocity  [debug] ResourceManager : found pbq/navigator.vm with loader org.apache.velocity.tools.view.WebappResourceLoader
Jun 09, 2015 5:32:46 PM org.apache.catalina.core.ApplicationContext log
INFORMAÇÕES:  Velocity  [debug] ResourceManager : found pbq/eixo1/containers.vm with loader org.apache.velocity.tools.view.WebappResourceLoader
Jun 09, 2015 5:32:46 PM org.apache.catalina.core.ApplicationContext log
INFORMAÇÕES:  Velocity  [debug] ResourceManager : found pbq/eixo1/containers.vm with loader org.apache.velocity.tools.view.WebappResourceLoader
Jun 09, 2015 5:32:46 PM org.apache.catalina.core.ApplicationContext log
INFORMAÇÕES:  Velocity  [debug] ResourceManager : found pbq/eixo1/containers.vm with loader org.apache.velocity.tools.view.WebappResourceLoader
Jun 09, 2015 5:32:46 PM org.apache.catalina.core.ApplicationContext log
INFORMAÇÕES:  Velocity  [debug] ResourceManager : found svg/brasil_uf_map.svg with loader org.apache.velocity.tools.view.WebappResourceLoader
Jun 09, 2015 5:32:46 PM org.apache.catalina.core.ApplicationContext log
INFORMAÇÕES:  Velocity  [debug] ResourceManager : found svg/brasil_uf_map.svg with loader org.apache.velocity.tools.view.WebappResourceLoader
Jun 09, 2015 5:32:46 PM org.apache.catalina.core.ApplicationContext log
INFORMAÇÕES:  Velocity  [debug] ResourceManager : found svg/brasil_uf_map.svg with loader org.apache.velocity.tools.view.WebappResourceLoader
Jun 09, 2015 5:32:46 PM org.apache.catalina.core.ApplicationContext log
INFORMAÇÕES:  Velocity  [debug] ResourceManager : found /pbq/comunidades.json.vm with loader org.apache.velocity.tools.view.WebappResourceLoader
Jun 09, 2015 5:32:47 PM org.apache.catalina.core.ApplicationContext log
INFORMAÇÕES:  Velocity  [debug] ResourceManager : found layout/blank.vm with loader org.apache.velocity.tools.view.WebappResourceLoader
Jun 09, 2015 5:32:55 PM org.apache.catalina.core.ApplicationContext log
INFORMAÇÕES:  Velocity  [debug] ResourceManager : found /pbq/index.vm with loader org.apache.velocity.tools.view.WebappResourceLoader
Jun 09, 2015 5:32:55 PM org.apache.catalina.core.ApplicationContext log
INFORMAÇÕES:  Velocity  [debug] ResourceManager : found pbq/eixo3/painel.vars.js with loader org.apache.velocity.tools.view.WebappResourceLoader
Jun 09, 2015 5:32:55 PM org.apache.catalina.core.ApplicationContext log
INFORMAÇÕES:  Velocity  [debug] ResourceManager : found layout/dashboard.vm with loader org.apache.velocity.tools.view.WebappResourceLoader
Jun 09, 2015 5:32:55 PM org.apache.catalina.core.ApplicationContext log
INFORMAÇÕES:  Velocity  [debug] ResourceManager : found pbq/navigator.vm with loader org.apache.velocity.tools.view.WebappResourceLoader
Jun 09, 2015 5:32:55 PM org.apache.catalina.core.ApplicationContext log
INFORMAÇÕES:  Velocity  [debug] ResourceManager : found pbq/eixo3/containers.vm with loader org.apache.velocity.tools.view.WebappResourceLoader
Jun 09, 2015 5:32:55 PM org.apache.catalina.core.ApplicationContext log
INFORMAÇÕES:  Velocity  [debug] ResourceManager : found svg/brasil_uf_map.svg with loader org.apache.velocity.tools.view.WebappResourceLoader
Jun 09, 2015 5:33:05 PM org.apache.catalina.core.ApplicationContext log
INFORMAÇÕES:  Velocity  [debug] ResourceManager : found /pbq/index.vm with loader org.apache.velocity.tools.view.WebappResourceLoader
Jun 09, 2015 5:33:05 PM org.apache.catalina.core.ApplicationContext log
INFORMAÇÕES:  Velocity  [debug] ResourceManager : found pbq/eixo3/painel.vars.js with loader org.apache.velocity.tools.view.WebappResourceLoader
Jun 09, 2015 5:33:05 PM org.apache.catalina.core.ApplicationContext log
INFORMAÇÕES:  Velocity  [debug] ResourceManager : found layout/dashboard.vm with loader org.apache.velocity.tools.view.WebappResourceLoader
Jun 09, 2015 5:33:05 PM org.apache.catalina.core.ApplicationContext log
INFORMAÇÕES:  Velocity  [debug] ResourceManager : found pbq/navigator.vm with loader org.apache.velocity.tools.view.WebappResourceLoader
Jun 09, 2015 5:33:05 PM org.apache.catalina.core.ApplicationContext log
INFORMAÇÕES:  Velocity  [debug] ResourceManager : found pbq/eixo3/containers.vm with loader org.apache.velocity.tools.view.WebappResourceLoader
Jun 09, 2015 5:33:05 PM org.apache.catalina.core.ApplicationContext log
INFORMAÇÕES:  Velocity  [debug] ResourceManager : found svg/brasil_uf_map.svg with loader org.apache.velocity.tools.view.WebappResourceLoader
