Dez 08, 2014 10:01:09 AM org.apache.catalina.core.ApplicationContext log
INFORMAÇÕES:  Velocity  [debug] ResourceManager : found /pbq/index.vm with loader org.apache.velocity.tools.view.WebappResourceLoader
Dez 08, 2014 10:01:10 AM org.apache.catalina.core.ApplicationContext log
INFORMAÇÕES:  Velocity  [debug] ResourceManager : found pbq/eixo1/painel.vars.js with loader org.apache.velocity.tools.view.WebappResourceLoader
Dez 08, 2014 10:01:10 AM org.apache.catalina.core.ApplicationContext log
INFORMAÇÕES:  Velocity  [debug] ResourceManager : found layout/dashboard.vm with loader org.apache.velocity.tools.view.WebappResourceLoader
Dez 08, 2014 10:01:10 AM org.apache.catalina.core.ApplicationContext log
INFORMAÇÕES:  Velocity  [debug] ResourceManager : found pbq/navigator.vm with loader org.apache.velocity.tools.view.WebappResourceLoader
Dez 08, 2014 10:01:10 AM org.apache.catalina.core.ApplicationContext log
INFORMAÇÕES:  Velocity  [debug] ResourceManager : found pbq/eixo1/containers.vm with loader org.apache.velocity.tools.view.WebappResourceLoader
Dez 08, 2014 10:01:10 AM org.apache.catalina.core.ApplicationContext log
INFORMAÇÕES:  Velocity  [debug] ResourceManager : found svg/brasil_uf_map.svg with loader org.apache.velocity.tools.view.WebappResourceLoader
Dez 08, 2014 10:01:19 AM org.apache.catalina.core.ApplicationContext log
INFORMAÇÕES:  Velocity  [debug] ResourceManager : found /pbq/comunidades.json.vm with loader org.apache.velocity.tools.view.WebappResourceLoader
Dez 08, 2014 10:01:22 AM org.apache.catalina.core.ApplicationContext log
INFORMAÇÕES:  Velocity  [debug] ResourceManager : found /pbq/index.vm with loader org.apache.velocity.tools.view.WebappResourceLoader
Dez 08, 2014 10:01:23 AM org.apache.catalina.core.ApplicationContext log
INFORMAÇÕES:  Velocity  [debug] ResourceManager : found pbq/eixo4/painel.vars.js with loader org.apache.velocity.tools.view.WebappResourceLoader
Dez 08, 2014 10:01:23 AM org.apache.catalina.core.ApplicationContext log
INFORMAÇÕES:  Velocity  [debug] ResourceManager : found layout/dashboard.vm with loader org.apache.velocity.tools.view.WebappResourceLoader
Dez 08, 2014 10:01:23 AM org.apache.catalina.core.ApplicationContext log
INFORMAÇÕES:  Velocity  [debug] ResourceManager : found pbq/navigator.vm with loader org.apache.velocity.tools.view.WebappResourceLoader
Dez 08, 2014 10:01:23 AM org.apache.catalina.core.ApplicationContext log
INFORMAÇÕES:  Velocity  [debug] ResourceManager : found pbq/eixo4/containers.vm with loader org.apache.velocity.tools.view.WebappResourceLoader
Dez 08, 2014 10:01:23 AM org.apache.catalina.core.ApplicationContext log
INFORMAÇÕES:  Velocity  [debug] ResourceManager : found svg/brasil_uf_map.svg with loader org.apache.velocity.tools.view.WebappResourceLoader
Dez 08, 2014 10:01:23 AM org.apache.catalina.core.ApplicationContext log
INFORMAÇÕES:  Velocity  [debug] ResourceManager : found layout/blank.vm with loader org.apache.velocity.tools.view.WebappResourceLoader
Dez 08, 2014 10:01:24 AM org.apache.catalina.core.ApplicationContext log
INFORMAÇÕES:  Velocity  [debug] ResourceManager : found /pbq/index.vm with loader org.apache.velocity.tools.view.WebappResourceLoader
Dez 08, 2014 10:01:24 AM org.apache.catalina.core.ApplicationContext log
INFORMAÇÕES:  Velocity  [debug] ResourceManager : found pbq/eixo4/painel.vars.js with loader org.apache.velocity.tools.view.WebappResourceLoader
Dez 08, 2014 10:01:24 AM org.apache.catalina.core.ApplicationContext log
INFORMAÇÕES:  Velocity  [debug] ResourceManager : found layout/dashboard.vm with loader org.apache.velocity.tools.view.WebappResourceLoader
Dez 08, 2014 10:01:24 AM org.apache.catalina.core.ApplicationContext log
INFORMAÇÕES:  Velocity  [debug] ResourceManager : found pbq/navigator.vm with loader org.apache.velocity.tools.view.WebappResourceLoader
Dez 08, 2014 10:01:24 AM org.apache.catalina.core.ApplicationContext log
INFORMAÇÕES:  Velocity  [debug] ResourceManager : found pbq/eixo4/containers.vm with loader org.apache.velocity.tools.view.WebappResourceLoader
Dez 08, 2014 10:01:24 AM org.apache.catalina.core.ApplicationContext log
INFORMAÇÕES:  Velocity  [debug] ResourceManager : found svg/brasil_uf_map.svg with loader org.apache.velocity.tools.view.WebappResourceLoader
Dez 08, 2014 1:18:43 PM org.apache.catalina.core.ApplicationContext log
INFORMAÇÕES:  Velocity  [debug] ResourceManager : found /pbq/index.vm with loader org.apache.velocity.tools.view.WebappResourceLoader
Dez 08, 2014 1:18:44 PM org.apache.catalina.core.ApplicationContext log
INFORMAÇÕES:  Velocity  [debug] ResourceManager : found pbq/eixo1/painel.vars.js with loader org.apache.velocity.tools.view.WebappResourceLoader
Dez 08, 2014 1:18:44 PM org.apache.catalina.core.ApplicationContext log
INFORMAÇÕES:  Velocity  [debug] ResourceManager : found layout/dashboard.vm with loader org.apache.velocity.tools.view.WebappResourceLoader
Dez 08, 2014 1:18:44 PM org.apache.catalina.core.ApplicationContext log
INFORMAÇÕES:  Velocity  [debug] ResourceManager : found pbq/navigator.vm with loader org.apache.velocity.tools.view.WebappResourceLoader
Dez 08, 2014 1:18:44 PM org.apache.catalina.core.ApplicationContext log
INFORMAÇÕES:  Velocity  [debug] ResourceManager : found pbq/eixo1/containers.vm with loader org.apache.velocity.tools.view.WebappResourceLoader
Dez 08, 2014 1:18:44 PM org.apache.catalina.core.ApplicationContext log
INFORMAÇÕES:  Velocity  [debug] ResourceManager : found svg/brasil_uf_map.svg with loader org.apache.velocity.tools.view.WebappResourceLoader
Dez 08, 2014 1:18:47 PM org.apache.catalina.core.ApplicationContext log
INFORMAÇÕES:  Velocity  [debug] ResourceManager : found /pbq/comunidades.json.vm with loader org.apache.velocity.tools.view.WebappResourceLoader
Dez 08, 2014 1:18:52 PM org.apache.catalina.core.ApplicationContext log
INFORMAÇÕES:  Velocity  [debug] ResourceManager : found layout/blank.vm with loader org.apache.velocity.tools.view.WebappResourceLoader
Dez 08, 2014 1:20:13 PM org.apache.catalina.core.ApplicationContext log
INFORMAÇÕES:  Velocity  [debug] ResourceManager : found /pbq/index.vm with loader org.apache.velocity.tools.view.WebappResourceLoader
Dez 08, 2014 1:20:14 PM org.apache.catalina.core.ApplicationContext log
INFORMAÇÕES:  Velocity  [debug] ResourceManager : found pbq/eixo4/painel.vars.js with loader org.apache.velocity.tools.view.WebappResourceLoader
Dez 08, 2014 1:20:14 PM org.apache.catalina.core.ApplicationContext log
INFORMAÇÕES:  Velocity  [debug] ResourceManager : found layout/dashboard.vm with loader org.apache.velocity.tools.view.WebappResourceLoader
Dez 08, 2014 1:20:14 PM org.apache.catalina.core.ApplicationContext log
INFORMAÇÕES:  Velocity  [debug] ResourceManager : found pbq/navigator.vm with loader org.apache.velocity.tools.view.WebappResourceLoader
Dez 08, 2014 1:20:14 PM org.apache.catalina.core.ApplicationContext log
INFORMAÇÕES:  Velocity  [debug] ResourceManager : found pbq/eixo4/containers.vm with loader org.apache.velocity.tools.view.WebappResourceLoader
Dez 08, 2014 1:20:14 PM org.apache.catalina.core.ApplicationContext log
INFORMAÇÕES:  Velocity  [debug] ResourceManager : found svg/brasil_uf_map.svg with loader org.apache.velocity.tools.view.WebappResourceLoader
Dez 08, 2014 1:21:22 PM org.apache.catalina.core.ApplicationContext log
INFORMAÇÕES:  Velocity  [trace] Searching for properties at: /org/apache/velocity/tools/view/velocity.properties
Dez 08, 2014 1:21:22 PM org.apache.catalina.core.ApplicationContext log
INFORMAÇÕES:  Velocity  [trace] Searching for properties at: /WEB-INF/velocity.properties
Dez 08, 2014 1:21:22 PM org.apache.catalina.core.ApplicationContext log
INFORMAÇÕES:  Velocity  [debug] Configuring Velocity with properties at: /WEB-INF/velocity.properties
Dez 08, 2014 1:21:22 PM org.apache.catalina.core.ApplicationContext log
INFORMAÇÕES:  Velocity  [trace] Searching for properties at: /WEB-INF/velocity.properties
Dez 08, 2014 1:21:22 PM org.apache.catalina.core.ApplicationContext log
INFORMAÇÕES:  Velocity  [debug] Configuring Velocity with properties at: /WEB-INF/velocity.properties
Dez 08, 2014 1:21:22 PM org.apache.catalina.core.ApplicationContext log
INFORMAÇÕES:  Velocity  [debug] Initializing Velocity, Calling init()...
Dez 08, 2014 1:21:22 PM org.apache.catalina.core.ApplicationContext log
INFORMAÇÕES:  Velocity  [trace] *******************************************************************
Dez 08, 2014 1:21:22 PM org.apache.catalina.core.ApplicationContext log
INFORMAÇÕES:  Velocity  [debug] Starting Apache Velocity v1.7 (compiled: 2010-11-19 12:14:37)
Dez 08, 2014 1:21:22 PM org.apache.catalina.core.ApplicationContext log
INFORMAÇÕES:  Velocity  [trace] RuntimeInstance initializing.
Dez 08, 2014 1:21:22 PM org.apache.catalina.core.ApplicationContext log
INFORMAÇÕES:  Velocity  [debug] Default Properties File: org/apache/velocity/runtime/defaults/velocity.properties
Dez 08, 2014 1:21:22 PM org.apache.catalina.core.ApplicationContext log
INFORMAÇÕES:  Velocity  [debug] Trying to use logger class org.apache.velocity.runtime.log.ServletLogChute
Dez 08, 2014 1:21:22 PM org.apache.catalina.core.ApplicationContext log
INFORMAÇÕES:  Velocity  [debug] Using logger class org.apache.velocity.runtime.log.ServletLogChute
Dez 08, 2014 1:21:22 PM org.apache.catalina.core.ApplicationContext log
INFORMAÇÕES:  Velocity  [trace] Default ResourceManager initializing. (class org.apache.velocity.runtime.resource.ResourceManagerImpl)
Dez 08, 2014 1:21:22 PM org.apache.catalina.core.ApplicationContext log
INFORMAÇÕES:  Velocity  [debug] ResourceLoader instantiated: org.apache.velocity.tools.view.WebappResourceLoader
Dez 08, 2014 1:21:22 PM org.apache.catalina.core.ApplicationContext log
INFORMAÇÕES:  Velocity  [trace] WebappResourceLoader: initialization starting.
Dez 08, 2014 1:21:22 PM org.apache.catalina.core.ApplicationContext log
INFORMAÇÕES:  Velocity  [trace] WebappResourceLoader: initialization complete.
Dez 08, 2014 1:21:22 PM org.apache.catalina.core.ApplicationContext log
INFORMAÇÕES:  Velocity  [debug] ResourceLoader instantiated: org.apache.velocity.runtime.resource.loader.StringResourceLoader
Dez 08, 2014 1:21:22 PM org.apache.catalina.core.ApplicationContext log
INFORMAÇÕES:  Velocity  [trace] StringResourceLoader : initialization starting.
Dez 08, 2014 1:21:22 PM org.apache.catalina.core.ApplicationContext log
INFORMAÇÕES:  Velocity  [debug] Loaded repository 'org.apache.velocity.runtime.resource.util.StringResourceRepository' from static repo store
Dez 08, 2014 1:21:22 PM org.apache.catalina.core.ApplicationContext log
INFORMAÇÕES:  Velocity  [trace] StringResourceLoader : initialization complete.
Dez 08, 2014 1:21:22 PM org.apache.catalina.core.ApplicationContext log
INFORMAÇÕES:  Velocity  [debug] ResourceCache: initialized (class org.apache.velocity.runtime.resource.ResourceCacheImpl) with class java.util.Collections$SynchronizedMap cache map.
Dez 08, 2014 1:21:22 PM org.apache.catalina.core.ApplicationContext log
INFORMAÇÕES:  Velocity  [trace] Default ResourceManager initialization complete.
Dez 08, 2014 1:21:22 PM org.apache.catalina.core.ApplicationContext log
INFORMAÇÕES:  Velocity  [debug] Loaded System Directive: org.apache.velocity.runtime.directive.Stop
Dez 08, 2014 1:21:22 PM org.apache.catalina.core.ApplicationContext log
INFORMAÇÕES:  Velocity  [debug] Loaded System Directive: org.apache.velocity.runtime.directive.Define
Dez 08, 2014 1:21:22 PM org.apache.catalina.core.ApplicationContext log
INFORMAÇÕES:  Velocity  [debug] Loaded System Directive: org.apache.velocity.runtime.directive.Break
Dez 08, 2014 1:21:22 PM org.apache.catalina.core.ApplicationContext log
INFORMAÇÕES:  Velocity  [debug] Loaded System Directive: org.apache.velocity.runtime.directive.Evaluate
Dez 08, 2014 1:21:22 PM org.apache.catalina.core.ApplicationContext log
INFORMAÇÕES:  Velocity  [debug] Loaded System Directive: org.apache.velocity.runtime.directive.Literal
Dez 08, 2014 1:21:22 PM org.apache.catalina.core.ApplicationContext log
INFORMAÇÕES:  Velocity  [debug] Loaded System Directive: org.apache.velocity.runtime.directive.Macro
Dez 08, 2014 1:21:22 PM org.apache.catalina.core.ApplicationContext log
INFORMAÇÕES:  Velocity  [debug] Loaded System Directive: org.apache.velocity.runtime.directive.Parse
Dez 08, 2014 1:21:22 PM org.apache.catalina.core.ApplicationContext log
INFORMAÇÕES:  Velocity  [debug] Loaded System Directive: org.apache.velocity.runtime.directive.Include
Dez 08, 2014 1:21:22 PM org.apache.catalina.core.ApplicationContext log
INFORMAÇÕES:  Velocity  [debug] Loaded System Directive: org.apache.velocity.runtime.directive.Foreach
Dez 08, 2014 1:21:22 PM org.apache.catalina.core.ApplicationContext log
INFORMAÇÕES:  Velocity  [debug] Created '20' parsers.
Dez 08, 2014 1:21:22 PM org.apache.catalina.core.ApplicationContext log
INFORMAÇÕES:  Velocity  [trace] Velocimacro : initialization starting.
Dez 08, 2014 1:21:22 PM org.apache.catalina.core.ApplicationContext log
INFORMAÇÕES:  Velocity  [debug] Velocimacro : "velocimacro.library" is not set.  Trying default library: VM_global_library.vm
Dez 08, 2014 1:21:22 PM org.apache.catalina.core.ApplicationContext log
INFORMAÇÕES:  Velocity  [debug] Could not load resource 'VM_global_library.vm' from ResourceLoader org.apache.velocity.tools.view.WebappResourceLoader: WebappResourceLoader: Resource 'VM_global_library.vm' not found.
Dez 08, 2014 1:21:22 PM org.apache.catalina.core.ApplicationContext log
INFORMAÇÕES:  Velocity  [debug] Velocimacro : Default library not found.
Dez 08, 2014 1:21:22 PM org.apache.catalina.core.ApplicationContext log
INFORMAÇÕES:  Velocity  [debug] Velocimacro : allowInline = true : VMs can be defined inline in templates
Dez 08, 2014 1:21:22 PM org.apache.catalina.core.ApplicationContext log
INFORMAÇÕES:  Velocity  [debug] Velocimacro : allowInlineToOverride = false : VMs defined inline may NOT replace previous VM definitions
Dez 08, 2014 1:21:22 PM org.apache.catalina.core.ApplicationContext log
INFORMAÇÕES:  Velocity  [debug] Velocimacro : allowInlineLocal = false : VMs defined inline will be global in scope if allowed.
Dez 08, 2014 1:21:22 PM org.apache.catalina.core.ApplicationContext log
INFORMAÇÕES:  Velocity  [debug] Velocimacro : autoload off : VM system will not automatically reload global library macros
Dez 08, 2014 1:21:22 PM org.apache.catalina.core.ApplicationContext log
INFORMAÇÕES:  Velocity  [trace] Velocimacro : Velocimacro : initialization complete.
Dez 08, 2014 1:21:22 PM org.apache.catalina.core.ApplicationContext log
INFORMAÇÕES:  Velocity  [trace] RuntimeInstance successfully initialized.
Dez 08, 2014 1:21:22 PM org.apache.catalina.core.ApplicationContext log
INFORMAÇÕES:  Velocity  [trace] Searching for configuration at: /WEB-INF/toolbox.xml
Dez 08, 2014 1:21:23 PM org.apache.catalina.core.ApplicationContext log
INFORMAÇÕES:  Velocity  [debug] Did not find resource at: /WEB-INF/toolbox.xml
Dez 08, 2014 1:21:23 PM org.apache.catalina.core.ApplicationContext log
INFORMAÇÕES:  Velocity  [trace] Loading default tools configuration...
Dez 08, 2014 1:21:24 PM org.apache.catalina.core.ApplicationContext log
INFORMAÇÕES:  Velocity  [trace] Searching for configuration at: /WEB-INF/tools.xml
Dez 08, 2014 1:21:24 PM org.apache.catalina.core.ApplicationContext log
INFORMAÇÕES:  Velocity  [debug] Loaded configuration from: /WEB-INF/tools.xml
Dez 08, 2014 1:21:24 PM org.apache.catalina.core.ApplicationContext log
INFORMAÇÕES:  Velocity  [debug] Configuring factory with: 
FactoryConfiguration from 7 sources including 5 data with 3 toolboxes: 
 Toolbox 'application' with 1 properties [scope -auto-> application; ] and 15 tools: 
  Tool 'alternator' => org.apache.velocity.tools.generic.AlternatorTool 
  Tool 'class' => org.apache.velocity.tools.generic.ClassTool 
  Tool 'convert' => org.apache.velocity.tools.generic.ConversionTool 
  Tool 'date' => org.apache.velocity.tools.generic.ComparisonDateTool 
  Tool 'display' => org.apache.velocity.tools.generic.DisplayTool 
  Tool 'esc' => org.apache.velocity.tools.generic.EscapeTool 
  Tool 'featureProvider' => org.iadb.seppir.monitor.FeatureProvider with 1 properties [key -auto-> featureProvider; ]
  Tool 'field' => org.apache.velocity.tools.generic.FieldTool 
  Tool 'math' => org.apache.velocity.tools.generic.MathTool 
  Tool 'number' => org.apache.velocity.tools.generic.NumberTool 
  Tool 'panelRenderer' => org.iadb.seppir.monitor.PanelRenderer with 1 properties [key -auto-> panelRenderer; ]
  Tool 'sorter' => org.apache.velocity.tools.generic.SortTool 
  Tool 'tableProvider' => org.iadb.seppir.monitor.TableProvider with 1 properties [key -auto-> tableProvider; ]
  Tool 'text' => org.apache.velocity.tools.generic.ResourceTool 
  Tool 'xml' => org.apache.velocity.tools.generic.XmlTool 
  
 Toolbox 'request' with 1 properties [scope -auto-> request; ] and 10 tools: 
  Tool 'context' => org.apache.velocity.tools.view.ViewContextTool 
  Tool 'cookies' => org.apache.velocity.tools.view.CookieTool 
  Tool 'import' => org.apache.velocity.tools.view.ImportTool 
  Tool 'include' => org.apache.velocity.tools.view.IncludeTool 
  Tool 'link' => org.apache.velocity.tools.struts.StrutsLinkTool 
  Tool 'loop' => org.apache.velocity.tools.generic.LoopTool 
  Tool 'pager' => org.apache.velocity.tools.view.PagerTool 
  Tool 'params' => org.apache.velocity.tools.view.ParameterTool 
  Tool 'render' => org.apache.velocity.tools.generic.RenderTool 
  Tool 'validator' => org.apache.velocity.tools.struts.ValidatorTool 
  
 Toolbox 'session' with 2 properties [createSession -auto-> false; scope -auto-> session; ] and 1 tools: 
  Tool 'browser' => org.apache.velocity.tools.view.BrowserTool 
  
 Data 'GENERIC_TOOLS_AVAILABLE' -boolean-> true
 Data 'STRUTS_TOOLS_AVAILABLE' -boolean-> true
 Data 'TOOLS_VERSION' -number-> 2.0
 Data 'VIEW_TOOLS_AVAILABLE' -boolean-> true
 Data 'dashboard-version' -number-> 1.0
 
 Source 0: org.apache.velocity.tools.config.FactoryConfiguration(VelocityView.configure(config,factory))
 Source 1: org.apache.velocity.tools.config.XmlFactoryConfiguration(ConfigurationUtils.getDefaultTools())
 Source 2:     .read(jar:file:/home/opt/tomcat7/lib/velocity-tools-2.0.jar!/org/apache/velocity/tools/generic/tools.xml)
 Source 3:     .read(jar:file:/home/opt/tomcat7/lib/velocity-tools-2.0.jar!/org/apache/velocity/tools/view/tools.xml)
 Source 4:     .read(jar:file:/home/opt/tomcat7/lib/velocity-tools-2.0.jar!/org/apache/velocity/tools/struts/tools.xml)
 Source 5: org.apache.velocity.tools.config.FactoryConfiguration(ConfigurationUtils.getAutoLoaded(false))
 Source 6: org.apache.velocity.tools.config.XmlFactoryConfiguration(ServletUtils.getConfiguration(/WEB-INF/tools.xml,ServletContext[,depMode=true]))

Dez 08, 2014 1:21:24 PM org.apache.catalina.core.ApplicationContext log
INFORMAÇÕES:  Velocity  [debug] Default Content-Type is: text/html; charset=UTF-8
Dez 08, 2014 1:21:24 PM org.apache.catalina.core.ApplicationContext log
INFORMAÇÕES:  Velocity   [info] VelocityLayoutServlet: Error screen is 'layout/error.vm'
Dez 08, 2014 1:21:24 PM org.apache.catalina.core.ApplicationContext log
INFORMAÇÕES:  Velocity   [info] VelocityLayoutServlet: Layout directory is 'layout/'
Dez 08, 2014 1:21:24 PM org.apache.catalina.core.ApplicationContext log
INFORMAÇÕES:  Velocity   [info] VelocityLayoutServlet: Default layout template is 'dashboard.vm'
Dez 08, 2014 1:21:24 PM org.apache.catalina.core.ApplicationContext log
INFORMAÇÕES:  Velocity  [debug] org.apache.velocity.tools.view.servlet.VelocityLayoutServlet has been deprecated. Use org.apache.velocity.tools.view.servlet.VelocityLayoutServlet instead.
Dez 08, 2014 1:21:24 PM org.apache.catalina.core.ApplicationContext log
INFORMAÇÕES:  Velocity  [debug] ResourceManager : found /pbq/index.vm with loader org.apache.velocity.tools.view.WebappResourceLoader
Dez 08, 2014 1:21:24 PM org.apache.catalina.core.ApplicationContext log
INFORMAÇÕES:  Velocity  [debug] ResourceManager : found pbq/eixo1/painel.vars.js with loader org.apache.velocity.tools.view.WebappResourceLoader
Dez 08, 2014 1:21:25 PM org.apache.catalina.core.ApplicationContext log
INFORMAÇÕES:  Velocity  [debug] ResourceManager : found layout/dashboard.vm with loader org.apache.velocity.tools.view.WebappResourceLoader
Dez 08, 2014 1:21:25 PM org.apache.catalina.core.ApplicationContext log
INFORMAÇÕES:  Velocity  [debug] ResourceManager : found pbq/navigator.vm with loader org.apache.velocity.tools.view.WebappResourceLoader
Dez 08, 2014 1:21:25 PM org.apache.catalina.core.ApplicationContext log
INFORMAÇÕES:  Velocity  [debug] ResourceManager : found pbq/eixo1/containers.vm with loader org.apache.velocity.tools.view.WebappResourceLoader
Dez 08, 2014 1:21:25 PM org.apache.catalina.core.ApplicationContext log
INFORMAÇÕES:  Velocity  [debug] ResourceManager : found svg/brasil_uf_map.svg with loader org.apache.velocity.tools.view.WebappResourceLoader
Dez 08, 2014 1:21:26 PM org.apache.catalina.core.ApplicationContext log
INFORMAÇÕES:  Velocity  [debug] ResourceManager : found /pbq/comunidades.json.vm with loader org.apache.velocity.tools.view.WebappResourceLoader
Dez 08, 2014 1:21:26 PM org.apache.catalina.core.ApplicationContext log
INFORMAÇÕES:  Velocity  [debug] ResourceManager : found layout/blank.vm with loader org.apache.velocity.tools.view.WebappResourceLoader
Dez 08, 2014 1:21:44 PM org.apache.catalina.core.ApplicationContext log
INFORMAÇÕES:  Velocity  [debug] ResourceManager : found /pbq/index.vm with loader org.apache.velocity.tools.view.WebappResourceLoader
Dez 08, 2014 1:21:44 PM org.apache.catalina.core.ApplicationContext log
INFORMAÇÕES:  Velocity  [debug] ResourceManager : found pbq/eixo4/painel.vars.js with loader org.apache.velocity.tools.view.WebappResourceLoader
Dez 08, 2014 1:21:44 PM org.apache.catalina.core.ApplicationContext log
INFORMAÇÕES:  Velocity  [debug] ResourceManager : found layout/dashboard.vm with loader org.apache.velocity.tools.view.WebappResourceLoader
Dez 08, 2014 1:21:44 PM org.apache.catalina.core.ApplicationContext log
INFORMAÇÕES:  Velocity  [debug] ResourceManager : found pbq/navigator.vm with loader org.apache.velocity.tools.view.WebappResourceLoader
Dez 08, 2014 1:21:44 PM org.apache.catalina.core.ApplicationContext log
INFORMAÇÕES:  Velocity  [debug] ResourceManager : found pbq/eixo4/containers.vm with loader org.apache.velocity.tools.view.WebappResourceLoader
Dez 08, 2014 1:21:44 PM org.apache.catalina.core.ApplicationContext log
INFORMAÇÕES:  Velocity  [debug] ResourceManager : found svg/brasil_uf_map.svg with loader org.apache.velocity.tools.view.WebappResourceLoader
Dez 08, 2014 2:12:51 PM org.apache.catalina.core.ApplicationContext log
INFORMAÇÕES:  Velocity  [debug] ResourceManager : found /pbq/index.vm with loader org.apache.velocity.tools.view.WebappResourceLoader
Dez 08, 2014 2:12:51 PM org.apache.catalina.core.ApplicationContext log
INFORMAÇÕES:  Velocity  [debug] ResourceManager : found pbq/eixo1/painel.vars.js with loader org.apache.velocity.tools.view.WebappResourceLoader
Dez 08, 2014 2:12:51 PM org.apache.catalina.core.ApplicationContext log
INFORMAÇÕES:  Velocity  [debug] ResourceManager : found layout/dashboard.vm with loader org.apache.velocity.tools.view.WebappResourceLoader
Dez 08, 2014 2:12:51 PM org.apache.catalina.core.ApplicationContext log
INFORMAÇÕES:  Velocity  [debug] ResourceManager : found pbq/navigator.vm with loader org.apache.velocity.tools.view.WebappResourceLoader
Dez 08, 2014 2:12:51 PM org.apache.catalina.core.ApplicationContext log
INFORMAÇÕES:  Velocity  [debug] ResourceManager : found pbq/eixo1/containers.vm with loader org.apache.velocity.tools.view.WebappResourceLoader
Dez 08, 2014 2:12:51 PM org.apache.catalina.core.ApplicationContext log
INFORMAÇÕES:  Velocity  [debug] ResourceManager : found svg/brasil_uf_map.svg with loader org.apache.velocity.tools.view.WebappResourceLoader
Dez 08, 2014 2:12:51 PM org.apache.catalina.core.ApplicationContext log
INFORMAÇÕES:  Velocity  [debug] ResourceManager : found /pbq/comunidades.json.vm with loader org.apache.velocity.tools.view.WebappResourceLoader
Dez 08, 2014 2:12:51 PM org.apache.catalina.core.ApplicationContext log
INFORMAÇÕES:  Velocity  [debug] ResourceManager : found layout/blank.vm with loader org.apache.velocity.tools.view.WebappResourceLoader
