Set 23, 2015 10:19:14 AM org.apache.catalina.core.ApplicationContext log
INFORMAÇÕES:  Velocity  [debug] ResourceManager : found /pbq/index.vm with loader org.apache.velocity.tools.view.WebappResourceLoader
Set 23, 2015 10:19:14 AM org.apache.catalina.core.ApplicationContext log
INFORMAÇÕES:  Velocity  [debug] ResourceManager : found pbq/eixo1/painel.vars.js with loader org.apache.velocity.tools.view.WebappResourceLoader
Set 23, 2015 10:19:14 AM org.apache.catalina.core.ApplicationContext log
INFORMAÇÕES:  Velocity  [debug] ResourceManager : found layout/dashboard.vm with loader org.apache.velocity.tools.view.WebappResourceLoader
Set 23, 2015 10:19:14 AM org.apache.catalina.core.ApplicationContext log
INFORMAÇÕES:  Velocity  [debug] ResourceManager : found pbq/navigator.vm with loader org.apache.velocity.tools.view.WebappResourceLoader
Set 23, 2015 10:19:14 AM org.apache.catalina.core.ApplicationContext log
INFORMAÇÕES:  Velocity  [debug] ResourceManager : found pbq/eixo1/containers.vm with loader org.apache.velocity.tools.view.WebappResourceLoader
Set 23, 2015 10:19:14 AM org.apache.catalina.core.ApplicationContext log
INFORMAÇÕES:  Velocity  [debug] ResourceManager : found svg/brasil_uf_map.svg with loader org.apache.velocity.tools.view.WebappResourceLoader
Set 23, 2015 10:19:15 AM org.apache.catalina.core.ApplicationContext log
INFORMAÇÕES:  Velocity  [debug] ResourceManager : found /pbq/comunidades.json.vm with loader org.apache.velocity.tools.view.WebappResourceLoader
Set 23, 2015 10:19:15 AM org.apache.catalina.core.ApplicationContext log
INFORMAÇÕES:  Velocity  [debug] ResourceManager : found layout/blank.vm with loader org.apache.velocity.tools.view.WebappResourceLoader
Set 23, 2015 10:19:22 AM org.apache.catalina.core.ApplicationContext log
INFORMAÇÕES:  Velocity  [debug] ResourceManager : found /pbq/index.vm with loader org.apache.velocity.tools.view.WebappResourceLoader
Set 23, 2015 10:19:22 AM org.apache.catalina.core.ApplicationContext log
INFORMAÇÕES:  Velocity  [debug] ResourceManager : found pbq/eixo2/painel.vars.js with loader org.apache.velocity.tools.view.WebappResourceLoader
Set 23, 2015 10:19:22 AM org.apache.catalina.core.ApplicationContext log
INFORMAÇÕES:  Velocity  [debug] ResourceManager : found layout/dashboard.vm with loader org.apache.velocity.tools.view.WebappResourceLoader
Set 23, 2015 10:19:22 AM org.apache.catalina.core.ApplicationContext log
INFORMAÇÕES:  Velocity  [debug] ResourceManager : found pbq/navigator.vm with loader org.apache.velocity.tools.view.WebappResourceLoader
Set 23, 2015 10:19:22 AM org.apache.catalina.core.ApplicationContext log
INFORMAÇÕES:  Velocity  [debug] ResourceManager : found pbq/eixo2/containers.vm with loader org.apache.velocity.tools.view.WebappResourceLoader
Set 23, 2015 10:19:22 AM org.apache.catalina.core.ApplicationContext log
INFORMAÇÕES:  Velocity  [debug] ResourceManager : found svg/brasil_uf_map.svg with loader org.apache.velocity.tools.view.WebappResourceLoader
Set 23, 2015 10:19:26 AM org.apache.catalina.core.ApplicationContext log
INFORMAÇÕES:  Velocity  [debug] ResourceManager : found /pbq/index.vm with loader org.apache.velocity.tools.view.WebappResourceLoader
Set 23, 2015 10:19:26 AM org.apache.catalina.core.ApplicationContext log
INFORMAÇÕES:  Velocity  [debug] ResourceManager : found pbq/eixo3/painel.vars.js with loader org.apache.velocity.tools.view.WebappResourceLoader
Set 23, 2015 10:19:26 AM org.apache.catalina.core.ApplicationContext log
INFORMAÇÕES:  Velocity  [debug] ResourceManager : found layout/dashboard.vm with loader org.apache.velocity.tools.view.WebappResourceLoader
Set 23, 2015 10:19:26 AM org.apache.catalina.core.ApplicationContext log
INFORMAÇÕES:  Velocity  [debug] ResourceManager : found pbq/navigator.vm with loader org.apache.velocity.tools.view.WebappResourceLoader
Set 23, 2015 10:19:26 AM org.apache.catalina.core.ApplicationContext log
INFORMAÇÕES:  Velocity  [debug] ResourceManager : found pbq/eixo3/containers.vm with loader org.apache.velocity.tools.view.WebappResourceLoader
Set 23, 2015 10:19:26 AM org.apache.catalina.core.ApplicationContext log
INFORMAÇÕES:  Velocity  [debug] ResourceManager : found svg/brasil_uf_map.svg with loader org.apache.velocity.tools.view.WebappResourceLoader
Set 23, 2015 10:19:37 AM org.apache.catalina.core.ApplicationContext log
INFORMAÇÕES:  Velocity  [debug] ResourceManager : found /pbq/index.vm with loader org.apache.velocity.tools.view.WebappResourceLoader
Set 23, 2015 10:19:37 AM org.apache.catalina.core.ApplicationContext log
INFORMAÇÕES:  Velocity  [debug] ResourceManager : found pbq/eixo4/painel.vars.js with loader org.apache.velocity.tools.view.WebappResourceLoader
Set 23, 2015 10:19:37 AM org.apache.catalina.core.ApplicationContext log
INFORMAÇÕES:  Velocity  [debug] ResourceManager : found layout/dashboard.vm with loader org.apache.velocity.tools.view.WebappResourceLoader
Set 23, 2015 10:19:37 AM org.apache.catalina.core.ApplicationContext log
INFORMAÇÕES:  Velocity  [debug] ResourceManager : found pbq/navigator.vm with loader org.apache.velocity.tools.view.WebappResourceLoader
Set 23, 2015 10:19:37 AM org.apache.catalina.core.ApplicationContext log
INFORMAÇÕES:  Velocity  [debug] ResourceManager : found pbq/eixo4/containers.vm with loader org.apache.velocity.tools.view.WebappResourceLoader
Set 23, 2015 10:19:37 AM org.apache.catalina.core.ApplicationContext log
INFORMAÇÕES:  Velocity  [debug] ResourceManager : found svg/brasil_uf_map.svg with loader org.apache.velocity.tools.view.WebappResourceLoader
Set 23, 2015 10:21:21 AM org.apache.catalina.core.ApplicationContext log
INFORMAÇÕES:  Velocity  [debug] ResourceManager : found /pbq/index.vm with loader org.apache.velocity.tools.view.WebappResourceLoader
Set 23, 2015 10:21:21 AM org.apache.catalina.core.ApplicationContext log
INFORMAÇÕES:  Velocity  [debug] ResourceManager : found pbq/eixo4/painel.vars.js with loader org.apache.velocity.tools.view.WebappResourceLoader
Set 23, 2015 10:21:21 AM org.apache.catalina.core.ApplicationContext log
INFORMAÇÕES:  Velocity  [debug] ResourceManager : found layout/dashboard.vm with loader org.apache.velocity.tools.view.WebappResourceLoader
Set 23, 2015 10:21:21 AM org.apache.catalina.core.ApplicationContext log
INFORMAÇÕES:  Velocity  [debug] ResourceManager : found pbq/navigator.vm with loader org.apache.velocity.tools.view.WebappResourceLoader
Set 23, 2015 10:21:21 AM org.apache.catalina.core.ApplicationContext log
INFORMAÇÕES:  Velocity  [debug] ResourceManager : found pbq/eixo4/containers.vm with loader org.apache.velocity.tools.view.WebappResourceLoader
Set 23, 2015 10:21:21 AM org.apache.catalina.core.ApplicationContext log
INFORMAÇÕES:  Velocity  [debug] ResourceManager : found svg/brasil_uf_map.svg with loader org.apache.velocity.tools.view.WebappResourceLoader
Set 23, 2015 1:47:22 PM org.apache.catalina.core.ApplicationContext log
INFORMAÇÕES:  Velocity  [debug] ResourceManager : found /pbq/index.vm with loader org.apache.velocity.tools.view.WebappResourceLoader
Set 23, 2015 1:47:22 PM org.apache.catalina.core.ApplicationContext log
INFORMAÇÕES:  Velocity  [debug] ResourceManager : found pbq/eixo2/painel.vars.js with loader org.apache.velocity.tools.view.WebappResourceLoader
Set 23, 2015 1:47:22 PM org.apache.catalina.core.ApplicationContext log
INFORMAÇÕES:  Velocity  [debug] ResourceManager : found layout/dashboard.vm with loader org.apache.velocity.tools.view.WebappResourceLoader
Set 23, 2015 1:47:22 PM org.apache.catalina.core.ApplicationContext log
INFORMAÇÕES:  Velocity  [debug] ResourceManager : found pbq/navigator.vm with loader org.apache.velocity.tools.view.WebappResourceLoader
Set 23, 2015 1:47:22 PM org.apache.catalina.core.ApplicationContext log
INFORMAÇÕES:  Velocity  [debug] ResourceManager : found pbq/eixo2/containers.vm with loader org.apache.velocity.tools.view.WebappResourceLoader
Set 23, 2015 1:47:22 PM org.apache.catalina.core.ApplicationContext log
INFORMAÇÕES:  Velocity  [debug] ResourceManager : found svg/brasil_uf_map.svg with loader org.apache.velocity.tools.view.WebappResourceLoader
Set 23, 2015 1:47:25 PM org.apache.catalina.core.ApplicationContext log
INFORMAÇÕES:  Velocity  [debug] ResourceManager : found /pbq/index.vm with loader org.apache.velocity.tools.view.WebappResourceLoader
Set 23, 2015 1:47:25 PM org.apache.catalina.core.ApplicationContext log
INFORMAÇÕES:  Velocity  [debug] ResourceManager : found pbq/eixo3/painel.vars.js with loader org.apache.velocity.tools.view.WebappResourceLoader
Set 23, 2015 1:47:25 PM org.apache.catalina.core.ApplicationContext log
INFORMAÇÕES:  Velocity  [debug] ResourceManager : found layout/dashboard.vm with loader org.apache.velocity.tools.view.WebappResourceLoader
Set 23, 2015 1:47:25 PM org.apache.catalina.core.ApplicationContext log
INFORMAÇÕES:  Velocity  [debug] ResourceManager : found pbq/navigator.vm with loader org.apache.velocity.tools.view.WebappResourceLoader
Set 23, 2015 1:47:25 PM org.apache.catalina.core.ApplicationContext log
INFORMAÇÕES:  Velocity  [debug] ResourceManager : found pbq/eixo3/containers.vm with loader org.apache.velocity.tools.view.WebappResourceLoader
Set 23, 2015 1:47:25 PM org.apache.catalina.core.ApplicationContext log
INFORMAÇÕES:  Velocity  [debug] ResourceManager : found svg/brasil_uf_map.svg with loader org.apache.velocity.tools.view.WebappResourceLoader
Set 23, 2015 1:47:29 PM org.apache.catalina.core.ApplicationContext log
INFORMAÇÕES:  Velocity  [debug] ResourceManager : found /pbq/index.vm with loader org.apache.velocity.tools.view.WebappResourceLoader
Set 23, 2015 1:47:29 PM org.apache.catalina.core.ApplicationContext log
INFORMAÇÕES:  Velocity  [debug] ResourceManager : found pbq/eixo4/painel.vars.js with loader org.apache.velocity.tools.view.WebappResourceLoader
Set 23, 2015 1:47:29 PM org.apache.catalina.core.ApplicationContext log
INFORMAÇÕES:  Velocity  [debug] ResourceManager : found layout/dashboard.vm with loader org.apache.velocity.tools.view.WebappResourceLoader
Set 23, 2015 1:47:29 PM org.apache.catalina.core.ApplicationContext log
INFORMAÇÕES:  Velocity  [debug] ResourceManager : found pbq/navigator.vm with loader org.apache.velocity.tools.view.WebappResourceLoader
Set 23, 2015 1:47:29 PM org.apache.catalina.core.ApplicationContext log
INFORMAÇÕES:  Velocity  [debug] ResourceManager : found pbq/eixo4/containers.vm with loader org.apache.velocity.tools.view.WebappResourceLoader
Set 23, 2015 1:47:29 PM org.apache.catalina.core.ApplicationContext log
INFORMAÇÕES:  Velocity  [debug] ResourceManager : found svg/brasil_uf_map.svg with loader org.apache.velocity.tools.view.WebappResourceLoader
Set 23, 2015 1:47:37 PM org.apache.catalina.core.ApplicationContext log
INFORMAÇÕES:  Velocity  [debug] ResourceManager : found /pbq/index.vm with loader org.apache.velocity.tools.view.WebappResourceLoader
Set 23, 2015 1:47:37 PM org.apache.catalina.core.ApplicationContext log
INFORMAÇÕES:  Velocity  [debug] ResourceManager : found pbq/eixo2/painel.vars.js with loader org.apache.velocity.tools.view.WebappResourceLoader
Set 23, 2015 1:47:37 PM org.apache.catalina.core.ApplicationContext log
INFORMAÇÕES:  Velocity  [debug] ResourceManager : found layout/dashboard.vm with loader org.apache.velocity.tools.view.WebappResourceLoader
Set 23, 2015 1:47:37 PM org.apache.catalina.core.ApplicationContext log
INFORMAÇÕES:  Velocity  [debug] ResourceManager : found pbq/navigator.vm with loader org.apache.velocity.tools.view.WebappResourceLoader
Set 23, 2015 1:47:37 PM org.apache.catalina.core.ApplicationContext log
INFORMAÇÕES:  Velocity  [debug] ResourceManager : found pbq/eixo2/containers.vm with loader org.apache.velocity.tools.view.WebappResourceLoader
Set 23, 2015 1:47:37 PM org.apache.catalina.core.ApplicationContext log
INFORMAÇÕES:  Velocity  [debug] ResourceManager : found svg/brasil_uf_map.svg with loader org.apache.velocity.tools.view.WebappResourceLoader
Set 23, 2015 1:47:39 PM org.apache.catalina.core.ApplicationContext log
INFORMAÇÕES:  Velocity  [debug] ResourceManager : found /pbq/index.vm with loader org.apache.velocity.tools.view.WebappResourceLoader
Set 23, 2015 1:47:40 PM org.apache.catalina.core.ApplicationContext log
INFORMAÇÕES:  Velocity  [debug] ResourceManager : found pbq/eixo3/painel.vars.js with loader org.apache.velocity.tools.view.WebappResourceLoader
Set 23, 2015 1:47:40 PM org.apache.catalina.core.ApplicationContext log
INFORMAÇÕES:  Velocity  [debug] ResourceManager : found layout/dashboard.vm with loader org.apache.velocity.tools.view.WebappResourceLoader
Set 23, 2015 1:47:40 PM org.apache.catalina.core.ApplicationContext log
INFORMAÇÕES:  Velocity  [debug] ResourceManager : found pbq/navigator.vm with loader org.apache.velocity.tools.view.WebappResourceLoader
Set 23, 2015 1:47:40 PM org.apache.catalina.core.ApplicationContext log
INFORMAÇÕES:  Velocity  [debug] ResourceManager : found pbq/eixo3/containers.vm with loader org.apache.velocity.tools.view.WebappResourceLoader
Set 23, 2015 1:47:40 PM org.apache.catalina.core.ApplicationContext log
INFORMAÇÕES:  Velocity  [debug] ResourceManager : found svg/brasil_uf_map.svg with loader org.apache.velocity.tools.view.WebappResourceLoader
Set 23, 2015 1:47:43 PM org.apache.catalina.core.ApplicationContext log
INFORMAÇÕES:  Velocity  [debug] ResourceManager : found /pbq/index.vm with loader org.apache.velocity.tools.view.WebappResourceLoader
Set 23, 2015 1:47:43 PM org.apache.catalina.core.ApplicationContext log
INFORMAÇÕES:  Velocity  [debug] ResourceManager : found pbq/eixo1/painel.vars.js with loader org.apache.velocity.tools.view.WebappResourceLoader
Set 23, 2015 1:47:43 PM org.apache.catalina.core.ApplicationContext log
INFORMAÇÕES:  Velocity  [debug] ResourceManager : found layout/dashboard.vm with loader org.apache.velocity.tools.view.WebappResourceLoader
Set 23, 2015 1:47:43 PM org.apache.catalina.core.ApplicationContext log
INFORMAÇÕES:  Velocity  [debug] ResourceManager : found pbq/navigator.vm with loader org.apache.velocity.tools.view.WebappResourceLoader
Set 23, 2015 1:47:43 PM org.apache.catalina.core.ApplicationContext log
INFORMAÇÕES:  Velocity  [debug] ResourceManager : found pbq/eixo1/containers.vm with loader org.apache.velocity.tools.view.WebappResourceLoader
Set 23, 2015 1:47:43 PM org.apache.catalina.core.ApplicationContext log
INFORMAÇÕES:  Velocity  [debug] ResourceManager : found svg/brasil_uf_map.svg with loader org.apache.velocity.tools.view.WebappResourceLoader
Set 23, 2015 1:47:44 PM org.apache.catalina.core.ApplicationContext log
INFORMAÇÕES:  Velocity  [debug] ResourceManager : found /pbq/comunidades.json.vm with loader org.apache.velocity.tools.view.WebappResourceLoader
Set 23, 2015 1:47:44 PM org.apache.catalina.core.ApplicationContext log
INFORMAÇÕES:  Velocity  [debug] ResourceManager : found layout/blank.vm with loader org.apache.velocity.tools.view.WebappResourceLoader
Set 23, 2015 1:47:51 PM org.apache.catalina.core.ApplicationContext log
INFORMAÇÕES:  Velocity  [debug] ResourceManager : found /pbq/index.vm with loader org.apache.velocity.tools.view.WebappResourceLoader
Set 23, 2015 1:47:51 PM org.apache.catalina.core.ApplicationContext log
INFORMAÇÕES:  Velocity  [debug] ResourceManager : found pbq/eixo4/painel.vars.js with loader org.apache.velocity.tools.view.WebappResourceLoader
Set 23, 2015 1:47:51 PM org.apache.catalina.core.ApplicationContext log
INFORMAÇÕES:  Velocity  [debug] ResourceManager : found layout/dashboard.vm with loader org.apache.velocity.tools.view.WebappResourceLoader
Set 23, 2015 1:47:51 PM org.apache.catalina.core.ApplicationContext log
INFORMAÇÕES:  Velocity  [debug] ResourceManager : found pbq/navigator.vm with loader org.apache.velocity.tools.view.WebappResourceLoader
Set 23, 2015 1:47:51 PM org.apache.catalina.core.ApplicationContext log
INFORMAÇÕES:  Velocity  [debug] ResourceManager : found pbq/eixo4/containers.vm with loader org.apache.velocity.tools.view.WebappResourceLoader
Set 23, 2015 1:47:51 PM org.apache.catalina.core.ApplicationContext log
INFORMAÇÕES:  Velocity  [debug] ResourceManager : found svg/brasil_uf_map.svg with loader org.apache.velocity.tools.view.WebappResourceLoader
Set 23, 2015 1:47:58 PM org.apache.catalina.core.ApplicationContext log
INFORMAÇÕES:  Velocity  [debug] ResourceManager : found /pbq/index.vm with loader org.apache.velocity.tools.view.WebappResourceLoader
Set 23, 2015 1:47:58 PM org.apache.catalina.core.ApplicationContext log
INFORMAÇÕES:  Velocity  [debug] ResourceManager : found pbq/eixo3/painel.vars.js with loader org.apache.velocity.tools.view.WebappResourceLoader
Set 23, 2015 1:47:58 PM org.apache.catalina.core.ApplicationContext log
INFORMAÇÕES:  Velocity  [debug] ResourceManager : found layout/dashboard.vm with loader org.apache.velocity.tools.view.WebappResourceLoader
Set 23, 2015 1:47:58 PM org.apache.catalina.core.ApplicationContext log
INFORMAÇÕES:  Velocity  [debug] ResourceManager : found pbq/navigator.vm with loader org.apache.velocity.tools.view.WebappResourceLoader
Set 23, 2015 1:47:58 PM org.apache.catalina.core.ApplicationContext log
INFORMAÇÕES:  Velocity  [debug] ResourceManager : found pbq/eixo3/containers.vm with loader org.apache.velocity.tools.view.WebappResourceLoader
Set 23, 2015 1:47:58 PM org.apache.catalina.core.ApplicationContext log
INFORMAÇÕES:  Velocity  [debug] ResourceManager : found svg/brasil_uf_map.svg with loader org.apache.velocity.tools.view.WebappResourceLoader
Set 23, 2015 1:48:16 PM org.apache.catalina.core.ApplicationContext log
INFORMAÇÕES:  Velocity  [debug] ResourceManager : found /pbq/index.vm with loader org.apache.velocity.tools.view.WebappResourceLoader
Set 23, 2015 1:48:16 PM org.apache.catalina.core.ApplicationContext log
INFORMAÇÕES:  Velocity  [debug] ResourceManager : found pbq/eixo4/painel.vars.js with loader org.apache.velocity.tools.view.WebappResourceLoader
Set 23, 2015 1:48:16 PM org.apache.catalina.core.ApplicationContext log
INFORMAÇÕES:  Velocity  [debug] ResourceManager : found layout/dashboard.vm with loader org.apache.velocity.tools.view.WebappResourceLoader
Set 23, 2015 1:48:16 PM org.apache.catalina.core.ApplicationContext log
INFORMAÇÕES:  Velocity  [debug] ResourceManager : found pbq/navigator.vm with loader org.apache.velocity.tools.view.WebappResourceLoader
Set 23, 2015 1:48:16 PM org.apache.catalina.core.ApplicationContext log
INFORMAÇÕES:  Velocity  [debug] ResourceManager : found pbq/eixo4/containers.vm with loader org.apache.velocity.tools.view.WebappResourceLoader
Set 23, 2015 1:48:16 PM org.apache.catalina.core.ApplicationContext log
INFORMAÇÕES:  Velocity  [debug] ResourceManager : found svg/brasil_uf_map.svg with loader org.apache.velocity.tools.view.WebappResourceLoader
Set 23, 2015 1:48:20 PM org.apache.catalina.core.ApplicationContext log
INFORMAÇÕES:  Velocity  [debug] ResourceManager : found /pbq/index.vm with loader org.apache.velocity.tools.view.WebappResourceLoader
Set 23, 2015 1:48:20 PM org.apache.catalina.core.ApplicationContext log
INFORMAÇÕES:  Velocity  [debug] ResourceManager : found pbq/eixo1/painel.vars.js with loader org.apache.velocity.tools.view.WebappResourceLoader
Set 23, 2015 1:48:20 PM org.apache.catalina.core.ApplicationContext log
INFORMAÇÕES:  Velocity  [debug] ResourceManager : found layout/dashboard.vm with loader org.apache.velocity.tools.view.WebappResourceLoader
Set 23, 2015 1:48:20 PM org.apache.catalina.core.ApplicationContext log
INFORMAÇÕES:  Velocity  [debug] ResourceManager : found pbq/navigator.vm with loader org.apache.velocity.tools.view.WebappResourceLoader
Set 23, 2015 1:48:20 PM org.apache.catalina.core.ApplicationContext log
INFORMAÇÕES:  Velocity  [debug] ResourceManager : found pbq/eixo1/containers.vm with loader org.apache.velocity.tools.view.WebappResourceLoader
Set 23, 2015 1:48:20 PM org.apache.catalina.core.ApplicationContext log
INFORMAÇÕES:  Velocity  [debug] ResourceManager : found svg/brasil_uf_map.svg with loader org.apache.velocity.tools.view.WebappResourceLoader
Set 23, 2015 1:48:20 PM org.apache.catalina.core.ApplicationContext log
INFORMAÇÕES:  Velocity  [debug] ResourceManager : found /pbq/comunidades.json.vm with loader org.apache.velocity.tools.view.WebappResourceLoader
Set 23, 2015 1:48:20 PM org.apache.catalina.core.ApplicationContext log
INFORMAÇÕES:  Velocity  [debug] ResourceManager : found layout/blank.vm with loader org.apache.velocity.tools.view.WebappResourceLoader
Set 23, 2015 1:48:31 PM org.apache.catalina.core.ApplicationContext log
INFORMAÇÕES:  Velocity  [debug] ResourceManager : found /pbq/index.vm with loader org.apache.velocity.tools.view.WebappResourceLoader
Set 23, 2015 1:48:31 PM org.apache.catalina.core.ApplicationContext log
INFORMAÇÕES:  Velocity  [debug] ResourceManager : found pbq/eixo3/painel.vars.js with loader org.apache.velocity.tools.view.WebappResourceLoader
Set 23, 2015 1:48:31 PM org.apache.catalina.core.ApplicationContext log
INFORMAÇÕES:  Velocity  [debug] ResourceManager : found layout/dashboard.vm with loader org.apache.velocity.tools.view.WebappResourceLoader
Set 23, 2015 1:48:31 PM org.apache.catalina.core.ApplicationContext log
INFORMAÇÕES:  Velocity  [debug] ResourceManager : found pbq/navigator.vm with loader org.apache.velocity.tools.view.WebappResourceLoader
Set 23, 2015 1:48:31 PM org.apache.catalina.core.ApplicationContext log
INFORMAÇÕES:  Velocity  [debug] ResourceManager : found pbq/eixo3/containers.vm with loader org.apache.velocity.tools.view.WebappResourceLoader
Set 23, 2015 1:48:31 PM org.apache.catalina.core.ApplicationContext log
INFORMAÇÕES:  Velocity  [debug] ResourceManager : found svg/brasil_uf_map.svg with loader org.apache.velocity.tools.view.WebappResourceLoader
Set 23, 2015 1:48:57 PM org.apache.catalina.core.ApplicationContext log
INFORMAÇÕES:  Velocity  [debug] ResourceManager : found /pbq/index.vm with loader org.apache.velocity.tools.view.WebappResourceLoader
Set 23, 2015 1:48:57 PM org.apache.catalina.core.ApplicationContext log
INFORMAÇÕES:  Velocity  [debug] ResourceManager : found pbq/eixo1/painel.vars.js with loader org.apache.velocity.tools.view.WebappResourceLoader
Set 23, 2015 1:48:57 PM org.apache.catalina.core.ApplicationContext log
INFORMAÇÕES:  Velocity  [debug] ResourceManager : found layout/dashboard.vm with loader org.apache.velocity.tools.view.WebappResourceLoader
Set 23, 2015 1:48:57 PM org.apache.catalina.core.ApplicationContext log
INFORMAÇÕES:  Velocity  [debug] ResourceManager : found pbq/navigator.vm with loader org.apache.velocity.tools.view.WebappResourceLoader
Set 23, 2015 1:48:57 PM org.apache.catalina.core.ApplicationContext log
INFORMAÇÕES:  Velocity  [debug] ResourceManager : found pbq/eixo1/containers.vm with loader org.apache.velocity.tools.view.WebappResourceLoader
Set 23, 2015 1:48:57 PM org.apache.catalina.core.ApplicationContext log
INFORMAÇÕES:  Velocity  [debug] ResourceManager : found svg/brasil_uf_map.svg with loader org.apache.velocity.tools.view.WebappResourceLoader
Set 23, 2015 1:48:57 PM org.apache.catalina.core.ApplicationContext log
INFORMAÇÕES:  Velocity  [debug] ResourceManager : found /pbq/comunidades.json.vm with loader org.apache.velocity.tools.view.WebappResourceLoader
Set 23, 2015 1:48:57 PM org.apache.catalina.core.ApplicationContext log
INFORMAÇÕES:  Velocity  [debug] ResourceManager : found layout/blank.vm with loader org.apache.velocity.tools.view.WebappResourceLoader
Set 23, 2015 1:48:59 PM org.apache.catalina.core.ApplicationContext log
INFORMAÇÕES:  Velocity  [debug] ResourceManager : found /pbq/index.vm with loader org.apache.velocity.tools.view.WebappResourceLoader
Set 23, 2015 1:48:59 PM org.apache.catalina.core.ApplicationContext log
INFORMAÇÕES:  Velocity  [debug] ResourceManager : found pbq/eixo1/painel.vars.js with loader org.apache.velocity.tools.view.WebappResourceLoader
Set 23, 2015 1:48:59 PM org.apache.catalina.core.ApplicationContext log
INFORMAÇÕES:  Velocity  [debug] ResourceManager : found layout/dashboard.vm with loader org.apache.velocity.tools.view.WebappResourceLoader
Set 23, 2015 1:48:59 PM org.apache.catalina.core.ApplicationContext log
INFORMAÇÕES:  Velocity  [debug] ResourceManager : found pbq/navigator.vm with loader org.apache.velocity.tools.view.WebappResourceLoader
Set 23, 2015 1:48:59 PM org.apache.catalina.core.ApplicationContext log
INFORMAÇÕES:  Velocity  [debug] ResourceManager : found pbq/eixo1/containers.vm with loader org.apache.velocity.tools.view.WebappResourceLoader
Set 23, 2015 1:48:59 PM org.apache.catalina.core.ApplicationContext log
INFORMAÇÕES:  Velocity  [debug] ResourceManager : found svg/brasil_uf_map.svg with loader org.apache.velocity.tools.view.WebappResourceLoader
Set 23, 2015 1:48:59 PM org.apache.catalina.core.ApplicationContext log
INFORMAÇÕES:  Velocity  [debug] ResourceManager : found /pbq/comunidades.json.vm with loader org.apache.velocity.tools.view.WebappResourceLoader
Set 23, 2015 1:48:59 PM org.apache.catalina.core.ApplicationContext log
INFORMAÇÕES:  Velocity  [debug] ResourceManager : found layout/blank.vm with loader org.apache.velocity.tools.view.WebappResourceLoader
Set 23, 2015 1:49:10 PM org.apache.catalina.core.ApplicationContext log
INFORMAÇÕES:  Velocity  [debug] ResourceManager : found /pbq/index.vm with loader org.apache.velocity.tools.view.WebappResourceLoader
Set 23, 2015 1:49:10 PM org.apache.catalina.core.ApplicationContext log
INFORMAÇÕES:  Velocity  [debug] ResourceManager : found pbq/eixo3/painel.vars.js with loader org.apache.velocity.tools.view.WebappResourceLoader
Set 23, 2015 1:49:10 PM org.apache.catalina.core.ApplicationContext log
INFORMAÇÕES:  Velocity  [debug] ResourceManager : found layout/dashboard.vm with loader org.apache.velocity.tools.view.WebappResourceLoader
Set 23, 2015 1:49:10 PM org.apache.catalina.core.ApplicationContext log
INFORMAÇÕES:  Velocity  [debug] ResourceManager : found pbq/navigator.vm with loader org.apache.velocity.tools.view.WebappResourceLoader
Set 23, 2015 1:49:10 PM org.apache.catalina.core.ApplicationContext log
INFORMAÇÕES:  Velocity  [debug] ResourceManager : found pbq/eixo3/containers.vm with loader org.apache.velocity.tools.view.WebappResourceLoader
Set 23, 2015 1:49:10 PM org.apache.catalina.core.ApplicationContext log
INFORMAÇÕES:  Velocity  [debug] ResourceManager : found svg/brasil_uf_map.svg with loader org.apache.velocity.tools.view.WebappResourceLoader
Set 23, 2015 1:51:58 PM org.apache.catalina.core.ApplicationContext log
INFORMAÇÕES:  Velocity  [debug] ResourceManager : found /pbq/index.vm with loader org.apache.velocity.tools.view.WebappResourceLoader
Set 23, 2015 1:51:58 PM org.apache.catalina.core.ApplicationContext log
INFORMAÇÕES:  Velocity  [debug] ResourceManager : found pbq/eixo4/painel.vars.js with loader org.apache.velocity.tools.view.WebappResourceLoader
Set 23, 2015 1:51:58 PM org.apache.catalina.core.ApplicationContext log
INFORMAÇÕES:  Velocity  [debug] ResourceManager : found layout/dashboard.vm with loader org.apache.velocity.tools.view.WebappResourceLoader
Set 23, 2015 1:51:58 PM org.apache.catalina.core.ApplicationContext log
INFORMAÇÕES:  Velocity  [debug] ResourceManager : found pbq/navigator.vm with loader org.apache.velocity.tools.view.WebappResourceLoader
Set 23, 2015 1:51:58 PM org.apache.catalina.core.ApplicationContext log
INFORMAÇÕES:  Velocity  [debug] ResourceManager : found pbq/eixo4/containers.vm with loader org.apache.velocity.tools.view.WebappResourceLoader
Set 23, 2015 1:51:58 PM org.apache.catalina.core.ApplicationContext log
INFORMAÇÕES:  Velocity  [debug] ResourceManager : found svg/brasil_uf_map.svg with loader org.apache.velocity.tools.view.WebappResourceLoader
Set 23, 2015 1:52:37 PM org.apache.catalina.core.ApplicationContext log
INFORMAÇÕES:  Velocity  [debug] ResourceManager : found /pbq/index.vm with loader org.apache.velocity.tools.view.WebappResourceLoader
Set 23, 2015 1:52:37 PM org.apache.catalina.core.ApplicationContext log
INFORMAÇÕES:  Velocity  [debug] ResourceManager : found pbq/eixo3/painel.vars.js with loader org.apache.velocity.tools.view.WebappResourceLoader
Set 23, 2015 1:52:37 PM org.apache.catalina.core.ApplicationContext log
INFORMAÇÕES:  Velocity  [debug] ResourceManager : found layout/dashboard.vm with loader org.apache.velocity.tools.view.WebappResourceLoader
Set 23, 2015 1:52:37 PM org.apache.catalina.core.ApplicationContext log
INFORMAÇÕES:  Velocity  [debug] ResourceManager : found pbq/navigator.vm with loader org.apache.velocity.tools.view.WebappResourceLoader
Set 23, 2015 1:52:37 PM org.apache.catalina.core.ApplicationContext log
INFORMAÇÕES:  Velocity  [debug] ResourceManager : found pbq/eixo3/containers.vm with loader org.apache.velocity.tools.view.WebappResourceLoader
Set 23, 2015 1:52:37 PM org.apache.catalina.core.ApplicationContext log
INFORMAÇÕES:  Velocity  [debug] ResourceManager : found svg/brasil_uf_map.svg with loader org.apache.velocity.tools.view.WebappResourceLoader
Set 23, 2015 1:52:39 PM org.apache.catalina.core.ApplicationContext log
INFORMAÇÕES:  Velocity  [debug] ResourceManager : found /pbq/index.vm with loader org.apache.velocity.tools.view.WebappResourceLoader
Set 23, 2015 1:52:39 PM org.apache.catalina.core.ApplicationContext log
INFORMAÇÕES:  Velocity  [debug] ResourceManager : found pbq/eixo2/painel.vars.js with loader org.apache.velocity.tools.view.WebappResourceLoader
Set 23, 2015 1:52:39 PM org.apache.catalina.core.ApplicationContext log
INFORMAÇÕES:  Velocity  [debug] ResourceManager : found layout/dashboard.vm with loader org.apache.velocity.tools.view.WebappResourceLoader
Set 23, 2015 1:52:39 PM org.apache.catalina.core.ApplicationContext log
INFORMAÇÕES:  Velocity  [debug] ResourceManager : found pbq/navigator.vm with loader org.apache.velocity.tools.view.WebappResourceLoader
Set 23, 2015 1:52:39 PM org.apache.catalina.core.ApplicationContext log
INFORMAÇÕES:  Velocity  [debug] ResourceManager : found pbq/eixo2/containers.vm with loader org.apache.velocity.tools.view.WebappResourceLoader
Set 23, 2015 1:52:39 PM org.apache.catalina.core.ApplicationContext log
INFORMAÇÕES:  Velocity  [debug] ResourceManager : found svg/brasil_uf_map.svg with loader org.apache.velocity.tools.view.WebappResourceLoader
Set 23, 2015 1:52:45 PM org.apache.catalina.core.ApplicationContext log
INFORMAÇÕES:  Velocity  [debug] ResourceManager : found /pbq/index.vm with loader org.apache.velocity.tools.view.WebappResourceLoader
Set 23, 2015 1:52:45 PM org.apache.catalina.core.ApplicationContext log
INFORMAÇÕES:  Velocity  [debug] ResourceManager : found pbq/eixo1/painel.vars.js with loader org.apache.velocity.tools.view.WebappResourceLoader
Set 23, 2015 1:52:45 PM org.apache.catalina.core.ApplicationContext log
INFORMAÇÕES:  Velocity  [debug] ResourceManager : found layout/dashboard.vm with loader org.apache.velocity.tools.view.WebappResourceLoader
Set 23, 2015 1:52:45 PM org.apache.catalina.core.ApplicationContext log
INFORMAÇÕES:  Velocity  [debug] ResourceManager : found pbq/navigator.vm with loader org.apache.velocity.tools.view.WebappResourceLoader
Set 23, 2015 1:52:45 PM org.apache.catalina.core.ApplicationContext log
INFORMAÇÕES:  Velocity  [debug] ResourceManager : found pbq/eixo1/containers.vm with loader org.apache.velocity.tools.view.WebappResourceLoader
Set 23, 2015 1:52:45 PM org.apache.catalina.core.ApplicationContext log
INFORMAÇÕES:  Velocity  [debug] ResourceManager : found svg/brasil_uf_map.svg with loader org.apache.velocity.tools.view.WebappResourceLoader
Set 23, 2015 1:52:45 PM org.apache.catalina.core.ApplicationContext log
INFORMAÇÕES:  Velocity  [debug] ResourceManager : found /pbq/comunidades.json.vm with loader org.apache.velocity.tools.view.WebappResourceLoader
Set 23, 2015 1:52:46 PM org.apache.catalina.core.ApplicationContext log
INFORMAÇÕES:  Velocity  [debug] ResourceManager : found layout/blank.vm with loader org.apache.velocity.tools.view.WebappResourceLoader
Set 23, 2015 1:52:48 PM org.apache.catalina.core.ApplicationContext log
INFORMAÇÕES:  Velocity  [debug] ResourceManager : found /pbq/index.vm with loader org.apache.velocity.tools.view.WebappResourceLoader
Set 23, 2015 1:52:48 PM org.apache.catalina.core.ApplicationContext log
INFORMAÇÕES:  Velocity  [debug] ResourceManager : found pbq/eixo2/painel.vars.js with loader org.apache.velocity.tools.view.WebappResourceLoader
Set 23, 2015 1:52:48 PM org.apache.catalina.core.ApplicationContext log
INFORMAÇÕES:  Velocity  [debug] ResourceManager : found layout/dashboard.vm with loader org.apache.velocity.tools.view.WebappResourceLoader
Set 23, 2015 1:52:48 PM org.apache.catalina.core.ApplicationContext log
INFORMAÇÕES:  Velocity  [debug] ResourceManager : found pbq/navigator.vm with loader org.apache.velocity.tools.view.WebappResourceLoader
Set 23, 2015 1:52:48 PM org.apache.catalina.core.ApplicationContext log
INFORMAÇÕES:  Velocity  [debug] ResourceManager : found pbq/eixo2/containers.vm with loader org.apache.velocity.tools.view.WebappResourceLoader
Set 23, 2015 1:52:48 PM org.apache.catalina.core.ApplicationContext log
INFORMAÇÕES:  Velocity  [debug] ResourceManager : found svg/brasil_uf_map.svg with loader org.apache.velocity.tools.view.WebappResourceLoader
Set 23, 2015 1:52:52 PM org.apache.catalina.core.ApplicationContext log
INFORMAÇÕES:  Velocity  [debug] ResourceManager : found /pbq/index.vm with loader org.apache.velocity.tools.view.WebappResourceLoader
Set 23, 2015 1:52:52 PM org.apache.catalina.core.ApplicationContext log
INFORMAÇÕES:  Velocity  [debug] ResourceManager : found pbq/eixo3/painel.vars.js with loader org.apache.velocity.tools.view.WebappResourceLoader
Set 23, 2015 1:52:52 PM org.apache.catalina.core.ApplicationContext log
INFORMAÇÕES:  Velocity  [debug] ResourceManager : found layout/dashboard.vm with loader org.apache.velocity.tools.view.WebappResourceLoader
Set 23, 2015 1:52:52 PM org.apache.catalina.core.ApplicationContext log
INFORMAÇÕES:  Velocity  [debug] ResourceManager : found pbq/navigator.vm with loader org.apache.velocity.tools.view.WebappResourceLoader
Set 23, 2015 1:52:52 PM org.apache.catalina.core.ApplicationContext log
INFORMAÇÕES:  Velocity  [debug] ResourceManager : found pbq/eixo3/containers.vm with loader org.apache.velocity.tools.view.WebappResourceLoader
Set 23, 2015 1:52:52 PM org.apache.catalina.core.ApplicationContext log
INFORMAÇÕES:  Velocity  [debug] ResourceManager : found svg/brasil_uf_map.svg with loader org.apache.velocity.tools.view.WebappResourceLoader
Set 23, 2015 1:52:57 PM org.apache.catalina.core.ApplicationContext log
INFORMAÇÕES:  Velocity  [debug] ResourceManager : found /pbq/index.vm with loader org.apache.velocity.tools.view.WebappResourceLoader
Set 23, 2015 1:52:57 PM org.apache.catalina.core.ApplicationContext log
INFORMAÇÕES:  Velocity  [debug] ResourceManager : found pbq/eixo4/painel.vars.js with loader org.apache.velocity.tools.view.WebappResourceLoader
Set 23, 2015 1:52:57 PM org.apache.catalina.core.ApplicationContext log
INFORMAÇÕES:  Velocity  [debug] ResourceManager : found layout/dashboard.vm with loader org.apache.velocity.tools.view.WebappResourceLoader
Set 23, 2015 1:52:57 PM org.apache.catalina.core.ApplicationContext log
INFORMAÇÕES:  Velocity  [debug] ResourceManager : found pbq/navigator.vm with loader org.apache.velocity.tools.view.WebappResourceLoader
Set 23, 2015 1:52:57 PM org.apache.catalina.core.ApplicationContext log
INFORMAÇÕES:  Velocity  [debug] ResourceManager : found pbq/eixo4/containers.vm with loader org.apache.velocity.tools.view.WebappResourceLoader
Set 23, 2015 1:52:57 PM org.apache.catalina.core.ApplicationContext log
INFORMAÇÕES:  Velocity  [debug] ResourceManager : found svg/brasil_uf_map.svg with loader org.apache.velocity.tools.view.WebappResourceLoader
Set 23, 2015 1:55:29 PM org.apache.catalina.core.ApplicationContext log
INFORMAÇÕES:  Velocity  [debug] ResourceManager : found /pbq/index.vm with loader org.apache.velocity.tools.view.WebappResourceLoader
Set 23, 2015 1:55:29 PM org.apache.catalina.core.ApplicationContext log
INFORMAÇÕES:  Velocity  [debug] ResourceManager : found pbq/eixo1/painel.vars.js with loader org.apache.velocity.tools.view.WebappResourceLoader
Set 23, 2015 1:55:29 PM org.apache.catalina.core.ApplicationContext log
INFORMAÇÕES:  Velocity  [debug] ResourceManager : found layout/dashboard.vm with loader org.apache.velocity.tools.view.WebappResourceLoader
Set 23, 2015 1:55:29 PM org.apache.catalina.core.ApplicationContext log
INFORMAÇÕES:  Velocity  [debug] ResourceManager : found pbq/navigator.vm with loader org.apache.velocity.tools.view.WebappResourceLoader
Set 23, 2015 1:55:29 PM org.apache.catalina.core.ApplicationContext log
INFORMAÇÕES:  Velocity  [debug] ResourceManager : found pbq/eixo1/containers.vm with loader org.apache.velocity.tools.view.WebappResourceLoader
Set 23, 2015 1:55:29 PM org.apache.catalina.core.ApplicationContext log
INFORMAÇÕES:  Velocity  [debug] ResourceManager : found svg/brasil_uf_map.svg with loader org.apache.velocity.tools.view.WebappResourceLoader
Set 23, 2015 1:55:29 PM org.apache.catalina.core.ApplicationContext log
INFORMAÇÕES:  Velocity  [debug] ResourceManager : found /pbq/comunidades.json.vm with loader org.apache.velocity.tools.view.WebappResourceLoader
Set 23, 2015 1:55:29 PM org.apache.catalina.core.ApplicationContext log
INFORMAÇÕES:  Velocity  [debug] ResourceManager : found layout/blank.vm with loader org.apache.velocity.tools.view.WebappResourceLoader
Set 23, 2015 1:55:35 PM org.apache.catalina.core.ApplicationContext log
INFORMAÇÕES:  Velocity  [debug] ResourceManager : found /pbq/index.vm with loader org.apache.velocity.tools.view.WebappResourceLoader
Set 23, 2015 1:55:35 PM org.apache.catalina.core.ApplicationContext log
INFORMAÇÕES:  Velocity  [debug] ResourceManager : found pbq/eixo4/painel.vars.js with loader org.apache.velocity.tools.view.WebappResourceLoader
Set 23, 2015 1:55:35 PM org.apache.catalina.core.ApplicationContext log
INFORMAÇÕES:  Velocity  [debug] ResourceManager : found layout/dashboard.vm with loader org.apache.velocity.tools.view.WebappResourceLoader
Set 23, 2015 1:55:35 PM org.apache.catalina.core.ApplicationContext log
INFORMAÇÕES:  Velocity  [debug] ResourceManager : found pbq/navigator.vm with loader org.apache.velocity.tools.view.WebappResourceLoader
Set 23, 2015 1:55:35 PM org.apache.catalina.core.ApplicationContext log
INFORMAÇÕES:  Velocity  [debug] ResourceManager : found pbq/eixo4/containers.vm with loader org.apache.velocity.tools.view.WebappResourceLoader
Set 23, 2015 1:55:35 PM org.apache.catalina.core.ApplicationContext log
INFORMAÇÕES:  Velocity  [debug] ResourceManager : found svg/brasil_uf_map.svg with loader org.apache.velocity.tools.view.WebappResourceLoader
