Set 18, 2015 8:04:32 AM org.apache.catalina.core.ApplicationContext log
INFORMAÇÕES:  Velocity  [debug] ResourceManager : found /pbq/index.vm with loader org.apache.velocity.tools.view.WebappResourceLoader
Set 18, 2015 8:04:34 AM org.apache.catalina.core.ApplicationContext log
INFORMAÇÕES:  Velocity  [debug] ResourceManager : found /pbq/index.vm with loader org.apache.velocity.tools.view.WebappResourceLoader
Set 18, 2015 8:04:33 AM org.apache.catalina.core.ApplicationContext log
INFORMAÇÕES:  Velocity  [debug] ResourceManager : found /pbq/index.vm with loader org.apache.velocity.tools.view.WebappResourceLoader
Set 18, 2015 8:04:35 AM org.apache.catalina.core.ApplicationContext log
INFORMAÇÕES:  Velocity  [debug] ResourceManager : found pbq/eixo1/painel.vars.js with loader org.apache.velocity.tools.view.WebappResourceLoader
Set 18, 2015 8:04:35 AM org.apache.catalina.core.ApplicationContext log
INFORMAÇÕES:  Velocity  [debug] ResourceManager : found pbq/eixo1/painel.vars.js with loader org.apache.velocity.tools.view.WebappResourceLoader
Set 18, 2015 8:04:35 AM org.apache.catalina.core.ApplicationContext log
INFORMAÇÕES:  Velocity  [debug] ResourceManager : found pbq/eixo1/painel.vars.js with loader org.apache.velocity.tools.view.WebappResourceLoader
Set 18, 2015 8:04:40 AM org.apache.catalina.core.ApplicationContext log
INFORMAÇÕES:  Velocity  [debug] ResourceManager : found layout/dashboard.vm with loader org.apache.velocity.tools.view.WebappResourceLoader
Set 18, 2015 8:04:40 AM org.apache.catalina.core.ApplicationContext log
INFORMAÇÕES:  Velocity  [debug] ResourceManager : found pbq/navigator.vm with loader org.apache.velocity.tools.view.WebappResourceLoader
Set 18, 2015 8:04:40 AM org.apache.catalina.core.ApplicationContext log
INFORMAÇÕES:  Velocity  [debug] ResourceManager : found pbq/eixo1/containers.vm with loader org.apache.velocity.tools.view.WebappResourceLoader
Set 18, 2015 8:04:40 AM org.apache.catalina.core.ApplicationContext log
INFORMAÇÕES:  Velocity  [debug] ResourceManager : found layout/dashboard.vm with loader org.apache.velocity.tools.view.WebappResourceLoader
Set 18, 2015 8:04:40 AM org.apache.catalina.core.ApplicationContext log
INFORMAÇÕES:  Velocity  [debug] ResourceManager : found svg/brasil_uf_map.svg with loader org.apache.velocity.tools.view.WebappResourceLoader
Set 18, 2015 8:04:40 AM org.apache.catalina.core.ApplicationContext log
INFORMAÇÕES:  Velocity  [debug] ResourceManager : found pbq/navigator.vm with loader org.apache.velocity.tools.view.WebappResourceLoader
Set 18, 2015 8:04:40 AM org.apache.catalina.core.ApplicationContext log
INFORMAÇÕES:  Velocity  [debug] ResourceManager : found pbq/eixo1/containers.vm with loader org.apache.velocity.tools.view.WebappResourceLoader
Set 18, 2015 8:04:40 AM org.apache.catalina.core.ApplicationContext log
INFORMAÇÕES:  Velocity  [debug] ResourceManager : found layout/dashboard.vm with loader org.apache.velocity.tools.view.WebappResourceLoader
Set 18, 2015 8:04:40 AM org.apache.catalina.core.ApplicationContext log
INFORMAÇÕES:  Velocity  [debug] ResourceManager : found pbq/navigator.vm with loader org.apache.velocity.tools.view.WebappResourceLoader
Set 18, 2015 8:04:40 AM org.apache.catalina.core.ApplicationContext log
INFORMAÇÕES:  Velocity  [debug] ResourceManager : found pbq/eixo1/containers.vm with loader org.apache.velocity.tools.view.WebappResourceLoader
Set 18, 2015 8:04:40 AM org.apache.catalina.core.ApplicationContext log
INFORMAÇÕES:  Velocity  [debug] ResourceManager : found svg/brasil_uf_map.svg with loader org.apache.velocity.tools.view.WebappResourceLoader
Set 18, 2015 8:04:40 AM org.apache.catalina.core.ApplicationContext log
INFORMAÇÕES:  Velocity  [debug] ResourceManager : found svg/brasil_uf_map.svg with loader org.apache.velocity.tools.view.WebappResourceLoader
Set 18, 2015 8:04:40 AM org.apache.catalina.core.ApplicationContext log
INFORMAÇÕES:  Velocity  [debug] ResourceManager : found /pbq/comunidades.json.vm with loader org.apache.velocity.tools.view.WebappResourceLoader
Set 18, 2015 8:04:43 AM org.apache.catalina.core.ApplicationContext log
INFORMAÇÕES:  Velocity  [debug] ResourceManager : found layout/blank.vm with loader org.apache.velocity.tools.view.WebappResourceLoader
Set 18, 2015 8:05:06 AM org.apache.catalina.core.ApplicationContext log
INFORMAÇÕES:  Velocity  [debug] ResourceManager : found /pbq/index.vm with loader org.apache.velocity.tools.view.WebappResourceLoader
Set 18, 2015 8:05:06 AM org.apache.catalina.core.ApplicationContext log
INFORMAÇÕES:  Velocity  [debug] ResourceManager : found pbq/eixo1/painel.vars.js with loader org.apache.velocity.tools.view.WebappResourceLoader
Set 18, 2015 8:05:06 AM org.apache.catalina.core.ApplicationContext log
INFORMAÇÕES:  Velocity  [debug] ResourceManager : found layout/dashboard.vm with loader org.apache.velocity.tools.view.WebappResourceLoader
Set 18, 2015 8:05:06 AM org.apache.catalina.core.ApplicationContext log
INFORMAÇÕES:  Velocity  [debug] ResourceManager : found pbq/navigator.vm with loader org.apache.velocity.tools.view.WebappResourceLoader
Set 18, 2015 8:05:06 AM org.apache.catalina.core.ApplicationContext log
INFORMAÇÕES:  Velocity  [debug] ResourceManager : found pbq/eixo1/containers.vm with loader org.apache.velocity.tools.view.WebappResourceLoader
Set 18, 2015 8:05:06 AM org.apache.catalina.core.ApplicationContext log
INFORMAÇÕES:  Velocity  [debug] ResourceManager : found svg/brasil_uf_map.svg with loader org.apache.velocity.tools.view.WebappResourceLoader
Set 18, 2015 8:05:07 AM org.apache.catalina.core.ApplicationContext log
INFORMAÇÕES:  Velocity  [debug] ResourceManager : found /pbq/comunidades.json.vm with loader org.apache.velocity.tools.view.WebappResourceLoader
Set 18, 2015 8:05:07 AM org.apache.catalina.core.ApplicationContext log
INFORMAÇÕES:  Velocity  [debug] ResourceManager : found layout/blank.vm with loader org.apache.velocity.tools.view.WebappResourceLoader
Set 18, 2015 8:05:10 AM org.apache.catalina.core.ApplicationContext log
INFORMAÇÕES:  Velocity  [debug] ResourceManager : found /pjv/index.vm with loader org.apache.velocity.tools.view.WebappResourceLoader
Set 18, 2015 8:05:10 AM org.apache.catalina.core.ApplicationContext log
INFORMAÇÕES:  Velocity  [debug] ResourceManager : found pjv/vulnerabilidades/painel.vars.js with loader org.apache.velocity.tools.view.WebappResourceLoader
Set 18, 2015 8:05:10 AM org.apache.catalina.core.ApplicationContext log
INFORMAÇÕES:  Velocity  [debug] ResourceManager : found layout/dashboard.vm with loader org.apache.velocity.tools.view.WebappResourceLoader
Set 18, 2015 8:05:10 AM org.apache.catalina.core.ApplicationContext log
INFORMAÇÕES:  Velocity  [debug] ResourceManager : found pjv/navigator.vm with loader org.apache.velocity.tools.view.WebappResourceLoader
Set 18, 2015 8:05:10 AM org.apache.catalina.core.ApplicationContext log
INFORMAÇÕES:  Velocity  [debug] ResourceManager : found pjv/vulnerabilidades/containers.vm with loader org.apache.velocity.tools.view.WebappResourceLoader
Set 18, 2015 8:05:10 AM org.apache.catalina.core.ApplicationContext log
INFORMAÇÕES:  Velocity  [debug] ResourceManager : found svg/brasil_uf_map.svg with loader org.apache.velocity.tools.view.WebappResourceLoader
Set 18, 2015 8:05:10 AM org.apache.catalina.core.ApplicationContext log
INFORMAÇÕES:  Velocity  [debug] ResourceManager : found /pjv/taxa_municipios.json.vm with loader org.apache.velocity.tools.view.WebappResourceLoader
Set 18, 2015 8:05:22 AM org.apache.catalina.core.ApplicationContext log
INFORMAÇÕES:  Velocity  [debug] ResourceManager : found layout/blank.vm with loader org.apache.velocity.tools.view.WebappResourceLoader
Set 18, 2015 8:05:47 AM org.apache.catalina.core.ApplicationContext log
INFORMAÇÕES:  Velocity  [debug] ResourceManager : found /pbq/index.vm with loader org.apache.velocity.tools.view.WebappResourceLoader
Set 18, 2015 8:05:48 AM org.apache.catalina.core.ApplicationContext log
INFORMAÇÕES:  Velocity  [debug] ResourceManager : found pbq/eixo2/painel.vars.js with loader org.apache.velocity.tools.view.WebappResourceLoader
Set 18, 2015 8:05:48 AM org.apache.catalina.core.ApplicationContext log
INFORMAÇÕES:  Velocity  [debug] ResourceManager : found layout/dashboard.vm with loader org.apache.velocity.tools.view.WebappResourceLoader
Set 18, 2015 8:05:48 AM org.apache.catalina.core.ApplicationContext log
INFORMAÇÕES:  Velocity  [debug] ResourceManager : found pbq/navigator.vm with loader org.apache.velocity.tools.view.WebappResourceLoader
Set 18, 2015 8:05:48 AM org.apache.catalina.core.ApplicationContext log
INFORMAÇÕES:  Velocity  [debug] ResourceManager : found pbq/eixo2/containers.vm with loader org.apache.velocity.tools.view.WebappResourceLoader
Set 18, 2015 8:05:48 AM org.apache.catalina.core.ApplicationContext log
INFORMAÇÕES:  Velocity  [debug] ResourceManager : found svg/brasil_uf_map.svg with loader org.apache.velocity.tools.view.WebappResourceLoader
Set 18, 2015 8:05:54 AM org.apache.catalina.core.ApplicationContext log
INFORMAÇÕES:  Velocity  [debug] ResourceManager : found /pbq/index.vm with loader org.apache.velocity.tools.view.WebappResourceLoader
Set 18, 2015 8:05:54 AM org.apache.catalina.core.ApplicationContext log
INFORMAÇÕES:  Velocity  [debug] ResourceManager : found pbq/eixo3/painel.vars.js with loader org.apache.velocity.tools.view.WebappResourceLoader
Set 18, 2015 8:05:54 AM org.apache.catalina.core.ApplicationContext log
INFORMAÇÕES:  Velocity  [debug] ResourceManager : found layout/dashboard.vm with loader org.apache.velocity.tools.view.WebappResourceLoader
Set 18, 2015 8:05:54 AM org.apache.catalina.core.ApplicationContext log
INFORMAÇÕES:  Velocity  [debug] ResourceManager : found pbq/navigator.vm with loader org.apache.velocity.tools.view.WebappResourceLoader
Set 18, 2015 8:05:54 AM org.apache.catalina.core.ApplicationContext log
INFORMAÇÕES:  Velocity  [debug] ResourceManager : found pbq/eixo3/containers.vm with loader org.apache.velocity.tools.view.WebappResourceLoader
Set 18, 2015 8:05:54 AM org.apache.catalina.core.ApplicationContext log
INFORMAÇÕES:  Velocity  [debug] ResourceManager : found svg/brasil_uf_map.svg with loader org.apache.velocity.tools.view.WebappResourceLoader
Set 18, 2015 3:38:44 PM org.apache.catalina.core.ApplicationContext log
INFORMAÇÕES:  Velocity  [debug] ResourceManager : found /pbq/index.vm with loader org.apache.velocity.tools.view.WebappResourceLoader
Set 18, 2015 3:38:44 PM org.apache.catalina.core.ApplicationContext log
INFORMAÇÕES:  Velocity  [debug] ResourceManager : found pbq/eixo1/painel.vars.js with loader org.apache.velocity.tools.view.WebappResourceLoader
Set 18, 2015 3:38:44 PM org.apache.catalina.core.ApplicationContext log
INFORMAÇÕES:  Velocity  [debug] ResourceManager : found layout/dashboard.vm with loader org.apache.velocity.tools.view.WebappResourceLoader
Set 18, 2015 3:38:44 PM org.apache.catalina.core.ApplicationContext log
INFORMAÇÕES:  Velocity  [debug] ResourceManager : found pbq/navigator.vm with loader org.apache.velocity.tools.view.WebappResourceLoader
Set 18, 2015 3:38:44 PM org.apache.catalina.core.ApplicationContext log
INFORMAÇÕES:  Velocity  [debug] ResourceManager : found pbq/eixo1/containers.vm with loader org.apache.velocity.tools.view.WebappResourceLoader
Set 18, 2015 3:38:44 PM org.apache.catalina.core.ApplicationContext log
INFORMAÇÕES:  Velocity  [debug] ResourceManager : found svg/brasil_uf_map.svg with loader org.apache.velocity.tools.view.WebappResourceLoader
Set 18, 2015 3:38:45 PM org.apache.catalina.core.ApplicationContext log
INFORMAÇÕES:  Velocity  [debug] ResourceManager : found /pbq/comunidades.json.vm with loader org.apache.velocity.tools.view.WebappResourceLoader
Set 18, 2015 3:38:47 PM org.apache.catalina.core.ApplicationContext log
INFORMAÇÕES:  Velocity  [debug] ResourceManager : found layout/blank.vm with loader org.apache.velocity.tools.view.WebappResourceLoader
Set 18, 2015 5:14:59 PM org.apache.catalina.core.ApplicationContext log
INFORMAÇÕES:  Velocity  [debug] ResourceManager : found /pbq/index.vm with loader org.apache.velocity.tools.view.WebappResourceLoader
Set 18, 2015 5:15:00 PM org.apache.catalina.core.ApplicationContext log
INFORMAÇÕES:  Velocity  [debug] ResourceManager : found pbq/eixo1/painel.vars.js with loader org.apache.velocity.tools.view.WebappResourceLoader
Set 18, 2015 5:15:00 PM org.apache.catalina.core.ApplicationContext log
INFORMAÇÕES:  Velocity  [debug] ResourceManager : found layout/dashboard.vm with loader org.apache.velocity.tools.view.WebappResourceLoader
Set 18, 2015 5:15:00 PM org.apache.catalina.core.ApplicationContext log
INFORMAÇÕES:  Velocity  [debug] ResourceManager : found pbq/navigator.vm with loader org.apache.velocity.tools.view.WebappResourceLoader
Set 18, 2015 5:15:00 PM org.apache.catalina.core.ApplicationContext log
INFORMAÇÕES:  Velocity  [debug] ResourceManager : found pbq/eixo1/containers.vm with loader org.apache.velocity.tools.view.WebappResourceLoader
Set 18, 2015 5:15:00 PM org.apache.catalina.core.ApplicationContext log
INFORMAÇÕES:  Velocity  [debug] ResourceManager : found svg/brasil_uf_map.svg with loader org.apache.velocity.tools.view.WebappResourceLoader
Set 18, 2015 5:15:01 PM org.apache.catalina.core.ApplicationContext log
INFORMAÇÕES:  Velocity  [debug] ResourceManager : found /pbq/comunidades.json.vm with loader org.apache.velocity.tools.view.WebappResourceLoader
Set 18, 2015 5:15:01 PM org.apache.catalina.core.ApplicationContext log
INFORMAÇÕES:  Velocity  [debug] ResourceManager : found layout/blank.vm with loader org.apache.velocity.tools.view.WebappResourceLoader
