Jun 03, 2015 10:59:01 AM org.apache.catalina.core.ApplicationContext log
INFORMAÇÕES: Initializing Spring root WebApplicationContext
Jun 03, 2015 10:59:09 AM org.apache.catalina.core.StandardContext listenerStart
GRAVE: Error configuring application listener of class org.apache.shiro.web.env.EnvironmentLoaderListener
java.lang.NoClassDefFoundError: org/slf4j/LoggerFactory
	at org.apache.shiro.web.env.EnvironmentLoader.<clinit>(EnvironmentLoader.java:108)
	at sun.reflect.NativeConstructorAccessorImpl.newInstance0(Native Method)
	at sun.reflect.NativeConstructorAccessorImpl.newInstance(NativeConstructorAccessorImpl.java:57)
	at sun.reflect.DelegatingConstructorAccessorImpl.newInstance(DelegatingConstructorAccessorImpl.java:45)
	at java.lang.reflect.Constructor.newInstance(Constructor.java:526)
	at java.lang.Class.newInstance(Class.java:379)
	at org.apache.catalina.core.DefaultInstanceManager.newInstance(DefaultInstanceManager.java:134)
	at org.apache.catalina.core.StandardContext.listenerStart(StandardContext.java:4727)
	at org.apache.catalina.core.StandardContext.startInternal(StandardContext.java:5285)
	at org.apache.catalina.util.LifecycleBase.start(LifecycleBase.java:150)
	at org.apache.catalina.core.ContainerBase.addChildInternal(ContainerBase.java:901)
	at org.apache.catalina.core.ContainerBase.addChild(ContainerBase.java:877)
	at org.apache.catalina.core.StandardHost.addChild(StandardHost.java:618)
	at org.apache.catalina.startup.HostConfig.deployDirectory(HostConfig.java:1100)
	at org.apache.catalina.startup.HostConfig$DeployDirectory.run(HostConfig.java:1618)
	at java.util.concurrent.Executors$RunnableAdapter.call(Executors.java:471)
	at java.util.concurrent.FutureTask.run(FutureTask.java:262)
	at java.util.concurrent.ThreadPoolExecutor.runWorker(ThreadPoolExecutor.java:1145)
	at java.util.concurrent.ThreadPoolExecutor$Worker.run(ThreadPoolExecutor.java:615)
	at java.lang.Thread.run(Thread.java:745)
Caused by: java.lang.ClassNotFoundException: org.slf4j.LoggerFactory
	at org.apache.catalina.loader.WebappClassLoader.loadClass(WebappClassLoader.java:1711)
	at org.apache.catalina.loader.WebappClassLoader.loadClass(WebappClassLoader.java:1556)
	... 20 more

Jun 03, 2015 10:59:09 AM org.apache.catalina.core.StandardContext listenerStart
GRAVE: Skipped installing application listeners due to previous error(s)
