Nov 26, 2014 7:43:54 AM org.apache.catalina.core.ApplicationContext log
INFORMAÇÕES:  Velocity  [debug] ResourceManager : found /pbq/index.vm with loader org.apache.velocity.tools.view.WebappResourceLoader
Nov 26, 2014 7:43:54 AM org.apache.catalina.core.ApplicationContext log
INFORMAÇÕES:  Velocity  [debug] ResourceManager : found pbq/eixo1/painel.vars.js with loader org.apache.velocity.tools.view.WebappResourceLoader
Nov 26, 2014 7:43:54 AM org.apache.catalina.core.ApplicationContext log
INFORMAÇÕES:  Velocity  [debug] ResourceManager : found layout/dashboard.vm with loader org.apache.velocity.tools.view.WebappResourceLoader
Nov 26, 2014 7:43:54 AM org.apache.catalina.core.ApplicationContext log
INFORMAÇÕES:  Velocity  [debug] ResourceManager : found pbq/navigator.vm with loader org.apache.velocity.tools.view.WebappResourceLoader
Nov 26, 2014 7:43:54 AM org.apache.catalina.core.ApplicationContext log
INFORMAÇÕES:  Velocity  [debug] ResourceManager : found pbq/eixo1/containers.vm with loader org.apache.velocity.tools.view.WebappResourceLoader
Nov 26, 2014 7:43:54 AM org.apache.catalina.core.ApplicationContext log
INFORMAÇÕES:  Velocity  [debug] ResourceManager : found svg/brasil_uf_map.svg with loader org.apache.velocity.tools.view.WebappResourceLoader
Nov 26, 2014 7:43:55 AM org.apache.catalina.core.ApplicationContext log
INFORMAÇÕES:  Velocity  [debug] ResourceManager : found /pbq/comunidades.json.vm with loader org.apache.velocity.tools.view.WebappResourceLoader
Nov 26, 2014 7:43:55 AM org.apache.catalina.core.ApplicationContext log
INFORMAÇÕES:  Velocity  [debug] ResourceManager : found layout/blank.vm with loader org.apache.velocity.tools.view.WebappResourceLoader
Nov 26, 2014 7:46:55 AM org.apache.catalina.core.ApplicationContext log
INFORMAÇÕES:  Velocity  [debug] ResourceManager : found /pbq/index.vm with loader org.apache.velocity.tools.view.WebappResourceLoader
Nov 26, 2014 7:46:56 AM org.apache.catalina.core.ApplicationContext log
INFORMAÇÕES:  Velocity  [debug] ResourceManager : found pbq/eixo2/painel.vars.js with loader org.apache.velocity.tools.view.WebappResourceLoader
Nov 26, 2014 7:46:56 AM org.apache.catalina.core.ApplicationContext log
INFORMAÇÕES:  Velocity  [debug] ResourceManager : found layout/dashboard.vm with loader org.apache.velocity.tools.view.WebappResourceLoader
Nov 26, 2014 7:46:56 AM org.apache.catalina.core.ApplicationContext log
INFORMAÇÕES:  Velocity  [debug] ResourceManager : found pbq/navigator.vm with loader org.apache.velocity.tools.view.WebappResourceLoader
Nov 26, 2014 7:46:56 AM org.apache.catalina.core.ApplicationContext log
INFORMAÇÕES:  Velocity  [debug] ResourceManager : found pbq/eixo2/containers.vm with loader org.apache.velocity.tools.view.WebappResourceLoader
Nov 26, 2014 7:46:56 AM org.apache.catalina.core.ApplicationContext log
INFORMAÇÕES:  Velocity  [debug] ResourceManager : found svg/brasil_uf_map.svg with loader org.apache.velocity.tools.view.WebappResourceLoader
Nov 26, 2014 7:47:01 AM org.apache.catalina.core.ApplicationContext log
INFORMAÇÕES:  Velocity  [debug] ResourceManager : found /pbq/index.vm with loader org.apache.velocity.tools.view.WebappResourceLoader
Nov 26, 2014 7:47:01 AM org.apache.catalina.core.ApplicationContext log
INFORMAÇÕES:  Velocity  [debug] ResourceManager : found pbq/eixo3/painel.vars.js with loader org.apache.velocity.tools.view.WebappResourceLoader
Nov 26, 2014 7:47:01 AM org.apache.catalina.core.ApplicationContext log
INFORMAÇÕES:  Velocity  [debug] ResourceManager : found layout/dashboard.vm with loader org.apache.velocity.tools.view.WebappResourceLoader
Nov 26, 2014 7:47:01 AM org.apache.catalina.core.ApplicationContext log
INFORMAÇÕES:  Velocity  [debug] ResourceManager : found pbq/navigator.vm with loader org.apache.velocity.tools.view.WebappResourceLoader
Nov 26, 2014 7:47:01 AM org.apache.catalina.core.ApplicationContext log
INFORMAÇÕES:  Velocity  [debug] ResourceManager : found pbq/eixo3/containers.vm with loader org.apache.velocity.tools.view.WebappResourceLoader
Nov 26, 2014 7:47:01 AM org.apache.catalina.core.ApplicationContext log
INFORMAÇÕES:  Velocity  [debug] ResourceManager : found svg/brasil_uf_map.svg with loader org.apache.velocity.tools.view.WebappResourceLoader
Nov 26, 2014 7:47:05 AM org.apache.catalina.core.ApplicationContext log
INFORMAÇÕES:  Velocity  [debug] ResourceManager : found /pbq/index.vm with loader org.apache.velocity.tools.view.WebappResourceLoader
Nov 26, 2014 7:47:05 AM org.apache.catalina.core.ApplicationContext log
INFORMAÇÕES:  Velocity  [debug] ResourceManager : found pbq/eixo4/painel.vars.js with loader org.apache.velocity.tools.view.WebappResourceLoader
Nov 26, 2014 7:47:05 AM org.apache.catalina.core.ApplicationContext log
INFORMAÇÕES:  Velocity  [debug] ResourceManager : found layout/dashboard.vm with loader org.apache.velocity.tools.view.WebappResourceLoader
Nov 26, 2014 7:47:05 AM org.apache.catalina.core.ApplicationContext log
INFORMAÇÕES:  Velocity  [debug] ResourceManager : found pbq/navigator.vm with loader org.apache.velocity.tools.view.WebappResourceLoader
Nov 26, 2014 7:47:05 AM org.apache.catalina.core.ApplicationContext log
INFORMAÇÕES:  Velocity  [debug] ResourceManager : found pbq/eixo4/containers.vm with loader org.apache.velocity.tools.view.WebappResourceLoader
Nov 26, 2014 7:47:05 AM org.apache.catalina.core.ApplicationContext log
INFORMAÇÕES:  Velocity  [debug] ResourceManager : found svg/brasil_uf_map.svg with loader org.apache.velocity.tools.view.WebappResourceLoader
Nov 26, 2014 7:47:12 AM org.apache.catalina.core.ApplicationContext log
INFORMAÇÕES:  Velocity  [debug] ResourceManager : found /pjv/index.vm with loader org.apache.velocity.tools.view.WebappResourceLoader
Nov 26, 2014 7:47:12 AM org.apache.catalina.core.ApplicationContext log
INFORMAÇÕES:  Velocity  [debug] ResourceManager : found pjv/vulnerabilidades/painel.vars.js with loader org.apache.velocity.tools.view.WebappResourceLoader
Nov 26, 2014 7:47:12 AM org.apache.catalina.core.ApplicationContext log
INFORMAÇÕES:  Velocity  [debug] ResourceManager : found layout/dashboard.vm with loader org.apache.velocity.tools.view.WebappResourceLoader
Nov 26, 2014 7:47:12 AM org.apache.catalina.core.ApplicationContext log
INFORMAÇÕES:  Velocity  [debug] ResourceManager : found pjv/navigator.vm with loader org.apache.velocity.tools.view.WebappResourceLoader
Nov 26, 2014 7:47:12 AM org.apache.catalina.core.ApplicationContext log
INFORMAÇÕES:  Velocity  [debug] ResourceManager : found pjv/vulnerabilidades/containers.vm with loader org.apache.velocity.tools.view.WebappResourceLoader
Nov 26, 2014 7:47:12 AM org.apache.catalina.core.ApplicationContext log
INFORMAÇÕES:  Velocity  [debug] ResourceManager : found svg/brasil_uf_map.svg with loader org.apache.velocity.tools.view.WebappResourceLoader
Nov 26, 2014 7:47:12 AM org.apache.catalina.core.ApplicationContext log
INFORMAÇÕES:  Velocity  [debug] ResourceManager : found /pjv/taxa_municipios.json.vm with loader org.apache.velocity.tools.view.WebappResourceLoader
Nov 26, 2014 7:47:18 AM org.apache.catalina.core.ApplicationContext log
INFORMAÇÕES:  Velocity  [debug] ResourceManager : found layout/blank.vm with loader org.apache.velocity.tools.view.WebappResourceLoader
Nov 26, 2014 8:14:20 AM org.apache.catalina.core.ApplicationContext log
INFORMAÇÕES:  Velocity  [debug] ResourceManager : found /pbq/index.vm with loader org.apache.velocity.tools.view.WebappResourceLoader
Nov 26, 2014 8:14:20 AM org.apache.catalina.core.ApplicationContext log
INFORMAÇÕES:  Velocity  [debug] ResourceManager : found pbq/eixo1/painel.vars.js with loader org.apache.velocity.tools.view.WebappResourceLoader
Nov 26, 2014 8:14:20 AM org.apache.catalina.core.ApplicationContext log
INFORMAÇÕES:  Velocity  [debug] ResourceManager : found layout/dashboard.vm with loader org.apache.velocity.tools.view.WebappResourceLoader
Nov 26, 2014 8:14:20 AM org.apache.catalina.core.ApplicationContext log
INFORMAÇÕES:  Velocity  [debug] ResourceManager : found pbq/navigator.vm with loader org.apache.velocity.tools.view.WebappResourceLoader
Nov 26, 2014 8:14:20 AM org.apache.catalina.core.ApplicationContext log
INFORMAÇÕES:  Velocity  [debug] ResourceManager : found pbq/eixo1/containers.vm with loader org.apache.velocity.tools.view.WebappResourceLoader
Nov 26, 2014 8:14:20 AM org.apache.catalina.core.ApplicationContext log
INFORMAÇÕES:  Velocity  [debug] ResourceManager : found svg/brasil_uf_map.svg with loader org.apache.velocity.tools.view.WebappResourceLoader
Nov 26, 2014 8:14:21 AM org.apache.catalina.core.ApplicationContext log
INFORMAÇÕES:  Velocity  [debug] ResourceManager : found /pbq/comunidades.json.vm with loader org.apache.velocity.tools.view.WebappResourceLoader
Nov 26, 2014 8:14:22 AM org.apache.catalina.core.ApplicationContext log
INFORMAÇÕES:  Velocity  [debug] ResourceManager : found layout/blank.vm with loader org.apache.velocity.tools.view.WebappResourceLoader
Nov 26, 2014 8:14:41 AM org.apache.catalina.core.ApplicationContext log
INFORMAÇÕES:  Velocity  [debug] ResourceManager : found /pjv/index.vm with loader org.apache.velocity.tools.view.WebappResourceLoader
Nov 26, 2014 8:14:41 AM org.apache.catalina.core.ApplicationContext log
INFORMAÇÕES:  Velocity  [debug] ResourceManager : found pjv/vulnerabilidades/painel.vars.js with loader org.apache.velocity.tools.view.WebappResourceLoader
Nov 26, 2014 8:14:41 AM org.apache.catalina.core.ApplicationContext log
INFORMAÇÕES:  Velocity  [debug] ResourceManager : found layout/dashboard.vm with loader org.apache.velocity.tools.view.WebappResourceLoader
Nov 26, 2014 8:14:41 AM org.apache.catalina.core.ApplicationContext log
INFORMAÇÕES:  Velocity  [debug] ResourceManager : found pjv/navigator.vm with loader org.apache.velocity.tools.view.WebappResourceLoader
Nov 26, 2014 8:14:41 AM org.apache.catalina.core.ApplicationContext log
INFORMAÇÕES:  Velocity  [debug] ResourceManager : found pjv/vulnerabilidades/containers.vm with loader org.apache.velocity.tools.view.WebappResourceLoader
Nov 26, 2014 8:14:41 AM org.apache.catalina.core.ApplicationContext log
INFORMAÇÕES:  Velocity  [debug] ResourceManager : found svg/brasil_uf_map.svg with loader org.apache.velocity.tools.view.WebappResourceLoader
Nov 26, 2014 8:14:42 AM org.apache.catalina.core.ApplicationContext log
INFORMAÇÕES:  Velocity  [debug] ResourceManager : found /pjv/taxa_municipios.json.vm with loader org.apache.velocity.tools.view.WebappResourceLoader
Nov 26, 2014 8:14:47 AM org.apache.catalina.core.ApplicationContext log
INFORMAÇÕES:  Velocity  [debug] ResourceManager : found layout/blank.vm with loader org.apache.velocity.tools.view.WebappResourceLoader
Nov 26, 2014 8:32:47 AM org.apache.catalina.core.ApplicationContext log
INFORMAÇÕES:  Velocity  [debug] ResourceManager : found /pbq/index.vm with loader org.apache.velocity.tools.view.WebappResourceLoader
Nov 26, 2014 8:32:47 AM org.apache.catalina.core.ApplicationContext log
INFORMAÇÕES:  Velocity  [debug] ResourceManager : found pbq/eixo1/painel.vars.js with loader org.apache.velocity.tools.view.WebappResourceLoader
Nov 26, 2014 8:32:47 AM org.apache.catalina.core.ApplicationContext log
INFORMAÇÕES:  Velocity  [debug] ResourceManager : found layout/dashboard.vm with loader org.apache.velocity.tools.view.WebappResourceLoader
Nov 26, 2014 8:32:47 AM org.apache.catalina.core.ApplicationContext log
INFORMAÇÕES:  Velocity  [debug] ResourceManager : found pbq/navigator.vm with loader org.apache.velocity.tools.view.WebappResourceLoader
Nov 26, 2014 8:32:47 AM org.apache.catalina.core.ApplicationContext log
INFORMAÇÕES:  Velocity  [debug] ResourceManager : found pbq/eixo1/containers.vm with loader org.apache.velocity.tools.view.WebappResourceLoader
Nov 26, 2014 8:32:47 AM org.apache.catalina.core.ApplicationContext log
INFORMAÇÕES:  Velocity  [debug] ResourceManager : found svg/brasil_uf_map.svg with loader org.apache.velocity.tools.view.WebappResourceLoader
Nov 26, 2014 8:32:47 AM org.apache.catalina.core.ApplicationContext log
INFORMAÇÕES:  Velocity  [debug] ResourceManager : found /pbq/comunidades.json.vm with loader org.apache.velocity.tools.view.WebappResourceLoader
Nov 26, 2014 8:32:48 AM org.apache.catalina.core.ApplicationContext log
INFORMAÇÕES:  Velocity  [debug] ResourceManager : found layout/blank.vm with loader org.apache.velocity.tools.view.WebappResourceLoader
Nov 26, 2014 9:09:36 AM org.apache.catalina.core.ApplicationContext log
INFORMAÇÕES:  Velocity  [debug] ResourceManager : found /pbq/index.vm with loader org.apache.velocity.tools.view.WebappResourceLoader
Nov 26, 2014 9:09:36 AM org.apache.catalina.core.ApplicationContext log
INFORMAÇÕES:  Velocity  [debug] ResourceManager : found pbq/eixo2/painel.vars.js with loader org.apache.velocity.tools.view.WebappResourceLoader
Nov 26, 2014 9:09:36 AM org.apache.catalina.core.ApplicationContext log
INFORMAÇÕES:  Velocity  [debug] ResourceManager : found layout/dashboard.vm with loader org.apache.velocity.tools.view.WebappResourceLoader
Nov 26, 2014 9:09:36 AM org.apache.catalina.core.ApplicationContext log
INFORMAÇÕES:  Velocity  [debug] ResourceManager : found pbq/navigator.vm with loader org.apache.velocity.tools.view.WebappResourceLoader
Nov 26, 2014 9:09:36 AM org.apache.catalina.core.ApplicationContext log
INFORMAÇÕES:  Velocity  [debug] ResourceManager : found pbq/eixo2/containers.vm with loader org.apache.velocity.tools.view.WebappResourceLoader
Nov 26, 2014 9:09:36 AM org.apache.catalina.core.ApplicationContext log
INFORMAÇÕES:  Velocity  [debug] ResourceManager : found svg/brasil_uf_map.svg with loader org.apache.velocity.tools.view.WebappResourceLoader
Nov 26, 2014 9:16:53 AM org.apache.catalina.core.ApplicationContext log
INFORMAÇÕES: Closing Spring root WebApplicationContext
Nov 26, 2014 9:17:05 AM org.apache.catalina.core.ApplicationContext log
INFORMAÇÕES: Initializing Spring root WebApplicationContext
Nov 26, 2014 9:22:49 AM org.apache.catalina.core.ApplicationContext log
INFORMAÇÕES:  Velocity  [debug] ResourceManager : found /pbq/index.vm with loader org.apache.velocity.tools.view.WebappResourceLoader
Nov 26, 2014 9:22:49 AM org.apache.catalina.core.ApplicationContext log
INFORMAÇÕES:  Velocity  [debug] ResourceManager : found pbq/eixo1/painel.vars.js with loader org.apache.velocity.tools.view.WebappResourceLoader
Nov 26, 2014 9:22:49 AM org.apache.catalina.core.ApplicationContext log
INFORMAÇÕES:  Velocity  [debug] ResourceManager : found layout/dashboard.vm with loader org.apache.velocity.tools.view.WebappResourceLoader
Nov 26, 2014 9:22:49 AM org.apache.catalina.core.ApplicationContext log
INFORMAÇÕES:  Velocity  [debug] ResourceManager : found pbq/navigator.vm with loader org.apache.velocity.tools.view.WebappResourceLoader
Nov 26, 2014 9:22:49 AM org.apache.catalina.core.ApplicationContext log
INFORMAÇÕES:  Velocity  [debug] ResourceManager : found pbq/eixo1/containers.vm with loader org.apache.velocity.tools.view.WebappResourceLoader
Nov 26, 2014 9:22:49 AM org.apache.catalina.core.ApplicationContext log
INFORMAÇÕES:  Velocity  [debug] ResourceManager : found svg/brasil_uf_map.svg with loader org.apache.velocity.tools.view.WebappResourceLoader
Nov 26, 2014 9:22:49 AM org.apache.catalina.core.ApplicationContext log
INFORMAÇÕES:  Velocity  [debug] ResourceManager : found /pbq/comunidades.json.vm with loader org.apache.velocity.tools.view.WebappResourceLoader
Nov 26, 2014 9:22:51 AM org.apache.catalina.core.ApplicationContext log
INFORMAÇÕES:  Velocity  [debug] ResourceManager : found layout/blank.vm with loader org.apache.velocity.tools.view.WebappResourceLoader
Nov 26, 2014 9:23:01 AM org.apache.catalina.core.ApplicationContext log
INFORMAÇÕES: Initializing Spring root WebApplicationContext
Nov 26, 2014 9:23:09 AM org.apache.catalina.core.StandardContext listenerStart
GRAVE: Error configuring application listener of class org.apache.shiro.web.env.EnvironmentLoaderListener
java.lang.NoClassDefFoundError: org/slf4j/LoggerFactory
	at org.apache.shiro.web.env.EnvironmentLoader.<clinit>(EnvironmentLoader.java:108)
	at sun.reflect.NativeConstructorAccessorImpl.newInstance0(Native Method)
	at sun.reflect.NativeConstructorAccessorImpl.newInstance(NativeConstructorAccessorImpl.java:57)
	at sun.reflect.DelegatingConstructorAccessorImpl.newInstance(DelegatingConstructorAccessorImpl.java:45)
	at java.lang.reflect.Constructor.newInstance(Constructor.java:526)
	at java.lang.Class.newInstance(Class.java:379)
	at org.apache.catalina.core.DefaultInstanceManager.newInstance(DefaultInstanceManager.java:134)
	at org.apache.catalina.core.StandardContext.listenerStart(StandardContext.java:4727)
	at org.apache.catalina.core.StandardContext.startInternal(StandardContext.java:5285)
	at org.apache.catalina.util.LifecycleBase.start(LifecycleBase.java:150)
	at org.apache.catalina.core.ContainerBase.addChildInternal(ContainerBase.java:901)
	at org.apache.catalina.core.ContainerBase.addChild(ContainerBase.java:877)
	at org.apache.catalina.core.StandardHost.addChild(StandardHost.java:618)
	at org.apache.catalina.startup.HostConfig.deployDirectory(HostConfig.java:1100)
	at org.apache.catalina.startup.HostConfig$DeployDirectory.run(HostConfig.java:1618)
	at java.util.concurrent.Executors$RunnableAdapter.call(Executors.java:471)
	at java.util.concurrent.FutureTask.run(FutureTask.java:262)
	at java.util.concurrent.ThreadPoolExecutor.runWorker(ThreadPoolExecutor.java:1145)
	at java.util.concurrent.ThreadPoolExecutor$Worker.run(ThreadPoolExecutor.java:615)
	at java.lang.Thread.run(Thread.java:745)
Caused by: java.lang.ClassNotFoundException: org.slf4j.LoggerFactory
	at org.apache.catalina.loader.WebappClassLoader.loadClass(WebappClassLoader.java:1711)
	at org.apache.catalina.loader.WebappClassLoader.loadClass(WebappClassLoader.java:1556)
	... 20 more

Nov 26, 2014 9:23:09 AM org.apache.catalina.core.StandardContext listenerStart
GRAVE: Skipped installing application listeners due to previous error(s)
Nov 26, 2014 9:23:11 AM org.apache.catalina.core.ApplicationContext log
INFORMAÇÕES: Closing Spring root WebApplicationContext
Nov 26, 2014 9:25:24 AM org.apache.catalina.core.ApplicationContext log
INFORMAÇÕES: Initializing Spring root WebApplicationContext
Nov 26, 2014 9:25:32 AM org.apache.catalina.core.StandardContext listenerStart
GRAVE: Error configuring application listener of class org.apache.shiro.web.env.EnvironmentLoaderListener
java.lang.NoClassDefFoundError: org/slf4j/LoggerFactory
	at org.apache.shiro.web.env.EnvironmentLoader.<clinit>(EnvironmentLoader.java:108)
	at sun.reflect.NativeConstructorAccessorImpl.newInstance0(Native Method)
	at sun.reflect.NativeConstructorAccessorImpl.newInstance(NativeConstructorAccessorImpl.java:57)
	at sun.reflect.DelegatingConstructorAccessorImpl.newInstance(DelegatingConstructorAccessorImpl.java:45)
	at java.lang.reflect.Constructor.newInstance(Constructor.java:526)
	at java.lang.Class.newInstance(Class.java:379)
	at org.apache.catalina.core.DefaultInstanceManager.newInstance(DefaultInstanceManager.java:134)
	at org.apache.catalina.core.StandardContext.listenerStart(StandardContext.java:4727)
	at org.apache.catalina.core.StandardContext.startInternal(StandardContext.java:5285)
	at org.apache.catalina.util.LifecycleBase.start(LifecycleBase.java:150)
	at org.apache.catalina.core.ContainerBase.addChildInternal(ContainerBase.java:901)
	at org.apache.catalina.core.ContainerBase.addChild(ContainerBase.java:877)
	at org.apache.catalina.core.StandardHost.addChild(StandardHost.java:618)
	at org.apache.catalina.startup.HostConfig.deployDirectory(HostConfig.java:1100)
	at org.apache.catalina.startup.HostConfig$DeployDirectory.run(HostConfig.java:1618)
	at java.util.concurrent.Executors$RunnableAdapter.call(Executors.java:471)
	at java.util.concurrent.FutureTask.run(FutureTask.java:262)
	at java.util.concurrent.ThreadPoolExecutor.runWorker(ThreadPoolExecutor.java:1145)
	at java.util.concurrent.ThreadPoolExecutor$Worker.run(ThreadPoolExecutor.java:615)
	at java.lang.Thread.run(Thread.java:745)
Caused by: java.lang.ClassNotFoundException: org.slf4j.LoggerFactory
	at org.apache.catalina.loader.WebappClassLoader.loadClass(WebappClassLoader.java:1711)
	at org.apache.catalina.loader.WebappClassLoader.loadClass(WebappClassLoader.java:1556)
	... 20 more

Nov 26, 2014 9:25:32 AM org.apache.catalina.core.StandardContext listenerStart
GRAVE: Skipped installing application listeners due to previous error(s)
Nov 26, 2014 9:29:50 AM org.apache.catalina.core.ApplicationContext log
INFORMAÇÕES: Initializing Spring root WebApplicationContext
Nov 26, 2014 9:29:58 AM org.apache.catalina.core.StandardContext listenerStart
GRAVE: Error configuring application listener of class org.apache.shiro.web.env.EnvironmentLoaderListener
java.lang.NoClassDefFoundError: org/slf4j/LoggerFactory
	at org.apache.shiro.web.env.EnvironmentLoader.<clinit>(EnvironmentLoader.java:108)
	at sun.reflect.NativeConstructorAccessorImpl.newInstance0(Native Method)
	at sun.reflect.NativeConstructorAccessorImpl.newInstance(NativeConstructorAccessorImpl.java:57)
	at sun.reflect.DelegatingConstructorAccessorImpl.newInstance(DelegatingConstructorAccessorImpl.java:45)
	at java.lang.reflect.Constructor.newInstance(Constructor.java:526)
	at java.lang.Class.newInstance(Class.java:379)
	at org.apache.catalina.core.DefaultInstanceManager.newInstance(DefaultInstanceManager.java:134)
	at org.apache.catalina.core.StandardContext.listenerStart(StandardContext.java:4727)
	at org.apache.catalina.core.StandardContext.startInternal(StandardContext.java:5285)
	at org.apache.catalina.util.LifecycleBase.start(LifecycleBase.java:150)
	at org.apache.catalina.core.ContainerBase.addChildInternal(ContainerBase.java:901)
	at org.apache.catalina.core.ContainerBase.addChild(ContainerBase.java:877)
	at org.apache.catalina.core.StandardHost.addChild(StandardHost.java:618)
	at org.apache.catalina.startup.HostConfig.deployDirectory(HostConfig.java:1100)
	at org.apache.catalina.startup.HostConfig$DeployDirectory.run(HostConfig.java:1618)
	at java.util.concurrent.Executors$RunnableAdapter.call(Executors.java:471)
	at java.util.concurrent.FutureTask.run(FutureTask.java:262)
	at java.util.concurrent.ThreadPoolExecutor.runWorker(ThreadPoolExecutor.java:1145)
	at java.util.concurrent.ThreadPoolExecutor$Worker.run(ThreadPoolExecutor.java:615)
	at java.lang.Thread.run(Thread.java:745)
Caused by: java.lang.ClassNotFoundException: org.slf4j.LoggerFactory
	at org.apache.catalina.loader.WebappClassLoader.loadClass(WebappClassLoader.java:1711)
	at org.apache.catalina.loader.WebappClassLoader.loadClass(WebappClassLoader.java:1556)
	... 20 more

Nov 26, 2014 9:29:58 AM org.apache.catalina.core.StandardContext listenerStart
GRAVE: Skipped installing application listeners due to previous error(s)
Nov 26, 2014 9:29:59 AM org.apache.catalina.core.ApplicationContext log
INFORMAÇÕES: Closing Spring root WebApplicationContext
Nov 26, 2014 9:39:14 AM org.apache.catalina.core.ApplicationContext log
INFORMAÇÕES: Closing Spring root WebApplicationContext
Nov 26, 2014 9:51:23 AM org.apache.catalina.core.ApplicationContext log
INFORMAÇÕES: Initializing Spring root WebApplicationContext
Nov 26, 2014 9:51:32 AM org.apache.catalina.core.StandardContext listenerStart
GRAVE: Error configuring application listener of class org.apache.shiro.web.env.EnvironmentLoaderListener
java.lang.NoClassDefFoundError: org/slf4j/LoggerFactory
	at org.apache.shiro.web.env.EnvironmentLoader.<clinit>(EnvironmentLoader.java:108)
	at sun.reflect.NativeConstructorAccessorImpl.newInstance0(Native Method)
	at sun.reflect.NativeConstructorAccessorImpl.newInstance(NativeConstructorAccessorImpl.java:57)
	at sun.reflect.DelegatingConstructorAccessorImpl.newInstance(DelegatingConstructorAccessorImpl.java:45)
	at java.lang.reflect.Constructor.newInstance(Constructor.java:526)
	at java.lang.Class.newInstance(Class.java:379)
	at org.apache.catalina.core.DefaultInstanceManager.newInstance(DefaultInstanceManager.java:134)
	at org.apache.catalina.core.StandardContext.listenerStart(StandardContext.java:4727)
	at org.apache.catalina.core.StandardContext.startInternal(StandardContext.java:5285)
	at org.apache.catalina.util.LifecycleBase.start(LifecycleBase.java:150)
	at org.apache.catalina.core.ContainerBase.addChildInternal(ContainerBase.java:901)
	at org.apache.catalina.core.ContainerBase.addChild(ContainerBase.java:877)
	at org.apache.catalina.core.StandardHost.addChild(StandardHost.java:618)
	at org.apache.catalina.startup.HostConfig.deployDirectory(HostConfig.java:1100)
	at org.apache.catalina.startup.HostConfig$DeployDirectory.run(HostConfig.java:1618)
	at java.util.concurrent.Executors$RunnableAdapter.call(Executors.java:471)
	at java.util.concurrent.FutureTask.run(FutureTask.java:262)
	at java.util.concurrent.ThreadPoolExecutor.runWorker(ThreadPoolExecutor.java:1145)
	at java.util.concurrent.ThreadPoolExecutor$Worker.run(ThreadPoolExecutor.java:615)
	at java.lang.Thread.run(Thread.java:745)
Caused by: java.lang.ClassNotFoundException: org.slf4j.LoggerFactory
	at org.apache.catalina.loader.WebappClassLoader.loadClass(WebappClassLoader.java:1711)
	at org.apache.catalina.loader.WebappClassLoader.loadClass(WebappClassLoader.java:1556)
	... 20 more

Nov 26, 2014 9:51:32 AM org.apache.catalina.core.StandardContext listenerStart
GRAVE: Skipped installing application listeners due to previous error(s)
Nov 26, 2014 9:51:34 AM org.apache.catalina.core.ApplicationContext log
INFORMAÇÕES:  Velocity  [trace] Searching for properties at: /org/apache/velocity/tools/view/velocity.properties
Nov 26, 2014 9:51:34 AM org.apache.catalina.core.ApplicationContext log
INFORMAÇÕES:  Velocity  [trace] Searching for properties at: /WEB-INF/velocity.properties
Nov 26, 2014 9:51:34 AM org.apache.catalina.core.ApplicationContext log
INFORMAÇÕES:  Velocity  [debug] Configuring Velocity with properties at: /WEB-INF/velocity.properties
Nov 26, 2014 9:51:34 AM org.apache.catalina.core.ApplicationContext log
INFORMAÇÕES:  Velocity  [trace] Searching for properties at: /WEB-INF/velocity.properties
Nov 26, 2014 9:51:34 AM org.apache.catalina.core.ApplicationContext log
INFORMAÇÕES:  Velocity  [debug] Configuring Velocity with properties at: /WEB-INF/velocity.properties
Nov 26, 2014 9:51:34 AM org.apache.catalina.core.ApplicationContext log
INFORMAÇÕES:  Velocity  [debug] Initializing Velocity, Calling init()...
Nov 26, 2014 9:51:34 AM org.apache.catalina.core.ApplicationContext log
INFORMAÇÕES:  Velocity  [trace] *******************************************************************
Nov 26, 2014 9:51:34 AM org.apache.catalina.core.ApplicationContext log
INFORMAÇÕES:  Velocity  [debug] Starting Apache Velocity v1.7 (compiled: 2010-11-19 12:14:37)
Nov 26, 2014 9:51:34 AM org.apache.catalina.core.ApplicationContext log
INFORMAÇÕES:  Velocity  [trace] RuntimeInstance initializing.
Nov 26, 2014 9:51:34 AM org.apache.catalina.core.ApplicationContext log
INFORMAÇÕES:  Velocity  [debug] Default Properties File: org/apache/velocity/runtime/defaults/velocity.properties
Nov 26, 2014 9:51:34 AM org.apache.catalina.core.ApplicationContext log
INFORMAÇÕES:  Velocity  [debug] Trying to use logger class org.apache.velocity.runtime.log.ServletLogChute
Nov 26, 2014 9:51:34 AM org.apache.catalina.core.ApplicationContext log
INFORMAÇÕES:  Velocity  [debug] Using logger class org.apache.velocity.runtime.log.ServletLogChute
Nov 26, 2014 9:51:34 AM org.apache.catalina.core.ApplicationContext log
INFORMAÇÕES:  Velocity  [trace] Default ResourceManager initializing. (class org.apache.velocity.runtime.resource.ResourceManagerImpl)
Nov 26, 2014 9:51:34 AM org.apache.catalina.core.ApplicationContext log
INFORMAÇÕES:  Velocity  [debug] ResourceLoader instantiated: org.apache.velocity.tools.view.WebappResourceLoader
Nov 26, 2014 9:51:34 AM org.apache.catalina.core.ApplicationContext log
INFORMAÇÕES:  Velocity  [trace] WebappResourceLoader: initialization starting.
Nov 26, 2014 9:51:34 AM org.apache.catalina.core.ApplicationContext log
INFORMAÇÕES:  Velocity  [trace] WebappResourceLoader: initialization complete.
Nov 26, 2014 9:51:34 AM org.apache.catalina.core.ApplicationContext log
INFORMAÇÕES:  Velocity  [debug] ResourceLoader instantiated: org.apache.velocity.runtime.resource.loader.StringResourceLoader
Nov 26, 2014 9:51:34 AM org.apache.catalina.core.ApplicationContext log
INFORMAÇÕES:  Velocity  [trace] StringResourceLoader : initialization starting.
Nov 26, 2014 9:51:34 AM org.apache.catalina.core.ApplicationContext log
INFORMAÇÕES:  Velocity  [debug] Creating string repository using class org.apache.velocity.runtime.resource.util.StringResourceRepositoryImpl...
Nov 26, 2014 9:51:34 AM org.apache.catalina.core.ApplicationContext log
INFORMAÇÕES:  Velocity  [debug] Default repository encoding is UTF-8
Nov 26, 2014 9:51:34 AM org.apache.catalina.core.ApplicationContext log
INFORMAÇÕES:  Velocity  [trace] StringResourceLoader : initialization complete.
Nov 26, 2014 9:51:34 AM org.apache.catalina.core.ApplicationContext log
INFORMAÇÕES:  Velocity  [debug] ResourceCache: initialized (class org.apache.velocity.runtime.resource.ResourceCacheImpl) with class java.util.Collections$SynchronizedMap cache map.
Nov 26, 2014 9:51:34 AM org.apache.catalina.core.ApplicationContext log
INFORMAÇÕES:  Velocity  [trace] Default ResourceManager initialization complete.
Nov 26, 2014 9:51:34 AM org.apache.catalina.core.ApplicationContext log
INFORMAÇÕES:  Velocity  [debug] Loaded System Directive: org.apache.velocity.runtime.directive.Stop
Nov 26, 2014 9:51:34 AM org.apache.catalina.core.ApplicationContext log
INFORMAÇÕES:  Velocity  [debug] Loaded System Directive: org.apache.velocity.runtime.directive.Define
Nov 26, 2014 9:51:34 AM org.apache.catalina.core.ApplicationContext log
INFORMAÇÕES:  Velocity  [debug] Loaded System Directive: org.apache.velocity.runtime.directive.Break
Nov 26, 2014 9:51:34 AM org.apache.catalina.core.ApplicationContext log
INFORMAÇÕES:  Velocity  [debug] Loaded System Directive: org.apache.velocity.runtime.directive.Evaluate
Nov 26, 2014 9:51:34 AM org.apache.catalina.core.ApplicationContext log
INFORMAÇÕES:  Velocity  [debug] Loaded System Directive: org.apache.velocity.runtime.directive.Literal
Nov 26, 2014 9:51:34 AM org.apache.catalina.core.ApplicationContext log
INFORMAÇÕES:  Velocity  [debug] Loaded System Directive: org.apache.velocity.runtime.directive.Macro
Nov 26, 2014 9:51:34 AM org.apache.catalina.core.ApplicationContext log
INFORMAÇÕES:  Velocity  [debug] Loaded System Directive: org.apache.velocity.runtime.directive.Parse
Nov 26, 2014 9:51:34 AM org.apache.catalina.core.ApplicationContext log
INFORMAÇÕES:  Velocity  [debug] Loaded System Directive: org.apache.velocity.runtime.directive.Include
Nov 26, 2014 9:51:34 AM org.apache.catalina.core.ApplicationContext log
INFORMAÇÕES:  Velocity  [debug] Loaded System Directive: org.apache.velocity.runtime.directive.Foreach
Nov 26, 2014 9:51:34 AM org.apache.catalina.core.ApplicationContext log
INFORMAÇÕES:  Velocity  [debug] Created '20' parsers.
Nov 26, 2014 9:51:34 AM org.apache.catalina.core.ApplicationContext log
INFORMAÇÕES:  Velocity  [trace] Velocimacro : initialization starting.
Nov 26, 2014 9:51:34 AM org.apache.catalina.core.ApplicationContext log
INFORMAÇÕES:  Velocity  [debug] Velocimacro : "velocimacro.library" is not set.  Trying default library: VM_global_library.vm
Nov 26, 2014 9:51:34 AM org.apache.catalina.core.ApplicationContext log
INFORMAÇÕES:  Velocity  [debug] Could not load resource 'VM_global_library.vm' from ResourceLoader org.apache.velocity.tools.view.WebappResourceLoader: WebappResourceLoader: Resource 'VM_global_library.vm' not found.
Nov 26, 2014 9:51:34 AM org.apache.catalina.core.ApplicationContext log
INFORMAÇÕES:  Velocity  [debug] Velocimacro : Default library not found.
Nov 26, 2014 9:51:34 AM org.apache.catalina.core.ApplicationContext log
INFORMAÇÕES:  Velocity  [debug] Velocimacro : allowInline = true : VMs can be defined inline in templates
Nov 26, 2014 9:51:34 AM org.apache.catalina.core.ApplicationContext log
INFORMAÇÕES:  Velocity  [debug] Velocimacro : allowInlineToOverride = false : VMs defined inline may NOT replace previous VM definitions
Nov 26, 2014 9:51:34 AM org.apache.catalina.core.ApplicationContext log
INFORMAÇÕES:  Velocity  [debug] Velocimacro : allowInlineLocal = false : VMs defined inline will be global in scope if allowed.
Nov 26, 2014 9:51:34 AM org.apache.catalina.core.ApplicationContext log
INFORMAÇÕES:  Velocity  [debug] Velocimacro : autoload off : VM system will not automatically reload global library macros
Nov 26, 2014 9:51:34 AM org.apache.catalina.core.ApplicationContext log
INFORMAÇÕES:  Velocity  [trace] Velocimacro : Velocimacro : initialization complete.
Nov 26, 2014 9:51:34 AM org.apache.catalina.core.ApplicationContext log
INFORMAÇÕES:  Velocity  [trace] RuntimeInstance successfully initialized.
Nov 26, 2014 9:51:34 AM org.apache.catalina.core.ApplicationContext log
INFORMAÇÕES:  Velocity  [trace] Searching for configuration at: /WEB-INF/toolbox.xml
Nov 26, 2014 9:51:34 AM org.apache.catalina.core.ApplicationContext log
INFORMAÇÕES:  Velocity  [debug] Did not find resource at: /WEB-INF/toolbox.xml
Nov 26, 2014 9:51:34 AM org.apache.catalina.core.ApplicationContext log
INFORMAÇÕES:  Velocity  [trace] Loading default tools configuration...
Nov 26, 2014 9:51:34 AM org.apache.catalina.core.ApplicationContext log
INFORMAÇÕES:  Velocity  [trace] Searching for configuration at: /WEB-INF/tools.xml
Nov 26, 2014 9:51:34 AM org.apache.catalina.core.ApplicationContext log
INFORMAÇÕES:  Velocity  [debug] Loaded configuration from: /WEB-INF/tools.xml
Nov 26, 2014 9:51:34 AM org.apache.catalina.core.ApplicationContext log
INFORMAÇÕES:  Velocity  [debug] Configuring factory with: 
FactoryConfiguration from 7 sources including 5 data with 3 toolboxes: 
 Toolbox 'application' with 1 properties [scope -auto-> application; ] and 15 tools: 
  Tool 'alternator' => org.apache.velocity.tools.generic.AlternatorTool 
  Tool 'class' => org.apache.velocity.tools.generic.ClassTool 
  Tool 'convert' => org.apache.velocity.tools.generic.ConversionTool 
  Tool 'date' => org.apache.velocity.tools.generic.ComparisonDateTool 
  Tool 'display' => org.apache.velocity.tools.generic.DisplayTool 
  Tool 'esc' => org.apache.velocity.tools.generic.EscapeTool 
  Tool 'featureProvider' => org.iadb.seppir.monitor.FeatureProvider with 1 properties [key -auto-> featureProvider; ]
  Tool 'field' => org.apache.velocity.tools.generic.FieldTool 
  Tool 'math' => org.apache.velocity.tools.generic.MathTool 
  Tool 'number' => org.apache.velocity.tools.generic.NumberTool 
  Tool 'panelRenderer' => org.iadb.seppir.monitor.PanelRenderer with 1 properties [key -auto-> panelRenderer; ]
  Tool 'sorter' => org.apache.velocity.tools.generic.SortTool 
  Tool 'tableProvider' => org.iadb.seppir.monitor.TableProvider with 1 properties [key -auto-> tableProvider; ]
  Tool 'text' => org.apache.velocity.tools.generic.ResourceTool 
  Tool 'xml' => org.apache.velocity.tools.generic.XmlTool 
  
 Toolbox 'request' with 1 properties [scope -auto-> request; ] and 10 tools: 
  Tool 'context' => org.apache.velocity.tools.view.ViewContextTool 
  Tool 'cookies' => org.apache.velocity.tools.view.CookieTool 
  Tool 'import' => org.apache.velocity.tools.view.ImportTool 
  Tool 'include' => org.apache.velocity.tools.view.IncludeTool 
  Tool 'link' => org.apache.velocity.tools.struts.StrutsLinkTool 
  Tool 'loop' => org.apache.velocity.tools.generic.LoopTool 
  Tool 'pager' => org.apache.velocity.tools.view.PagerTool 
  Tool 'params' => org.apache.velocity.tools.view.ParameterTool 
  Tool 'render' => org.apache.velocity.tools.generic.RenderTool 
  Tool 'validator' => org.apache.velocity.tools.struts.ValidatorTool 
  
 Toolbox 'session' with 2 properties [createSession -auto-> false; scope -auto-> session; ] and 1 tools: 
  Tool 'browser' => org.apache.velocity.tools.view.BrowserTool 
  
 Data 'GENERIC_TOOLS_AVAILABLE' -boolean-> true
 Data 'STRUTS_TOOLS_AVAILABLE' -boolean-> true
 Data 'TOOLS_VERSION' -number-> 2.0
 Data 'VIEW_TOOLS_AVAILABLE' -boolean-> true
 Data 'dashboard-version' -number-> 1.0
 
 Source 0: org.apache.velocity.tools.config.FactoryConfiguration(VelocityView.configure(config,factory))
 Source 1: org.apache.velocity.tools.config.XmlFactoryConfiguration(ConfigurationUtils.getDefaultTools())
 Source 2:     .read(jar:file:/home/opt/tomcat7/lib/velocity-tools-2.0.jar!/org/apache/velocity/tools/generic/tools.xml)
 Source 3:     .read(jar:file:/home/opt/tomcat7/lib/velocity-tools-2.0.jar!/org/apache/velocity/tools/view/tools.xml)
 Source 4:     .read(jar:file:/home/opt/tomcat7/lib/velocity-tools-2.0.jar!/org/apache/velocity/tools/struts/tools.xml)
 Source 5: org.apache.velocity.tools.config.FactoryConfiguration(ConfigurationUtils.getAutoLoaded(false))
 Source 6: org.apache.velocity.tools.config.XmlFactoryConfiguration(ServletUtils.getConfiguration(/WEB-INF/tools.xml,ServletContext[,depMode=true]))

Nov 26, 2014 9:51:34 AM org.apache.catalina.core.ApplicationContext log
INFORMAÇÕES:  Velocity  [debug] Default Content-Type is: text/html; charset=UTF-8
Nov 26, 2014 9:51:34 AM org.apache.catalina.core.ApplicationContext log
INFORMAÇÕES:  Velocity   [info] VelocityLayoutServlet: Error screen is 'layout/error.vm'
Nov 26, 2014 9:51:34 AM org.apache.catalina.core.ApplicationContext log
INFORMAÇÕES:  Velocity   [info] VelocityLayoutServlet: Layout directory is 'layout/'
Nov 26, 2014 9:51:34 AM org.apache.catalina.core.ApplicationContext log
INFORMAÇÕES:  Velocity   [info] VelocityLayoutServlet: Default layout template is 'dashboard.vm'
Nov 26, 2014 9:51:34 AM org.apache.catalina.core.ApplicationContext log
INFORMAÇÕES:  Velocity  [debug] org.apache.velocity.tools.view.servlet.VelocityLayoutServlet has been deprecated. Use org.apache.velocity.tools.view.servlet.VelocityLayoutServlet instead.
Nov 26, 2014 9:51:34 AM org.apache.catalina.core.ApplicationContext log
INFORMAÇÕES:  Velocity  [debug] ResourceManager : found /pbq/index.vm with loader org.apache.velocity.tools.view.WebappResourceLoader
Nov 26, 2014 9:51:34 AM org.apache.catalina.core.ApplicationContext log
INFORMAÇÕES:  Velocity  [debug] ResourceManager : found pbq/eixo1/painel.vars.js with loader org.apache.velocity.tools.view.WebappResourceLoader
Nov 26, 2014 9:51:36 AM org.apache.catalina.core.ApplicationContext log
INFORMAÇÕES:  Velocity  [debug] ResourceManager : found layout/dashboard.vm with loader org.apache.velocity.tools.view.WebappResourceLoader
Nov 26, 2014 9:51:36 AM org.apache.catalina.core.ApplicationContext log
INFORMAÇÕES:  Velocity  [debug] ResourceManager : found pbq/navigator.vm with loader org.apache.velocity.tools.view.WebappResourceLoader
Nov 26, 2014 9:51:36 AM org.apache.catalina.core.ApplicationContext log
INFORMAÇÕES:  Velocity  [debug] ResourceManager : found pbq/eixo1/containers.vm with loader org.apache.velocity.tools.view.WebappResourceLoader
Nov 26, 2014 9:51:36 AM org.apache.catalina.core.ApplicationContext log
INFORMAÇÕES:  Velocity  [debug] ResourceManager : found svg/brasil_uf_map.svg with loader org.apache.velocity.tools.view.WebappResourceLoader
Nov 26, 2014 9:51:37 AM org.apache.catalina.core.ApplicationContext log
INFORMAÇÕES:  Velocity  [debug] ResourceManager : found /pbq/comunidades.json.vm with loader org.apache.velocity.tools.view.WebappResourceLoader
Nov 26, 2014 9:51:38 AM org.apache.catalina.core.ApplicationContext log
INFORMAÇÕES:  Velocity  [debug] ResourceManager : found layout/blank.vm with loader org.apache.velocity.tools.view.WebappResourceLoader
Nov 26, 2014 9:52:55 AM org.apache.catalina.core.ApplicationContext log
INFORMAÇÕES:  Velocity  [debug] ResourceManager : found /pbq/index.vm with loader org.apache.velocity.tools.view.WebappResourceLoader
Nov 26, 2014 9:52:55 AM org.apache.catalina.core.ApplicationContext log
INFORMAÇÕES:  Velocity  [debug] ResourceManager : found pbq/eixo2/painel.vars.js with loader org.apache.velocity.tools.view.WebappResourceLoader
Nov 26, 2014 9:52:55 AM org.apache.catalina.core.ApplicationContext log
INFORMAÇÕES:  Velocity  [debug] ResourceManager : found layout/dashboard.vm with loader org.apache.velocity.tools.view.WebappResourceLoader
Nov 26, 2014 9:52:55 AM org.apache.catalina.core.ApplicationContext log
INFORMAÇÕES:  Velocity  [debug] ResourceManager : found pbq/navigator.vm with loader org.apache.velocity.tools.view.WebappResourceLoader
Nov 26, 2014 9:52:55 AM org.apache.catalina.core.ApplicationContext log
INFORMAÇÕES:  Velocity  [debug] ResourceManager : found pbq/eixo2/containers.vm with loader org.apache.velocity.tools.view.WebappResourceLoader
Nov 26, 2014 9:52:55 AM org.apache.catalina.core.ApplicationContext log
INFORMAÇÕES:  Velocity  [debug] ResourceManager : found svg/brasil_uf_map.svg with loader org.apache.velocity.tools.view.WebappResourceLoader
Nov 26, 2014 10:05:04 AM org.apache.catalina.core.StandardContext listenerStart
GRAVE: Error configuring application listener of class org.apache.shiro.web.env.EnvironmentLoaderListener
java.lang.NoClassDefFoundError: org/slf4j/LoggerFactory
	at org.apache.shiro.web.env.EnvironmentLoader.<clinit>(EnvironmentLoader.java:108)
	at sun.reflect.NativeConstructorAccessorImpl.newInstance0(Native Method)
	at sun.reflect.NativeConstructorAccessorImpl.newInstance(NativeConstructorAccessorImpl.java:57)
	at sun.reflect.DelegatingConstructorAccessorImpl.newInstance(DelegatingConstructorAccessorImpl.java:45)
	at java.lang.reflect.Constructor.newInstance(Constructor.java:526)
	at java.lang.Class.newInstance(Class.java:379)
	at org.apache.catalina.core.DefaultInstanceManager.newInstance(DefaultInstanceManager.java:134)
	at org.apache.catalina.core.StandardContext.listenerStart(StandardContext.java:4727)
	at org.apache.catalina.core.StandardContext.startInternal(StandardContext.java:5285)
	at org.apache.catalina.util.LifecycleBase.start(LifecycleBase.java:150)
	at org.apache.catalina.manager.ManagerServlet.start(ManagerServlet.java:1247)
	at org.apache.catalina.manager.HTMLManagerServlet.start(HTMLManagerServlet.java:714)
	at org.apache.catalina.manager.HTMLManagerServlet.doPost(HTMLManagerServlet.java:219)
	at javax.servlet.http.HttpServlet.service(HttpServlet.java:641)
	at javax.servlet.http.HttpServlet.service(HttpServlet.java:722)
	at org.apache.catalina.core.ApplicationFilterChain.internalDoFilter(ApplicationFilterChain.java:305)
	at org.apache.catalina.core.ApplicationFilterChain.doFilter(ApplicationFilterChain.java:210)
	at org.apache.catalina.filters.CsrfPreventionFilter.doFilter(CsrfPreventionFilter.java:186)
	at org.apache.catalina.core.ApplicationFilterChain.internalDoFilter(ApplicationFilterChain.java:243)
	at org.apache.catalina.core.ApplicationFilterChain.doFilter(ApplicationFilterChain.java:210)
	at org.apache.catalina.filters.SetCharacterEncodingFilter.doFilter(SetCharacterEncodingFilter.java:108)
	at org.apache.catalina.core.ApplicationFilterChain.internalDoFilter(ApplicationFilterChain.java:243)
	at org.apache.catalina.core.ApplicationFilterChain.doFilter(ApplicationFilterChain.java:210)
	at org.apache.catalina.core.StandardWrapperValve.invoke(StandardWrapperValve.java:225)
	at org.apache.catalina.core.StandardContextValve.invoke(StandardContextValve.java:123)
	at org.apache.catalina.authenticator.AuthenticatorBase.invoke(AuthenticatorBase.java:581)
	at org.apache.catalina.core.StandardHostValve.invoke(StandardHostValve.java:168)
	at org.apache.catalina.valves.ErrorReportValve.invoke(ErrorReportValve.java:98)
	at org.apache.catalina.valves.AccessLogValve.invoke(AccessLogValve.java:927)
	at org.apache.catalina.core.StandardEngineValve.invoke(StandardEngineValve.java:118)
	at org.apache.catalina.connector.CoyoteAdapter.service(CoyoteAdapter.java:407)
	at org.apache.coyote.http11.AbstractHttp11Processor.process(AbstractHttp11Processor.java:1001)
	at org.apache.coyote.AbstractProtocol$AbstractConnectionHandler.process(AbstractProtocol.java:585)
	at org.apache.tomcat.util.net.JIoEndpoint$SocketProcessor.run(JIoEndpoint.java:310)
	at java.util.concurrent.ThreadPoolExecutor.runWorker(ThreadPoolExecutor.java:1145)
	at java.util.concurrent.ThreadPoolExecutor$Worker.run(ThreadPoolExecutor.java:615)
	at java.lang.Thread.run(Thread.java:745)
Caused by: java.lang.ClassNotFoundException: org.slf4j.LoggerFactory
	at org.apache.catalina.loader.WebappClassLoader.loadClass(WebappClassLoader.java:1711)
	at org.apache.catalina.loader.WebappClassLoader.loadClass(WebappClassLoader.java:1556)
	... 37 more

Nov 26, 2014 10:05:04 AM org.apache.catalina.core.StandardContext listenerStart
GRAVE: Skipped installing application listeners due to previous error(s)
Nov 26, 2014 10:06:15 AM org.apache.catalina.core.ApplicationContext log
INFORMAÇÕES:  Velocity  [debug] ResourceManager : found /pbq/index.vm with loader org.apache.velocity.tools.view.WebappResourceLoader
Nov 26, 2014 10:06:15 AM org.apache.catalina.core.ApplicationContext log
INFORMAÇÕES:  Velocity  [debug] ResourceManager : found pbq/eixo1/painel.vars.js with loader org.apache.velocity.tools.view.WebappResourceLoader
Nov 26, 2014 10:06:15 AM org.apache.catalina.core.ApplicationContext log
INFORMAÇÕES:  Velocity  [debug] ResourceManager : found layout/dashboard.vm with loader org.apache.velocity.tools.view.WebappResourceLoader
Nov 26, 2014 10:06:15 AM org.apache.catalina.core.ApplicationContext log
INFORMAÇÕES:  Velocity  [debug] ResourceManager : found pbq/navigator.vm with loader org.apache.velocity.tools.view.WebappResourceLoader
Nov 26, 2014 10:06:15 AM org.apache.catalina.core.ApplicationContext log
INFORMAÇÕES:  Velocity  [debug] ResourceManager : found pbq/eixo1/containers.vm with loader org.apache.velocity.tools.view.WebappResourceLoader
Nov 26, 2014 10:06:15 AM org.apache.catalina.core.ApplicationContext log
INFORMAÇÕES:  Velocity  [debug] ResourceManager : found svg/brasil_uf_map.svg with loader org.apache.velocity.tools.view.WebappResourceLoader
Nov 26, 2014 10:06:16 AM org.apache.catalina.core.ApplicationContext log
INFORMAÇÕES:  Velocity  [debug] ResourceManager : found /pbq/comunidades.json.vm with loader org.apache.velocity.tools.view.WebappResourceLoader
Nov 26, 2014 10:06:16 AM org.apache.catalina.core.ApplicationContext log
INFORMAÇÕES:  Velocity  [debug] ResourceManager : found layout/blank.vm with loader org.apache.velocity.tools.view.WebappResourceLoader
Nov 26, 2014 2:27:30 PM org.apache.catalina.core.ApplicationContext log
INFORMAÇÕES:  Velocity  [debug] ResourceManager : found /pbq/index.vm with loader org.apache.velocity.tools.view.WebappResourceLoader
Nov 26, 2014 2:27:30 PM org.apache.catalina.core.ApplicationContext log
INFORMAÇÕES:  Velocity  [debug] ResourceManager : found pbq/eixo1/painel.vars.js with loader org.apache.velocity.tools.view.WebappResourceLoader
Nov 26, 2014 2:27:30 PM org.apache.catalina.core.ApplicationContext log
INFORMAÇÕES:  Velocity  [debug] ResourceManager : found layout/dashboard.vm with loader org.apache.velocity.tools.view.WebappResourceLoader
Nov 26, 2014 2:27:30 PM org.apache.catalina.core.ApplicationContext log
INFORMAÇÕES:  Velocity  [debug] ResourceManager : found pbq/navigator.vm with loader org.apache.velocity.tools.view.WebappResourceLoader
Nov 26, 2014 2:27:30 PM org.apache.catalina.core.ApplicationContext log
INFORMAÇÕES:  Velocity  [debug] ResourceManager : found pbq/eixo1/containers.vm with loader org.apache.velocity.tools.view.WebappResourceLoader
Nov 26, 2014 2:27:30 PM org.apache.catalina.core.ApplicationContext log
INFORMAÇÕES:  Velocity  [debug] ResourceManager : found svg/brasil_uf_map.svg with loader org.apache.velocity.tools.view.WebappResourceLoader
Nov 26, 2014 2:27:31 PM org.apache.catalina.core.ApplicationContext log
INFORMAÇÕES:  Velocity  [debug] ResourceManager : found /pbq/comunidades.json.vm with loader org.apache.velocity.tools.view.WebappResourceLoader
Nov 26, 2014 2:27:35 PM org.apache.catalina.core.ApplicationContext log
INFORMAÇÕES:  Velocity  [debug] ResourceManager : found layout/blank.vm with loader org.apache.velocity.tools.view.WebappResourceLoader
Nov 26, 2014 2:29:41 PM org.apache.catalina.core.ApplicationContext log
INFORMAÇÕES:  Velocity  [debug] ResourceManager : found /pbq/index.vm with loader org.apache.velocity.tools.view.WebappResourceLoader
Nov 26, 2014 2:29:41 PM org.apache.catalina.core.ApplicationContext log
INFORMAÇÕES:  Velocity  [debug] ResourceManager : found pbq/eixo2/painel.vars.js with loader org.apache.velocity.tools.view.WebappResourceLoader
Nov 26, 2014 2:29:41 PM org.apache.catalina.core.ApplicationContext log
INFORMAÇÕES:  Velocity  [debug] ResourceManager : found layout/dashboard.vm with loader org.apache.velocity.tools.view.WebappResourceLoader
Nov 26, 2014 2:29:41 PM org.apache.catalina.core.ApplicationContext log
INFORMAÇÕES:  Velocity  [debug] ResourceManager : found pbq/navigator.vm with loader org.apache.velocity.tools.view.WebappResourceLoader
Nov 26, 2014 2:29:41 PM org.apache.catalina.core.ApplicationContext log
INFORMAÇÕES:  Velocity  [debug] ResourceManager : found pbq/eixo2/containers.vm with loader org.apache.velocity.tools.view.WebappResourceLoader
Nov 26, 2014 2:29:41 PM org.apache.catalina.core.ApplicationContext log
INFORMAÇÕES:  Velocity  [debug] ResourceManager : found svg/brasil_uf_map.svg with loader org.apache.velocity.tools.view.WebappResourceLoader
Nov 26, 2014 2:49:43 PM org.apache.catalina.core.ApplicationContext log
INFORMAÇÕES:  Velocity  [debug] ResourceManager : found /pbq/index.vm with loader org.apache.velocity.tools.view.WebappResourceLoader
Nov 26, 2014 2:49:43 PM org.apache.catalina.core.ApplicationContext log
INFORMAÇÕES:  Velocity  [debug] ResourceManager : found pbq/eixo1/painel.vars.js with loader org.apache.velocity.tools.view.WebappResourceLoader
Nov 26, 2014 2:49:43 PM org.apache.catalina.core.ApplicationContext log
INFORMAÇÕES:  Velocity  [debug] ResourceManager : found layout/dashboard.vm with loader org.apache.velocity.tools.view.WebappResourceLoader
Nov 26, 2014 2:49:43 PM org.apache.catalina.core.ApplicationContext log
INFORMAÇÕES:  Velocity  [debug] ResourceManager : found pbq/navigator.vm with loader org.apache.velocity.tools.view.WebappResourceLoader
Nov 26, 2014 2:49:43 PM org.apache.catalina.core.ApplicationContext log
INFORMAÇÕES:  Velocity  [debug] ResourceManager : found pbq/eixo1/containers.vm with loader org.apache.velocity.tools.view.WebappResourceLoader
Nov 26, 2014 2:49:43 PM org.apache.catalina.core.ApplicationContext log
INFORMAÇÕES:  Velocity  [debug] ResourceManager : found svg/brasil_uf_map.svg with loader org.apache.velocity.tools.view.WebappResourceLoader
Nov 26, 2014 2:49:45 PM org.apache.catalina.core.ApplicationContext log
INFORMAÇÕES:  Velocity  [debug] ResourceManager : found /pjv/index.vm with loader org.apache.velocity.tools.view.WebappResourceLoader
Nov 26, 2014 2:49:48 PM org.apache.catalina.core.ApplicationContext log
INFORMAÇÕES:  Velocity  [debug] ResourceManager : found pjv/vulnerabilidades/painel.vars.js with loader org.apache.velocity.tools.view.WebappResourceLoader
Nov 26, 2014 2:49:48 PM org.apache.catalina.core.ApplicationContext log
INFORMAÇÕES:  Velocity  [debug] ResourceManager : found layout/dashboard.vm with loader org.apache.velocity.tools.view.WebappResourceLoader
Nov 26, 2014 2:49:48 PM org.apache.catalina.core.ApplicationContext log
INFORMAÇÕES:  Velocity  [debug] ResourceManager : found pjv/navigator.vm with loader org.apache.velocity.tools.view.WebappResourceLoader
Nov 26, 2014 2:49:48 PM org.apache.catalina.core.ApplicationContext log
INFORMAÇÕES:  Velocity  [debug] ResourceManager : found pjv/vulnerabilidades/containers.vm with loader org.apache.velocity.tools.view.WebappResourceLoader
Nov 26, 2014 2:49:48 PM org.apache.catalina.core.ApplicationContext log
INFORMAÇÕES:  Velocity  [debug] ResourceManager : found svg/brasil_uf_map.svg with loader org.apache.velocity.tools.view.WebappResourceLoader
Nov 26, 2014 2:49:51 PM org.apache.catalina.core.ApplicationContext log
INFORMAÇÕES:  Velocity  [debug] ResourceManager : found /pjv/taxa_municipios.json.vm with loader org.apache.velocity.tools.view.WebappResourceLoader
Nov 26, 2014 2:49:57 PM org.apache.catalina.core.ApplicationContext log
INFORMAÇÕES:  Velocity  [debug] ResourceManager : found layout/blank.vm with loader org.apache.velocity.tools.view.WebappResourceLoader
