Dez 15, 2014 11:21:59 AM org.apache.catalina.core.ApplicationContext log
INFORMAÇÕES: HTMLManager: list: Listing contexts for virtual host 'localhost'
Dez 15, 2014 11:22:03 AM org.apache.catalina.core.ApplicationContext log
INFORMAÇÕES: HTMLManager: restart: Reloading web application '/paineis'
Dez 15, 2014 11:22:06 AM org.apache.catalina.core.ApplicationContext log
INFORMAÇÕES: HTMLManager: list: Listing contexts for virtual host 'localhost'
Dez 15, 2014 12:01:37 PM org.apache.catalina.core.ApplicationContext log
INFORMAÇÕES: HTMLManager: list: Listing contexts for virtual host 'localhost'
Dez 15, 2014 12:01:43 PM org.apache.catalina.core.ApplicationContext log
INFORMAÇÕES: HTMLManager: restart: Reloading web application '/paineis'
Dez 15, 2014 12:01:46 PM org.apache.catalina.core.ApplicationContext log
INFORMAÇÕES: HTMLManager: list: Listing contexts for virtual host 'localhost'
Dez 15, 2014 3:46:04 PM org.apache.catalina.core.ApplicationContext log
INFORMAÇÕES: HTMLManager: init: Associated with Deployer 'Catalina:type=Deployer,host=localhost'
Dez 15, 2014 3:46:04 PM org.apache.catalina.core.ApplicationContext log
INFORMAÇÕES: HTMLManager: init: Global resources are available
Dez 15, 2014 3:46:04 PM org.apache.catalina.core.ApplicationContext log
INFORMAÇÕES: HTMLManager: list: Listing contexts for virtual host 'localhost'
Dez 15, 2014 3:46:09 PM org.apache.catalina.core.ApplicationContext log
INFORMAÇÕES: HTMLManager: restart: Reloading web application '/saiku'
Dez 15, 2014 3:46:22 PM org.apache.catalina.core.ApplicationContext log
INFORMAÇÕES: HTMLManager: list: Listing contexts for virtual host 'localhost'
