Dez 01, 2014 9:37:45 AM org.apache.catalina.core.ApplicationContext log
INFORMAÇÕES: HTMLManager: list: Listing contexts for virtual host 'localhost'
Dez 01, 2014 9:37:49 AM org.apache.catalina.core.ApplicationContext log
INFORMAÇÕES: HTMLManager: restart: Reloading web application '/saiku'
Dez 01, 2014 9:38:12 AM org.apache.catalina.core.ApplicationContext log
INFORMAÇÕES: HTMLManager: list: Listing contexts for virtual host 'localhost'
Dez 01, 2014 9:58:14 AM org.apache.catalina.core.ApplicationContext log
INFORMAÇÕES: HTMLManager: list: Listing contexts for virtual host 'localhost'
Dez 01, 2014 9:58:18 AM org.apache.catalina.core.ApplicationContext log
INFORMAÇÕES: HTMLManager: restart: Reloading web application '/saiku'
Dez 01, 2014 9:58:29 AM org.apache.catalina.core.ApplicationContext log
INFORMAÇÕES: HTMLManager: list: Listing contexts for virtual host 'localhost'
Dez 01, 2014 4:38:44 PM org.apache.catalina.core.ApplicationContext log
INFORMAÇÕES: HTMLManager: list: Listing contexts for virtual host 'localhost'
Dez 01, 2014 4:38:50 PM org.apache.catalina.core.ApplicationContext log
INFORMAÇÕES: HTMLManager: undeploy: Undeploying web application at '/dataseppir-admin'
Dez 01, 2014 4:38:50 PM org.apache.catalina.core.ApplicationContext log
INFORMAÇÕES: HTMLManager: list: Listing contexts for virtual host 'localhost'
Dez 01, 2014 4:42:19 PM org.apache.catalina.core.ApplicationContext log
INFORMAÇÕES: HTMLManager: list: Listing contexts for virtual host 'localhost'
